[ 2015-07-04T13:43:50+08:00 ] ::1 /finder/sdk.php/getLinesByType?sEcho=1&iColumns=10&sColumns=%2C%2C%2C%2C%2C%2C%2C%2C%2C&iDisplayStart=0&iDisplayLength=15&mDataProp_0=id&bSortable_0=true&mDataProp_1=title&bSortable_1=true&mDataProp_2=theme&bSortable_2=true&mDataProp_3=start&bSortable_3=true&mDataProp_4=end&bSortable_4=true&mDataProp_5=distance&bSortable_5=true&mDataProp_6=places&bSortable_6=true&mDataProp_7=leader&bSortable_7=true&mDataProp_8=price&bSortable_8=true&mDataProp_9=id&bSortable_9=false&iSortCol_0=0&sSortDir_0=asc&iSortingCols=1&_=1435988626413
SQL: SHOW COLUMNS FROM `line` [ RunTime:0.0822s ]
SQL: SHOW COLUMNS FROM `line` [ RunTime:0.1468s ]
SQL: SELECT * FROM `line` ORDER BY id asc  [ RunTime:0.0005s ]

[ 2015-07-04T13:45:08+08:00 ] ::1 /finder/sdk.php/getLinesByType?sEcho=1&iColumns=10&sColumns=%2C%2C%2C%2C%2C%2C%2C%2C%2C&iDisplayStart=0&iDisplayLength=15&mDataProp_0=id&bSortable_0=true&mDataProp_1=title&bSortable_1=true&mDataProp_2=theme&bSortable_2=true&mDataProp_3=start&bSortable_3=true&mDataProp_4=end&bSortable_4=true&mDataProp_5=distance&bSortable_5=true&mDataProp_6=places&bSortable_6=true&mDataProp_7=leader&bSortable_7=true&mDataProp_8=price&bSortable_8=true&mDataProp_9=id&bSortable_9=false&iSortCol_0=0&sSortDir_0=asc&iSortingCols=1&_=1435988707522
SQL: SHOW COLUMNS FROM `line` [ RunTime:0.0635s ]
SQL: SHOW COLUMNS FROM `line` [ RunTime:0.1516s ]
SQL: SELECT * FROM `line` ORDER BY id asc  [ RunTime:0.0004s ]

[ 2015-07-04T13:45:42+08:00 ] ::1 /finder/sdk.php/getLinesByType?sEcho=1&iColumns=10&sColumns=%2C%2C%2C%2C%2C%2C%2C%2C%2C&iDisplayStart=0&iDisplayLength=15&mDataProp_0=id&bSortable_0=true&mDataProp_1=title&bSortable_1=true&mDataProp_2=theme&bSortable_2=true&mDataProp_3=start&bSortable_3=true&mDataProp_4=end&bSortable_4=true&mDataProp_5=distance&bSortable_5=true&mDataProp_6=places&bSortable_6=true&mDataProp_7=leader&bSortable_7=true&mDataProp_8=price&bSortable_8=true&mDataProp_9=id&bSortable_9=false&iSortCol_0=0&sSortDir_0=asc&iSortingCols=1&_=1435988742274
SQL: SHOW COLUMNS FROM `line` [ RunTime:0.0789s ]
SQL: SHOW COLUMNS FROM `line` [ RunTime:0.0041s ]
SQL: SELECT * FROM `line` ORDER BY id asc  [ RunTime:0.0004s ]

[ 2015-07-04T13:45:50+08:00 ] ::1 /finder/sdk.php/getLinesByType?sEcho=1&iColumns=10&sColumns=%2C%2C%2C%2C%2C%2C%2C%2C%2C&iDisplayStart=0&iDisplayLength=15&mDataProp_0=id&bSortable_0=true&mDataProp_1=title&bSortable_1=true&mDataProp_2=theme&bSortable_2=true&mDataProp_3=start&bSortable_3=true&mDataProp_4=end&bSortable_4=true&mDataProp_5=distance&bSortable_5=true&mDataProp_6=places&bSortable_6=true&mDataProp_7=leader&bSortable_7=true&mDataProp_8=price&bSortable_8=true&mDataProp_9=id&bSortable_9=false&iSortCol_0=0&sSortDir_0=asc&iSortingCols=1&_=1435988750185
SQL: SHOW COLUMNS FROM `line` [ RunTime:0.0666s ]
SQL: SHOW COLUMNS FROM `line` [ RunTime:0.0150s ]
SQL: SELECT * FROM `line` ORDER BY id asc  [ RunTime:0.0005s ]

[ 2015-07-04T13:48:58+08:00 ] ::1 /finder/sdk.php/getLinesByType?sEcho=1&iColumns=10&sColumns=%2C%2C%2C%2C%2C%2C%2C%2C%2C&iDisplayStart=0&iDisplayLength=15&mDataProp_0=id&bSortable_0=true&mDataProp_1=title&bSortable_1=true&mDataProp_2=theme&bSortable_2=true&mDataProp_3=start&bSortable_3=true&mDataProp_4=end&bSortable_4=true&mDataProp_5=distance&bSortable_5=true&mDataProp_6=places&bSortable_6=true&mDataProp_7=leader&bSortable_7=true&mDataProp_8=price&bSortable_8=true&mDataProp_9=id&bSortable_9=false&iSortCol_0=0&sSortDir_0=asc&iSortingCols=1&_=1435988937841
SQL: SHOW COLUMNS FROM `line` [ RunTime:0.0392s ]
SQL: SHOW COLUMNS FROM `line` [ RunTime:0.0331s ]
SQL: SELECT * FROM `line` ORDER BY id asc  [ RunTime:0.0004s ]

[ 2015-07-04T13:49:48+08:00 ] ::1 /finder/sdk.php/getLinesByType?sEcho=1&iColumns=10&sColumns=%2C%2C%2C%2C%2C%2C%2C%2C%2C&iDisplayStart=0&iDisplayLength=15&mDataProp_0=id&bSortable_0=true&mDataProp_1=title&bSortable_1=true&mDataProp_2=theme&bSortable_2=true&mDataProp_3=start&bSortable_3=true&mDataProp_4=end&bSortable_4=true&mDataProp_5=distance&bSortable_5=true&mDataProp_6=places&bSortable_6=true&mDataProp_7=leader&bSortable_7=true&mDataProp_8=price&bSortable_8=true&mDataProp_9=id&bSortable_9=false&iSortCol_0=0&sSortDir_0=asc&iSortingCols=1&_=1435988988080
SQL: SHOW COLUMNS FROM `line` [ RunTime:0.0029s ]
SQL: SHOW COLUMNS FROM `line` [ RunTime:0.0023s ]
SQL: SELECT * FROM `line` ORDER BY id asc  [ RunTime:0.0004s ]

[ 2015-07-04T13:53:49+08:00 ] ::1 /finder/sdk.php/getLinesByType?sEcho=1&iColumns=10&sColumns=%2C%2C%2C%2C%2C%2C%2C%2C%2C&iDisplayStart=0&iDisplayLength=15&mDataProp_0=id&bSortable_0=true&mDataProp_1=title&bSortable_1=true&mDataProp_2=theme&bSortable_2=true&mDataProp_3=start&bSortable_3=true&mDataProp_4=end&bSortable_4=true&mDataProp_5=distance&bSortable_5=true&mDataProp_6=places&bSortable_6=true&mDataProp_7=leader&bSortable_7=true&mDataProp_8=price&bSortable_8=true&mDataProp_9=id&bSortable_9=false&iSortCol_0=0&sSortDir_0=asc&iSortingCols=1&_=1435989229326
SQL: SHOW COLUMNS FROM `line` [ RunTime:0.0022s ]
SQL: SHOW COLUMNS FROM `line` [ RunTime:0.0338s ]
SQL: SELECT * FROM `line` ORDER BY id asc  [ RunTime:0.0005s ]

[ 2015-07-04T13:54:25+08:00 ] ::1 /finder/sdk.php/getLinesByType?sEcho=1&iColumns=10&sColumns=%2C%2C%2C%2C%2C%2C%2C%2C%2C&iDisplayStart=0&iDisplayLength=15&mDataProp_0=id&bSortable_0=true&mDataProp_1=title&bSortable_1=true&mDataProp_2=theme&bSortable_2=true&mDataProp_3=start&bSortable_3=true&mDataProp_4=end&bSortable_4=true&mDataProp_5=distance&bSortable_5=true&mDataProp_6=places&bSortable_6=true&mDataProp_7=leader&bSortable_7=true&mDataProp_8=price&bSortable_8=true&mDataProp_9=id&bSortable_9=false&iSortCol_0=0&sSortDir_0=asc&iSortingCols=1&_=1435989264997
SQL: SHOW COLUMNS FROM `line` [ RunTime:0.0023s ]
SQL: SHOW COLUMNS FROM `line` [ RunTime:0.0028s ]
SQL: SELECT * FROM `line` ORDER BY id asc  [ RunTime:0.0015s ]

[ 2015-07-04T13:54:29+08:00 ] ::1 /finder/sdk.php/getLinesByType?sEcho=1&iColumns=10&sColumns=%2C%2C%2C%2C%2C%2C%2C%2C%2C&iDisplayStart=0&iDisplayLength=15&mDataProp_0=id&bSortable_0=true&mDataProp_1=title&bSortable_1=true&mDataProp_2=theme&bSortable_2=true&mDataProp_3=start&bSortable_3=true&mDataProp_4=end&bSortable_4=true&mDataProp_5=distance&bSortable_5=true&mDataProp_6=places&bSortable_6=true&mDataProp_7=leader&bSortable_7=true&mDataProp_8=price&bSortable_8=true&mDataProp_9=id&bSortable_9=false&iSortCol_0=0&sSortDir_0=asc&iSortingCols=1&_=1435989268946
SQL: SHOW COLUMNS FROM `line` [ RunTime:0.0019s ]
SQL: SHOW COLUMNS FROM `line` [ RunTime:0.0081s ]
SQL: SELECT * FROM `line` ORDER BY id asc  [ RunTime:0.0004s ]

[ 2015-07-04T13:55:02+08:00 ] ::1 /finder/sdk.php/getLinesByType?sEcho=1&iColumns=10&sColumns=%2C%2C%2C%2C%2C%2C%2C%2C%2C&iDisplayStart=0&iDisplayLength=15&mDataProp_0=id&bSortable_0=true&mDataProp_1=title&bSortable_1=true&mDataProp_2=theme&bSortable_2=true&mDataProp_3=start&bSortable_3=true&mDataProp_4=end&bSortable_4=true&mDataProp_5=distance&bSortable_5=true&mDataProp_6=places&bSortable_6=true&mDataProp_7=leader&bSortable_7=true&mDataProp_8=price&bSortable_8=true&mDataProp_9=id&bSortable_9=false&iSortCol_0=0&sSortDir_0=asc&iSortingCols=1&_=1435989302493
SQL: SHOW COLUMNS FROM `line` [ RunTime:0.0026s ]
SQL: SHOW COLUMNS FROM `line` [ RunTime:0.0024s ]
SQL: SELECT * FROM `line` ORDER BY id asc  [ RunTime:0.0004s ]

[ 2015-07-04T13:55:05+08:00 ] ::1 /finder/sdk.php/getLinesByType?sEcho=1&iColumns=10&sColumns=%2C%2C%2C%2C%2C%2C%2C%2C%2C&iDisplayStart=0&iDisplayLength=15&mDataProp_0=id&bSortable_0=true&mDataProp_1=title&bSortable_1=true&mDataProp_2=theme&bSortable_2=true&mDataProp_3=start&bSortable_3=true&mDataProp_4=end&bSortable_4=true&mDataProp_5=distance&bSortable_5=true&mDataProp_6=places&bSortable_6=true&mDataProp_7=leader&bSortable_7=true&mDataProp_8=price&bSortable_8=true&mDataProp_9=id&bSortable_9=false&iSortCol_0=0&sSortDir_0=asc&iSortingCols=1&_=1435989305068
SQL: SHOW COLUMNS FROM `line` [ RunTime:0.0026s ]
SQL: SHOW COLUMNS FROM `line` [ RunTime:0.0198s ]
SQL: SELECT * FROM `line` ORDER BY id asc  [ RunTime:0.0003s ]

[ 2015-07-04T13:55:13+08:00 ] ::1 /finder/sdk.php/doLogin
SQL: SHOW COLUMNS FROM `user` [ RunTime:0.0022s ]
SQL: SHOW COLUMNS FROM `user` [ RunTime:0.0016s ]
SQL: SELECT * FROM `user` WHERE ( account='admin' )  [ RunTime:0.0002s ]

[ 2015-07-04T13:55:14+08:00 ] ::1 /finder/sdk.php/getLinesByType?sEcho=1&iColumns=10&sColumns=%2C%2C%2C%2C%2C%2C%2C%2C%2C&iDisplayStart=0&iDisplayLength=15&mDataProp_0=id&bSortable_0=true&mDataProp_1=title&bSortable_1=true&mDataProp_2=theme&bSortable_2=true&mDataProp_3=start&bSortable_3=true&mDataProp_4=end&bSortable_4=true&mDataProp_5=distance&bSortable_5=true&mDataProp_6=places&bSortable_6=true&mDataProp_7=leader&bSortable_7=true&mDataProp_8=price&bSortable_8=true&mDataProp_9=id&bSortable_9=false&iSortCol_0=0&sSortDir_0=asc&iSortingCols=1&_=1435989313739
SQL: SHOW COLUMNS FROM `line` [ RunTime:0.0022s ]
SQL: SHOW COLUMNS FROM `line` [ RunTime:0.0020s ]
SQL: SELECT * FROM `line` ORDER BY id asc  [ RunTime:0.0003s ]

[ 2015-07-04T13:59:26+08:00 ] ::1 /finder/sdk.php/getLinesByType?sEcho=1&iColumns=10&sColumns=%2C%2C%2C%2C%2C%2C%2C%2C%2C&iDisplayStart=0&iDisplayLength=15&mDataProp_0=id&bSortable_0=true&mDataProp_1=title&bSortable_1=true&mDataProp_2=theme&bSortable_2=true&mDataProp_3=start&bSortable_3=true&mDataProp_4=end&bSortable_4=true&mDataProp_5=distance&bSortable_5=true&mDataProp_6=places&bSortable_6=true&mDataProp_7=leader&bSortable_7=true&mDataProp_8=price&bSortable_8=true&mDataProp_9=id&bSortable_9=false&iSortCol_0=0&sSortDir_0=asc&iSortingCols=1&_=1435989566644
SQL: SHOW COLUMNS FROM `line` [ RunTime:0.0022s ]
SQL: SHOW COLUMNS FROM `line` [ RunTime:0.0026s ]
SQL: SELECT * FROM `line` ORDER BY id asc  [ RunTime:0.0004s ]

[ 2015-07-04T13:59:54+08:00 ] ::1 /finder/sdk.php/getLinesByType?sEcho=1&iColumns=10&sColumns=%2C%2C%2C%2C%2C%2C%2C%2C%2C&iDisplayStart=0&iDisplayLength=15&mDataProp_0=id&bSortable_0=true&mDataProp_1=title&bSortable_1=true&mDataProp_2=theme&bSortable_2=true&mDataProp_3=start&bSortable_3=true&mDataProp_4=end&bSortable_4=true&mDataProp_5=distance&bSortable_5=true&mDataProp_6=places&bSortable_6=true&mDataProp_7=leader&bSortable_7=true&mDataProp_8=price&bSortable_8=true&mDataProp_9=id&bSortable_9=false&iSortCol_0=0&sSortDir_0=asc&iSortingCols=1&_=1435989594385
SQL: SHOW COLUMNS FROM `line` [ RunTime:0.0025s ]
SQL: SHOW COLUMNS FROM `line` [ RunTime:0.0023s ]
SQL: SELECT * FROM `line` ORDER BY id asc  [ RunTime:0.0004s ]

[ 2015-07-04T14:04:16+08:00 ] ::1 /finder/sdk.php/getLinesByType?sEcho=1&iColumns=10&sColumns=%2C%2C%2C%2C%2C%2C%2C%2C%2C&iDisplayStart=0&iDisplayLength=15&mDataProp_0=id&bSortable_0=true&mDataProp_1=title&bSortable_1=true&mDataProp_2=theme&bSortable_2=true&mDataProp_3=start&bSortable_3=true&mDataProp_4=end&bSortable_4=true&mDataProp_5=distance&bSortable_5=true&mDataProp_6=places&bSortable_6=true&mDataProp_7=leader&bSortable_7=true&mDataProp_8=price&bSortable_8=true&mDataProp_9=id&bSortable_9=false&iSortCol_0=0&sSortDir_0=asc&iSortingCols=1&_=1435989855140
SQL: SHOW COLUMNS FROM `line` [ RunTime:0.0071s ]
SQL: SHOW COLUMNS FROM `line` [ RunTime:0.0123s ]
SQL: SELECT * FROM `line` ORDER BY id asc  [ RunTime:0.0005s ]

[ 2015-07-04T14:05:13+08:00 ] ::1 /finder/sdk.php/getLinesByType?sEcho=1&iColumns=10&sColumns=%2C%2C%2C%2C%2C%2C%2C%2C%2C&iDisplayStart=0&iDisplayLength=15&mDataProp_0=id&bSortable_0=true&mDataProp_1=title&bSortable_1=true&mDataProp_2=theme&bSortable_2=true&mDataProp_3=start&bSortable_3=true&mDataProp_4=end&bSortable_4=true&mDataProp_5=distance&bSortable_5=true&mDataProp_6=places&bSortable_6=true&mDataProp_7=leader&bSortable_7=true&mDataProp_8=price&bSortable_8=true&mDataProp_9=id&bSortable_9=false&iSortCol_0=0&sSortDir_0=asc&iSortingCols=1&_=1435989912584
SQL: SHOW COLUMNS FROM `line` [ RunTime:0.0327s ]
SQL: SHOW COLUMNS FROM `line` [ RunTime:0.0567s ]
SQL: SELECT * FROM `line` ORDER BY id asc  [ RunTime:0.0005s ]

[ 2015-07-04T14:06:55+08:00 ] ::1 /finder/sdk.php/getLinesByType?sEcho=1&iColumns=10&sColumns=%2C%2C%2C%2C%2C%2C%2C%2C%2C&iDisplayStart=0&iDisplayLength=15&mDataProp_0=id&bSortable_0=true&mDataProp_1=title&bSortable_1=true&mDataProp_2=theme&bSortable_2=true&mDataProp_3=start&bSortable_3=true&mDataProp_4=end&bSortable_4=true&mDataProp_5=distance&bSortable_5=true&mDataProp_6=places&bSortable_6=true&mDataProp_7=leader&bSortable_7=true&mDataProp_8=price&bSortable_8=true&mDataProp_9=id&bSortable_9=false&iSortCol_0=0&sSortDir_0=asc&iSortingCols=1&_=1435990014649
SQL: SHOW COLUMNS FROM `line` [ RunTime:0.0597s ]
SQL: SHOW COLUMNS FROM `line` [ RunTime:0.0228s ]
SQL: SELECT * FROM `line` ORDER BY id asc  [ RunTime:0.0004s ]

[ 2015-07-04T14:08:08+08:00 ] ::1 /finder/sdk.php/getLinesByType?sEcho=1&iColumns=10&sColumns=%2C%2C%2C%2C%2C%2C%2C%2C%2C&iDisplayStart=0&iDisplayLength=15&mDataProp_0=id&bSortable_0=true&mDataProp_1=title&bSortable_1=true&mDataProp_2=theme&bSortable_2=true&mDataProp_3=start&bSortable_3=true&mDataProp_4=end&bSortable_4=true&mDataProp_5=distance&bSortable_5=true&mDataProp_6=places&bSortable_6=true&mDataProp_7=leader&bSortable_7=true&mDataProp_8=price&bSortable_8=true&mDataProp_9=id&bSortable_9=false&iSortCol_0=0&sSortDir_0=asc&iSortingCols=1&_=1435990087807
SQL: SHOW COLUMNS FROM `line` [ RunTime:0.0186s ]
SQL: SHOW COLUMNS FROM `line` [ RunTime:0.0121s ]
SQL: SELECT * FROM `line` ORDER BY id asc  [ RunTime:0.0004s ]

[ 2015-07-04T14:08:25+08:00 ] ::1 /finder/sdk.php/getLinesByType?sEcho=1&iColumns=10&sColumns=%2C%2C%2C%2C%2C%2C%2C%2C%2C&iDisplayStart=0&iDisplayLength=15&mDataProp_0=id&bSortable_0=true&mDataProp_1=title&bSortable_1=true&mDataProp_2=theme&bSortable_2=true&mDataProp_3=start&bSortable_3=true&mDataProp_4=end&bSortable_4=true&mDataProp_5=distance&bSortable_5=true&mDataProp_6=places&bSortable_6=true&mDataProp_7=leader&bSortable_7=true&mDataProp_8=price&bSortable_8=true&mDataProp_9=id&bSortable_9=false&iSortCol_0=0&sSortDir_0=asc&iSortingCols=1&_=1435990105650
SQL: SHOW COLUMNS FROM `line` [ RunTime:0.0022s ]
SQL: SHOW COLUMNS FROM `line` [ RunTime:0.0095s ]
SQL: SELECT * FROM `line` ORDER BY id asc  [ RunTime:0.0004s ]

[ 2015-07-04T14:08:27+08:00 ] ::1 /finder/sdk.php/getLinesByType?sEcho=1&iColumns=10&sColumns=%2C%2C%2C%2C%2C%2C%2C%2C%2C&iDisplayStart=0&iDisplayLength=15&mDataProp_0=id&bSortable_0=true&mDataProp_1=title&bSortable_1=true&mDataProp_2=theme&bSortable_2=true&mDataProp_3=start&bSortable_3=true&mDataProp_4=end&bSortable_4=true&mDataProp_5=distance&bSortable_5=true&mDataProp_6=places&bSortable_6=true&mDataProp_7=leader&bSortable_7=true&mDataProp_8=price&bSortable_8=true&mDataProp_9=id&bSortable_9=false&iSortCol_0=0&sSortDir_0=asc&iSortingCols=1&_=1435990107542
SQL: SHOW COLUMNS FROM `line` [ RunTime:0.0645s ]
SQL: SHOW COLUMNS FROM `line` [ RunTime:0.0025s ]
SQL: SELECT * FROM `line` ORDER BY id asc  [ RunTime:0.0005s ]

[ 2015-07-04T14:08:29+08:00 ] ::1 /finder/sdk.php/getLinesByType?sEcho=1&iColumns=10&sColumns=%2C%2C%2C%2C%2C%2C%2C%2C%2C&iDisplayStart=0&iDisplayLength=15&mDataProp_0=id&bSortable_0=true&mDataProp_1=title&bSortable_1=true&mDataProp_2=theme&bSortable_2=true&mDataProp_3=start&bSortable_3=true&mDataProp_4=end&bSortable_4=true&mDataProp_5=distance&bSortable_5=true&mDataProp_6=places&bSortable_6=true&mDataProp_7=leader&bSortable_7=true&mDataProp_8=price&bSortable_8=true&mDataProp_9=id&bSortable_9=false&iSortCol_0=0&sSortDir_0=asc&iSortingCols=1&_=1435990109553
SQL: SHOW COLUMNS FROM `line` [ RunTime:0.0052s ]
SQL: SHOW COLUMNS FROM `line` [ RunTime:0.0197s ]
SQL: SELECT * FROM `line` ORDER BY id asc  [ RunTime:0.0004s ]

[ 2015-07-04T14:09:09+08:00 ] ::1 /finder/sdk.php/getLinesByType?sEcho=1&iColumns=10&sColumns=%2C%2C%2C%2C%2C%2C%2C%2C%2C&iDisplayStart=0&iDisplayLength=15&mDataProp_0=id&bSortable_0=true&mDataProp_1=title&bSortable_1=true&mDataProp_2=theme&bSortable_2=true&mDataProp_3=start&bSortable_3=true&mDataProp_4=end&bSortable_4=true&mDataProp_5=distance&bSortable_5=true&mDataProp_6=places&bSortable_6=true&mDataProp_7=leader&bSortable_7=true&mDataProp_8=price&bSortable_8=true&mDataProp_9=id&bSortable_9=false&iSortCol_0=0&sSortDir_0=asc&iSortingCols=1&_=1435990146327
SQL: SHOW COLUMNS FROM `line` [ RunTime:1.6829s ]
SQL: SHOW COLUMNS FROM `line` [ RunTime:0.8410s ]
SQL: SELECT * FROM `line` ORDER BY id asc  [ RunTime:0.0010s ]

[ 2015-07-04T14:09:14+08:00 ] ::1 /finder/sdk.php/getLinesByType?sEcho=1&iColumns=10&sColumns=%2C%2C%2C%2C%2C%2C%2C%2C%2C&iDisplayStart=0&iDisplayLength=15&mDataProp_0=id&bSortable_0=true&mDataProp_1=title&bSortable_1=true&mDataProp_2=theme&bSortable_2=true&mDataProp_3=start&bSortable_3=true&mDataProp_4=end&bSortable_4=true&mDataProp_5=distance&bSortable_5=true&mDataProp_6=places&bSortable_6=true&mDataProp_7=leader&bSortable_7=true&mDataProp_8=price&bSortable_8=true&mDataProp_9=id&bSortable_9=false&iSortCol_0=0&sSortDir_0=asc&iSortingCols=1&_=1435990153703
SQL: SHOW COLUMNS FROM `line` [ RunTime:0.0035s ]
SQL: SHOW COLUMNS FROM `line` [ RunTime:0.0021s ]
SQL: SELECT * FROM `line` ORDER BY id asc  [ RunTime:0.0004s ]

[ 2015-07-04T14:09:35+08:00 ] ::1 /finder/sdk.php/getLinesByType?sEcho=2&iColumns=10&sColumns=%2C%2C%2C%2C%2C%2C%2C%2C%2C&iDisplayStart=0&iDisplayLength=15&mDataProp_0=id&bSortable_0=true&mDataProp_1=title&bSortable_1=true&mDataProp_2=theme&bSortable_2=true&mDataProp_3=start&bSortable_3=true&mDataProp_4=end&bSortable_4=true&mDataProp_5=distance&bSortable_5=true&mDataProp_6=places&bSortable_6=true&mDataProp_7=leader&bSortable_7=true&mDataProp_8=price&bSortable_8=true&mDataProp_9=id&bSortable_9=false&iSortCol_0=2&sSortDir_0=asc&iSortingCols=1&_=1435990153704
SQL: SHOW COLUMNS FROM `line` [ RunTime:0.0205s ]
SQL: SHOW COLUMNS FROM `line` [ RunTime:0.0027s ]
SQL: SELECT * FROM `line` ORDER BY theme asc  [ RunTime:0.0930s ]

[ 2015-07-04T14:09:37+08:00 ] ::1 /finder/sdk.php/getLinesByType?sEcho=3&iColumns=10&sColumns=%2C%2C%2C%2C%2C%2C%2C%2C%2C&iDisplayStart=0&iDisplayLength=15&mDataProp_0=id&bSortable_0=true&mDataProp_1=title&bSortable_1=true&mDataProp_2=theme&bSortable_2=true&mDataProp_3=start&bSortable_3=true&mDataProp_4=end&bSortable_4=true&mDataProp_5=distance&bSortable_5=true&mDataProp_6=places&bSortable_6=true&mDataProp_7=leader&bSortable_7=true&mDataProp_8=price&bSortable_8=true&mDataProp_9=id&bSortable_9=false&iSortCol_0=1&sSortDir_0=asc&iSortingCols=1&_=1435990153705
SQL: SHOW COLUMNS FROM `line` [ RunTime:0.0579s ]
SQL: SHOW COLUMNS FROM `line` [ RunTime:0.0724s ]
SQL: SELECT * FROM `line` ORDER BY title asc  [ RunTime:0.0004s ]

[ 2015-07-04T14:09:41+08:00 ] ::1 /finder/sdk.php/getLinesByType?sEcho=4&iColumns=10&sColumns=%2C%2C%2C%2C%2C%2C%2C%2C%2C&iDisplayStart=0&iDisplayLength=15&mDataProp_0=id&bSortable_0=true&mDataProp_1=title&bSortable_1=true&mDataProp_2=theme&bSortable_2=true&mDataProp_3=start&bSortable_3=true&mDataProp_4=end&bSortable_4=true&mDataProp_5=distance&bSortable_5=true&mDataProp_6=places&bSortable_6=true&mDataProp_7=leader&bSortable_7=true&mDataProp_8=price&bSortable_8=true&mDataProp_9=id&bSortable_9=false&iSortCol_0=1&sSortDir_0=desc&iSortingCols=1&_=1435990153706
SQL: SHOW COLUMNS FROM `line` [ RunTime:1.3280s ]
SQL: SHOW COLUMNS FROM `line` [ RunTime:0.0487s ]
SQL: SELECT * FROM `line` ORDER BY title desc  [ RunTime:0.0004s ]

[ 2015-07-04T14:12:43+08:00 ] ::1 /finder/sdk.php/getLinesByType?sEcho=1&iColumns=10&sColumns=%2C%2C%2C%2C%2C%2C%2C%2C%2C&iDisplayStart=0&iDisplayLength=15&mDataProp_0=id&bSortable_0=true&mDataProp_1=title&bSortable_1=true&mDataProp_2=theme&bSortable_2=true&mDataProp_3=start&bSortable_3=true&mDataProp_4=end&bSortable_4=true&mDataProp_5=distance&bSortable_5=true&mDataProp_6=places&bSortable_6=true&mDataProp_7=leader&bSortable_7=true&mDataProp_8=price&bSortable_8=true&mDataProp_9=id&bSortable_9=false&iSortCol_0=0&sSortDir_0=asc&iSortingCols=1&_=1435990361214
SQL: SHOW COLUMNS FROM `line` [ RunTime:0.0027s ]
SQL: SHOW COLUMNS FROM `line` [ RunTime:0.0026s ]
SQL: SELECT * FROM `line` ORDER BY id asc  [ RunTime:0.0003s ]

[ 2015-07-04T14:13:51+08:00 ] ::1 /finder/sdk.php/getLinesByType?sEcho=1&iColumns=10&sColumns=%2C%2C%2C%2C%2C%2C%2C%2C%2C&iDisplayStart=0&iDisplayLength=15&mDataProp_0=id&bSortable_0=true&mDataProp_1=title&bSortable_1=true&mDataProp_2=theme&bSortable_2=true&mDataProp_3=start&bSortable_3=true&mDataProp_4=end&bSortable_4=true&mDataProp_5=distance&bSortable_5=true&mDataProp_6=places&bSortable_6=true&mDataProp_7=leader&bSortable_7=true&mDataProp_8=price&bSortable_8=true&mDataProp_9=id&bSortable_9=false&iSortCol_0=0&sSortDir_0=asc&iSortingCols=1&_=1435990431327
SQL: SHOW COLUMNS FROM `line` [ RunTime:0.0039s ]
SQL: SHOW COLUMNS FROM `line` [ RunTime:0.0020s ]
SQL: SELECT * FROM `line` ORDER BY id asc  [ RunTime:0.0003s ]

[ 2015-07-04T14:15:21+08:00 ] ::1 /finder/sdk.php/getLinesByType?sEcho=1&iColumns=10&sColumns=%2C%2C%2C%2C%2C%2C%2C%2C%2C&iDisplayStart=0&iDisplayLength=15&mDataProp_0=id&bSortable_0=true&mDataProp_1=title&bSortable_1=true&mDataProp_2=theme&bSortable_2=true&mDataProp_3=start&bSortable_3=true&mDataProp_4=end&bSortable_4=true&mDataProp_5=distance&bSortable_5=true&mDataProp_6=places&bSortable_6=true&mDataProp_7=leader&bSortable_7=true&mDataProp_8=price&bSortable_8=true&mDataProp_9=id&bSortable_9=false&iSortCol_0=0&sSortDir_0=asc&iSortingCols=1&_=1435990520762
SQL: SHOW COLUMNS FROM `line` [ RunTime:0.0646s ]
SQL: SHOW COLUMNS FROM `line` [ RunTime:0.0593s ]
SQL: SELECT * FROM `line` ORDER BY id asc  [ RunTime:0.0005s ]

[ 2015-07-04T14:16:11+08:00 ] ::1 /finder/sdk.php/getLinesByType?sEcho=1&iColumns=10&sColumns=%2C%2C%2C%2C%2C%2C%2C%2C%2C&iDisplayStart=0&iDisplayLength=15&mDataProp_0=id&bSortable_0=true&mDataProp_1=title&bSortable_1=true&mDataProp_2=theme&bSortable_2=true&mDataProp_3=start&bSortable_3=true&mDataProp_4=end&bSortable_4=true&mDataProp_5=distance&bSortable_5=true&mDataProp_6=places&bSortable_6=true&mDataProp_7=leader&bSortable_7=true&mDataProp_8=price&bSortable_8=true&mDataProp_9=id&bSortable_9=false&iSortCol_0=0&sSortDir_0=asc&iSortingCols=1&_=1435990570769
SQL: SHOW COLUMNS FROM `line` [ RunTime:0.0209s ]
SQL: SHOW COLUMNS FROM `line` [ RunTime:0.0638s ]
SQL: SELECT * FROM `line` ORDER BY id asc  [ RunTime:0.0005s ]

[ 2015-07-04T14:16:58+08:00 ] ::1 /finder/sdk.php/getLinesByType?sEcho=1&iColumns=10&sColumns=%2C%2C%2C%2C%2C%2C%2C%2C%2C&iDisplayStart=0&iDisplayLength=15&mDataProp_0=id&bSortable_0=true&mDataProp_1=title&bSortable_1=true&mDataProp_2=theme&bSortable_2=true&mDataProp_3=start&bSortable_3=true&mDataProp_4=end&bSortable_4=true&mDataProp_5=distance&bSortable_5=true&mDataProp_6=places&bSortable_6=true&mDataProp_7=leader&bSortable_7=true&mDataProp_8=price&bSortable_8=true&mDataProp_9=id&bSortable_9=false&iSortCol_0=0&sSortDir_0=asc&iSortingCols=1&_=1435990617451
SQL: SHOW COLUMNS FROM `line` [ RunTime:0.1474s ]
SQL: SHOW COLUMNS FROM `line` [ RunTime:0.0839s ]
SQL: SELECT * FROM `line` ORDER BY id asc  [ RunTime:0.0005s ]

[ 2015-07-04T14:17:42+08:00 ] ::1 /finder/sdk.php/getLinesByType?sEcho=1&iColumns=10&sColumns=%2C%2C%2C%2C%2C%2C%2C%2C%2C&iDisplayStart=0&iDisplayLength=15&mDataProp_0=id&bSortable_0=true&mDataProp_1=title&bSortable_1=true&mDataProp_2=theme&bSortable_2=true&mDataProp_3=start&bSortable_3=true&mDataProp_4=end&bSortable_4=true&mDataProp_5=distance&bSortable_5=true&mDataProp_6=places&bSortable_6=true&mDataProp_7=leader&bSortable_7=true&mDataProp_8=price&bSortable_8=true&mDataProp_9=id&bSortable_9=false&iSortCol_0=0&sSortDir_0=asc&iSortingCols=1&_=1435990662187
SQL: SHOW COLUMNS FROM `line` [ RunTime:0.0161s ]
SQL: SHOW COLUMNS FROM `line` [ RunTime:0.3133s ]
SQL: SELECT * FROM `line` ORDER BY id asc  [ RunTime:0.0003s ]

[ 2015-07-04T14:22:51+08:00 ] ::1 /finder/sdk.php/getLinesByType?sEcho=1&iColumns=10&sColumns=%2C%2C%2C%2C%2C%2C%2C%2C%2C&iDisplayStart=0&iDisplayLength=15&mDataProp_0=id&bSortable_0=true&mDataProp_1=title&bSortable_1=true&mDataProp_2=theme&bSortable_2=true&mDataProp_3=start&bSortable_3=true&mDataProp_4=end&bSortable_4=true&mDataProp_5=distance&bSortable_5=true&mDataProp_6=places&bSortable_6=true&mDataProp_7=leader&bSortable_7=true&mDataProp_8=price&bSortable_8=true&mDataProp_9=id&bSortable_9=false&iSortCol_0=0&sSortDir_0=asc&iSortingCols=1&_=1435990970136
SQL: SHOW COLUMNS FROM `line` [ RunTime:0.0872s ]
SQL: SHOW COLUMNS FROM `line` [ RunTime:0.0384s ]
SQL: SELECT * FROM `line` ORDER BY id asc  [ RunTime:0.0003s ]

[ 2015-07-04T14:25:11+08:00 ] ::1 /finder/sdk.php/getLinesByType?sEcho=1&iColumns=10&sColumns=%2C%2C%2C%2C%2C%2C%2C%2C%2C&iDisplayStart=0&iDisplayLength=15&mDataProp_0=id&bSortable_0=true&mDataProp_1=title&bSortable_1=true&mDataProp_2=theme&bSortable_2=true&mDataProp_3=start&bSortable_3=true&mDataProp_4=end&bSortable_4=true&mDataProp_5=distance&bSortable_5=true&mDataProp_6=places&bSortable_6=true&mDataProp_7=leader&bSortable_7=true&mDataProp_8=price&bSortable_8=true&mDataProp_9=id&bSortable_9=false&iSortCol_0=0&sSortDir_0=asc&iSortingCols=1&_=1435991109810
SQL: SHOW COLUMNS FROM `line` [ RunTime:0.2035s ]
SQL: SHOW COLUMNS FROM `line` [ RunTime:0.4001s ]
SQL: SELECT * FROM `line` ORDER BY id asc  [ RunTime:0.0003s ]

[ 2015-07-04T14:25:16+08:00 ] ::1 /finder/sdk.php/getLinesByType?sEcho=1&iColumns=10&sColumns=%2C%2C%2C%2C%2C%2C%2C%2C%2C&iDisplayStart=0&iDisplayLength=15&mDataProp_0=id&bSortable_0=true&mDataProp_1=title&bSortable_1=true&mDataProp_2=theme&bSortable_2=true&mDataProp_3=start&bSortable_3=true&mDataProp_4=end&bSortable_4=true&mDataProp_5=distance&bSortable_5=true&mDataProp_6=places&bSortable_6=true&mDataProp_7=leader&bSortable_7=true&mDataProp_8=price&bSortable_8=true&mDataProp_9=id&bSortable_9=false&iSortCol_0=0&sSortDir_0=asc&iSortingCols=1&_=1435991115507
SQL: SHOW COLUMNS FROM `line` [ RunTime:0.0206s ]
SQL: SHOW COLUMNS FROM `line` [ RunTime:0.1125s ]
SQL: SELECT * FROM `line` ORDER BY id asc  [ RunTime:0.0005s ]

[ 2015-07-04T14:31:10+08:00 ] ::1 /finder/sdk.php/getLinesByType?sEcho=1&iColumns=10&sColumns=%2C%2C%2C%2C%2C%2C%2C%2C%2C&iDisplayStart=0&iDisplayLength=15&mDataProp_0=id&bSortable_0=true&mDataProp_1=title&bSortable_1=true&mDataProp_2=theme&bSortable_2=true&mDataProp_3=start&bSortable_3=true&mDataProp_4=end&bSortable_4=true&mDataProp_5=distance&bSortable_5=true&mDataProp_6=places&bSortable_6=true&mDataProp_7=leader&bSortable_7=true&mDataProp_8=price&bSortable_8=true&mDataProp_9=id&bSortable_9=false&iSortCol_0=0&sSortDir_0=asc&iSortingCols=1&_=1435991469477
SQL: SHOW COLUMNS FROM `line` [ RunTime:0.0027s ]
SQL: SHOW COLUMNS FROM `line` [ RunTime:0.0017s ]
SQL: SELECT * FROM `line` ORDER BY id asc  [ RunTime:0.0003s ]

[ 2015-07-04T14:31:22+08:00 ] ::1 /finder/sdk.php/getLinesByType?sEcho=1&iColumns=10&sColumns=%2C%2C%2C%2C%2C%2C%2C%2C%2C&iDisplayStart=0&iDisplayLength=15&mDataProp_0=id&bSortable_0=true&mDataProp_1=title&bSortable_1=true&mDataProp_2=theme&bSortable_2=true&mDataProp_3=start&bSortable_3=true&mDataProp_4=end&bSortable_4=true&mDataProp_5=distance&bSortable_5=true&mDataProp_6=places&bSortable_6=true&mDataProp_7=leader&bSortable_7=true&mDataProp_8=price&bSortable_8=true&mDataProp_9=id&bSortable_9=false&iSortCol_0=0&sSortDir_0=asc&iSortingCols=1&_=1435991481750
SQL: SHOW COLUMNS FROM `line` [ RunTime:0.0020s ]
SQL: SHOW COLUMNS FROM `line` [ RunTime:0.0018s ]
SQL: SELECT * FROM `line` ORDER BY id asc  [ RunTime:0.0003s ]

[ 2015-07-04T14:58:10+08:00 ] ::1 /finder/sdk.php/getLinesByType?sEcho=1&iColumns=10&sColumns=%2C%2C%2C%2C%2C%2C%2C%2C%2C&iDisplayStart=0&iDisplayLength=15&mDataProp_0=id&bSortable_0=true&mDataProp_1=title&bSortable_1=true&mDataProp_2=theme&bSortable_2=true&mDataProp_3=start&bSortable_3=true&mDataProp_4=end&bSortable_4=true&mDataProp_5=distance&bSortable_5=true&mDataProp_6=places&bSortable_6=true&mDataProp_7=leader&bSortable_7=true&mDataProp_8=price&bSortable_8=true&mDataProp_9=id&bSortable_9=false&iSortCol_0=0&sSortDir_0=asc&iSortingCols=1&_=1435993090695
SQL: SHOW COLUMNS FROM `line` [ RunTime:0.0030s ]
SQL: SHOW COLUMNS FROM `line` [ RunTime:0.0018s ]
SQL: SELECT * FROM `line` ORDER BY id asc  [ RunTime:0.0002s ]

[ 2015-07-04T14:58:23+08:00 ] ::1 /finder/sdk.php/getLinesByType?sEcho=1&iColumns=10&sColumns=%2C%2C%2C%2C%2C%2C%2C%2C%2C&iDisplayStart=0&iDisplayLength=15&mDataProp_0=id&bSortable_0=true&mDataProp_1=title&bSortable_1=true&mDataProp_2=theme&bSortable_2=true&mDataProp_3=start&bSortable_3=true&mDataProp_4=end&bSortable_4=true&mDataProp_5=distance&bSortable_5=true&mDataProp_6=places&bSortable_6=true&mDataProp_7=leader&bSortable_7=true&mDataProp_8=price&bSortable_8=true&mDataProp_9=id&bSortable_9=false&iSortCol_0=0&sSortDir_0=asc&iSortingCols=1&_=1435993103213
SQL: SHOW COLUMNS FROM `line` [ RunTime:0.0024s ]
SQL: SHOW COLUMNS FROM `line` [ RunTime:0.0021s ]
SQL: SELECT * FROM `line` ORDER BY id asc  [ RunTime:0.0003s ]

[ 2015-07-04T14:58:46+08:00 ] ::1 /finder/sdk.php/getLinesByType?sEcho=1&iColumns=10&sColumns=%2C%2C%2C%2C%2C%2C%2C%2C%2C&iDisplayStart=0&iDisplayLength=15&mDataProp_0=id&bSortable_0=true&mDataProp_1=title&bSortable_1=true&mDataProp_2=theme&bSortable_2=true&mDataProp_3=start&bSortable_3=true&mDataProp_4=end&bSortable_4=true&mDataProp_5=distance&bSortable_5=true&mDataProp_6=places&bSortable_6=true&mDataProp_7=leader&bSortable_7=true&mDataProp_8=price&bSortable_8=true&mDataProp_9=id&bSortable_9=false&iSortCol_0=0&sSortDir_0=asc&iSortingCols=1&_=1435993126501
SQL: SHOW COLUMNS FROM `line` [ RunTime:0.0023s ]
SQL: SHOW COLUMNS FROM `line` [ RunTime:0.0021s ]
SQL: SELECT * FROM `line` ORDER BY id asc  [ RunTime:0.0005s ]

[ 2015-07-04T15:00:11+08:00 ] ::1 /finder/sdk.php/getLinesByType?sEcho=1&iColumns=10&sColumns=%2C%2C%2C%2C%2C%2C%2C%2C%2C&iDisplayStart=0&iDisplayLength=15&mDataProp_0=id&bSortable_0=true&mDataProp_1=title&bSortable_1=true&mDataProp_2=theme&bSortable_2=true&mDataProp_3=start&bSortable_3=true&mDataProp_4=end&bSortable_4=true&mDataProp_5=distance&bSortable_5=true&mDataProp_6=places&bSortable_6=true&mDataProp_7=leader&bSortable_7=true&mDataProp_8=price&bSortable_8=true&mDataProp_9=id&bSortable_9=false&iSortCol_0=0&sSortDir_0=asc&iSortingCols=1&_=1435993210874
SQL: SHOW COLUMNS FROM `line` [ RunTime:0.0021s ]
SQL: SHOW COLUMNS FROM `line` [ RunTime:0.0017s ]
SQL: SELECT * FROM `line` ORDER BY id asc  [ RunTime:0.0003s ]

[ 2015-07-04T15:00:16+08:00 ] ::1 /finder/sdk.php/getLinesByType?sEcho=1&iColumns=10&sColumns=%2C%2C%2C%2C%2C%2C%2C%2C%2C&iDisplayStart=0&iDisplayLength=15&mDataProp_0=id&bSortable_0=true&mDataProp_1=title&bSortable_1=true&mDataProp_2=theme&bSortable_2=true&mDataProp_3=start&bSortable_3=true&mDataProp_4=end&bSortable_4=true&mDataProp_5=distance&bSortable_5=true&mDataProp_6=places&bSortable_6=true&mDataProp_7=leader&bSortable_7=true&mDataProp_8=price&bSortable_8=true&mDataProp_9=id&bSortable_9=false&iSortCol_0=0&sSortDir_0=asc&iSortingCols=1&_=1435993216259
SQL: SHOW COLUMNS FROM `line` [ RunTime:0.0062s ]
SQL: SHOW COLUMNS FROM `line` [ RunTime:0.0024s ]
SQL: SELECT * FROM `line` ORDER BY id asc  [ RunTime:0.0003s ]

[ 2015-07-04T15:00:19+08:00 ] ::1 /finder/sdk.php/getLinesByType?sEcho=1&iColumns=10&sColumns=%2C%2C%2C%2C%2C%2C%2C%2C%2C&iDisplayStart=0&iDisplayLength=15&mDataProp_0=id&bSortable_0=true&mDataProp_1=title&bSortable_1=true&mDataProp_2=theme&bSortable_2=true&mDataProp_3=start&bSortable_3=true&mDataProp_4=end&bSortable_4=true&mDataProp_5=distance&bSortable_5=true&mDataProp_6=places&bSortable_6=true&mDataProp_7=leader&bSortable_7=true&mDataProp_8=price&bSortable_8=true&mDataProp_9=id&bSortable_9=false&iSortCol_0=0&sSortDir_0=asc&iSortingCols=1&_=1435993219736
SQL: SHOW COLUMNS FROM `line` [ RunTime:0.0023s ]
SQL: SHOW COLUMNS FROM `line` [ RunTime:0.0023s ]
SQL: SELECT * FROM `line` ORDER BY id asc  [ RunTime:0.0003s ]

[ 2015-07-04T15:01:31+08:00 ] ::1 /finder/sdk.php/getLinesByType?sEcho=1&iColumns=10&sColumns=%2C%2C%2C%2C%2C%2C%2C%2C%2C&iDisplayStart=0&iDisplayLength=15&mDataProp_0=id&bSortable_0=true&mDataProp_1=title&bSortable_1=true&mDataProp_2=theme&bSortable_2=true&mDataProp_3=start&bSortable_3=true&mDataProp_4=end&bSortable_4=true&mDataProp_5=distance&bSortable_5=true&mDataProp_6=places&bSortable_6=true&mDataProp_7=leader&bSortable_7=true&mDataProp_8=price&bSortable_8=true&mDataProp_9=id&bSortable_9=false&iSortCol_0=0&sSortDir_0=asc&iSortingCols=1&_=1435993290980
SQL: SHOW COLUMNS FROM `line` [ RunTime:0.0028s ]
SQL: SHOW COLUMNS FROM `line` [ RunTime:0.0025s ]
SQL: SELECT * FROM `line` ORDER BY id asc  [ RunTime:0.0007s ]

[ 2015-07-04T15:01:34+08:00 ] ::1 /finder/sdk.php/getLinesByType?sEcho=1&iColumns=10&sColumns=%2C%2C%2C%2C%2C%2C%2C%2C%2C&iDisplayStart=0&iDisplayLength=15&mDataProp_0=id&bSortable_0=true&mDataProp_1=title&bSortable_1=true&mDataProp_2=theme&bSortable_2=true&mDataProp_3=start&bSortable_3=true&mDataProp_4=end&bSortable_4=true&mDataProp_5=distance&bSortable_5=true&mDataProp_6=places&bSortable_6=true&mDataProp_7=leader&bSortable_7=true&mDataProp_8=price&bSortable_8=true&mDataProp_9=id&bSortable_9=false&iSortCol_0=0&sSortDir_0=asc&iSortingCols=1&_=1435993294154
SQL: SHOW COLUMNS FROM `line` [ RunTime:0.0080s ]
SQL: SHOW COLUMNS FROM `line` [ RunTime:0.0029s ]
SQL: SELECT * FROM `line` ORDER BY id asc  [ RunTime:0.0008s ]

[ 2015-07-04T15:01:36+08:00 ] ::1 /finder/sdk.php/getLinesByType?sEcho=1&iColumns=10&sColumns=%2C%2C%2C%2C%2C%2C%2C%2C%2C&iDisplayStart=0&iDisplayLength=15&mDataProp_0=id&bSortable_0=true&mDataProp_1=title&bSortable_1=true&mDataProp_2=theme&bSortable_2=true&mDataProp_3=start&bSortable_3=true&mDataProp_4=end&bSortable_4=true&mDataProp_5=distance&bSortable_5=true&mDataProp_6=places&bSortable_6=true&mDataProp_7=leader&bSortable_7=true&mDataProp_8=price&bSortable_8=true&mDataProp_9=id&bSortable_9=false&iSortCol_0=0&sSortDir_0=asc&iSortingCols=1&_=1435993296797
SQL: SHOW COLUMNS FROM `line` [ RunTime:0.0058s ]
SQL: SHOW COLUMNS FROM `line` [ RunTime:0.0018s ]
SQL: SELECT * FROM `line` ORDER BY id asc  [ RunTime:0.0003s ]

[ 2015-07-04T15:01:41+08:00 ] ::1 /finder/sdk.php/getLinesByType?sEcho=1&iColumns=10&sColumns=%2C%2C%2C%2C%2C%2C%2C%2C%2C&iDisplayStart=0&iDisplayLength=15&mDataProp_0=id&bSortable_0=true&mDataProp_1=title&bSortable_1=true&mDataProp_2=theme&bSortable_2=true&mDataProp_3=start&bSortable_3=true&mDataProp_4=end&bSortable_4=true&mDataProp_5=distance&bSortable_5=true&mDataProp_6=places&bSortable_6=true&mDataProp_7=leader&bSortable_7=true&mDataProp_8=price&bSortable_8=true&mDataProp_9=id&bSortable_9=false&iSortCol_0=0&sSortDir_0=asc&iSortingCols=1&_=1435993300946
SQL: SHOW COLUMNS FROM `line` [ RunTime:0.0021s ]
SQL: SHOW COLUMNS FROM `line` [ RunTime:0.0017s ]
SQL: SELECT * FROM `line` ORDER BY id asc  [ RunTime:0.0002s ]

[ 2015-07-04T20:38:41+08:00 ] ::1 /finder/sdk.php/getLinesByType?sEcho=1&iColumns=10&sColumns=%2C%2C%2C%2C%2C%2C%2C%2C%2C&iDisplayStart=0&iDisplayLength=15&mDataProp_0=id&bSortable_0=true&mDataProp_1=title&bSortable_1=true&mDataProp_2=theme&bSortable_2=true&mDataProp_3=start&bSortable_3=true&mDataProp_4=end&bSortable_4=true&mDataProp_5=distance&bSortable_5=true&mDataProp_6=places&bSortable_6=true&mDataProp_7=leader&bSortable_7=true&mDataProp_8=price&bSortable_8=true&mDataProp_9=id&bSortable_9=false&iSortCol_0=0&sSortDir_0=asc&iSortingCols=1&_=1436013520620
SQL: SHOW COLUMNS FROM `line` [ RunTime:0.1083s ]
SQL: SHOW COLUMNS FROM `line` [ RunTime:0.0292s ]
SQL: SELECT * FROM `line` ORDER BY id asc  [ RunTime:0.0007s ]

