[ 2015-07-09T08:46:40+08:00 ] ::1 /finder/sdk.php/getLinesByType?sEcho=1&iColumns=10&sColumns=%2C%2C%2C%2C%2C%2C%2C%2C%2C&iDisplayStart=0&iDisplayLength=15&mDataProp_0=id&bSortable_0=true&mDataProp_1=title&bSortable_1=true&mDataProp_2=theme&bSortable_2=true&mDataProp_3=start&bSortable_3=true&mDataProp_4=end&bSortable_4=true&mDataProp_5=distance&bSortable_5=true&mDataProp_6=places&bSortable_6=true&mDataProp_7=leader&bSortable_7=true&mDataProp_8=price&bSortable_8=true&mDataProp_9=id&bSortable_9=false&iSortCol_0=0&sSortDir_0=asc&iSortingCols=1&_=1436402800202
SQL: SHOW COLUMNS FROM `line` [ RunTime:0.0483s ]
SQL: SHOW COLUMNS FROM `line` [ RunTime:0.0483s ]
SQL: SELECT * FROM `line` ORDER BY id asc  [ RunTime:0.0003s ]

[ 2015-07-09T08:52:19+08:00 ] ::1 /finder/sdk.php/getCategroyListByParent?parent=11
SQL: SHOW COLUMNS FROM `category` [ RunTime:0.0023s ]
SQL: SHOW COLUMNS FROM `category` [ RunTime:0.0024s ]
SQL: SELECT * FROM `category` WHERE ( c_id ="11" )  [ RunTime:0.0003s ]

[ 2015-07-09T08:53:36+08:00 ] ::1 /finder/sdk.php/getCategroyListByParent?parent=11
SQL: SHOW COLUMNS FROM `category` [ RunTime:0.0493s ]
SQL: SHOW COLUMNS FROM `category` [ RunTime:0.0018s ]
SQL: SELECT * FROM `category` WHERE ( c_id ="11" )  [ RunTime:0.0003s ]

[ 2015-07-09T08:55:31+08:00 ] ::1 /finder/sdk.php/getCategroyListByParent?parent=11
SQL: SHOW COLUMNS FROM `category` [ RunTime:0.0512s ]
SQL: SHOW COLUMNS FROM `category` [ RunTime:0.0023s ]
SQL: SELECT * FROM `category` WHERE ( c_id ="11" )  [ RunTime:0.0003s ]

[ 2015-07-09T08:56:27+08:00 ] ::1 /finder/sdk.php/getCategroyListByParent?parent=11
SQL: SHOW COLUMNS FROM `category` [ RunTime:0.0317s ]
SQL: SHOW COLUMNS FROM `category` [ RunTime:0.0023s ]
SQL: SELECT * FROM `category` WHERE ( c_id ="11" )  [ RunTime:0.0004s ]

[ 2015-07-09T08:57:22+08:00 ] ::1 /finder/sdk.php/getCategroyListByParent?parent=11
SQL: SHOW COLUMNS FROM `category` [ RunTime:0.0046s ]
SQL: SHOW COLUMNS FROM `category` [ RunTime:0.0025s ]
SQL: SELECT * FROM `category` WHERE ( c_id ="11" )  [ RunTime:0.0003s ]

[ 2015-07-09T08:57:40+08:00 ] ::1 /finder/sdk.php/getCategroyListByParent?parent=11
SQL: SHOW COLUMNS FROM `category` [ RunTime:0.0022s ]
SQL: SHOW COLUMNS FROM `category` [ RunTime:0.0020s ]
SQL: SELECT * FROM `category` WHERE ( c_id ="11" )  [ RunTime:0.0003s ]

[ 2015-07-09T08:57:49+08:00 ] ::1 /finder/sdk.php/getCategroyListByParent?parent=11
SQL: SHOW COLUMNS FROM `category` [ RunTime:0.0339s ]
SQL: SHOW COLUMNS FROM `category` [ RunTime:0.0018s ]
SQL: SELECT * FROM `category` WHERE ( c_id ="11" )  [ RunTime:0.0003s ]

[ 2015-07-09T08:58:04+08:00 ] ::1 /finder/sdk.php/getCategroyListByParent?parent=11
SQL: SHOW COLUMNS FROM `category` [ RunTime:0.0023s ]
SQL: SHOW COLUMNS FROM `category` [ RunTime:0.0022s ]
SQL: SELECT * FROM `category` WHERE ( c_id ="11" )  [ RunTime:0.0004s ]

[ 2015-07-09T08:58:46+08:00 ] ::1 /finder/sdk.php/getCategroyListByParent?parent=11
SQL: SHOW COLUMNS FROM `category` [ RunTime:0.0161s ]
SQL: SHOW COLUMNS FROM `category` [ RunTime:0.0016s ]
SQL: SELECT * FROM `category` WHERE ( c_id ="11" )  [ RunTime:0.0003s ]

[ 2015-07-09T09:00:12+08:00 ] ::1 /finder/sdk.php/getCategroyListByParent?parent=11
SQL: SHOW COLUMNS FROM `category` [ RunTime:0.0023s ]
SQL: SHOW COLUMNS FROM `category` [ RunTime:0.0189s ]
SQL: SELECT * FROM `category` WHERE ( c_id ="11" )  [ RunTime:0.0004s ]

[ 2015-07-09T09:00:49+08:00 ] ::1 /finder/sdk.php/getCategroyListByParent?parent=11
SQL: SHOW COLUMNS FROM `category` [ RunTime:0.0166s ]
SQL: SHOW COLUMNS FROM `category` [ RunTime:0.0020s ]
SQL: SELECT * FROM `category` WHERE ( c_id ="11" )  [ RunTime:0.0003s ]

[ 2015-07-09T09:02:07+08:00 ] ::1 /finder/sdk.php/getCategroyListByParent?parent=11
SQL: SHOW COLUMNS FROM `category` [ RunTime:0.0022s ]
SQL: SHOW COLUMNS FROM `category` [ RunTime:0.0024s ]
SQL: SELECT * FROM `category` WHERE ( c_id ="11" )  [ RunTime:0.0010s ]

[ 2015-07-09T09:04:48+08:00 ] ::1 /finder/sdk.php/getCategroyListByParent?parent=11
SQL: SHOW COLUMNS FROM `category` [ RunTime:0.0024s ]
SQL: SHOW COLUMNS FROM `category` [ RunTime:0.0023s ]
SQL: SELECT * FROM `category` WHERE ( c_id ="11" )  [ RunTime:0.0003s ]

[ 2015-07-09T09:05:07+08:00 ] ::1 /finder/sdk.php/getCategroyListByParent?parent=11
SQL: SHOW COLUMNS FROM `category` [ RunTime:0.0024s ]
SQL: SHOW COLUMNS FROM `category` [ RunTime:0.0021s ]
SQL: SELECT * FROM `category` WHERE ( c_id ="11" )  [ RunTime:0.0003s ]

[ 2015-07-09T09:05:53+08:00 ] ::1 /finder/sdk.php/getCategroyListByParent?parent=11
SQL: SHOW COLUMNS FROM `category` [ RunTime:0.0334s ]
SQL: SHOW COLUMNS FROM `category` [ RunTime:0.0018s ]
SQL: SELECT * FROM `category` WHERE ( c_id ="11" )  [ RunTime:0.0002s ]

[ 2015-07-09T09:06:05+08:00 ] ::1 /finder/sdk.php/getCategroyListByParent?parent=11
SQL: SHOW COLUMNS FROM `category` [ RunTime:0.0023s ]
SQL: SHOW COLUMNS FROM `category` [ RunTime:0.0018s ]
SQL: SELECT * FROM `category` WHERE ( c_id ="11" )  [ RunTime:0.0002s ]

[ 2015-07-09T09:06:18+08:00 ] ::1 /finder/sdk.php/getCategroyListByParent?parent=11
SQL: SHOW COLUMNS FROM `category` [ RunTime:0.0032s ]
SQL: SHOW COLUMNS FROM `category` [ RunTime:0.0015s ]
SQL: SELECT * FROM `category` WHERE ( c_id ="11" )  [ RunTime:0.0002s ]

[ 2015-07-09T09:06:54+08:00 ] ::1 /finder/sdk.php/getCategroyListByParent?parent=11
SQL: SHOW COLUMNS FROM `category` [ RunTime:0.0020s ]
SQL: SHOW COLUMNS FROM `category` [ RunTime:0.0015s ]
SQL: SELECT * FROM `category` WHERE ( c_id ="11" )  [ RunTime:0.0002s ]

[ 2015-07-09T09:07:30+08:00 ] ::1 /finder/sdk.php/getCategroyListByParent?parent=11
SQL: SHOW COLUMNS FROM `category` [ RunTime:0.0020s ]
SQL: SHOW COLUMNS FROM `category` [ RunTime:0.0020s ]
SQL: SELECT * FROM `category` WHERE ( c_id ="11" )  [ RunTime:0.0003s ]

[ 2015-07-09T09:13:51+08:00 ] ::1 /finder/sdk.php/getCategroyListByParent?parent=11
SQL: SHOW COLUMNS FROM `category` [ RunTime:0.0025s ]
SQL: SHOW COLUMNS FROM `category` [ RunTime:0.0020s ]
SQL: SELECT * FROM `category` WHERE ( c_id ="11" )  [ RunTime:0.0003s ]

[ 2015-07-09T09:14:11+08:00 ] ::1 /finder/sdk.php/getCategroyListByParent?parent=11
SQL: SHOW COLUMNS FROM `category` [ RunTime:0.0022s ]
SQL: SHOW COLUMNS FROM `category` [ RunTime:0.0015s ]
SQL: SELECT * FROM `category` WHERE ( c_id ="11" )  [ RunTime:0.0002s ]

[ 2015-07-09T09:14:59+08:00 ] ::1 /finder/sdk.php/getCategroyListByParent?parent=11
SQL: SHOW COLUMNS FROM `category` [ RunTime:0.0317s ]
SQL: SHOW COLUMNS FROM `category` [ RunTime:0.0015s ]
SQL: SELECT * FROM `category` WHERE ( c_id ="11" )  [ RunTime:0.0003s ]

[ 2015-07-09T09:21:32+08:00 ] ::1 /finder/sdk.php/getCategroyListByParent?parent=11
SQL: SHOW COLUMNS FROM `category` [ RunTime:0.0023s ]
SQL: SHOW COLUMNS FROM `category` [ RunTime:0.0021s ]
SQL: SELECT * FROM `category` WHERE ( c_id ="11" )  [ RunTime:0.0003s ]

[ 2015-07-09T09:24:09+08:00 ] ::1 /finder/sdk.php/getCategroyListByParent?parent=11
SQL: SHOW COLUMNS FROM `category` [ RunTime:0.0015s ]
SQL: SHOW COLUMNS FROM `category` [ RunTime:0.0024s ]
SQL: SELECT * FROM `category` WHERE ( c_id ="11" )  [ RunTime:0.0003s ]

[ 2015-07-09T09:25:02+08:00 ] ::1 /finder/sdk.php/getCategroyListByParent?parent=11
SQL: SHOW COLUMNS FROM `category` [ RunTime:0.0024s ]
SQL: SHOW COLUMNS FROM `category` [ RunTime:0.0021s ]
SQL: SELECT * FROM `category` WHERE ( c_id ="11" )  [ RunTime:0.0004s ]

[ 2015-07-09T09:25:39+08:00 ] ::1 /finder/sdk.php/getCategroyListByParent?parent=11
SQL: SHOW COLUMNS FROM `category` [ RunTime:0.0031s ]
SQL: SHOW COLUMNS FROM `category` [ RunTime:0.0025s ]
SQL: SELECT * FROM `category` WHERE ( c_id ="11" )  [ RunTime:0.0012s ]

[ 2015-07-09T09:25:58+08:00 ] ::1 /finder/sdk.php/getCategroyListByParent?parent=11
SQL: SHOW COLUMNS FROM `category` [ RunTime:0.0022s ]
SQL: SHOW COLUMNS FROM `category` [ RunTime:0.0015s ]
SQL: SELECT * FROM `category` WHERE ( c_id ="11" )  [ RunTime:0.0002s ]

[ 2015-07-09T09:28:19+08:00 ] ::1 /finder/sdk.php/getCategroyListByParent?parent=11
SQL: SHOW COLUMNS FROM `category` [ RunTime:0.0020s ]
SQL: SHOW COLUMNS FROM `category` [ RunTime:0.0026s ]
SQL: SELECT * FROM `category` WHERE ( c_id ="11" )  [ RunTime:0.0003s ]

