[ 2015-06-23T10:28:38+08:00 ] ::1 /finder/sdk.php/doLogin
SQL: SHOW COLUMNS FROM `user` [ RunTime:0.0027s ]
SQL: SHOW COLUMNS FROM `user` [ RunTime:0.0025s ]
SQL: SELECT * FROM `user` WHERE ( account='admin' )  [ RunTime:0.0001s ]

[ 2015-06-23T14:27:20+08:00 ] ::1 /finder/sdk.php/doLogin
SQL: SHOW COLUMNS FROM `user` [ RunTime:0.0031s ]
SQL: SHOW COLUMNS FROM `user` [ RunTime:0.0025s ]
SQL: SELECT * FROM `user` WHERE ( account='admin' )  [ RunTime:0.0002s ]

[ 2015-06-23T14:27:20+08:00 ] ::1 /finder/sdk.php/doLogin
SQL: SHOW COLUMNS FROM `user` [ RunTime:0.0028s ]
SQL: SHOW COLUMNS FROM `user` [ RunTime:0.0024s ]
SQL: SELECT * FROM `user` WHERE ( account='admin' )  [ RunTime:0.0002s ]

[ 2015-06-23T14:30:38+08:00 ] ::1 /finder/sdk.php/doLogin
SQL: SHOW COLUMNS FROM `user` [ RunTime:0.0030s ]
SQL: SHOW COLUMNS FROM `user` [ RunTime:0.0026s ]
SQL: SELECT * FROM `user` WHERE ( account='admin' )  [ RunTime:0.0002s ]

[ 2015-06-23T14:40:08+08:00 ] ::1 /finder/sdk.php/doLogin
SQL: SHOW COLUMNS FROM `user` [ RunTime:0.0029s ]
SQL: SHOW COLUMNS FROM `user` [ RunTime:0.0029s ]
SQL: SELECT * FROM `user` WHERE ( account='admin' )  [ RunTime:0.0001s ]

[ 2015-06-23T14:42:22+08:00 ] ::1 /finder/sdk.php/doLogin
SQL: SHOW COLUMNS FROM `user` [ RunTime:0.0028s ]
SQL: SHOW COLUMNS FROM `user` [ RunTime:0.0025s ]
SQL: SELECT * FROM `user` WHERE ( account='admin' )  [ RunTime:0.0002s ]

[ 2015-06-23T14:43:15+08:00 ] ::1 /finder/sdk.php/doLogin
SQL: SHOW COLUMNS FROM `user` [ RunTime:0.0030s ]
SQL: SHOW COLUMNS FROM `user` [ RunTime:0.0025s ]
SQL: SELECT * FROM `user` WHERE ( account='admin' )  [ RunTime:0.0002s ]

[ 2015-06-23T14:45:13+08:00 ] ::1 /finder/sdk.php/doLogin
SQL: SHOW COLUMNS FROM `user` [ RunTime:0.0029s ]
SQL: SHOW COLUMNS FROM `user` [ RunTime:0.0028s ]
SQL: SELECT * FROM `user` WHERE ( account='admin' )  [ RunTime:0.0002s ]

[ 2015-06-23T14:45:18+08:00 ] ::1 /finder/sdk.php/doLogin
SQL: SHOW COLUMNS FROM `user` [ RunTime:0.0030s ]
SQL: SHOW COLUMNS FROM `user` [ RunTime:0.0025s ]
SQL: SELECT * FROM `user` WHERE ( account='admin' )  [ RunTime:0.0002s ]

[ 2015-06-23T14:51:42+08:00 ] ::1 /finder/sdk.php/doLogin
SQL: SHOW COLUMNS FROM `user` [ RunTime:0.0034s ]
SQL: SHOW COLUMNS FROM `user` [ RunTime:0.0025s ]
SQL: SELECT * FROM `user` WHERE ( account='admin' )  [ RunTime:0.0002s ]
NOTIC: [8] Undefined index: id F:\workspace\php\finder\ThinkPHP\Library\Com\Utils\Utils.class.php 第 6 行.
NOTIC: [8] Undefined index: nickname F:\workspace\php\finder\ThinkPHP\Library\Com\Utils\Utils.class.php 第 7 行.
NOTIC: [8] Undefined index: level F:\workspace\php\finder\ThinkPHP\Library\Com\Utils\Utils.class.php 第 8 行.

[ 2015-06-23T14:53:20+08:00 ] ::1 /finder/sdk.php/doLogin
SQL: SHOW COLUMNS FROM `user` [ RunTime:0.0033s ]
SQL: SHOW COLUMNS FROM `user` [ RunTime:0.0025s ]
SQL: SELECT * FROM `user` WHERE ( account='admin' )  [ RunTime:0.0002s ]

[ 2015-06-23T14:54:53+08:00 ] ::1 /finder/sdk.php/doLogin
SQL: SHOW COLUMNS FROM `user` [ RunTime:0.0027s ]
SQL: SHOW COLUMNS FROM `user` [ RunTime:0.0025s ]
SQL: SELECT * FROM `user` WHERE ( account='admin' )  [ RunTime:0.0002s ]
NOTIC: [8] Undefined index: id F:\workspace\php\finder\ThinkPHP\Library\Com\Utils\Utils.class.php 第 6 行.
NOTIC: [8] Undefined index: nickname F:\workspace\php\finder\ThinkPHP\Library\Com\Utils\Utils.class.php 第 7 行.
NOTIC: [8] Undefined index: level F:\workspace\php\finder\ThinkPHP\Library\Com\Utils\Utils.class.php 第 8 行.
NOTIC: [8] Undefined index: id F:\workspace\php\finder\ThinkPHP\Library\Com\Utils\Utils.class.php 第 9 行.
NOTIC: [8] Undefined index: nickname F:\workspace\php\finder\ThinkPHP\Library\Com\Utils\Utils.class.php 第 9 行.
NOTIC: [8] Undefined index: level F:\workspace\php\finder\ThinkPHP\Library\Com\Utils\Utils.class.php 第 9 行.

[ 2015-06-23T15:08:06+08:00 ] ::1 /finder/sdk.php/doLogin
SQL: SHOW COLUMNS FROM `user` [ RunTime:0.0034s ]
SQL: SHOW COLUMNS FROM `user` [ RunTime:0.0026s ]
SQL: SELECT * FROM `user` WHERE ( account='admin' )  [ RunTime:0.0002s ]
NOTIC: [8] Undefined index: id F:\workspace\php\finder\ThinkPHP\Library\Com\Utils\Utils.class.php 第 7 行.
NOTIC: [8] Undefined index: nickname F:\workspace\php\finder\ThinkPHP\Library\Com\Utils\Utils.class.php 第 8 行.
NOTIC: [8] Undefined index: level F:\workspace\php\finder\ThinkPHP\Library\Com\Utils\Utils.class.php 第 9 行.
NOTIC: [8] Undefined index: id F:\workspace\php\finder\ThinkPHP\Library\Com\Utils\Utils.class.php 第 10 行.
NOTIC: [8] Undefined index: nickname F:\workspace\php\finder\ThinkPHP\Library\Com\Utils\Utils.class.php 第 10 行.
NOTIC: [8] Undefined index: level F:\workspace\php\finder\ThinkPHP\Library\Com\Utils\Utils.class.php 第 10 行.
NOTIC: [8] Undefined index: id F:\workspace\php\finder\ThinkPHP\Library\Com\Utils\Utils.class.php 第 12 行.
NOTIC: [8] Undefined index: nickname F:\workspace\php\finder\ThinkPHP\Library\Com\Utils\Utils.class.php 第 13 行.
NOTIC: [8] Undefined index: level F:\workspace\php\finder\ThinkPHP\Library\Com\Utils\Utils.class.php 第 14 行.
NOTIC: [8] Undefined index: id F:\workspace\php\finder\ThinkPHP\Library\Com\Utils\Utils.class.php 第 15 行.
NOTIC: [8] Undefined index: nickname F:\workspace\php\finder\ThinkPHP\Library\Com\Utils\Utils.class.php 第 15 行.
NOTIC: [8] Undefined index: level F:\workspace\php\finder\ThinkPHP\Library\Com\Utils\Utils.class.php 第 15 行.

[ 2015-06-23T15:10:03+08:00 ] ::1 /finder/sdk.php/doLogin
SQL: SHOW COLUMNS FROM `user` [ RunTime:0.0034s ]
SQL: SHOW COLUMNS FROM `user` [ RunTime:0.0027s ]
SQL: SELECT * FROM `user` WHERE ( account='adas' )  [ RunTime:0.0002s ]
NOTIC: [8] Undefined index: id F:\workspace\php\finder\ThinkPHP\Library\Com\Utils\Utils.class.php 第 7 行.
NOTIC: [8] Undefined index: nickname F:\workspace\php\finder\ThinkPHP\Library\Com\Utils\Utils.class.php 第 8 行.
NOTIC: [8] Undefined index: level F:\workspace\php\finder\ThinkPHP\Library\Com\Utils\Utils.class.php 第 9 行.
NOTIC: [8] Undefined index: id F:\workspace\php\finder\ThinkPHP\Library\Com\Utils\Utils.class.php 第 10 行.
NOTIC: [8] Undefined index: nickname F:\workspace\php\finder\ThinkPHP\Library\Com\Utils\Utils.class.php 第 10 行.
NOTIC: [8] Undefined index: level F:\workspace\php\finder\ThinkPHP\Library\Com\Utils\Utils.class.php 第 10 行.
NOTIC: [8] Undefined index: id F:\workspace\php\finder\ThinkPHP\Library\Com\Utils\Utils.class.php 第 12 行.
NOTIC: [8] Undefined index: nickname F:\workspace\php\finder\ThinkPHP\Library\Com\Utils\Utils.class.php 第 13 行.
NOTIC: [8] Undefined index: level F:\workspace\php\finder\ThinkPHP\Library\Com\Utils\Utils.class.php 第 14 行.
NOTIC: [8] Undefined index: id F:\workspace\php\finder\ThinkPHP\Library\Com\Utils\Utils.class.php 第 15 行.
NOTIC: [8] Undefined index: nickname F:\workspace\php\finder\ThinkPHP\Library\Com\Utils\Utils.class.php 第 15 行.
NOTIC: [8] Undefined index: level F:\workspace\php\finder\ThinkPHP\Library\Com\Utils\Utils.class.php 第 15 行.

[ 2015-06-23T15:10:14+08:00 ] ::1 /finder/sdk.php/doLogin
SQL: SHOW COLUMNS FROM `user` [ RunTime:0.0031s ]
SQL: SHOW COLUMNS FROM `user` [ RunTime:0.0026s ]
SQL: SELECT * FROM `user` WHERE ( account='adas' )  [ RunTime:0.0002s ]
NOTIC: [8] Undefined index: id F:\workspace\php\finder\ThinkPHP\Library\Com\Utils\Utils.class.php 第 7 行.
NOTIC: [8] Undefined index: nickname F:\workspace\php\finder\ThinkPHP\Library\Com\Utils\Utils.class.php 第 8 行.
NOTIC: [8] Undefined index: level F:\workspace\php\finder\ThinkPHP\Library\Com\Utils\Utils.class.php 第 9 行.
NOTIC: [8] Undefined index: id F:\workspace\php\finder\ThinkPHP\Library\Com\Utils\Utils.class.php 第 10 行.
NOTIC: [8] Undefined index: nickname F:\workspace\php\finder\ThinkPHP\Library\Com\Utils\Utils.class.php 第 10 行.
NOTIC: [8] Undefined index: level F:\workspace\php\finder\ThinkPHP\Library\Com\Utils\Utils.class.php 第 10 行.
NOTIC: [8] Undefined index: id F:\workspace\php\finder\ThinkPHP\Library\Com\Utils\Utils.class.php 第 12 行.
NOTIC: [8] Undefined index: nickname F:\workspace\php\finder\ThinkPHP\Library\Com\Utils\Utils.class.php 第 13 行.
NOTIC: [8] Undefined index: level F:\workspace\php\finder\ThinkPHP\Library\Com\Utils\Utils.class.php 第 14 行.
NOTIC: [8] Undefined index: id F:\workspace\php\finder\ThinkPHP\Library\Com\Utils\Utils.class.php 第 15 行.
NOTIC: [8] Undefined index: nickname F:\workspace\php\finder\ThinkPHP\Library\Com\Utils\Utils.class.php 第 15 行.
NOTIC: [8] Undefined index: level F:\workspace\php\finder\ThinkPHP\Library\Com\Utils\Utils.class.php 第 15 行.

[ 2015-06-23T15:13:04+08:00 ] ::1 /finder/sdk.php/doLogin
SQL: SHOW COLUMNS FROM `user` [ RunTime:0.0026s ]
SQL: SHOW COLUMNS FROM `user` [ RunTime:0.0025s ]
SQL: SELECT * FROM `user` WHERE ( account='admin' )  [ RunTime:0.0002s ]
NOTIC: [8] Undefined index: id F:\workspace\php\finder\ThinkPHP\Library\Com\Utils\Utils.class.php 第 7 行.
NOTIC: [8] Undefined index: nickname F:\workspace\php\finder\ThinkPHP\Library\Com\Utils\Utils.class.php 第 8 行.
NOTIC: [8] Undefined index: level F:\workspace\php\finder\ThinkPHP\Library\Com\Utils\Utils.class.php 第 9 行.
NOTIC: [8] Undefined index: id F:\workspace\php\finder\ThinkPHP\Library\Com\Utils\Utils.class.php 第 10 行.
NOTIC: [8] Undefined index: nickname F:\workspace\php\finder\ThinkPHP\Library\Com\Utils\Utils.class.php 第 10 行.
NOTIC: [8] Undefined index: level F:\workspace\php\finder\ThinkPHP\Library\Com\Utils\Utils.class.php 第 10 行.
NOTIC: [8] Undefined index: id F:\workspace\php\finder\ThinkPHP\Library\Com\Utils\Utils.class.php 第 12 行.
NOTIC: [8] Undefined index: nickname F:\workspace\php\finder\ThinkPHP\Library\Com\Utils\Utils.class.php 第 13 行.
NOTIC: [8] Undefined index: level F:\workspace\php\finder\ThinkPHP\Library\Com\Utils\Utils.class.php 第 14 行.
NOTIC: [8] Undefined index: id F:\workspace\php\finder\ThinkPHP\Library\Com\Utils\Utils.class.php 第 15 行.
NOTIC: [8] Undefined index: nickname F:\workspace\php\finder\ThinkPHP\Library\Com\Utils\Utils.class.php 第 15 行.
NOTIC: [8] Undefined index: level F:\workspace\php\finder\ThinkPHP\Library\Com\Utils\Utils.class.php 第 15 行.
ERR: Think\Controller:success方法不存在！

[ 2015-06-23T15:14:17+08:00 ] ::1 /finder/sdk.php/doLogin
SQL: SHOW COLUMNS FROM `user` [ RunTime:0.0028s ]
SQL: SHOW COLUMNS FROM `user` [ RunTime:0.0024s ]
SQL: SELECT * FROM `user` WHERE ( account='admin' )  [ RunTime:0.0002s ]
NOTIC: [8] Undefined index: id F:\workspace\php\finder\ThinkPHP\Library\Com\Utils\Utils.class.php 第 7 行.
NOTIC: [8] Undefined index: nickname F:\workspace\php\finder\ThinkPHP\Library\Com\Utils\Utils.class.php 第 8 行.
NOTIC: [8] Undefined index: level F:\workspace\php\finder\ThinkPHP\Library\Com\Utils\Utils.class.php 第 9 行.
NOTIC: [8] Undefined index: id F:\workspace\php\finder\ThinkPHP\Library\Com\Utils\Utils.class.php 第 10 行.
NOTIC: [8] Undefined index: nickname F:\workspace\php\finder\ThinkPHP\Library\Com\Utils\Utils.class.php 第 10 行.
NOTIC: [8] Undefined index: level F:\workspace\php\finder\ThinkPHP\Library\Com\Utils\Utils.class.php 第 10 行.
NOTIC: [8] Undefined index: id F:\workspace\php\finder\ThinkPHP\Library\Com\Utils\Utils.class.php 第 12 行.
NOTIC: [8] Undefined index: nickname F:\workspace\php\finder\ThinkPHP\Library\Com\Utils\Utils.class.php 第 13 行.
NOTIC: [8] Undefined index: level F:\workspace\php\finder\ThinkPHP\Library\Com\Utils\Utils.class.php 第 14 行.
NOTIC: [8] Undefined index: id F:\workspace\php\finder\ThinkPHP\Library\Com\Utils\Utils.class.php 第 15 行.
NOTIC: [8] Undefined index: nickname F:\workspace\php\finder\ThinkPHP\Library\Com\Utils\Utils.class.php 第 15 行.
NOTIC: [8] Undefined index: level F:\workspace\php\finder\ThinkPHP\Library\Com\Utils\Utils.class.php 第 15 行.

[ 2015-06-23T15:14:39+08:00 ] ::1 /finder/sdk.php/doLogin
SQL: SHOW COLUMNS FROM `user` [ RunTime:0.0028s ]
SQL: SHOW COLUMNS FROM `user` [ RunTime:0.0025s ]
SQL: SELECT * FROM `user` WHERE ( account='admin' )  [ RunTime:0.0002s ]
NOTIC: [8] Undefined index: id F:\workspace\php\finder\ThinkPHP\Library\Com\Utils\Utils.class.php 第 7 行.
NOTIC: [8] Undefined index: nickname F:\workspace\php\finder\ThinkPHP\Library\Com\Utils\Utils.class.php 第 8 行.
NOTIC: [8] Undefined index: level F:\workspace\php\finder\ThinkPHP\Library\Com\Utils\Utils.class.php 第 9 行.
NOTIC: [8] Undefined index: id F:\workspace\php\finder\ThinkPHP\Library\Com\Utils\Utils.class.php 第 10 行.
NOTIC: [8] Undefined index: nickname F:\workspace\php\finder\ThinkPHP\Library\Com\Utils\Utils.class.php 第 10 行.
NOTIC: [8] Undefined index: level F:\workspace\php\finder\ThinkPHP\Library\Com\Utils\Utils.class.php 第 10 行.
NOTIC: [8] Undefined index: id F:\workspace\php\finder\ThinkPHP\Library\Com\Utils\Utils.class.php 第 12 行.
NOTIC: [8] Undefined index: nickname F:\workspace\php\finder\ThinkPHP\Library\Com\Utils\Utils.class.php 第 13 行.
NOTIC: [8] Undefined index: level F:\workspace\php\finder\ThinkPHP\Library\Com\Utils\Utils.class.php 第 14 行.
NOTIC: [8] Undefined index: id F:\workspace\php\finder\ThinkPHP\Library\Com\Utils\Utils.class.php 第 15 行.
NOTIC: [8] Undefined index: nickname F:\workspace\php\finder\ThinkPHP\Library\Com\Utils\Utils.class.php 第 15 行.
NOTIC: [8] Undefined index: level F:\workspace\php\finder\ThinkPHP\Library\Com\Utils\Utils.class.php 第 15 行.

[ 2015-06-23T15:14:39+08:00 ] ::1 /finder/sdk.php/Admin/Home
ERR: 非法操作:Admin

[ 2015-06-23T15:15:04+08:00 ] ::1 /finder/sdk.php/doLogin
SQL: SHOW COLUMNS FROM `user` [ RunTime:0.0027s ]
SQL: SHOW COLUMNS FROM `user` [ RunTime:0.0023s ]
SQL: SELECT * FROM `user` WHERE ( account='admin' )  [ RunTime:0.0002s ]
NOTIC: [8] Undefined index: id F:\workspace\php\finder\ThinkPHP\Library\Com\Utils\Utils.class.php 第 7 行.
NOTIC: [8] Undefined index: nickname F:\workspace\php\finder\ThinkPHP\Library\Com\Utils\Utils.class.php 第 8 行.
NOTIC: [8] Undefined index: level F:\workspace\php\finder\ThinkPHP\Library\Com\Utils\Utils.class.php 第 9 行.
NOTIC: [8] Undefined index: id F:\workspace\php\finder\ThinkPHP\Library\Com\Utils\Utils.class.php 第 10 行.
NOTIC: [8] Undefined index: nickname F:\workspace\php\finder\ThinkPHP\Library\Com\Utils\Utils.class.php 第 10 行.
NOTIC: [8] Undefined index: level F:\workspace\php\finder\ThinkPHP\Library\Com\Utils\Utils.class.php 第 10 行.
NOTIC: [8] Undefined index: id F:\workspace\php\finder\ThinkPHP\Library\Com\Utils\Utils.class.php 第 12 行.
NOTIC: [8] Undefined index: nickname F:\workspace\php\finder\ThinkPHP\Library\Com\Utils\Utils.class.php 第 13 行.
NOTIC: [8] Undefined index: level F:\workspace\php\finder\ThinkPHP\Library\Com\Utils\Utils.class.php 第 14 行.
NOTIC: [8] Undefined index: id F:\workspace\php\finder\ThinkPHP\Library\Com\Utils\Utils.class.php 第 15 行.
NOTIC: [8] Undefined index: nickname F:\workspace\php\finder\ThinkPHP\Library\Com\Utils\Utils.class.php 第 15 行.
NOTIC: [8] Undefined index: level F:\workspace\php\finder\ThinkPHP\Library\Com\Utils\Utils.class.php 第 15 行.

[ 2015-06-23T15:15:04+08:00 ] ::1 /finder/sdk.php/Index/Home
ERR: 非法操作:Index

[ 2015-06-23T15:15:55+08:00 ] ::1 /finder/sdk.php/doLogin
SQL: SHOW COLUMNS FROM `user` [ RunTime:0.0028s ]
SQL: SHOW COLUMNS FROM `user` [ RunTime:0.0025s ]
SQL: SELECT * FROM `user` WHERE ( account='admin' )  [ RunTime:0.0002s ]
NOTIC: [8] Undefined index: id F:\workspace\php\finder\ThinkPHP\Library\Com\Utils\Utils.class.php 第 7 行.
NOTIC: [8] Undefined index: nickname F:\workspace\php\finder\ThinkPHP\Library\Com\Utils\Utils.class.php 第 8 行.
NOTIC: [8] Undefined index: level F:\workspace\php\finder\ThinkPHP\Library\Com\Utils\Utils.class.php 第 9 行.
NOTIC: [8] Undefined index: id F:\workspace\php\finder\ThinkPHP\Library\Com\Utils\Utils.class.php 第 10 行.
NOTIC: [8] Undefined index: nickname F:\workspace\php\finder\ThinkPHP\Library\Com\Utils\Utils.class.php 第 10 行.
NOTIC: [8] Undefined index: level F:\workspace\php\finder\ThinkPHP\Library\Com\Utils\Utils.class.php 第 10 行.
NOTIC: [8] Undefined index: id F:\workspace\php\finder\ThinkPHP\Library\Com\Utils\Utils.class.php 第 12 行.
NOTIC: [8] Undefined index: nickname F:\workspace\php\finder\ThinkPHP\Library\Com\Utils\Utils.class.php 第 13 行.
NOTIC: [8] Undefined index: level F:\workspace\php\finder\ThinkPHP\Library\Com\Utils\Utils.class.php 第 14 行.
NOTIC: [8] Undefined index: id F:\workspace\php\finder\ThinkPHP\Library\Com\Utils\Utils.class.php 第 15 行.
NOTIC: [8] Undefined index: nickname F:\workspace\php\finder\ThinkPHP\Library\Com\Utils\Utils.class.php 第 15 行.
NOTIC: [8] Undefined index: level F:\workspace\php\finder\ThinkPHP\Library\Com\Utils\Utils.class.php 第 15 行.

[ 2015-06-23T15:16:11+08:00 ] ::1 /finder/sdk.php/doLogin
SQL: SHOW COLUMNS FROM `user` [ RunTime:0.0031s ]
SQL: SHOW COLUMNS FROM `user` [ RunTime:0.0023s ]
SQL: SELECT * FROM `user` WHERE ( account='admin' )  [ RunTime:0.0002s ]
NOTIC: [8] Undefined index: id F:\workspace\php\finder\ThinkPHP\Library\Com\Utils\Utils.class.php 第 7 行.
NOTIC: [8] Undefined index: nickname F:\workspace\php\finder\ThinkPHP\Library\Com\Utils\Utils.class.php 第 8 行.
NOTIC: [8] Undefined index: level F:\workspace\php\finder\ThinkPHP\Library\Com\Utils\Utils.class.php 第 9 行.
NOTIC: [8] Undefined index: id F:\workspace\php\finder\ThinkPHP\Library\Com\Utils\Utils.class.php 第 10 行.
NOTIC: [8] Undefined index: nickname F:\workspace\php\finder\ThinkPHP\Library\Com\Utils\Utils.class.php 第 10 行.
NOTIC: [8] Undefined index: level F:\workspace\php\finder\ThinkPHP\Library\Com\Utils\Utils.class.php 第 10 行.
NOTIC: [8] Undefined index: id F:\workspace\php\finder\ThinkPHP\Library\Com\Utils\Utils.class.php 第 12 行.
NOTIC: [8] Undefined index: nickname F:\workspace\php\finder\ThinkPHP\Library\Com\Utils\Utils.class.php 第 13 行.
NOTIC: [8] Undefined index: level F:\workspace\php\finder\ThinkPHP\Library\Com\Utils\Utils.class.php 第 14 行.
NOTIC: [8] Undefined index: id F:\workspace\php\finder\ThinkPHP\Library\Com\Utils\Utils.class.php 第 15 行.
NOTIC: [8] Undefined index: nickname F:\workspace\php\finder\ThinkPHP\Library\Com\Utils\Utils.class.php 第 15 行.
NOTIC: [8] Undefined index: level F:\workspace\php\finder\ThinkPHP\Library\Com\Utils\Utils.class.php 第 15 行.

[ 2015-06-23T15:17:31+08:00 ] ::1 /finder/sdk.php/doLogin
SQL: SHOW COLUMNS FROM `user` [ RunTime:0.0026s ]
SQL: SHOW COLUMNS FROM `user` [ RunTime:0.0023s ]
SQL: SELECT * FROM `user` WHERE ( account='admin' )  [ RunTime:0.0002s ]
NOTIC: [8] Undefined index: id F:\workspace\php\finder\ThinkPHP\Library\Com\Utils\Utils.class.php 第 7 行.
NOTIC: [8] Undefined index: nickname F:\workspace\php\finder\ThinkPHP\Library\Com\Utils\Utils.class.php 第 8 行.
NOTIC: [8] Undefined index: level F:\workspace\php\finder\ThinkPHP\Library\Com\Utils\Utils.class.php 第 9 行.
NOTIC: [8] Undefined index: id F:\workspace\php\finder\ThinkPHP\Library\Com\Utils\Utils.class.php 第 10 行.
NOTIC: [8] Undefined index: nickname F:\workspace\php\finder\ThinkPHP\Library\Com\Utils\Utils.class.php 第 10 行.
NOTIC: [8] Undefined index: level F:\workspace\php\finder\ThinkPHP\Library\Com\Utils\Utils.class.php 第 10 行.
NOTIC: [8] Undefined index: id F:\workspace\php\finder\ThinkPHP\Library\Com\Utils\Utils.class.php 第 12 行.
NOTIC: [8] Undefined index: nickname F:\workspace\php\finder\ThinkPHP\Library\Com\Utils\Utils.class.php 第 13 行.
NOTIC: [8] Undefined index: level F:\workspace\php\finder\ThinkPHP\Library\Com\Utils\Utils.class.php 第 14 行.
NOTIC: [8] Undefined index: id F:\workspace\php\finder\ThinkPHP\Library\Com\Utils\Utils.class.php 第 15 行.
NOTIC: [8] Undefined index: nickname F:\workspace\php\finder\ThinkPHP\Library\Com\Utils\Utils.class.php 第 15 行.
NOTIC: [8] Undefined index: level F:\workspace\php\finder\ThinkPHP\Library\Com\Utils\Utils.class.php 第 15 行.

[ 2015-06-23T15:17:49+08:00 ] ::1 /finder/sdk.php/doLogin
SQL: SHOW COLUMNS FROM `user` [ RunTime:0.0028s ]
SQL: SHOW COLUMNS FROM `user` [ RunTime:0.0025s ]
SQL: SELECT * FROM `user` WHERE ( account='admin' )  [ RunTime:0.0002s ]
NOTIC: [8] Undefined index: id F:\workspace\php\finder\ThinkPHP\Library\Com\Utils\Utils.class.php 第 7 行.
NOTIC: [8] Undefined index: nickname F:\workspace\php\finder\ThinkPHP\Library\Com\Utils\Utils.class.php 第 8 行.
NOTIC: [8] Undefined index: level F:\workspace\php\finder\ThinkPHP\Library\Com\Utils\Utils.class.php 第 9 行.
NOTIC: [8] Undefined index: id F:\workspace\php\finder\ThinkPHP\Library\Com\Utils\Utils.class.php 第 10 行.
NOTIC: [8] Undefined index: nickname F:\workspace\php\finder\ThinkPHP\Library\Com\Utils\Utils.class.php 第 10 行.
NOTIC: [8] Undefined index: level F:\workspace\php\finder\ThinkPHP\Library\Com\Utils\Utils.class.php 第 10 行.
NOTIC: [8] Undefined index: id F:\workspace\php\finder\ThinkPHP\Library\Com\Utils\Utils.class.php 第 12 行.
NOTIC: [8] Undefined index: nickname F:\workspace\php\finder\ThinkPHP\Library\Com\Utils\Utils.class.php 第 13 行.
NOTIC: [8] Undefined index: level F:\workspace\php\finder\ThinkPHP\Library\Com\Utils\Utils.class.php 第 14 行.
NOTIC: [8] Undefined index: id F:\workspace\php\finder\ThinkPHP\Library\Com\Utils\Utils.class.php 第 15 行.
NOTIC: [8] Undefined index: nickname F:\workspace\php\finder\ThinkPHP\Library\Com\Utils\Utils.class.php 第 15 行.
NOTIC: [8] Undefined index: level F:\workspace\php\finder\ThinkPHP\Library\Com\Utils\Utils.class.php 第 15 行.

[ 2015-06-23T15:17:49+08:00 ] ::1 /finder/sdk.php/index.php/home
ERR: 非法操作:index.php

[ 2015-06-23T15:18:26+08:00 ] ::1 /finder/sdk.php/doLogin
SQL: SHOW COLUMNS FROM `user` [ RunTime:0.0025s ]
SQL: SHOW COLUMNS FROM `user` [ RunTime:0.0023s ]
SQL: SELECT * FROM `user` WHERE ( account='admin' )  [ RunTime:0.0001s ]
NOTIC: [8] Undefined index: id F:\workspace\php\finder\ThinkPHP\Library\Com\Utils\Utils.class.php 第 7 行.
NOTIC: [8] Undefined index: nickname F:\workspace\php\finder\ThinkPHP\Library\Com\Utils\Utils.class.php 第 8 行.
NOTIC: [8] Undefined index: level F:\workspace\php\finder\ThinkPHP\Library\Com\Utils\Utils.class.php 第 9 行.
NOTIC: [8] Undefined index: id F:\workspace\php\finder\ThinkPHP\Library\Com\Utils\Utils.class.php 第 10 行.
NOTIC: [8] Undefined index: nickname F:\workspace\php\finder\ThinkPHP\Library\Com\Utils\Utils.class.php 第 10 行.
NOTIC: [8] Undefined index: level F:\workspace\php\finder\ThinkPHP\Library\Com\Utils\Utils.class.php 第 10 行.
NOTIC: [8] Undefined index: id F:\workspace\php\finder\ThinkPHP\Library\Com\Utils\Utils.class.php 第 12 行.
NOTIC: [8] Undefined index: nickname F:\workspace\php\finder\ThinkPHP\Library\Com\Utils\Utils.class.php 第 13 行.
NOTIC: [8] Undefined index: level F:\workspace\php\finder\ThinkPHP\Library\Com\Utils\Utils.class.php 第 14 行.
NOTIC: [8] Undefined index: id F:\workspace\php\finder\ThinkPHP\Library\Com\Utils\Utils.class.php 第 15 行.
NOTIC: [8] Undefined index: nickname F:\workspace\php\finder\ThinkPHP\Library\Com\Utils\Utils.class.php 第 15 行.
NOTIC: [8] Undefined index: level F:\workspace\php\finder\ThinkPHP\Library\Com\Utils\Utils.class.php 第 15 行.

[ 2015-06-23T15:21:09+08:00 ] ::1 /finder/sdk.php/doLogin
SQL: SHOW COLUMNS FROM `user` [ RunTime:0.0028s ]
SQL: SHOW COLUMNS FROM `user` [ RunTime:0.0024s ]
SQL: SELECT * FROM `user` WHERE ( account='admin' )  [ RunTime:0.0002s ]
NOTIC: [8] Undefined index: id F:\workspace\php\finder\ThinkPHP\Library\Com\Utils\Utils.class.php 第 7 行.
NOTIC: [8] Undefined index: nickname F:\workspace\php\finder\ThinkPHP\Library\Com\Utils\Utils.class.php 第 8 行.
NOTIC: [8] Undefined index: level F:\workspace\php\finder\ThinkPHP\Library\Com\Utils\Utils.class.php 第 9 行.
NOTIC: [8] Undefined index: id F:\workspace\php\finder\ThinkPHP\Library\Com\Utils\Utils.class.php 第 10 行.
NOTIC: [8] Undefined index: nickname F:\workspace\php\finder\ThinkPHP\Library\Com\Utils\Utils.class.php 第 10 行.
NOTIC: [8] Undefined index: level F:\workspace\php\finder\ThinkPHP\Library\Com\Utils\Utils.class.php 第 10 行.
NOTIC: [8] Undefined index: id F:\workspace\php\finder\ThinkPHP\Library\Com\Utils\Utils.class.php 第 12 行.
NOTIC: [8] Undefined index: nickname F:\workspace\php\finder\ThinkPHP\Library\Com\Utils\Utils.class.php 第 13 行.
NOTIC: [8] Undefined index: level F:\workspace\php\finder\ThinkPHP\Library\Com\Utils\Utils.class.php 第 14 行.
NOTIC: [8] Undefined index: id F:\workspace\php\finder\ThinkPHP\Library\Com\Utils\Utils.class.php 第 15 行.
NOTIC: [8] Undefined index: nickname F:\workspace\php\finder\ThinkPHP\Library\Com\Utils\Utils.class.php 第 15 行.
NOTIC: [8] Undefined index: level F:\workspace\php\finder\ThinkPHP\Library\Com\Utils\Utils.class.php 第 15 行.

[ 2015-06-23T15:21:21+08:00 ] ::1 /finder/sdk.php/doLogin
SQL: SHOW COLUMNS FROM `user` [ RunTime:0.0028s ]
SQL: SHOW COLUMNS FROM `user` [ RunTime:0.0025s ]
SQL: SELECT * FROM `user` WHERE ( account='admin' )  [ RunTime:0.0002s ]
NOTIC: [8] Undefined index: id F:\workspace\php\finder\ThinkPHP\Library\Com\Utils\Utils.class.php 第 7 行.
NOTIC: [8] Undefined index: nickname F:\workspace\php\finder\ThinkPHP\Library\Com\Utils\Utils.class.php 第 8 行.
NOTIC: [8] Undefined index: level F:\workspace\php\finder\ThinkPHP\Library\Com\Utils\Utils.class.php 第 9 行.
NOTIC: [8] Undefined index: id F:\workspace\php\finder\ThinkPHP\Library\Com\Utils\Utils.class.php 第 10 行.
NOTIC: [8] Undefined index: nickname F:\workspace\php\finder\ThinkPHP\Library\Com\Utils\Utils.class.php 第 10 行.
NOTIC: [8] Undefined index: level F:\workspace\php\finder\ThinkPHP\Library\Com\Utils\Utils.class.php 第 10 行.
NOTIC: [8] Undefined index: id F:\workspace\php\finder\ThinkPHP\Library\Com\Utils\Utils.class.php 第 12 行.
NOTIC: [8] Undefined index: nickname F:\workspace\php\finder\ThinkPHP\Library\Com\Utils\Utils.class.php 第 13 行.
NOTIC: [8] Undefined index: level F:\workspace\php\finder\ThinkPHP\Library\Com\Utils\Utils.class.php 第 14 行.
NOTIC: [8] Undefined index: id F:\workspace\php\finder\ThinkPHP\Library\Com\Utils\Utils.class.php 第 15 行.
NOTIC: [8] Undefined index: nickname F:\workspace\php\finder\ThinkPHP\Library\Com\Utils\Utils.class.php 第 15 行.
NOTIC: [8] Undefined index: level F:\workspace\php\finder\ThinkPHP\Library\Com\Utils\Utils.class.php 第 15 行.

[ 2015-06-23T15:21:21+08:00 ] ::1 /finder/sdk.php/Admin/Index/home
ERR: 非法操作:Admin

[ 2015-06-23T15:21:51+08:00 ] ::1 /finder/sdk.php/doLogin
SQL: SHOW COLUMNS FROM `user` [ RunTime:0.0028s ]
SQL: SHOW COLUMNS FROM `user` [ RunTime:0.0024s ]
SQL: SELECT * FROM `user` WHERE ( account='admin' )  [ RunTime:0.0002s ]
NOTIC: [8] Undefined index: id F:\workspace\php\finder\ThinkPHP\Library\Com\Utils\Utils.class.php 第 7 行.
NOTIC: [8] Undefined index: nickname F:\workspace\php\finder\ThinkPHP\Library\Com\Utils\Utils.class.php 第 8 行.
NOTIC: [8] Undefined index: level F:\workspace\php\finder\ThinkPHP\Library\Com\Utils\Utils.class.php 第 9 行.
NOTIC: [8] Undefined index: id F:\workspace\php\finder\ThinkPHP\Library\Com\Utils\Utils.class.php 第 10 行.
NOTIC: [8] Undefined index: nickname F:\workspace\php\finder\ThinkPHP\Library\Com\Utils\Utils.class.php 第 10 行.
NOTIC: [8] Undefined index: level F:\workspace\php\finder\ThinkPHP\Library\Com\Utils\Utils.class.php 第 10 行.
NOTIC: [8] Undefined index: id F:\workspace\php\finder\ThinkPHP\Library\Com\Utils\Utils.class.php 第 12 行.
NOTIC: [8] Undefined index: nickname F:\workspace\php\finder\ThinkPHP\Library\Com\Utils\Utils.class.php 第 13 行.
NOTIC: [8] Undefined index: level F:\workspace\php\finder\ThinkPHP\Library\Com\Utils\Utils.class.php 第 14 行.
NOTIC: [8] Undefined index: id F:\workspace\php\finder\ThinkPHP\Library\Com\Utils\Utils.class.php 第 15 行.
NOTIC: [8] Undefined index: nickname F:\workspace\php\finder\ThinkPHP\Library\Com\Utils\Utils.class.php 第 15 行.
NOTIC: [8] Undefined index: level F:\workspace\php\finder\ThinkPHP\Library\Com\Utils\Utils.class.php 第 15 行.

[ 2015-06-23T15:22:07+08:00 ] ::1 /finder/sdk.php/doLogin
SQL: SHOW COLUMNS FROM `user` [ RunTime:0.0028s ]
SQL: SHOW COLUMNS FROM `user` [ RunTime:0.0026s ]
SQL: SELECT * FROM `user` WHERE ( account='admin' )  [ RunTime:0.0002s ]
NOTIC: [8] Undefined index: id F:\workspace\php\finder\ThinkPHP\Library\Com\Utils\Utils.class.php 第 7 行.
NOTIC: [8] Undefined index: nickname F:\workspace\php\finder\ThinkPHP\Library\Com\Utils\Utils.class.php 第 8 行.
NOTIC: [8] Undefined index: level F:\workspace\php\finder\ThinkPHP\Library\Com\Utils\Utils.class.php 第 9 行.
NOTIC: [8] Undefined index: id F:\workspace\php\finder\ThinkPHP\Library\Com\Utils\Utils.class.php 第 10 行.
NOTIC: [8] Undefined index: nickname F:\workspace\php\finder\ThinkPHP\Library\Com\Utils\Utils.class.php 第 10 行.
NOTIC: [8] Undefined index: level F:\workspace\php\finder\ThinkPHP\Library\Com\Utils\Utils.class.php 第 10 行.
NOTIC: [8] Undefined index: id F:\workspace\php\finder\ThinkPHP\Library\Com\Utils\Utils.class.php 第 12 行.
NOTIC: [8] Undefined index: nickname F:\workspace\php\finder\ThinkPHP\Library\Com\Utils\Utils.class.php 第 13 行.
NOTIC: [8] Undefined index: level F:\workspace\php\finder\ThinkPHP\Library\Com\Utils\Utils.class.php 第 14 行.
NOTIC: [8] Undefined index: id F:\workspace\php\finder\ThinkPHP\Library\Com\Utils\Utils.class.php 第 15 行.
NOTIC: [8] Undefined index: nickname F:\workspace\php\finder\ThinkPHP\Library\Com\Utils\Utils.class.php 第 15 行.
NOTIC: [8] Undefined index: level F:\workspace\php\finder\ThinkPHP\Library\Com\Utils\Utils.class.php 第 15 行.

[ 2015-06-23T15:26:27+08:00 ] ::1 /finder/sdk.php/doLogin
SQL: SHOW COLUMNS FROM `user` [ RunTime:0.0027s ]
SQL: SHOW COLUMNS FROM `user` [ RunTime:0.0025s ]
SQL: SELECT * FROM `user` WHERE ( account='admin' )  [ RunTime:0.0002s ]
NOTIC: [8] Undefined index: id F:\workspace\php\finder\ThinkPHP\Library\Com\Utils\Utils.class.php 第 7 行.
NOTIC: [8] Undefined index: nickname F:\workspace\php\finder\ThinkPHP\Library\Com\Utils\Utils.class.php 第 8 行.
NOTIC: [8] Undefined index: level F:\workspace\php\finder\ThinkPHP\Library\Com\Utils\Utils.class.php 第 9 行.
NOTIC: [8] Undefined index: id F:\workspace\php\finder\ThinkPHP\Library\Com\Utils\Utils.class.php 第 10 行.
NOTIC: [8] Undefined index: nickname F:\workspace\php\finder\ThinkPHP\Library\Com\Utils\Utils.class.php 第 10 行.
NOTIC: [8] Undefined index: level F:\workspace\php\finder\ThinkPHP\Library\Com\Utils\Utils.class.php 第 10 行.
NOTIC: [8] Undefined index: id F:\workspace\php\finder\ThinkPHP\Library\Com\Utils\Utils.class.php 第 12 行.
NOTIC: [8] Undefined index: nickname F:\workspace\php\finder\ThinkPHP\Library\Com\Utils\Utils.class.php 第 13 行.
NOTIC: [8] Undefined index: level F:\workspace\php\finder\ThinkPHP\Library\Com\Utils\Utils.class.php 第 14 行.
NOTIC: [8] Undefined index: id F:\workspace\php\finder\ThinkPHP\Library\Com\Utils\Utils.class.php 第 15 行.
NOTIC: [8] Undefined index: nickname F:\workspace\php\finder\ThinkPHP\Library\Com\Utils\Utils.class.php 第 15 行.
NOTIC: [8] Undefined index: level F:\workspace\php\finder\ThinkPHP\Library\Com\Utils\Utils.class.php 第 15 行.

[ 2015-06-23T15:29:36+08:00 ] ::1 /finder/sdk.php/doLogin
SQL: SHOW COLUMNS FROM `user` [ RunTime:0.0028s ]
SQL: SHOW COLUMNS FROM `user` [ RunTime:0.0023s ]
SQL: SELECT * FROM `user` WHERE ( account='admin' )  [ RunTime:0.0002s ]
NOTIC: [8] Undefined index: id F:\workspace\php\finder\ThinkPHP\Library\Com\Utils\Utils.class.php 第 7 行.
NOTIC: [8] Undefined index: nickname F:\workspace\php\finder\ThinkPHP\Library\Com\Utils\Utils.class.php 第 8 行.
NOTIC: [8] Undefined index: level F:\workspace\php\finder\ThinkPHP\Library\Com\Utils\Utils.class.php 第 9 行.
NOTIC: [8] Undefined index: id F:\workspace\php\finder\ThinkPHP\Library\Com\Utils\Utils.class.php 第 10 行.
NOTIC: [8] Undefined index: nickname F:\workspace\php\finder\ThinkPHP\Library\Com\Utils\Utils.class.php 第 10 行.
NOTIC: [8] Undefined index: level F:\workspace\php\finder\ThinkPHP\Library\Com\Utils\Utils.class.php 第 10 行.
NOTIC: [8] Undefined index: id F:\workspace\php\finder\ThinkPHP\Library\Com\Utils\Utils.class.php 第 12 行.
NOTIC: [8] Undefined index: nickname F:\workspace\php\finder\ThinkPHP\Library\Com\Utils\Utils.class.php 第 13 行.
NOTIC: [8] Undefined index: level F:\workspace\php\finder\ThinkPHP\Library\Com\Utils\Utils.class.php 第 14 行.
NOTIC: [8] Undefined index: id F:\workspace\php\finder\ThinkPHP\Library\Com\Utils\Utils.class.php 第 15 行.
NOTIC: [8] Undefined index: nickname F:\workspace\php\finder\ThinkPHP\Library\Com\Utils\Utils.class.php 第 15 行.
NOTIC: [8] Undefined index: level F:\workspace\php\finder\ThinkPHP\Library\Com\Utils\Utils.class.php 第 15 行.

[ 2015-06-23T15:33:04+08:00 ] ::1 /finder/sdk.php/doLogin
SQL: SHOW COLUMNS FROM `user` [ RunTime:0.0028s ]
SQL: SHOW COLUMNS FROM `user` [ RunTime:0.0023s ]
SQL: SELECT * FROM `user` WHERE ( account='admin' )  [ RunTime:0.0002s ]

[ 2015-06-23T15:33:09+08:00 ] ::1 /finder/sdk.php/doLogin
SQL: SHOW COLUMNS FROM `user` [ RunTime:0.0028s ]
SQL: SHOW COLUMNS FROM `user` [ RunTime:0.0026s ]
SQL: SELECT * FROM `user` WHERE ( account='admin' )  [ RunTime:0.0002s ]
NOTIC: [8] Undefined index: id F:\workspace\php\finder\ThinkPHP\Library\Com\Utils\Utils.class.php 第 7 行.
NOTIC: [8] Undefined index: nickname F:\workspace\php\finder\ThinkPHP\Library\Com\Utils\Utils.class.php 第 8 行.
NOTIC: [8] Undefined index: level F:\workspace\php\finder\ThinkPHP\Library\Com\Utils\Utils.class.php 第 9 行.
NOTIC: [8] Undefined index: id F:\workspace\php\finder\ThinkPHP\Library\Com\Utils\Utils.class.php 第 10 行.
NOTIC: [8] Undefined index: nickname F:\workspace\php\finder\ThinkPHP\Library\Com\Utils\Utils.class.php 第 10 行.
NOTIC: [8] Undefined index: level F:\workspace\php\finder\ThinkPHP\Library\Com\Utils\Utils.class.php 第 10 行.
NOTIC: [8] Undefined index: id F:\workspace\php\finder\ThinkPHP\Library\Com\Utils\Utils.class.php 第 12 行.
NOTIC: [8] Undefined index: nickname F:\workspace\php\finder\ThinkPHP\Library\Com\Utils\Utils.class.php 第 13 行.
NOTIC: [8] Undefined index: level F:\workspace\php\finder\ThinkPHP\Library\Com\Utils\Utils.class.php 第 14 行.
NOTIC: [8] Undefined index: id F:\workspace\php\finder\ThinkPHP\Library\Com\Utils\Utils.class.php 第 15 行.
NOTIC: [8] Undefined index: nickname F:\workspace\php\finder\ThinkPHP\Library\Com\Utils\Utils.class.php 第 15 行.
NOTIC: [8] Undefined index: level F:\workspace\php\finder\ThinkPHP\Library\Com\Utils\Utils.class.php 第 15 行.

[ 2015-06-23T15:33:38+08:00 ] ::1 /finder/sdk.php/doLogin
SQL: SHOW COLUMNS FROM `user` [ RunTime:0.0028s ]
SQL: SHOW COLUMNS FROM `user` [ RunTime:0.0023s ]
SQL: SELECT * FROM `user` WHERE ( account='admin' )  [ RunTime:0.0002s ]
NOTIC: [8] Undefined index: id F:\workspace\php\finder\ThinkPHP\Library\Com\Utils\Utils.class.php 第 7 行.
NOTIC: [8] Undefined index: nickname F:\workspace\php\finder\ThinkPHP\Library\Com\Utils\Utils.class.php 第 8 行.
NOTIC: [8] Undefined index: level F:\workspace\php\finder\ThinkPHP\Library\Com\Utils\Utils.class.php 第 9 行.
NOTIC: [8] Undefined index: id F:\workspace\php\finder\ThinkPHP\Library\Com\Utils\Utils.class.php 第 10 行.
NOTIC: [8] Undefined index: nickname F:\workspace\php\finder\ThinkPHP\Library\Com\Utils\Utils.class.php 第 10 行.
NOTIC: [8] Undefined index: level F:\workspace\php\finder\ThinkPHP\Library\Com\Utils\Utils.class.php 第 10 行.
NOTIC: [8] Undefined index: id F:\workspace\php\finder\ThinkPHP\Library\Com\Utils\Utils.class.php 第 12 行.
NOTIC: [8] Undefined index: nickname F:\workspace\php\finder\ThinkPHP\Library\Com\Utils\Utils.class.php 第 13 行.
NOTIC: [8] Undefined index: level F:\workspace\php\finder\ThinkPHP\Library\Com\Utils\Utils.class.php 第 14 行.
NOTIC: [8] Undefined index: id F:\workspace\php\finder\ThinkPHP\Library\Com\Utils\Utils.class.php 第 15 行.
NOTIC: [8] Undefined index: nickname F:\workspace\php\finder\ThinkPHP\Library\Com\Utils\Utils.class.php 第 15 行.
NOTIC: [8] Undefined index: level F:\workspace\php\finder\ThinkPHP\Library\Com\Utils\Utils.class.php 第 15 行.

[ 2015-06-23T15:35:57+08:00 ] ::1 /finder/sdk.php/doLogin
SQL: SHOW COLUMNS FROM `user` [ RunTime:0.0028s ]
SQL: SHOW COLUMNS FROM `user` [ RunTime:0.0025s ]
SQL: SELECT * FROM `user` WHERE ( account='admin' )  [ RunTime:0.0002s ]
NOTIC: [8] Undefined index: id F:\workspace\php\finder\ThinkPHP\Library\Com\Utils\Utils.class.php 第 6 行.
NOTIC: [8] Undefined index: nickname F:\workspace\php\finder\ThinkPHP\Library\Com\Utils\Utils.class.php 第 7 行.
NOTIC: [8] Undefined index: level F:\workspace\php\finder\ThinkPHP\Library\Com\Utils\Utils.class.php 第 8 行.
NOTIC: [8] Undefined index: id F:\workspace\php\finder\ThinkPHP\Library\Com\Utils\Utils.class.php 第 9 行.
NOTIC: [8] Undefined index: nickname F:\workspace\php\finder\ThinkPHP\Library\Com\Utils\Utils.class.php 第 9 行.
NOTIC: [8] Undefined index: level F:\workspace\php\finder\ThinkPHP\Library\Com\Utils\Utils.class.php 第 9 行.
NOTIC: [8] Undefined index: id F:\workspace\php\finder\ThinkPHP\Library\Com\Utils\Utils.class.php 第 10 行.
NOTIC: [8] Undefined index: nickname F:\workspace\php\finder\ThinkPHP\Library\Com\Utils\Utils.class.php 第 11 行.
NOTIC: [8] Undefined index: level F:\workspace\php\finder\ThinkPHP\Library\Com\Utils\Utils.class.php 第 12 行.
NOTIC: [8] Undefined index: id F:\workspace\php\finder\ThinkPHP\Library\Com\Utils\Utils.class.php 第 13 行.
NOTIC: [8] Undefined index: nickname F:\workspace\php\finder\ThinkPHP\Library\Com\Utils\Utils.class.php 第 13 行.
NOTIC: [8] Undefined index: level F:\workspace\php\finder\ThinkPHP\Library\Com\Utils\Utils.class.php 第 13 行.

[ 2015-06-23T15:40:42+08:00 ] ::1 /finder/sdk.php/doLogin
SQL: SHOW COLUMNS FROM `user` [ RunTime:0.0027s ]
SQL: SHOW COLUMNS FROM `user` [ RunTime:0.0023s ]
SQL: SELECT * FROM `user` WHERE ( account='admin' )  [ RunTime:0.0002s ]
NOTIC: [8] Undefined index: id F:\workspace\php\finder\ThinkPHP\Library\Com\Utils\Utils.class.php 第 6 行.
NOTIC: [8] Undefined index: nickname F:\workspace\php\finder\ThinkPHP\Library\Com\Utils\Utils.class.php 第 7 行.
NOTIC: [8] Undefined index: level F:\workspace\php\finder\ThinkPHP\Library\Com\Utils\Utils.class.php 第 8 行.
NOTIC: [8] Undefined index: id F:\workspace\php\finder\ThinkPHP\Library\Com\Utils\Utils.class.php 第 10 行.
NOTIC: [8] Undefined index: nickname F:\workspace\php\finder\ThinkPHP\Library\Com\Utils\Utils.class.php 第 11 行.
NOTIC: [8] Undefined index: level F:\workspace\php\finder\ThinkPHP\Library\Com\Utils\Utils.class.php 第 12 行.
NOTIC: [8] Undefined index: id F:\workspace\php\finder\ThinkPHP\Library\Com\Utils\Utils.class.php 第 13 行.
NOTIC: [8] Undefined index: nickname F:\workspace\php\finder\ThinkPHP\Library\Com\Utils\Utils.class.php 第 13 行.
NOTIC: [8] Undefined index: level F:\workspace\php\finder\ThinkPHP\Library\Com\Utils\Utils.class.php 第 13 行.

[ 2015-06-23T15:41:06+08:00 ] ::1 /finder/sdk.php/doLogin
SQL: SHOW COLUMNS FROM `user` [ RunTime:0.0028s ]
SQL: SHOW COLUMNS FROM `user` [ RunTime:0.0024s ]
SQL: SELECT * FROM `user` WHERE ( account='admin' )  [ RunTime:0.0002s ]
NOTIC: [8] Undefined index: id F:\workspace\php\finder\ThinkPHP\Library\Com\Utils\Utils.class.php 第 6 行.
NOTIC: [8] Undefined index: nickname F:\workspace\php\finder\ThinkPHP\Library\Com\Utils\Utils.class.php 第 7 行.
NOTIC: [8] Undefined index: level F:\workspace\php\finder\ThinkPHP\Library\Com\Utils\Utils.class.php 第 8 行.
NOTIC: [8] Undefined index: id F:\workspace\php\finder\ThinkPHP\Library\Com\Utils\Utils.class.php 第 10 行.
NOTIC: [8] Undefined index: nickname F:\workspace\php\finder\ThinkPHP\Library\Com\Utils\Utils.class.php 第 11 行.
NOTIC: [8] Undefined index: level F:\workspace\php\finder\ThinkPHP\Library\Com\Utils\Utils.class.php 第 12 行.
NOTIC: [8] Undefined index: id F:\workspace\php\finder\ThinkPHP\Library\Com\Utils\Utils.class.php 第 13 行.
NOTIC: [8] Undefined index: nickname F:\workspace\php\finder\ThinkPHP\Library\Com\Utils\Utils.class.php 第 13 行.
NOTIC: [8] Undefined index: level F:\workspace\php\finder\ThinkPHP\Library\Com\Utils\Utils.class.php 第 13 行.

[ 2015-06-23T15:43:32+08:00 ] ::1 /finder/sdk.php/doLogin
SQL: SHOW COLUMNS FROM `user` [ RunTime:0.0027s ]
SQL: SHOW COLUMNS FROM `user` [ RunTime:0.0025s ]
SQL: SELECT * FROM `user` WHERE ( account='admin' )  [ RunTime:0.0002s ]
NOTIC: [8] Undefined index: id F:\workspace\php\finder\ThinkPHP\Library\Com\Utils\Utils.class.php 第 6 行.
NOTIC: [8] Undefined index: nickname F:\workspace\php\finder\ThinkPHP\Library\Com\Utils\Utils.class.php 第 7 行.
NOTIC: [8] Undefined index: level F:\workspace\php\finder\ThinkPHP\Library\Com\Utils\Utils.class.php 第 8 行.
NOTIC: [8] Undefined index: id F:\workspace\php\finder\ThinkPHP\Library\Com\Utils\Utils.class.php 第 10 行.
NOTIC: [8] Undefined index: nickname F:\workspace\php\finder\ThinkPHP\Library\Com\Utils\Utils.class.php 第 11 行.
NOTIC: [8] Undefined index: level F:\workspace\php\finder\ThinkPHP\Library\Com\Utils\Utils.class.php 第 12 行.
NOTIC: [8] Undefined index: id F:\workspace\php\finder\ThinkPHP\Library\Com\Utils\Utils.class.php 第 13 行.
NOTIC: [8] Undefined index: nickname F:\workspace\php\finder\ThinkPHP\Library\Com\Utils\Utils.class.php 第 13 行.
NOTIC: [8] Undefined index: level F:\workspace\php\finder\ThinkPHP\Library\Com\Utils\Utils.class.php 第 13 行.

[ 2015-06-23T15:43:48+08:00 ] ::1 /finder/sdk.php/doLogin
SQL: SHOW COLUMNS FROM `user` [ RunTime:0.0027s ]
SQL: SHOW COLUMNS FROM `user` [ RunTime:0.0025s ]
SQL: SELECT * FROM `user` WHERE ( account='admin' )  [ RunTime:0.0002s ]
NOTIC: [8] Undefined index: id F:\workspace\php\finder\ThinkPHP\Library\Com\Utils\Utils.class.php 第 6 行.
NOTIC: [8] Undefined index: nickname F:\workspace\php\finder\ThinkPHP\Library\Com\Utils\Utils.class.php 第 7 行.
NOTIC: [8] Undefined index: level F:\workspace\php\finder\ThinkPHP\Library\Com\Utils\Utils.class.php 第 8 行.
NOTIC: [8] Undefined index: id F:\workspace\php\finder\ThinkPHP\Library\Com\Utils\Utils.class.php 第 10 行.
NOTIC: [8] Undefined index: nickname F:\workspace\php\finder\ThinkPHP\Library\Com\Utils\Utils.class.php 第 11 行.
NOTIC: [8] Undefined index: level F:\workspace\php\finder\ThinkPHP\Library\Com\Utils\Utils.class.php 第 12 行.
NOTIC: [8] Undefined index: id F:\workspace\php\finder\ThinkPHP\Library\Com\Utils\Utils.class.php 第 13 行.
NOTIC: [8] Undefined index: nickname F:\workspace\php\finder\ThinkPHP\Library\Com\Utils\Utils.class.php 第 13 行.
NOTIC: [8] Undefined index: level F:\workspace\php\finder\ThinkPHP\Library\Com\Utils\Utils.class.php 第 13 行.

[ 2015-06-23T15:46:43+08:00 ] ::1 /finder/sdk.php/doLogin
SQL: SHOW COLUMNS FROM `user` [ RunTime:0.0026s ]
SQL: SHOW COLUMNS FROM `user` [ RunTime:0.0027s ]
SQL: SELECT * FROM `user` WHERE ( account='admin' )  [ RunTime:0.0002s ]
NOTIC: [8] Undefined index: id F:\workspace\php\finder\ThinkPHP\Library\Com\Utils\Utils.class.php 第 6 行.
NOTIC: [8] Undefined index: nickname F:\workspace\php\finder\ThinkPHP\Library\Com\Utils\Utils.class.php 第 7 行.
NOTIC: [8] Undefined index: level F:\workspace\php\finder\ThinkPHP\Library\Com\Utils\Utils.class.php 第 8 行.
NOTIC: [8] Undefined index: id F:\workspace\php\finder\ThinkPHP\Library\Com\Utils\Utils.class.php 第 10 行.
NOTIC: [8] Undefined index: nickname F:\workspace\php\finder\ThinkPHP\Library\Com\Utils\Utils.class.php 第 11 行.
NOTIC: [8] Undefined index: level F:\workspace\php\finder\ThinkPHP\Library\Com\Utils\Utils.class.php 第 12 行.
NOTIC: [8] Undefined index: id F:\workspace\php\finder\ThinkPHP\Library\Com\Utils\Utils.class.php 第 13 行.
NOTIC: [8] Undefined index: nickname F:\workspace\php\finder\ThinkPHP\Library\Com\Utils\Utils.class.php 第 13 行.
NOTIC: [8] Undefined index: level F:\workspace\php\finder\ThinkPHP\Library\Com\Utils\Utils.class.php 第 13 行.

[ 2015-06-23T15:47:21+08:00 ] ::1 /finder/sdk.php/doLogin
SQL: SHOW COLUMNS FROM `user` [ RunTime:0.0026s ]
SQL: SHOW COLUMNS FROM `user` [ RunTime:0.0024s ]
SQL: SELECT * FROM `user` WHERE ( account='admin' )  [ RunTime:0.0002s ]
NOTIC: [8] Undefined index: id F:\workspace\php\finder\ThinkPHP\Library\Com\Utils\Utils.class.php 第 6 行.
NOTIC: [8] Undefined index: nickname F:\workspace\php\finder\ThinkPHP\Library\Com\Utils\Utils.class.php 第 7 行.
NOTIC: [8] Undefined index: level F:\workspace\php\finder\ThinkPHP\Library\Com\Utils\Utils.class.php 第 8 行.
NOTIC: [8] Undefined index: id F:\workspace\php\finder\ThinkPHP\Library\Com\Utils\Utils.class.php 第 10 行.
NOTIC: [8] Undefined index: nickname F:\workspace\php\finder\ThinkPHP\Library\Com\Utils\Utils.class.php 第 11 行.
NOTIC: [8] Undefined index: level F:\workspace\php\finder\ThinkPHP\Library\Com\Utils\Utils.class.php 第 12 行.
NOTIC: [8] Undefined index: id F:\workspace\php\finder\ThinkPHP\Library\Com\Utils\Utils.class.php 第 13 行.
NOTIC: [8] Undefined index: nickname F:\workspace\php\finder\ThinkPHP\Library\Com\Utils\Utils.class.php 第 13 行.
NOTIC: [8] Undefined index: level F:\workspace\php\finder\ThinkPHP\Library\Com\Utils\Utils.class.php 第 13 行.

[ 2015-06-23T15:48:27+08:00 ] ::1 /finder/sdk.php/doLogin
SQL: SHOW COLUMNS FROM `user` [ RunTime:0.0026s ]
SQL: SHOW COLUMNS FROM `user` [ RunTime:0.0022s ]
SQL: SELECT * FROM `user` WHERE ( account='admin' )  [ RunTime:0.0002s ]
NOTIC: [8] Undefined index: id F:\workspace\php\finder\ThinkPHP\Library\Com\Utils\Utils.class.php 第 6 行.
NOTIC: [8] Undefined index: nickname F:\workspace\php\finder\ThinkPHP\Library\Com\Utils\Utils.class.php 第 7 行.
NOTIC: [8] Undefined index: level F:\workspace\php\finder\ThinkPHP\Library\Com\Utils\Utils.class.php 第 8 行.
NOTIC: [8] Undefined index: id F:\workspace\php\finder\ThinkPHP\Library\Com\Utils\Utils.class.php 第 9 行.
NOTIC: [8] Undefined index: nickname F:\workspace\php\finder\ThinkPHP\Library\Com\Utils\Utils.class.php 第 9 行.
NOTIC: [8] Undefined index: level F:\workspace\php\finder\ThinkPHP\Library\Com\Utils\Utils.class.php 第 9 行.
NOTIC: [8] Undefined index: id F:\workspace\php\finder\ThinkPHP\Library\Com\Utils\Utils.class.php 第 10 行.
NOTIC: [8] Undefined index: nickname F:\workspace\php\finder\ThinkPHP\Library\Com\Utils\Utils.class.php 第 11 行.
NOTIC: [8] Undefined index: level F:\workspace\php\finder\ThinkPHP\Library\Com\Utils\Utils.class.php 第 12 行.
NOTIC: [8] Undefined index: id F:\workspace\php\finder\ThinkPHP\Library\Com\Utils\Utils.class.php 第 13 行.
NOTIC: [8] Undefined index: nickname F:\workspace\php\finder\ThinkPHP\Library\Com\Utils\Utils.class.php 第 13 行.
NOTIC: [8] Undefined index: level F:\workspace\php\finder\ThinkPHP\Library\Com\Utils\Utils.class.php 第 13 行.

[ 2015-06-23T16:01:48+08:00 ] ::1 /finder/sdk.php/doLogin
SQL: SHOW COLUMNS FROM `user` [ RunTime:0.0025s ]
SQL: SHOW COLUMNS FROM `user` [ RunTime:0.0023s ]
SQL: SELECT * FROM `user` WHERE ( account='admin' )  [ RunTime:0.0001s ]

[ 2015-06-23T16:02:07+08:00 ] ::1 /finder/sdk.php/doLogin
SQL: SHOW COLUMNS FROM `user` [ RunTime:0.0025s ]
SQL: SHOW COLUMNS FROM `user` [ RunTime:0.0024s ]
SQL: SELECT * FROM `user` WHERE ( account='admin' )  [ RunTime:0.0002s ]
NOTIC: [8] Undefined index: id F:\workspace\php\finder\ThinkPHP\Library\Com\Utils\Utils.class.php 第 6 行.
NOTIC: [8] Undefined index: nickname F:\workspace\php\finder\ThinkPHP\Library\Com\Utils\Utils.class.php 第 7 行.
NOTIC: [8] Undefined index: level F:\workspace\php\finder\ThinkPHP\Library\Com\Utils\Utils.class.php 第 8 行.
NOTIC: [8] Undefined index: id F:\workspace\php\finder\ThinkPHP\Library\Com\Utils\Utils.class.php 第 9 行.
NOTIC: [8] Undefined index: nickname F:\workspace\php\finder\ThinkPHP\Library\Com\Utils\Utils.class.php 第 9 行.
NOTIC: [8] Undefined index: level F:\workspace\php\finder\ThinkPHP\Library\Com\Utils\Utils.class.php 第 9 行.
NOTIC: [8] Undefined index: id F:\workspace\php\finder\ThinkPHP\Library\Com\Utils\Utils.class.php 第 10 行.
NOTIC: [8] Undefined index: nickname F:\workspace\php\finder\ThinkPHP\Library\Com\Utils\Utils.class.php 第 10 行.
NOTIC: [8] Undefined index: id F:\workspace\php\finder\ThinkPHP\Library\Com\Utils\Utils.class.php 第 12 行.
NOTIC: [8] Undefined index: nickname F:\workspace\php\finder\ThinkPHP\Library\Com\Utils\Utils.class.php 第 13 行.
NOTIC: [8] Undefined index: level F:\workspace\php\finder\ThinkPHP\Library\Com\Utils\Utils.class.php 第 14 行.
NOTIC: [8] Undefined index: id F:\workspace\php\finder\ThinkPHP\Library\Com\Utils\Utils.class.php 第 15 行.
NOTIC: [8] Undefined index: nickname F:\workspace\php\finder\ThinkPHP\Library\Com\Utils\Utils.class.php 第 15 行.
NOTIC: [8] Undefined index: level F:\workspace\php\finder\ThinkPHP\Library\Com\Utils\Utils.class.php 第 15 行.

[ 2015-06-23T16:03:27+08:00 ] ::1 /finder/sdk.php/doLogin
SQL: SHOW COLUMNS FROM `user` [ RunTime:0.0029s ]
SQL: SHOW COLUMNS FROM `user` [ RunTime:0.0024s ]
SQL: SELECT * FROM `user` WHERE ( account='admin' )  [ RunTime:0.0002s ]
NOTIC: [8] Undefined index: id F:\workspace\php\finder\ThinkPHP\Library\Com\Utils\Utils.class.php 第 6 行.
NOTIC: [8] Undefined index: nickname F:\workspace\php\finder\ThinkPHP\Library\Com\Utils\Utils.class.php 第 7 行.
NOTIC: [8] Undefined index: level F:\workspace\php\finder\ThinkPHP\Library\Com\Utils\Utils.class.php 第 8 行.
NOTIC: [8] Undefined index: id F:\workspace\php\finder\ThinkPHP\Library\Com\Utils\Utils.class.php 第 9 行.
NOTIC: [8] Undefined index: nickname F:\workspace\php\finder\ThinkPHP\Library\Com\Utils\Utils.class.php 第 9 行.
NOTIC: [8] Undefined index: level F:\workspace\php\finder\ThinkPHP\Library\Com\Utils\Utils.class.php 第 9 行.
NOTIC: [8] Undefined index: id F:\workspace\php\finder\ThinkPHP\Library\Com\Utils\Utils.class.php 第 12 行.
NOTIC: [8] Undefined index: nickname F:\workspace\php\finder\ThinkPHP\Library\Com\Utils\Utils.class.php 第 13 行.
NOTIC: [8] Undefined index: level F:\workspace\php\finder\ThinkPHP\Library\Com\Utils\Utils.class.php 第 14 行.
NOTIC: [8] Undefined index: id F:\workspace\php\finder\ThinkPHP\Library\Com\Utils\Utils.class.php 第 15 行.
NOTIC: [8] Undefined index: nickname F:\workspace\php\finder\ThinkPHP\Library\Com\Utils\Utils.class.php 第 15 行.
NOTIC: [8] Undefined index: level F:\workspace\php\finder\ThinkPHP\Library\Com\Utils\Utils.class.php 第 15 行.

[ 2015-06-23T16:03:55+08:00 ] ::1 /finder/sdk.php/doLogin
SQL: SHOW COLUMNS FROM `user` [ RunTime:0.0027s ]
SQL: SHOW COLUMNS FROM `user` [ RunTime:0.0023s ]
SQL: SELECT * FROM `user` WHERE ( account='admin' )  [ RunTime:0.0002s ]
NOTIC: [8] Undefined index: id F:\workspace\php\finder\ThinkPHP\Library\Com\Utils\Utils.class.php 第 6 行.
NOTIC: [8] Undefined index: nickname F:\workspace\php\finder\ThinkPHP\Library\Com\Utils\Utils.class.php 第 7 行.
NOTIC: [8] Undefined index: level F:\workspace\php\finder\ThinkPHP\Library\Com\Utils\Utils.class.php 第 8 行.
NOTIC: [8] Undefined index: id F:\workspace\php\finder\ThinkPHP\Library\Com\Utils\Utils.class.php 第 9 行.
NOTIC: [8] Undefined index: nickname F:\workspace\php\finder\ThinkPHP\Library\Com\Utils\Utils.class.php 第 9 行.
NOTIC: [8] Undefined index: level F:\workspace\php\finder\ThinkPHP\Library\Com\Utils\Utils.class.php 第 9 行.
NOTIC: [8] Undefined index: id F:\workspace\php\finder\ThinkPHP\Library\Com\Utils\Utils.class.php 第 12 行.
NOTIC: [8] Undefined index: nickname F:\workspace\php\finder\ThinkPHP\Library\Com\Utils\Utils.class.php 第 13 行.
NOTIC: [8] Undefined index: level F:\workspace\php\finder\ThinkPHP\Library\Com\Utils\Utils.class.php 第 14 行.
NOTIC: [8] Undefined index: id F:\workspace\php\finder\ThinkPHP\Library\Com\Utils\Utils.class.php 第 15 行.
NOTIC: [8] Undefined index: nickname F:\workspace\php\finder\ThinkPHP\Library\Com\Utils\Utils.class.php 第 15 行.
NOTIC: [8] Undefined index: level F:\workspace\php\finder\ThinkPHP\Library\Com\Utils\Utils.class.php 第 15 行.

[ 2015-06-23T16:12:16+08:00 ] ::1 /finder/sdk.php/doLogin
SQL: SHOW COLUMNS FROM `user` [ RunTime:0.0030s ]
SQL: SHOW COLUMNS FROM `user` [ RunTime:0.0024s ]
SQL: SELECT * FROM `user` WHERE ( account='admin' )  [ RunTime:0.0002s ]
NOTIC: [8] Undefined index: id F:\workspace\php\finder\ThinkPHP\Library\Com\Utils\Utils.class.php 第 6 行.
NOTIC: [8] Undefined index: nickname F:\workspace\php\finder\ThinkPHP\Library\Com\Utils\Utils.class.php 第 7 行.
NOTIC: [8] Undefined index: level F:\workspace\php\finder\ThinkPHP\Library\Com\Utils\Utils.class.php 第 8 行.
NOTIC: [8] Undefined index: id F:\workspace\php\finder\ThinkPHP\Library\Com\Utils\Utils.class.php 第 9 行.
NOTIC: [8] Undefined index: nickname F:\workspace\php\finder\ThinkPHP\Library\Com\Utils\Utils.class.php 第 9 行.
NOTIC: [8] Undefined index: level F:\workspace\php\finder\ThinkPHP\Library\Com\Utils\Utils.class.php 第 9 行.
NOTIC: [8] Undefined index: id F:\workspace\php\finder\ThinkPHP\Library\Com\Utils\Utils.class.php 第 12 行.
NOTIC: [8] Undefined index: nickname F:\workspace\php\finder\ThinkPHP\Library\Com\Utils\Utils.class.php 第 13 行.
NOTIC: [8] Undefined index: level F:\workspace\php\finder\ThinkPHP\Library\Com\Utils\Utils.class.php 第 14 行.
NOTIC: [8] Undefined index: id F:\workspace\php\finder\ThinkPHP\Library\Com\Utils\Utils.class.php 第 15 行.
NOTIC: [8] Undefined index: nickname F:\workspace\php\finder\ThinkPHP\Library\Com\Utils\Utils.class.php 第 15 行.
NOTIC: [8] Undefined index: level F:\workspace\php\finder\ThinkPHP\Library\Com\Utils\Utils.class.php 第 15 行.

[ 2015-06-23T16:13:30+08:00 ] ::1 /finder/sdk.php/doLogin
SQL: SHOW COLUMNS FROM `user` [ RunTime:0.0028s ]
SQL: SHOW COLUMNS FROM `user` [ RunTime:0.0023s ]
SQL: SELECT * FROM `user` WHERE ( account='admin' )  [ RunTime:0.0002s ]
NOTIC: [8] Undefined index: id F:\workspace\php\finder\ThinkPHP\Library\Com\Utils\Utils.class.php 第 6 行.
NOTIC: [8] Undefined index: nickname F:\workspace\php\finder\ThinkPHP\Library\Com\Utils\Utils.class.php 第 7 行.
NOTIC: [8] Undefined index: level F:\workspace\php\finder\ThinkPHP\Library\Com\Utils\Utils.class.php 第 8 行.
NOTIC: [8] Undefined index: id F:\workspace\php\finder\ThinkPHP\Library\Com\Utils\Utils.class.php 第 9 行.
NOTIC: [8] Undefined index: nickname F:\workspace\php\finder\ThinkPHP\Library\Com\Utils\Utils.class.php 第 9 行.
NOTIC: [8] Undefined index: level F:\workspace\php\finder\ThinkPHP\Library\Com\Utils\Utils.class.php 第 9 行.
NOTIC: [2] urlencode() expects parameter 1 to be string, array given F:\workspace\php\finder\ThinkPHP\Mode\Api\functions.php 第 1010 行.
NOTIC: [8] Undefined index: id F:\workspace\php\finder\ThinkPHP\Library\Com\Utils\Utils.class.php 第 12 行.
NOTIC: [8] Undefined index: nickname F:\workspace\php\finder\ThinkPHP\Library\Com\Utils\Utils.class.php 第 13 行.
NOTIC: [8] Undefined index: level F:\workspace\php\finder\ThinkPHP\Library\Com\Utils\Utils.class.php 第 14 行.
NOTIC: [8] Undefined index: id F:\workspace\php\finder\ThinkPHP\Library\Com\Utils\Utils.class.php 第 15 行.
NOTIC: [8] Undefined index: nickname F:\workspace\php\finder\ThinkPHP\Library\Com\Utils\Utils.class.php 第 15 行.
NOTIC: [8] Undefined index: level F:\workspace\php\finder\ThinkPHP\Library\Com\Utils\Utils.class.php 第 15 行.

[ 2015-06-23T16:14:03+08:00 ] ::1 /finder/sdk.php/doLogin
SQL: SHOW COLUMNS FROM `user` [ RunTime:0.0028s ]
SQL: SHOW COLUMNS FROM `user` [ RunTime:0.0026s ]
SQL: SELECT * FROM `user` WHERE ( account='admin' )  [ RunTime:0.0002s ]

[ 2015-06-23T16:43:29+08:00 ] ::1 /finder/sdk.php/doLogin
SQL: SHOW COLUMNS FROM `user` [ RunTime:0.0028s ]
SQL: SHOW COLUMNS FROM `user` [ RunTime:0.0024s ]
SQL: SELECT * FROM `user` WHERE ( account='admin' )  [ RunTime:0.0002s ]

[ 2015-06-23T16:44:01+08:00 ] ::1 /finder/sdk.php/doLogin
SQL: SHOW COLUMNS FROM `user` [ RunTime:0.0029s ]
SQL: SHOW COLUMNS FROM `user` [ RunTime:0.0026s ]
SQL: SELECT * FROM `user` WHERE ( account='admin' )  [ RunTime:0.0002s ]

[ 2015-06-23T16:53:16+08:00 ] ::1 /finder/sdk.php/doLogin
SQL: SHOW COLUMNS FROM `user` [ RunTime:0.0025s ]
SQL: SHOW COLUMNS FROM `user` [ RunTime:0.0023s ]
SQL: SELECT * FROM `user` WHERE ( account='admin' )  [ RunTime:0.0002s ]

[ 2015-06-23T16:53:36+08:00 ] ::1 /finder/sdk.php/doLogin
SQL: SHOW COLUMNS FROM `user` [ RunTime:0.0027s ]
SQL: SHOW COLUMNS FROM `user` [ RunTime:0.0023s ]
SQL: SELECT * FROM `user` WHERE ( account='admin' )  [ RunTime:0.0002s ]

[ 2015-06-23T16:54:39+08:00 ] ::1 /finder/sdk.php/doLogin
SQL: SHOW COLUMNS FROM `user` [ RunTime:0.0029s ]
SQL: SHOW COLUMNS FROM `user` [ RunTime:0.0026s ]
SQL: SELECT * FROM `user` WHERE ( account='admin' )  [ RunTime:0.0001s ]

[ 2015-06-23T17:08:52+08:00 ] ::1 /finder/sdk.php/doLogin
SQL: SHOW COLUMNS FROM `user` [ RunTime:0.0028s ]
SQL: SHOW COLUMNS FROM `user` [ RunTime:0.0025s ]
SQL: SELECT * FROM `user` WHERE ( account='admin' )  [ RunTime:0.0002s ]

[ 2015-06-23T17:22:19+08:00 ] ::1 /finder/sdk.php/doLogin
SQL: SHOW COLUMNS FROM `user` [ RunTime:0.0030s ]
SQL: SHOW COLUMNS FROM `user` [ RunTime:0.0025s ]
SQL: SELECT * FROM `user` WHERE ( account='admin' )  [ RunTime:0.0002s ]

