[ 2015-07-09T08:46:39+08:00 ] ::1 /finder/index.php/info
INFO: [ app_init ] --START--
INFO: Run Behavior\BuildLiteBehavior [ RunTime:0.000017s ]
INFO: [ app_init ] --END-- [ RunTime:0.016737s ]
INFO: [ app_begin ] --START--
INFO: Run Behavior\ReadHtmlCacheBehavior [ RunTime:0.021138s ]
INFO: [ app_begin ] --END-- [ RunTime:0.021230s ]
SQL: SHOW COLUMNS FROM `category` [ RunTime:0.0482s ]
SQL: SHOW COLUMNS FROM `category` [ RunTime:0.0562s ]
SQL: SELECT * FROM `category` WHERE ( c_id ="1" )  [ RunTime:0.0003s ]
SQL: SELECT * FROM `category` WHERE ( c_id ="11" )  [ RunTime:0.0002s ]
SQL: SELECT * FROM `category` WHERE ( c_id ="1" )  [ RunTime:0.0002s ]
INFO: [ view_parse ] --START--
INFO: [ template_filter ] --START--
INFO: Run Behavior\ContentReplaceBehavior [ RunTime:0.000036s ]
INFO: [ template_filter ] --END-- [ RunTime:0.000086s ]
NOTIC: [8] Undefined variable: dashbord /Users/ronin/workspace/php/finder/Application/Runtime/Cache/Admin/f566530bb0b4395ca1528b745d3b5727.php 第 24 行.
NOTIC: [8] Undefined variable: user /Users/ronin/workspace/php/finder/Application/Runtime/Cache/Admin/f566530bb0b4395ca1528b745d3b5727.php 第 24 行.
NOTIC: [8] Undefined variable: message /Users/ronin/workspace/php/finder/Application/Runtime/Cache/Admin/f566530bb0b4395ca1528b745d3b5727.php 第 24 行.
NOTIC: [8] Undefined variable: myself /Users/ronin/workspace/php/finder/Application/Runtime/Cache/Admin/f566530bb0b4395ca1528b745d3b5727.php 第 24 行.
NOTIC: [8] Undefined variable: isDashbord /Users/ronin/workspace/php/finder/Application/Runtime/Cache/Admin/f566530bb0b4395ca1528b745d3b5727.php 第 35 行.
NOTIC: [8] Undefined variable: isDashbord /Users/ronin/workspace/php/finder/Application/Runtime/Cache/Admin/f566530bb0b4395ca1528b745d3b5727.php 第 37 行.
INFO: Run Behavior\ParseTemplateBehavior [ RunTime:0.225582s ]
INFO: [ view_parse ] --END-- [ RunTime:0.225628s ]
INFO: [ view_filter ] --START--
INFO: Run Behavior\WriteHtmlCacheBehavior [ RunTime:0.016721s ]
INFO: [ view_filter ] --END-- [ RunTime:0.016792s ]
INFO: [ app_end ] --START--
INFO: Run Behavior\ShowPageTraceBehavior [ RunTime:0.016654s ]
INFO: [ app_end ] --END-- [ RunTime:0.016737s ]

[ 2015-07-09T08:46:55+08:00 ] ::1 /finder/index.php/info/add/type/categroy/id/11
INFO: [ app_init ] --START--
INFO: Run Behavior\BuildLiteBehavior [ RunTime:0.000012s ]
INFO: [ app_init ] --END-- [ RunTime:0.000243s ]
INFO: [ app_begin ] --START--
INFO: Run Behavior\ReadHtmlCacheBehavior [ RunTime:0.000293s ]
INFO: [ app_begin ] --END-- [ RunTime:0.000328s ]
SQL: SHOW COLUMNS FROM `category` [ RunTime:0.0023s ]
SQL: SHOW COLUMNS FROM `category` [ RunTime:0.0014s ]
SQL: SELECT * FROM `category` WHERE ( c_id ="1" )  [ RunTime:0.0002s ]
SQL: SELECT * FROM `category` WHERE ( c_id ="11" )  [ RunTime:0.0001s ]
SQL: SELECT * FROM `category` WHERE ( c_id ="1" )  [ RunTime:0.0001s ]
INFO: [ view_parse ] --START--
INFO: [ template_filter ] --START--
INFO: Run Behavior\ContentReplaceBehavior [ RunTime:0.000034s ]
INFO: [ template_filter ] --END-- [ RunTime:0.000084s ]
NOTIC: [8] Undefined variable: dashbord /Users/ronin/workspace/php/finder/Application/Runtime/Cache/Admin/d3afdda9e078090e5847666b91c99766.php 第 24 行.
NOTIC: [8] Undefined variable: user /Users/ronin/workspace/php/finder/Application/Runtime/Cache/Admin/d3afdda9e078090e5847666b91c99766.php 第 24 行.
NOTIC: [8] Undefined variable: message /Users/ronin/workspace/php/finder/Application/Runtime/Cache/Admin/d3afdda9e078090e5847666b91c99766.php 第 24 行.
NOTIC: [8] Undefined variable: myself /Users/ronin/workspace/php/finder/Application/Runtime/Cache/Admin/d3afdda9e078090e5847666b91c99766.php 第 24 行.
NOTIC: [8] Undefined variable: isDashbord /Users/ronin/workspace/php/finder/Application/Runtime/Cache/Admin/d3afdda9e078090e5847666b91c99766.php 第 35 行.
NOTIC: [8] Undefined variable: isDashbord /Users/ronin/workspace/php/finder/Application/Runtime/Cache/Admin/d3afdda9e078090e5847666b91c99766.php 第 37 行.
INFO: Run Behavior\ParseTemplateBehavior [ RunTime:0.085526s ]
INFO: [ view_parse ] --END-- [ RunTime:0.085569s ]
INFO: [ view_filter ] --START--
INFO: Run Behavior\WriteHtmlCacheBehavior [ RunTime:0.000114s ]
INFO: [ view_filter ] --END-- [ RunTime:0.000142s ]
INFO: [ app_end ] --START--
INFO: Run Behavior\ShowPageTraceBehavior [ RunTime:0.000320s ]
INFO: [ app_end ] --END-- [ RunTime:0.000350s ]

[ 2015-07-09T08:52:18+08:00 ] ::1 /finder/index.php/info/add/type/categroy/id/11
INFO: [ app_init ] --START--
INFO: Run Behavior\BuildLiteBehavior [ RunTime:0.000020s ]
INFO: [ app_init ] --END-- [ RunTime:0.000733s ]
INFO: [ app_begin ] --START--
INFO: Run Behavior\ReadHtmlCacheBehavior [ RunTime:0.014834s ]
INFO: [ app_begin ] --END-- [ RunTime:0.014923s ]
SQL: SHOW COLUMNS FROM `category` [ RunTime:0.0717s ]
SQL: SHOW COLUMNS FROM `category` [ RunTime:0.0321s ]
SQL: SELECT * FROM `category` WHERE ( c_id ="1" )  [ RunTime:0.0003s ]
SQL: SELECT * FROM `category` WHERE ( c_id ="11" )  [ RunTime:0.0002s ]
SQL: SELECT * FROM `category` WHERE ( c_id ="1" )  [ RunTime:0.0002s ]
INFO: [ view_parse ] --START--
INFO: [ template_filter ] --START--
INFO: Run Behavior\ContentReplaceBehavior [ RunTime:0.000035s ]
INFO: [ template_filter ] --END-- [ RunTime:0.000086s ]
NOTIC: [8] Undefined variable: dashbord /Users/ronin/workspace/php/finder/Application/Runtime/Cache/Admin/d3afdda9e078090e5847666b91c99766.php 第 24 行.
NOTIC: [8] Undefined variable: user /Users/ronin/workspace/php/finder/Application/Runtime/Cache/Admin/d3afdda9e078090e5847666b91c99766.php 第 24 行.
NOTIC: [8] Undefined variable: message /Users/ronin/workspace/php/finder/Application/Runtime/Cache/Admin/d3afdda9e078090e5847666b91c99766.php 第 24 行.
NOTIC: [8] Undefined variable: myself /Users/ronin/workspace/php/finder/Application/Runtime/Cache/Admin/d3afdda9e078090e5847666b91c99766.php 第 24 行.
NOTIC: [8] Undefined variable: isDashbord /Users/ronin/workspace/php/finder/Application/Runtime/Cache/Admin/d3afdda9e078090e5847666b91c99766.php 第 35 行.
NOTIC: [8] Undefined variable: isDashbord /Users/ronin/workspace/php/finder/Application/Runtime/Cache/Admin/d3afdda9e078090e5847666b91c99766.php 第 37 行.
INFO: Run Behavior\ParseTemplateBehavior [ RunTime:0.111330s ]
INFO: [ view_parse ] --END-- [ RunTime:0.111372s ]
INFO: [ view_filter ] --START--
INFO: Run Behavior\WriteHtmlCacheBehavior [ RunTime:0.001172s ]
INFO: [ view_filter ] --END-- [ RunTime:0.001236s ]
INFO: [ app_end ] --START--
INFO: Run Behavior\ShowPageTraceBehavior [ RunTime:0.001100s ]
INFO: [ app_end ] --END-- [ RunTime:0.001211s ]

[ 2015-07-09T08:53:36+08:00 ] ::1 /finder/index.php/info/add/type/categroy/id/11
INFO: [ app_init ] --START--
INFO: Run Behavior\BuildLiteBehavior [ RunTime:0.000016s ]
INFO: [ app_init ] --END-- [ RunTime:0.000753s ]
INFO: [ app_begin ] --START--
INFO: Run Behavior\ReadHtmlCacheBehavior [ RunTime:0.010965s ]
INFO: [ app_begin ] --END-- [ RunTime:0.011046s ]
SQL: SHOW COLUMNS FROM `category` [ RunTime:0.0288s ]
SQL: SHOW COLUMNS FROM `category` [ RunTime:0.0016s ]
SQL: SELECT * FROM `category` WHERE ( c_id ="1" )  [ RunTime:0.0003s ]
SQL: SELECT * FROM `category` WHERE ( c_id ="11" )  [ RunTime:0.0002s ]
SQL: SELECT * FROM `category` WHERE ( c_id ="1" )  [ RunTime:0.0003s ]
INFO: [ view_parse ] --START--
INFO: [ template_filter ] --START--
INFO: Run Behavior\ContentReplaceBehavior [ RunTime:0.000030s ]
INFO: [ template_filter ] --END-- [ RunTime:0.000073s ]
NOTIC: [8] Undefined variable: dashbord /Users/ronin/workspace/php/finder/Application/Runtime/Cache/Admin/d3afdda9e078090e5847666b91c99766.php 第 24 行.
NOTIC: [8] Undefined variable: user /Users/ronin/workspace/php/finder/Application/Runtime/Cache/Admin/d3afdda9e078090e5847666b91c99766.php 第 24 行.
NOTIC: [8] Undefined variable: message /Users/ronin/workspace/php/finder/Application/Runtime/Cache/Admin/d3afdda9e078090e5847666b91c99766.php 第 24 行.
NOTIC: [8] Undefined variable: myself /Users/ronin/workspace/php/finder/Application/Runtime/Cache/Admin/d3afdda9e078090e5847666b91c99766.php 第 24 行.
NOTIC: [8] Undefined variable: isDashbord /Users/ronin/workspace/php/finder/Application/Runtime/Cache/Admin/d3afdda9e078090e5847666b91c99766.php 第 35 行.
NOTIC: [8] Undefined variable: isDashbord /Users/ronin/workspace/php/finder/Application/Runtime/Cache/Admin/d3afdda9e078090e5847666b91c99766.php 第 37 行.
INFO: Run Behavior\ParseTemplateBehavior [ RunTime:0.130000s ]
INFO: [ view_parse ] --END-- [ RunTime:0.130054s ]
INFO: [ view_filter ] --START--
INFO: Run Behavior\WriteHtmlCacheBehavior [ RunTime:0.001510s ]
INFO: [ view_filter ] --END-- [ RunTime:0.001583s ]
INFO: [ app_end ] --START--
INFO: Run Behavior\ShowPageTraceBehavior [ RunTime:0.001104s ]
INFO: [ app_end ] --END-- [ RunTime:0.001185s ]

[ 2015-07-09T08:55:30+08:00 ] ::1 /finder/index.php/info/add/type/categroy/id/11
INFO: [ app_init ] --START--
INFO: Run Behavior\BuildLiteBehavior [ RunTime:0.000014s ]
INFO: [ app_init ] --END-- [ RunTime:0.000836s ]
INFO: [ app_begin ] --START--
INFO: Run Behavior\ReadHtmlCacheBehavior [ RunTime:0.010020s ]
INFO: [ app_begin ] --END-- [ RunTime:0.010096s ]
SQL: SHOW COLUMNS FROM `category` [ RunTime:0.0290s ]
SQL: SHOW COLUMNS FROM `category` [ RunTime:0.0014s ]
SQL: SELECT * FROM `category` WHERE ( c_id ="1" )  [ RunTime:0.0002s ]
SQL: SELECT * FROM `category` WHERE ( c_id ="11" )  [ RunTime:0.0001s ]
SQL: SELECT * FROM `category` WHERE ( c_id ="1" )  [ RunTime:0.0001s ]
INFO: [ view_parse ] --START--
INFO: [ template_filter ] --START--
INFO: Run Behavior\ContentReplaceBehavior [ RunTime:0.000031s ]
INFO: [ template_filter ] --END-- [ RunTime:0.000076s ]
NOTIC: [8] Undefined variable: dashbord /Users/ronin/workspace/php/finder/Application/Runtime/Cache/Admin/d3afdda9e078090e5847666b91c99766.php 第 24 行.
NOTIC: [8] Undefined variable: user /Users/ronin/workspace/php/finder/Application/Runtime/Cache/Admin/d3afdda9e078090e5847666b91c99766.php 第 24 行.
NOTIC: [8] Undefined variable: message /Users/ronin/workspace/php/finder/Application/Runtime/Cache/Admin/d3afdda9e078090e5847666b91c99766.php 第 24 行.
NOTIC: [8] Undefined variable: myself /Users/ronin/workspace/php/finder/Application/Runtime/Cache/Admin/d3afdda9e078090e5847666b91c99766.php 第 24 行.
NOTIC: [8] Undefined variable: isDashbord /Users/ronin/workspace/php/finder/Application/Runtime/Cache/Admin/d3afdda9e078090e5847666b91c99766.php 第 35 行.
NOTIC: [8] Undefined variable: isDashbord /Users/ronin/workspace/php/finder/Application/Runtime/Cache/Admin/d3afdda9e078090e5847666b91c99766.php 第 37 行.
INFO: Run Behavior\ParseTemplateBehavior [ RunTime:0.153748s ]
INFO: [ view_parse ] --END-- [ RunTime:0.153799s ]
INFO: [ view_filter ] --START--
INFO: Run Behavior\WriteHtmlCacheBehavior [ RunTime:0.001242s ]
INFO: [ view_filter ] --END-- [ RunTime:0.001312s ]
INFO: [ app_end ] --START--
INFO: Run Behavior\ShowPageTraceBehavior [ RunTime:0.001123s ]
INFO: [ app_end ] --END-- [ RunTime:0.001204s ]

[ 2015-07-09T08:56:27+08:00 ] ::1 /finder/index.php/info/add/type/categroy/id/11
INFO: [ app_init ] --START--
INFO: Run Behavior\BuildLiteBehavior [ RunTime:0.000014s ]
INFO: [ app_init ] --END-- [ RunTime:0.000661s ]
INFO: [ app_begin ] --START--
INFO: Run Behavior\ReadHtmlCacheBehavior [ RunTime:0.010589s ]
INFO: [ app_begin ] --END-- [ RunTime:0.010652s ]
SQL: SHOW COLUMNS FROM `category` [ RunTime:0.0274s ]
SQL: SHOW COLUMNS FROM `category` [ RunTime:0.0014s ]
SQL: SELECT * FROM `category` WHERE ( c_id ="1" )  [ RunTime:0.0003s ]
SQL: SELECT * FROM `category` WHERE ( c_id ="11" )  [ RunTime:0.0002s ]
SQL: SELECT * FROM `category` WHERE ( c_id ="1" )  [ RunTime:0.0002s ]
INFO: [ view_parse ] --START--
INFO: [ template_filter ] --START--
INFO: Run Behavior\ContentReplaceBehavior [ RunTime:0.000038s ]
INFO: [ template_filter ] --END-- [ RunTime:0.000094s ]
NOTIC: [8] Undefined variable: dashbord /Users/ronin/workspace/php/finder/Application/Runtime/Cache/Admin/d3afdda9e078090e5847666b91c99766.php 第 24 行.
NOTIC: [8] Undefined variable: user /Users/ronin/workspace/php/finder/Application/Runtime/Cache/Admin/d3afdda9e078090e5847666b91c99766.php 第 24 行.
NOTIC: [8] Undefined variable: message /Users/ronin/workspace/php/finder/Application/Runtime/Cache/Admin/d3afdda9e078090e5847666b91c99766.php 第 24 行.
NOTIC: [8] Undefined variable: myself /Users/ronin/workspace/php/finder/Application/Runtime/Cache/Admin/d3afdda9e078090e5847666b91c99766.php 第 24 行.
NOTIC: [8] Undefined variable: isDashbord /Users/ronin/workspace/php/finder/Application/Runtime/Cache/Admin/d3afdda9e078090e5847666b91c99766.php 第 35 行.
NOTIC: [8] Undefined variable: isDashbord /Users/ronin/workspace/php/finder/Application/Runtime/Cache/Admin/d3afdda9e078090e5847666b91c99766.php 第 37 行.
INFO: Run Behavior\ParseTemplateBehavior [ RunTime:0.120262s ]
INFO: [ view_parse ] --END-- [ RunTime:0.120313s ]
INFO: [ view_filter ] --START--
INFO: Run Behavior\WriteHtmlCacheBehavior [ RunTime:0.023396s ]
INFO: [ view_filter ] --END-- [ RunTime:0.023460s ]
INFO: [ app_end ] --START--
INFO: Run Behavior\ShowPageTraceBehavior [ RunTime:0.015400s ]
INFO: [ app_end ] --END-- [ RunTime:0.015465s ]

[ 2015-07-09T08:57:22+08:00 ] ::1 /finder/index.php/info/add/type/categroy/id/11
INFO: [ app_init ] --START--
INFO: Run Behavior\BuildLiteBehavior [ RunTime:0.000015s ]
INFO: [ app_init ] --END-- [ RunTime:0.000607s ]
INFO: [ app_begin ] --START--
INFO: Run Behavior\ReadHtmlCacheBehavior [ RunTime:0.008423s ]
INFO: [ app_begin ] --END-- [ RunTime:0.008494s ]
SQL: SHOW COLUMNS FROM `category` [ RunTime:0.0251s ]
SQL: SHOW COLUMNS FROM `category` [ RunTime:0.0015s ]
SQL: SELECT * FROM `category` WHERE ( c_id ="1" )  [ RunTime:0.0002s ]
SQL: SELECT * FROM `category` WHERE ( c_id ="11" )  [ RunTime:0.0002s ]
SQL: SELECT * FROM `category` WHERE ( c_id ="1" )  [ RunTime:0.0002s ]
INFO: [ view_parse ] --START--
INFO: [ template_filter ] --START--
INFO: Run Behavior\ContentReplaceBehavior [ RunTime:0.000038s ]
INFO: [ template_filter ] --END-- [ RunTime:0.000103s ]
NOTIC: [8] Undefined variable: dashbord /Users/ronin/workspace/php/finder/Application/Runtime/Cache/Admin/d3afdda9e078090e5847666b91c99766.php 第 24 行.
NOTIC: [8] Undefined variable: user /Users/ronin/workspace/php/finder/Application/Runtime/Cache/Admin/d3afdda9e078090e5847666b91c99766.php 第 24 行.
NOTIC: [8] Undefined variable: message /Users/ronin/workspace/php/finder/Application/Runtime/Cache/Admin/d3afdda9e078090e5847666b91c99766.php 第 24 行.
NOTIC: [8] Undefined variable: myself /Users/ronin/workspace/php/finder/Application/Runtime/Cache/Admin/d3afdda9e078090e5847666b91c99766.php 第 24 行.
NOTIC: [8] Undefined variable: isDashbord /Users/ronin/workspace/php/finder/Application/Runtime/Cache/Admin/d3afdda9e078090e5847666b91c99766.php 第 35 行.
NOTIC: [8] Undefined variable: isDashbord /Users/ronin/workspace/php/finder/Application/Runtime/Cache/Admin/d3afdda9e078090e5847666b91c99766.php 第 37 行.
INFO: Run Behavior\ParseTemplateBehavior [ RunTime:0.129940s ]
INFO: [ view_parse ] --END-- [ RunTime:0.130012s ]
INFO: [ view_filter ] --START--
INFO: Run Behavior\WriteHtmlCacheBehavior [ RunTime:0.001012s ]
INFO: [ view_filter ] --END-- [ RunTime:0.001083s ]
INFO: [ app_end ] --START--
INFO: Run Behavior\ShowPageTraceBehavior [ RunTime:0.001348s ]
INFO: [ app_end ] --END-- [ RunTime:0.001428s ]

[ 2015-07-09T08:57:39+08:00 ] ::1 /finder/index.php/info/add/type/categroy/id/11
INFO: [ app_init ] --START--
INFO: Run Behavior\BuildLiteBehavior [ RunTime:0.000017s ]
INFO: [ app_init ] --END-- [ RunTime:0.000911s ]
INFO: [ app_begin ] --START--
INFO: Run Behavior\ReadHtmlCacheBehavior [ RunTime:0.010965s ]
INFO: [ app_begin ] --END-- [ RunTime:0.011071s ]
SQL: SHOW COLUMNS FROM `category` [ RunTime:0.0021s ]
SQL: SHOW COLUMNS FROM `category` [ RunTime:0.0016s ]
SQL: SELECT * FROM `category` WHERE ( c_id ="1" )  [ RunTime:0.0003s ]
SQL: SELECT * FROM `category` WHERE ( c_id ="11" )  [ RunTime:0.0002s ]
SQL: SELECT * FROM `category` WHERE ( c_id ="1" )  [ RunTime:0.0001s ]
INFO: [ view_parse ] --START--
INFO: [ template_filter ] --START--
INFO: Run Behavior\ContentReplaceBehavior [ RunTime:0.000033s ]
INFO: [ template_filter ] --END-- [ RunTime:0.000152s ]
NOTIC: [8] Undefined variable: dashbord /Users/ronin/workspace/php/finder/Application/Runtime/Cache/Admin/d3afdda9e078090e5847666b91c99766.php 第 24 行.
NOTIC: [8] Undefined variable: user /Users/ronin/workspace/php/finder/Application/Runtime/Cache/Admin/d3afdda9e078090e5847666b91c99766.php 第 24 行.
NOTIC: [8] Undefined variable: message /Users/ronin/workspace/php/finder/Application/Runtime/Cache/Admin/d3afdda9e078090e5847666b91c99766.php 第 24 行.
NOTIC: [8] Undefined variable: myself /Users/ronin/workspace/php/finder/Application/Runtime/Cache/Admin/d3afdda9e078090e5847666b91c99766.php 第 24 行.
NOTIC: [8] Undefined variable: isDashbord /Users/ronin/workspace/php/finder/Application/Runtime/Cache/Admin/d3afdda9e078090e5847666b91c99766.php 第 35 行.
NOTIC: [8] Undefined variable: isDashbord /Users/ronin/workspace/php/finder/Application/Runtime/Cache/Admin/d3afdda9e078090e5847666b91c99766.php 第 37 行.
INFO: Run Behavior\ParseTemplateBehavior [ RunTime:0.096265s ]
INFO: [ view_parse ] --END-- [ RunTime:0.096323s ]
INFO: [ view_filter ] --START--
INFO: Run Behavior\WriteHtmlCacheBehavior [ RunTime:0.000720s ]
INFO: [ view_filter ] --END-- [ RunTime:0.000751s ]
INFO: [ app_end ] --START--
INFO: Run Behavior\ShowPageTraceBehavior [ RunTime:0.000766s ]
INFO: [ app_end ] --END-- [ RunTime:0.000812s ]

[ 2015-07-09T08:57:49+08:00 ] ::1 /finder/index.php/info/add/type/categroy/id/11
INFO: [ app_init ] --START--
INFO: Run Behavior\BuildLiteBehavior [ RunTime:0.000013s ]
INFO: [ app_init ] --END-- [ RunTime:0.000255s ]
INFO: [ app_begin ] --START--
INFO: Run Behavior\ReadHtmlCacheBehavior [ RunTime:0.000298s ]
INFO: [ app_begin ] --END-- [ RunTime:0.000333s ]
SQL: SHOW COLUMNS FROM `category` [ RunTime:0.0021s ]
SQL: SHOW COLUMNS FROM `category` [ RunTime:0.0033s ]
SQL: SELECT * FROM `category` WHERE ( c_id ="1" )  [ RunTime:0.0002s ]
SQL: SELECT * FROM `category` WHERE ( c_id ="11" )  [ RunTime:0.0001s ]
SQL: SELECT * FROM `category` WHERE ( c_id ="1" )  [ RunTime:0.0001s ]
INFO: [ view_parse ] --START--
INFO: [ template_filter ] --START--
INFO: Run Behavior\ContentReplaceBehavior [ RunTime:0.000036s ]
INFO: [ template_filter ] --END-- [ RunTime:0.000089s ]
NOTIC: [8] Undefined variable: dashbord /Users/ronin/workspace/php/finder/Application/Runtime/Cache/Admin/d3afdda9e078090e5847666b91c99766.php 第 24 行.
NOTIC: [8] Undefined variable: user /Users/ronin/workspace/php/finder/Application/Runtime/Cache/Admin/d3afdda9e078090e5847666b91c99766.php 第 24 行.
NOTIC: [8] Undefined variable: message /Users/ronin/workspace/php/finder/Application/Runtime/Cache/Admin/d3afdda9e078090e5847666b91c99766.php 第 24 行.
NOTIC: [8] Undefined variable: myself /Users/ronin/workspace/php/finder/Application/Runtime/Cache/Admin/d3afdda9e078090e5847666b91c99766.php 第 24 行.
NOTIC: [8] Undefined variable: isDashbord /Users/ronin/workspace/php/finder/Application/Runtime/Cache/Admin/d3afdda9e078090e5847666b91c99766.php 第 35 行.
NOTIC: [8] Undefined variable: isDashbord /Users/ronin/workspace/php/finder/Application/Runtime/Cache/Admin/d3afdda9e078090e5847666b91c99766.php 第 37 行.
INFO: Run Behavior\ParseTemplateBehavior [ RunTime:0.106874s ]
INFO: [ view_parse ] --END-- [ RunTime:0.106925s ]
INFO: [ view_filter ] --START--
INFO: Run Behavior\WriteHtmlCacheBehavior [ RunTime:0.000173s ]
INFO: [ view_filter ] --END-- [ RunTime:0.000208s ]
INFO: [ app_end ] --START--
INFO: Run Behavior\ShowPageTraceBehavior [ RunTime:0.000328s ]
INFO: [ app_end ] --END-- [ RunTime:0.000358s ]

[ 2015-07-09T08:58:04+08:00 ] ::1 /finder/index.php/info/add/type/categroy/id/11
INFO: [ app_init ] --START--
INFO: Run Behavior\BuildLiteBehavior [ RunTime:0.000010s ]
INFO: [ app_init ] --END-- [ RunTime:0.000203s ]
INFO: [ app_begin ] --START--
INFO: Run Behavior\ReadHtmlCacheBehavior [ RunTime:0.000278s ]
INFO: [ app_begin ] --END-- [ RunTime:0.000309s ]
SQL: SHOW COLUMNS FROM `category` [ RunTime:0.0182s ]
SQL: SHOW COLUMNS FROM `category` [ RunTime:0.0016s ]
SQL: SELECT * FROM `category` WHERE ( c_id ="1" )  [ RunTime:0.0003s ]
SQL: SELECT * FROM `category` WHERE ( c_id ="11" )  [ RunTime:0.0002s ]
SQL: SELECT * FROM `category` WHERE ( c_id ="1" )  [ RunTime:0.0002s ]
INFO: [ view_parse ] --START--
INFO: [ template_filter ] --START--
INFO: Run Behavior\ContentReplaceBehavior [ RunTime:0.000030s ]
INFO: [ template_filter ] --END-- [ RunTime:0.000079s ]
NOTIC: [8] Undefined variable: dashbord /Users/ronin/workspace/php/finder/Application/Runtime/Cache/Admin/d3afdda9e078090e5847666b91c99766.php 第 24 行.
NOTIC: [8] Undefined variable: user /Users/ronin/workspace/php/finder/Application/Runtime/Cache/Admin/d3afdda9e078090e5847666b91c99766.php 第 24 行.
NOTIC: [8] Undefined variable: message /Users/ronin/workspace/php/finder/Application/Runtime/Cache/Admin/d3afdda9e078090e5847666b91c99766.php 第 24 行.
NOTIC: [8] Undefined variable: myself /Users/ronin/workspace/php/finder/Application/Runtime/Cache/Admin/d3afdda9e078090e5847666b91c99766.php 第 24 行.
NOTIC: [8] Undefined variable: isDashbord /Users/ronin/workspace/php/finder/Application/Runtime/Cache/Admin/d3afdda9e078090e5847666b91c99766.php 第 35 行.
NOTIC: [8] Undefined variable: isDashbord /Users/ronin/workspace/php/finder/Application/Runtime/Cache/Admin/d3afdda9e078090e5847666b91c99766.php 第 37 行.
INFO: Run Behavior\ParseTemplateBehavior [ RunTime:0.008410s ]
INFO: [ view_parse ] --END-- [ RunTime:0.008519s ]
INFO: [ view_filter ] --START--
INFO: Run Behavior\WriteHtmlCacheBehavior [ RunTime:0.000152s ]
INFO: [ view_filter ] --END-- [ RunTime:0.000183s ]
INFO: [ app_end ] --START--
INFO: Run Behavior\ShowPageTraceBehavior [ RunTime:0.000511s ]
INFO: [ app_end ] --END-- [ RunTime:0.000556s ]

[ 2015-07-09T08:58:45+08:00 ] ::1 /finder/index.php/info/add/type/categroy/id/11
INFO: [ app_init ] --START--
INFO: Run Behavior\BuildLiteBehavior [ RunTime:0.000015s ]
INFO: [ app_init ] --END-- [ RunTime:0.000728s ]
INFO: [ app_begin ] --START--
INFO: Run Behavior\ReadHtmlCacheBehavior [ RunTime:0.010828s ]
INFO: [ app_begin ] --END-- [ RunTime:0.010894s ]
SQL: SHOW COLUMNS FROM `category` [ RunTime:0.0496s ]
SQL: SHOW COLUMNS FROM `category` [ RunTime:0.0026s ]
SQL: SELECT * FROM `category` WHERE ( c_id ="1" )  [ RunTime:0.0003s ]
SQL: SELECT * FROM `category` WHERE ( c_id ="11" )  [ RunTime:0.0002s ]
SQL: SELECT * FROM `category` WHERE ( c_id ="1" )  [ RunTime:0.0002s ]
INFO: [ view_parse ] --START--
INFO: [ template_filter ] --START--
INFO: Run Behavior\ContentReplaceBehavior [ RunTime:0.000039s ]
INFO: [ template_filter ] --END-- [ RunTime:0.000097s ]
NOTIC: [8] Undefined variable: dashbord /Users/ronin/workspace/php/finder/Application/Runtime/Cache/Admin/d3afdda9e078090e5847666b91c99766.php 第 24 行.
NOTIC: [8] Undefined variable: user /Users/ronin/workspace/php/finder/Application/Runtime/Cache/Admin/d3afdda9e078090e5847666b91c99766.php 第 24 行.
NOTIC: [8] Undefined variable: message /Users/ronin/workspace/php/finder/Application/Runtime/Cache/Admin/d3afdda9e078090e5847666b91c99766.php 第 24 行.
NOTIC: [8] Undefined variable: myself /Users/ronin/workspace/php/finder/Application/Runtime/Cache/Admin/d3afdda9e078090e5847666b91c99766.php 第 24 行.
NOTIC: [8] Undefined variable: isDashbord /Users/ronin/workspace/php/finder/Application/Runtime/Cache/Admin/d3afdda9e078090e5847666b91c99766.php 第 35 行.
NOTIC: [8] Undefined variable: isDashbord /Users/ronin/workspace/php/finder/Application/Runtime/Cache/Admin/d3afdda9e078090e5847666b91c99766.php 第 37 行.
INFO: Run Behavior\ParseTemplateBehavior [ RunTime:0.097686s ]
INFO: [ view_parse ] --END-- [ RunTime:0.097734s ]
INFO: [ view_filter ] --START--
INFO: Run Behavior\WriteHtmlCacheBehavior [ RunTime:0.001176s ]
INFO: [ view_filter ] --END-- [ RunTime:0.001211s ]
INFO: [ app_end ] --START--
INFO: Run Behavior\ShowPageTraceBehavior [ RunTime:0.000839s ]
INFO: [ app_end ] --END-- [ RunTime:0.000883s ]

[ 2015-07-09T09:00:12+08:00 ] ::1 /finder/index.php/info/add/type/categroy/id/11
INFO: [ app_init ] --START--
INFO: Run Behavior\BuildLiteBehavior [ RunTime:0.000023s ]
INFO: [ app_init ] --END-- [ RunTime:0.000902s ]
INFO: [ app_begin ] --START--
INFO: Run Behavior\ReadHtmlCacheBehavior [ RunTime:0.010563s ]
INFO: [ app_begin ] --END-- [ RunTime:0.010638s ]
SQL: SHOW COLUMNS FROM `category` [ RunTime:0.0281s ]
SQL: SHOW COLUMNS FROM `category` [ RunTime:0.0016s ]
SQL: SELECT * FROM `category` WHERE ( c_id ="1" )  [ RunTime:0.0003s ]
SQL: SELECT * FROM `category` WHERE ( c_id ="11" )  [ RunTime:0.0002s ]
SQL: SELECT * FROM `category` WHERE ( c_id ="1" )  [ RunTime:0.0002s ]
INFO: [ view_parse ] --START--
INFO: [ template_filter ] --START--
INFO: Run Behavior\ContentReplaceBehavior [ RunTime:0.000047s ]
INFO: [ template_filter ] --END-- [ RunTime:0.000113s ]
NOTIC: [8] Undefined variable: dashbord /Users/ronin/workspace/php/finder/Application/Runtime/Cache/Admin/d3afdda9e078090e5847666b91c99766.php 第 24 行.
NOTIC: [8] Undefined variable: user /Users/ronin/workspace/php/finder/Application/Runtime/Cache/Admin/d3afdda9e078090e5847666b91c99766.php 第 24 行.
NOTIC: [8] Undefined variable: message /Users/ronin/workspace/php/finder/Application/Runtime/Cache/Admin/d3afdda9e078090e5847666b91c99766.php 第 24 行.
NOTIC: [8] Undefined variable: myself /Users/ronin/workspace/php/finder/Application/Runtime/Cache/Admin/d3afdda9e078090e5847666b91c99766.php 第 24 行.
NOTIC: [8] Undefined variable: isDashbord /Users/ronin/workspace/php/finder/Application/Runtime/Cache/Admin/d3afdda9e078090e5847666b91c99766.php 第 35 行.
NOTIC: [8] Undefined variable: isDashbord /Users/ronin/workspace/php/finder/Application/Runtime/Cache/Admin/d3afdda9e078090e5847666b91c99766.php 第 37 行.
INFO: Run Behavior\ParseTemplateBehavior [ RunTime:0.137536s ]
INFO: [ view_parse ] --END-- [ RunTime:0.137583s ]
INFO: [ view_filter ] --START--
INFO: Run Behavior\WriteHtmlCacheBehavior [ RunTime:0.001076s ]
INFO: [ view_filter ] --END-- [ RunTime:0.001144s ]
INFO: [ app_end ] --START--
INFO: Run Behavior\ShowPageTraceBehavior [ RunTime:0.001047s ]
INFO: [ app_end ] --END-- [ RunTime:0.001114s ]

[ 2015-07-09T09:00:49+08:00 ] ::1 /finder/index.php/info/add/type/categroy/id/11
INFO: [ app_init ] --START--
INFO: Run Behavior\BuildLiteBehavior [ RunTime:0.000009s ]
INFO: [ app_init ] --END-- [ RunTime:0.000208s ]
INFO: [ app_begin ] --START--
INFO: Run Behavior\ReadHtmlCacheBehavior [ RunTime:0.000261s ]
INFO: [ app_begin ] --END-- [ RunTime:0.000293s ]
SQL: SHOW COLUMNS FROM `category` [ RunTime:0.0290s ]
SQL: SHOW COLUMNS FROM `category` [ RunTime:0.0017s ]
SQL: SELECT * FROM `category` WHERE ( c_id ="1" )  [ RunTime:0.0003s ]
SQL: SELECT * FROM `category` WHERE ( c_id ="11" )  [ RunTime:0.0004s ]
SQL: SELECT * FROM `category` WHERE ( c_id ="1" )  [ RunTime:0.0003s ]
INFO: [ view_parse ] --START--
INFO: [ template_filter ] --START--
INFO: Run Behavior\ContentReplaceBehavior [ RunTime:0.000034s ]
INFO: [ template_filter ] --END-- [ RunTime:0.000084s ]
NOTIC: [8] Undefined variable: dashbord /Users/ronin/workspace/php/finder/Application/Runtime/Cache/Admin/d3afdda9e078090e5847666b91c99766.php 第 24 行.
NOTIC: [8] Undefined variable: user /Users/ronin/workspace/php/finder/Application/Runtime/Cache/Admin/d3afdda9e078090e5847666b91c99766.php 第 24 行.
NOTIC: [8] Undefined variable: message /Users/ronin/workspace/php/finder/Application/Runtime/Cache/Admin/d3afdda9e078090e5847666b91c99766.php 第 24 行.
NOTIC: [8] Undefined variable: myself /Users/ronin/workspace/php/finder/Application/Runtime/Cache/Admin/d3afdda9e078090e5847666b91c99766.php 第 24 行.
NOTIC: [8] Undefined variable: isDashbord /Users/ronin/workspace/php/finder/Application/Runtime/Cache/Admin/d3afdda9e078090e5847666b91c99766.php 第 35 行.
NOTIC: [8] Undefined variable: isDashbord /Users/ronin/workspace/php/finder/Application/Runtime/Cache/Admin/d3afdda9e078090e5847666b91c99766.php 第 37 行.
INFO: Run Behavior\ParseTemplateBehavior [ RunTime:0.018967s ]
INFO: [ view_parse ] --END-- [ RunTime:0.019022s ]
INFO: [ view_filter ] --START--
INFO: Run Behavior\WriteHtmlCacheBehavior [ RunTime:0.000163s ]
INFO: [ view_filter ] --END-- [ RunTime:0.000199s ]
INFO: [ app_end ] --START--
INFO: Run Behavior\ShowPageTraceBehavior [ RunTime:0.000468s ]
INFO: [ app_end ] --END-- [ RunTime:0.000514s ]

[ 2015-07-09T09:02:06+08:00 ] ::1 /finder/index.php/info/add/type/categroy/id/11
INFO: [ app_init ] --START--
INFO: Run Behavior\BuildLiteBehavior [ RunTime:0.000018s ]
INFO: [ app_init ] --END-- [ RunTime:0.000675s ]
INFO: [ app_begin ] --START--
INFO: Run Behavior\ReadHtmlCacheBehavior [ RunTime:0.010482s ]
INFO: [ app_begin ] --END-- [ RunTime:0.010567s ]
SQL: SHOW COLUMNS FROM `category` [ RunTime:0.0292s ]
SQL: SHOW COLUMNS FROM `category` [ RunTime:0.0016s ]
SQL: SELECT * FROM `category` WHERE ( c_id ="1" )  [ RunTime:0.0002s ]
SQL: SELECT * FROM `category` WHERE ( c_id ="11" )  [ RunTime:0.0001s ]
SQL: SELECT * FROM `category` WHERE ( c_id ="1" )  [ RunTime:0.0001s ]
INFO: [ view_parse ] --START--
INFO: [ template_filter ] --START--
INFO: Run Behavior\ContentReplaceBehavior [ RunTime:0.000036s ]
INFO: [ template_filter ] --END-- [ RunTime:0.000089s ]
NOTIC: [8] Undefined variable: dashbord /Users/ronin/workspace/php/finder/Application/Runtime/Cache/Admin/d3afdda9e078090e5847666b91c99766.php 第 24 行.
NOTIC: [8] Undefined variable: user /Users/ronin/workspace/php/finder/Application/Runtime/Cache/Admin/d3afdda9e078090e5847666b91c99766.php 第 24 行.
NOTIC: [8] Undefined variable: message /Users/ronin/workspace/php/finder/Application/Runtime/Cache/Admin/d3afdda9e078090e5847666b91c99766.php 第 24 行.
NOTIC: [8] Undefined variable: myself /Users/ronin/workspace/php/finder/Application/Runtime/Cache/Admin/d3afdda9e078090e5847666b91c99766.php 第 24 行.
NOTIC: [8] Undefined variable: isDashbord /Users/ronin/workspace/php/finder/Application/Runtime/Cache/Admin/d3afdda9e078090e5847666b91c99766.php 第 35 行.
NOTIC: [8] Undefined variable: isDashbord /Users/ronin/workspace/php/finder/Application/Runtime/Cache/Admin/d3afdda9e078090e5847666b91c99766.php 第 37 行.
INFO: Run Behavior\ParseTemplateBehavior [ RunTime:0.108087s ]
INFO: [ view_parse ] --END-- [ RunTime:0.108136s ]
INFO: [ view_filter ] --START--
INFO: Run Behavior\WriteHtmlCacheBehavior [ RunTime:0.001019s ]
INFO: [ view_filter ] --END-- [ RunTime:0.001088s ]
INFO: [ app_end ] --START--
INFO: Run Behavior\ShowPageTraceBehavior [ RunTime:0.001135s ]
INFO: [ app_end ] --END-- [ RunTime:0.001233s ]

[ 2015-07-09T09:04:48+08:00 ] ::1 /finder/index.php/info/add/type/categroy/id/11
INFO: [ app_init ] --START--
INFO: Run Behavior\BuildLiteBehavior [ RunTime:0.000011s ]
INFO: [ app_init ] --END-- [ RunTime:0.000273s ]
INFO: [ app_begin ] --START--
INFO: Run Behavior\ReadHtmlCacheBehavior [ RunTime:0.000516s ]
INFO: [ app_begin ] --END-- [ RunTime:0.000586s ]
SQL: SHOW COLUMNS FROM `category` [ RunTime:0.0392s ]
SQL: SHOW COLUMNS FROM `category` [ RunTime:0.0017s ]
SQL: SELECT * FROM `category` WHERE ( c_id ="1" )  [ RunTime:0.0002s ]
SQL: SELECT * FROM `category` WHERE ( c_id ="11" )  [ RunTime:0.0002s ]
SQL: SELECT * FROM `category` WHERE ( c_id ="1" )  [ RunTime:0.0002s ]
INFO: [ view_parse ] --START--
INFO: [ template_filter ] --START--
INFO: Run Behavior\ContentReplaceBehavior [ RunTime:0.000030s ]
INFO: [ template_filter ] --END-- [ RunTime:0.000076s ]
NOTIC: [8] Undefined variable: dashbord /Users/ronin/workspace/php/finder/Application/Runtime/Cache/Admin/d3afdda9e078090e5847666b91c99766.php 第 24 行.
NOTIC: [8] Undefined variable: user /Users/ronin/workspace/php/finder/Application/Runtime/Cache/Admin/d3afdda9e078090e5847666b91c99766.php 第 24 行.
NOTIC: [8] Undefined variable: message /Users/ronin/workspace/php/finder/Application/Runtime/Cache/Admin/d3afdda9e078090e5847666b91c99766.php 第 24 行.
NOTIC: [8] Undefined variable: myself /Users/ronin/workspace/php/finder/Application/Runtime/Cache/Admin/d3afdda9e078090e5847666b91c99766.php 第 24 行.
NOTIC: [8] Undefined variable: isDashbord /Users/ronin/workspace/php/finder/Application/Runtime/Cache/Admin/d3afdda9e078090e5847666b91c99766.php 第 35 行.
NOTIC: [8] Undefined variable: isDashbord /Users/ronin/workspace/php/finder/Application/Runtime/Cache/Admin/d3afdda9e078090e5847666b91c99766.php 第 37 行.
INFO: Run Behavior\ParseTemplateBehavior [ RunTime:0.130606s ]
INFO: [ view_parse ] --END-- [ RunTime:0.130658s ]
INFO: [ view_filter ] --START--
INFO: Run Behavior\WriteHtmlCacheBehavior [ RunTime:0.000176s ]
INFO: [ view_filter ] --END-- [ RunTime:0.000214s ]
INFO: [ app_end ] --START--
INFO: Run Behavior\ShowPageTraceBehavior [ RunTime:0.000416s ]
INFO: [ app_end ] --END-- [ RunTime:0.000455s ]

[ 2015-07-09T09:05:06+08:00 ] ::1 /finder/index.php/info/add/type/categroy/id/11
INFO: [ app_init ] --START--
INFO: Run Behavior\BuildLiteBehavior [ RunTime:0.000014s ]
INFO: [ app_init ] --END-- [ RunTime:0.000514s ]
INFO: [ app_begin ] --START--
INFO: Run Behavior\ReadHtmlCacheBehavior [ RunTime:0.010646s ]
INFO: [ app_begin ] --END-- [ RunTime:0.010732s ]
SQL: SHOW COLUMNS FROM `category` [ RunTime:0.0021s ]
SQL: SHOW COLUMNS FROM `category` [ RunTime:0.0014s ]
SQL: SELECT * FROM `category` WHERE ( c_id ="1" )  [ RunTime:0.0002s ]
SQL: SELECT * FROM `category` WHERE ( c_id ="11" )  [ RunTime:0.0002s ]
SQL: SELECT * FROM `category` WHERE ( c_id ="1" )  [ RunTime:0.0002s ]
INFO: [ view_parse ] --START--
INFO: [ template_filter ] --START--
INFO: Run Behavior\ContentReplaceBehavior [ RunTime:0.000039s ]
INFO: [ template_filter ] --END-- [ RunTime:0.000102s ]
NOTIC: [8] Undefined variable: dashbord /Users/ronin/workspace/php/finder/Application/Runtime/Cache/Admin/d3afdda9e078090e5847666b91c99766.php 第 24 行.
NOTIC: [8] Undefined variable: user /Users/ronin/workspace/php/finder/Application/Runtime/Cache/Admin/d3afdda9e078090e5847666b91c99766.php 第 24 行.
NOTIC: [8] Undefined variable: message /Users/ronin/workspace/php/finder/Application/Runtime/Cache/Admin/d3afdda9e078090e5847666b91c99766.php 第 24 行.
NOTIC: [8] Undefined variable: myself /Users/ronin/workspace/php/finder/Application/Runtime/Cache/Admin/d3afdda9e078090e5847666b91c99766.php 第 24 行.
NOTIC: [8] Undefined variable: isDashbord /Users/ronin/workspace/php/finder/Application/Runtime/Cache/Admin/d3afdda9e078090e5847666b91c99766.php 第 35 行.
NOTIC: [8] Undefined variable: isDashbord /Users/ronin/workspace/php/finder/Application/Runtime/Cache/Admin/d3afdda9e078090e5847666b91c99766.php 第 37 行.
INFO: Run Behavior\ParseTemplateBehavior [ RunTime:0.084770s ]
INFO: [ view_parse ] --END-- [ RunTime:0.084808s ]
INFO: [ view_filter ] --START--
INFO: Run Behavior\WriteHtmlCacheBehavior [ RunTime:0.000432s ]
INFO: [ view_filter ] --END-- [ RunTime:0.000466s ]
INFO: [ app_end ] --START--
INFO: Run Behavior\ShowPageTraceBehavior [ RunTime:0.001431s ]
INFO: [ app_end ] --END-- [ RunTime:0.001487s ]

[ 2015-07-09T09:05:53+08:00 ] ::1 /finder/index.php/info/add/type/categroy/id/11
INFO: [ app_init ] --START--
INFO: Run Behavior\BuildLiteBehavior [ RunTime:0.000019s ]
INFO: [ app_init ] --END-- [ RunTime:0.000913s ]
INFO: [ app_begin ] --START--
INFO: Run Behavior\ReadHtmlCacheBehavior [ RunTime:0.010530s ]
INFO: [ app_begin ] --END-- [ RunTime:0.010598s ]
SQL: SHOW COLUMNS FROM `category` [ RunTime:0.0109s ]
SQL: SHOW COLUMNS FROM `category` [ RunTime:0.0028s ]
SQL: SELECT * FROM `category` WHERE ( c_id ="1" )  [ RunTime:0.0013s ]
SQL: SELECT * FROM `category` WHERE ( c_id ="11" )  [ RunTime:0.0005s ]
SQL: SELECT * FROM `category` WHERE ( c_id ="1" )  [ RunTime:0.0003s ]
INFO: [ view_parse ] --START--
INFO: [ template_filter ] --START--
INFO: Run Behavior\ContentReplaceBehavior [ RunTime:0.000037s ]
INFO: [ template_filter ] --END-- [ RunTime:0.000094s ]
NOTIC: [8] Undefined variable: dashbord /Users/ronin/workspace/php/finder/Application/Runtime/Cache/Admin/d3afdda9e078090e5847666b91c99766.php 第 24 行.
NOTIC: [8] Undefined variable: user /Users/ronin/workspace/php/finder/Application/Runtime/Cache/Admin/d3afdda9e078090e5847666b91c99766.php 第 24 行.
NOTIC: [8] Undefined variable: message /Users/ronin/workspace/php/finder/Application/Runtime/Cache/Admin/d3afdda9e078090e5847666b91c99766.php 第 24 行.
NOTIC: [8] Undefined variable: myself /Users/ronin/workspace/php/finder/Application/Runtime/Cache/Admin/d3afdda9e078090e5847666b91c99766.php 第 24 行.
NOTIC: [8] Undefined variable: isDashbord /Users/ronin/workspace/php/finder/Application/Runtime/Cache/Admin/d3afdda9e078090e5847666b91c99766.php 第 35 行.
NOTIC: [8] Undefined variable: isDashbord /Users/ronin/workspace/php/finder/Application/Runtime/Cache/Admin/d3afdda9e078090e5847666b91c99766.php 第 37 行.
INFO: Run Behavior\ParseTemplateBehavior [ RunTime:0.084939s ]
INFO: [ view_parse ] --END-- [ RunTime:0.084989s ]
INFO: [ view_filter ] --START--
INFO: Run Behavior\WriteHtmlCacheBehavior [ RunTime:0.001149s ]
INFO: [ view_filter ] --END-- [ RunTime:0.001215s ]
INFO: [ app_end ] --START--
INFO: Run Behavior\ShowPageTraceBehavior [ RunTime:0.001109s ]
INFO: [ app_end ] --END-- [ RunTime:0.001175s ]

[ 2015-07-09T09:06:05+08:00 ] ::1 /finder/index.php/info/add/type/categroy/id/11
INFO: [ app_init ] --START--
INFO: Run Behavior\BuildLiteBehavior [ RunTime:0.000010s ]
INFO: [ app_init ] --END-- [ RunTime:0.000225s ]
INFO: [ app_begin ] --START--
INFO: Run Behavior\ReadHtmlCacheBehavior [ RunTime:0.000286s ]
INFO: [ app_begin ] --END-- [ RunTime:0.000321s ]
SQL: SHOW COLUMNS FROM `category` [ RunTime:0.0028s ]
SQL: SHOW COLUMNS FROM `category` [ RunTime:0.0019s ]
SQL: SELECT * FROM `category` WHERE ( c_id ="1" )  [ RunTime:0.0003s ]
SQL: SELECT * FROM `category` WHERE ( c_id ="11" )  [ RunTime:0.0002s ]
SQL: SELECT * FROM `category` WHERE ( c_id ="1" )  [ RunTime:0.0001s ]
INFO: [ view_parse ] --START--
INFO: [ template_filter ] --START--
INFO: Run Behavior\ContentReplaceBehavior [ RunTime:0.000040s ]
INFO: [ template_filter ] --END-- [ RunTime:0.000101s ]
NOTIC: [8] Undefined variable: dashbord /Users/ronin/workspace/php/finder/Application/Runtime/Cache/Admin/d3afdda9e078090e5847666b91c99766.php 第 24 行.
NOTIC: [8] Undefined variable: user /Users/ronin/workspace/php/finder/Application/Runtime/Cache/Admin/d3afdda9e078090e5847666b91c99766.php 第 24 行.
NOTIC: [8] Undefined variable: message /Users/ronin/workspace/php/finder/Application/Runtime/Cache/Admin/d3afdda9e078090e5847666b91c99766.php 第 24 行.
NOTIC: [8] Undefined variable: myself /Users/ronin/workspace/php/finder/Application/Runtime/Cache/Admin/d3afdda9e078090e5847666b91c99766.php 第 24 行.
NOTIC: [8] Undefined variable: isDashbord /Users/ronin/workspace/php/finder/Application/Runtime/Cache/Admin/d3afdda9e078090e5847666b91c99766.php 第 35 行.
NOTIC: [8] Undefined variable: isDashbord /Users/ronin/workspace/php/finder/Application/Runtime/Cache/Admin/d3afdda9e078090e5847666b91c99766.php 第 37 行.
INFO: Run Behavior\ParseTemplateBehavior [ RunTime:0.007083s ]
INFO: [ view_parse ] --END-- [ RunTime:0.007126s ]
INFO: [ view_filter ] --START--
INFO: Run Behavior\WriteHtmlCacheBehavior [ RunTime:0.000153s ]
INFO: [ view_filter ] --END-- [ RunTime:0.000190s ]
INFO: [ app_end ] --START--
INFO: Run Behavior\ShowPageTraceBehavior [ RunTime:0.000407s ]
INFO: [ app_end ] --END-- [ RunTime:0.000446s ]

[ 2015-07-09T09:06:18+08:00 ] ::1 /finder/index.php/info/add/type/categroy/id/11
INFO: [ app_init ] --START--
INFO: Run Behavior\BuildLiteBehavior [ RunTime:0.000014s ]
INFO: [ app_init ] --END-- [ RunTime:0.000271s ]
INFO: [ app_begin ] --START--
INFO: Run Behavior\ReadHtmlCacheBehavior [ RunTime:0.000377s ]
INFO: [ app_begin ] --END-- [ RunTime:0.000419s ]
SQL: SHOW COLUMNS FROM `category` [ RunTime:0.0023s ]
SQL: SHOW COLUMNS FROM `category` [ RunTime:0.0014s ]
SQL: SELECT * FROM `category` WHERE ( c_id ="1" )  [ RunTime:0.0002s ]
SQL: SELECT * FROM `category` WHERE ( c_id ="11" )  [ RunTime:0.0001s ]
SQL: SELECT * FROM `category` WHERE ( c_id ="1" )  [ RunTime:0.0002s ]
INFO: [ view_parse ] --START--
INFO: [ template_filter ] --START--
INFO: Run Behavior\ContentReplaceBehavior [ RunTime:0.000054s ]
INFO: [ template_filter ] --END-- [ RunTime:0.000139s ]
NOTIC: [8] Undefined variable: dashbord /Users/ronin/workspace/php/finder/Application/Runtime/Cache/Admin/d3afdda9e078090e5847666b91c99766.php 第 24 行.
NOTIC: [8] Undefined variable: user /Users/ronin/workspace/php/finder/Application/Runtime/Cache/Admin/d3afdda9e078090e5847666b91c99766.php 第 24 行.
NOTIC: [8] Undefined variable: message /Users/ronin/workspace/php/finder/Application/Runtime/Cache/Admin/d3afdda9e078090e5847666b91c99766.php 第 24 行.
NOTIC: [8] Undefined variable: myself /Users/ronin/workspace/php/finder/Application/Runtime/Cache/Admin/d3afdda9e078090e5847666b91c99766.php 第 24 行.
NOTIC: [8] Undefined variable: isDashbord /Users/ronin/workspace/php/finder/Application/Runtime/Cache/Admin/d3afdda9e078090e5847666b91c99766.php 第 35 行.
NOTIC: [8] Undefined variable: isDashbord /Users/ronin/workspace/php/finder/Application/Runtime/Cache/Admin/d3afdda9e078090e5847666b91c99766.php 第 37 行.
INFO: Run Behavior\ParseTemplateBehavior [ RunTime:0.008972s ]
INFO: [ view_parse ] --END-- [ RunTime:0.009012s ]
INFO: [ view_filter ] --START--
INFO: Run Behavior\WriteHtmlCacheBehavior [ RunTime:0.000135s ]
INFO: [ view_filter ] --END-- [ RunTime:0.000165s ]
INFO: [ app_end ] --START--
INFO: Run Behavior\ShowPageTraceBehavior [ RunTime:0.000337s ]
INFO: [ app_end ] --END-- [ RunTime:0.000367s ]

[ 2015-07-09T09:06:54+08:00 ] ::1 /finder/index.php/info/add/type/categroy/id/11
INFO: [ app_init ] --START--
INFO: Run Behavior\BuildLiteBehavior [ RunTime:0.000013s ]
INFO: [ app_init ] --END-- [ RunTime:0.000355s ]
INFO: [ app_begin ] --START--
INFO: Run Behavior\ReadHtmlCacheBehavior [ RunTime:0.000310s ]
INFO: [ app_begin ] --END-- [ RunTime:0.000345s ]
SQL: SHOW COLUMNS FROM `category` [ RunTime:0.0022s ]
SQL: SHOW COLUMNS FROM `category` [ RunTime:0.0015s ]
SQL: SELECT * FROM `category` WHERE ( c_id ="1" )  [ RunTime:0.0003s ]
SQL: SELECT * FROM `category` WHERE ( c_id ="11" )  [ RunTime:0.0002s ]
SQL: SELECT * FROM `category` WHERE ( c_id ="1" )  [ RunTime:0.0002s ]
INFO: [ view_parse ] --START--
INFO: [ template_filter ] --START--
INFO: Run Behavior\ContentReplaceBehavior [ RunTime:0.000031s ]
INFO: [ template_filter ] --END-- [ RunTime:0.000075s ]
NOTIC: [8] Undefined variable: dashbord /Users/ronin/workspace/php/finder/Application/Runtime/Cache/Admin/d3afdda9e078090e5847666b91c99766.php 第 24 行.
NOTIC: [8] Undefined variable: user /Users/ronin/workspace/php/finder/Application/Runtime/Cache/Admin/d3afdda9e078090e5847666b91c99766.php 第 24 行.
NOTIC: [8] Undefined variable: message /Users/ronin/workspace/php/finder/Application/Runtime/Cache/Admin/d3afdda9e078090e5847666b91c99766.php 第 24 行.
NOTIC: [8] Undefined variable: myself /Users/ronin/workspace/php/finder/Application/Runtime/Cache/Admin/d3afdda9e078090e5847666b91c99766.php 第 24 行.
NOTIC: [8] Undefined variable: isDashbord /Users/ronin/workspace/php/finder/Application/Runtime/Cache/Admin/d3afdda9e078090e5847666b91c99766.php 第 35 行.
NOTIC: [8] Undefined variable: isDashbord /Users/ronin/workspace/php/finder/Application/Runtime/Cache/Admin/d3afdda9e078090e5847666b91c99766.php 第 37 行.
INFO: Run Behavior\ParseTemplateBehavior [ RunTime:0.011037s ]
INFO: [ view_parse ] --END-- [ RunTime:0.011079s ]
INFO: [ view_filter ] --START--
INFO: Run Behavior\WriteHtmlCacheBehavior [ RunTime:0.000131s ]
INFO: [ view_filter ] --END-- [ RunTime:0.000159s ]
INFO: [ app_end ] --START--
INFO: Run Behavior\ShowPageTraceBehavior [ RunTime:0.000392s ]
INFO: [ app_end ] --END-- [ RunTime:0.000425s ]

[ 2015-07-09T09:07:30+08:00 ] ::1 /finder/index.php/info/add/type/categroy/id/11
INFO: [ app_init ] --START--
INFO: Run Behavior\BuildLiteBehavior [ RunTime:0.000012s ]
INFO: [ app_init ] --END-- [ RunTime:0.000242s ]
INFO: [ app_begin ] --START--
INFO: Run Behavior\ReadHtmlCacheBehavior [ RunTime:0.000312s ]
INFO: [ app_begin ] --END-- [ RunTime:0.000344s ]
SQL: SHOW COLUMNS FROM `category` [ RunTime:0.0070s ]
SQL: SHOW COLUMNS FROM `category` [ RunTime:0.0017s ]
SQL: SELECT * FROM `category` WHERE ( c_id ="1" )  [ RunTime:0.0002s ]
SQL: SELECT * FROM `category` WHERE ( c_id ="11" )  [ RunTime:0.0002s ]
SQL: SELECT * FROM `category` WHERE ( c_id ="1" )  [ RunTime:0.0001s ]
INFO: [ view_parse ] --START--
INFO: [ template_filter ] --START--
INFO: Run Behavior\ContentReplaceBehavior [ RunTime:0.000026s ]
INFO: [ template_filter ] --END-- [ RunTime:0.000061s ]
NOTIC: [8] Undefined variable: dashbord /Users/ronin/workspace/php/finder/Application/Runtime/Cache/Admin/d3afdda9e078090e5847666b91c99766.php 第 24 行.
NOTIC: [8] Undefined variable: user /Users/ronin/workspace/php/finder/Application/Runtime/Cache/Admin/d3afdda9e078090e5847666b91c99766.php 第 24 行.
NOTIC: [8] Undefined variable: message /Users/ronin/workspace/php/finder/Application/Runtime/Cache/Admin/d3afdda9e078090e5847666b91c99766.php 第 24 行.
NOTIC: [8] Undefined variable: myself /Users/ronin/workspace/php/finder/Application/Runtime/Cache/Admin/d3afdda9e078090e5847666b91c99766.php 第 24 行.
NOTIC: [8] Undefined variable: isDashbord /Users/ronin/workspace/php/finder/Application/Runtime/Cache/Admin/d3afdda9e078090e5847666b91c99766.php 第 35 行.
NOTIC: [8] Undefined variable: isDashbord /Users/ronin/workspace/php/finder/Application/Runtime/Cache/Admin/d3afdda9e078090e5847666b91c99766.php 第 37 行.
INFO: Run Behavior\ParseTemplateBehavior [ RunTime:0.006878s ]
INFO: [ view_parse ] --END-- [ RunTime:0.006917s ]
INFO: [ view_filter ] --START--
INFO: Run Behavior\WriteHtmlCacheBehavior [ RunTime:0.000133s ]
INFO: [ view_filter ] --END-- [ RunTime:0.000163s ]
INFO: [ app_end ] --START--
INFO: Run Behavior\ShowPageTraceBehavior [ RunTime:0.000392s ]
INFO: [ app_end ] --END-- [ RunTime:0.000431s ]

[ 2015-07-09T09:13:50+08:00 ] ::1 /finder/index.php/info/add/type/categroy/id/11
INFO: [ app_init ] --START--
INFO: Run Behavior\BuildLiteBehavior [ RunTime:0.000018s ]
INFO: [ app_init ] --END-- [ RunTime:0.001085s ]
INFO: [ app_begin ] --START--
INFO: Run Behavior\ReadHtmlCacheBehavior [ RunTime:0.008578s ]
INFO: [ app_begin ] --END-- [ RunTime:0.008667s ]
SQL: SHOW COLUMNS FROM `category` [ RunTime:0.0287s ]
SQL: SHOW COLUMNS FROM `category` [ RunTime:0.0319s ]
SQL: SELECT * FROM `category` WHERE ( c_id ="1" )  [ RunTime:0.0003s ]
SQL: SELECT * FROM `category` WHERE ( c_id ="11" )  [ RunTime:0.0002s ]
SQL: SELECT * FROM `category` WHERE ( c_id ="1" )  [ RunTime:0.0002s ]
INFO: [ view_parse ] --START--
INFO: [ template_filter ] --START--
INFO: Run Behavior\ContentReplaceBehavior [ RunTime:0.000037s ]
INFO: [ template_filter ] --END-- [ RunTime:0.000096s ]
NOTIC: [8] Undefined variable: dashbord /Users/ronin/workspace/php/finder/Application/Runtime/Cache/Admin/d3afdda9e078090e5847666b91c99766.php 第 24 行.
NOTIC: [8] Undefined variable: user /Users/ronin/workspace/php/finder/Application/Runtime/Cache/Admin/d3afdda9e078090e5847666b91c99766.php 第 24 行.
NOTIC: [8] Undefined variable: message /Users/ronin/workspace/php/finder/Application/Runtime/Cache/Admin/d3afdda9e078090e5847666b91c99766.php 第 24 行.
NOTIC: [8] Undefined variable: myself /Users/ronin/workspace/php/finder/Application/Runtime/Cache/Admin/d3afdda9e078090e5847666b91c99766.php 第 24 行.
NOTIC: [8] Undefined variable: isDashbord /Users/ronin/workspace/php/finder/Application/Runtime/Cache/Admin/d3afdda9e078090e5847666b91c99766.php 第 35 行.
NOTIC: [8] Undefined variable: isDashbord /Users/ronin/workspace/php/finder/Application/Runtime/Cache/Admin/d3afdda9e078090e5847666b91c99766.php 第 37 行.
INFO: Run Behavior\ParseTemplateBehavior [ RunTime:0.132655s ]
INFO: [ view_parse ] --END-- [ RunTime:0.132705s ]
INFO: [ view_filter ] --START--
INFO: Run Behavior\WriteHtmlCacheBehavior [ RunTime:0.001641s ]
INFO: [ view_filter ] --END-- [ RunTime:0.001713s ]
INFO: [ app_end ] --START--
INFO: Run Behavior\ShowPageTraceBehavior [ RunTime:0.001121s ]
INFO: [ app_end ] --END-- [ RunTime:0.001195s ]

[ 2015-07-09T09:14:11+08:00 ] ::1 /finder/index.php/info/add/type/categroy/id/11
INFO: [ app_init ] --START--
INFO: Run Behavior\BuildLiteBehavior [ RunTime:0.000011s ]
INFO: [ app_init ] --END-- [ RunTime:0.000214s ]
INFO: [ app_begin ] --START--
INFO: Run Behavior\ReadHtmlCacheBehavior [ RunTime:0.000263s ]
INFO: [ app_begin ] --END-- [ RunTime:0.000296s ]
SQL: SHOW COLUMNS FROM `category` [ RunTime:0.0059s ]
SQL: SHOW COLUMNS FROM `category` [ RunTime:0.0016s ]
SQL: SELECT * FROM `category` WHERE ( c_id ="1" )  [ RunTime:0.0002s ]
SQL: SELECT * FROM `category` WHERE ( c_id ="11" )  [ RunTime:0.0002s ]
SQL: SELECT * FROM `category` WHERE ( c_id ="1" )  [ RunTime:0.0002s ]
INFO: [ view_parse ] --START--
INFO: [ template_filter ] --START--
INFO: Run Behavior\ContentReplaceBehavior [ RunTime:0.000032s ]
INFO: [ template_filter ] --END-- [ RunTime:0.000084s ]
NOTIC: [8] Undefined variable: dashbord /Users/ronin/workspace/php/finder/Application/Runtime/Cache/Admin/d3afdda9e078090e5847666b91c99766.php 第 24 行.
NOTIC: [8] Undefined variable: user /Users/ronin/workspace/php/finder/Application/Runtime/Cache/Admin/d3afdda9e078090e5847666b91c99766.php 第 24 行.
NOTIC: [8] Undefined variable: message /Users/ronin/workspace/php/finder/Application/Runtime/Cache/Admin/d3afdda9e078090e5847666b91c99766.php 第 24 行.
NOTIC: [8] Undefined variable: myself /Users/ronin/workspace/php/finder/Application/Runtime/Cache/Admin/d3afdda9e078090e5847666b91c99766.php 第 24 行.
NOTIC: [8] Undefined variable: isDashbord /Users/ronin/workspace/php/finder/Application/Runtime/Cache/Admin/d3afdda9e078090e5847666b91c99766.php 第 35 行.
NOTIC: [8] Undefined variable: isDashbord /Users/ronin/workspace/php/finder/Application/Runtime/Cache/Admin/d3afdda9e078090e5847666b91c99766.php 第 37 行.
INFO: Run Behavior\ParseTemplateBehavior [ RunTime:0.008326s ]
INFO: [ view_parse ] --END-- [ RunTime:0.008361s ]
INFO: [ view_filter ] --START--
INFO: Run Behavior\WriteHtmlCacheBehavior [ RunTime:0.000116s ]
INFO: [ view_filter ] --END-- [ RunTime:0.000142s ]
INFO: [ app_end ] --START--
INFO: Run Behavior\ShowPageTraceBehavior [ RunTime:0.000300s ]
INFO: [ app_end ] --END-- [ RunTime:0.000328s ]

[ 2015-07-09T09:14:58+08:00 ] ::1 /finder/index.php/info/add/type/categroy/id/11
INFO: [ app_init ] --START--
INFO: Run Behavior\BuildLiteBehavior [ RunTime:0.000011s ]
INFO: [ app_init ] --END-- [ RunTime:0.000227s ]
INFO: [ app_begin ] --START--
INFO: Run Behavior\ReadHtmlCacheBehavior [ RunTime:0.000281s ]
INFO: [ app_begin ] --END-- [ RunTime:0.000315s ]
SQL: SHOW COLUMNS FROM `category` [ RunTime:0.0257s ]
SQL: SHOW COLUMNS FROM `category` [ RunTime:0.0033s ]
SQL: SELECT * FROM `category` WHERE ( c_id ="1" )  [ RunTime:0.0003s ]
SQL: SELECT * FROM `category` WHERE ( c_id ="11" )  [ RunTime:0.0002s ]
SQL: SELECT * FROM `category` WHERE ( c_id ="1" )  [ RunTime:0.0001s ]
INFO: [ view_parse ] --START--
INFO: [ template_filter ] --START--
INFO: Run Behavior\ContentReplaceBehavior [ RunTime:0.000072s ]
INFO: [ template_filter ] --END-- [ RunTime:0.000168s ]
NOTIC: [8] Undefined variable: dashbord /Users/ronin/workspace/php/finder/Application/Runtime/Cache/Admin/d3afdda9e078090e5847666b91c99766.php 第 24 行.
NOTIC: [8] Undefined variable: user /Users/ronin/workspace/php/finder/Application/Runtime/Cache/Admin/d3afdda9e078090e5847666b91c99766.php 第 24 行.
NOTIC: [8] Undefined variable: message /Users/ronin/workspace/php/finder/Application/Runtime/Cache/Admin/d3afdda9e078090e5847666b91c99766.php 第 24 行.
NOTIC: [8] Undefined variable: myself /Users/ronin/workspace/php/finder/Application/Runtime/Cache/Admin/d3afdda9e078090e5847666b91c99766.php 第 24 行.
NOTIC: [8] Undefined variable: isDashbord /Users/ronin/workspace/php/finder/Application/Runtime/Cache/Admin/d3afdda9e078090e5847666b91c99766.php 第 35 行.
NOTIC: [8] Undefined variable: isDashbord /Users/ronin/workspace/php/finder/Application/Runtime/Cache/Admin/d3afdda9e078090e5847666b91c99766.php 第 37 行.
INFO: Run Behavior\ParseTemplateBehavior [ RunTime:0.031695s ]
INFO: [ view_parse ] --END-- [ RunTime:0.031770s ]
INFO: [ view_filter ] --START--
INFO: Run Behavior\WriteHtmlCacheBehavior [ RunTime:0.000208s ]
INFO: [ view_filter ] --END-- [ RunTime:0.000249s ]
INFO: [ app_end ] --START--
INFO: Run Behavior\ShowPageTraceBehavior [ RunTime:0.000577s ]
INFO: [ app_end ] --END-- [ RunTime:0.000631s ]

[ 2015-07-09T09:21:31+08:00 ] ::1 /finder/index.php/info/add/type/categroy/id/11
INFO: [ app_init ] --START--
INFO: Run Behavior\BuildLiteBehavior [ RunTime:0.000015s ]
INFO: [ app_init ] --END-- [ RunTime:0.000663s ]
INFO: [ app_begin ] --START--
INFO: Run Behavior\ReadHtmlCacheBehavior [ RunTime:0.008469s ]
INFO: [ app_begin ] --END-- [ RunTime:0.008550s ]
SQL: SHOW COLUMNS FROM `category` [ RunTime:0.0257s ]
SQL: SHOW COLUMNS FROM `category` [ RunTime:0.0022s ]
SQL: SELECT * FROM `category` WHERE ( c_id ="1" )  [ RunTime:0.0003s ]
SQL: SELECT * FROM `category` WHERE ( c_id ="11" )  [ RunTime:0.0002s ]
SQL: SELECT * FROM `category` WHERE ( c_id ="1" )  [ RunTime:0.0002s ]
INFO: [ view_parse ] --START--
INFO: [ template_filter ] --START--
INFO: Run Behavior\ContentReplaceBehavior [ RunTime:0.000035s ]
INFO: [ template_filter ] --END-- [ RunTime:0.000090s ]
NOTIC: [8] Undefined variable: dashbord /Users/ronin/workspace/php/finder/Application/Runtime/Cache/Admin/d3afdda9e078090e5847666b91c99766.php 第 24 行.
NOTIC: [8] Undefined variable: user /Users/ronin/workspace/php/finder/Application/Runtime/Cache/Admin/d3afdda9e078090e5847666b91c99766.php 第 24 行.
NOTIC: [8] Undefined variable: message /Users/ronin/workspace/php/finder/Application/Runtime/Cache/Admin/d3afdda9e078090e5847666b91c99766.php 第 24 行.
NOTIC: [8] Undefined variable: myself /Users/ronin/workspace/php/finder/Application/Runtime/Cache/Admin/d3afdda9e078090e5847666b91c99766.php 第 24 行.
NOTIC: [8] Undefined variable: isDashbord /Users/ronin/workspace/php/finder/Application/Runtime/Cache/Admin/d3afdda9e078090e5847666b91c99766.php 第 35 行.
NOTIC: [8] Undefined variable: isDashbord /Users/ronin/workspace/php/finder/Application/Runtime/Cache/Admin/d3afdda9e078090e5847666b91c99766.php 第 37 行.
INFO: Run Behavior\ParseTemplateBehavior [ RunTime:0.129809s ]
INFO: [ view_parse ] --END-- [ RunTime:0.129859s ]
INFO: [ view_filter ] --START--
INFO: Run Behavior\WriteHtmlCacheBehavior [ RunTime:0.000989s ]
INFO: [ view_filter ] --END-- [ RunTime:0.001033s ]
INFO: [ app_end ] --START--
INFO: Run Behavior\ShowPageTraceBehavior [ RunTime:0.000778s ]
INFO: [ app_end ] --END-- [ RunTime:0.000824s ]

[ 2015-07-09T09:24:09+08:00 ] ::1 /finder/index.php/info/add/type/categroy/id/11
INFO: [ app_init ] --START--
INFO: Run Behavior\BuildLiteBehavior [ RunTime:0.000014s ]
INFO: [ app_init ] --END-- [ RunTime:0.000499s ]
INFO: [ app_begin ] --START--
INFO: Run Behavior\ReadHtmlCacheBehavior [ RunTime:0.010565s ]
INFO: [ app_begin ] --END-- [ RunTime:0.010632s ]
SQL: SHOW COLUMNS FROM `category` [ RunTime:0.0300s ]
SQL: SHOW COLUMNS FROM `category` [ RunTime:0.0017s ]
SQL: SELECT * FROM `category` WHERE ( c_id ="1" )  [ RunTime:0.0002s ]
SQL: SELECT * FROM `category` WHERE ( c_id ="11" )  [ RunTime:0.0002s ]
SQL: SELECT * FROM `category` WHERE ( c_id ="1" )  [ RunTime:0.0001s ]
INFO: [ view_parse ] --START--
INFO: [ template_filter ] --START--
INFO: Run Behavior\ContentReplaceBehavior [ RunTime:0.000031s ]
INFO: [ template_filter ] --END-- [ RunTime:0.000077s ]
NOTIC: [8] Undefined variable: dashbord /Users/ronin/workspace/php/finder/Application/Runtime/Cache/Admin/d3afdda9e078090e5847666b91c99766.php 第 24 行.
NOTIC: [8] Undefined variable: user /Users/ronin/workspace/php/finder/Application/Runtime/Cache/Admin/d3afdda9e078090e5847666b91c99766.php 第 24 行.
NOTIC: [8] Undefined variable: message /Users/ronin/workspace/php/finder/Application/Runtime/Cache/Admin/d3afdda9e078090e5847666b91c99766.php 第 24 行.
NOTIC: [8] Undefined variable: myself /Users/ronin/workspace/php/finder/Application/Runtime/Cache/Admin/d3afdda9e078090e5847666b91c99766.php 第 24 行.
NOTIC: [8] Undefined variable: isDashbord /Users/ronin/workspace/php/finder/Application/Runtime/Cache/Admin/d3afdda9e078090e5847666b91c99766.php 第 35 行.
NOTIC: [8] Undefined variable: isDashbord /Users/ronin/workspace/php/finder/Application/Runtime/Cache/Admin/d3afdda9e078090e5847666b91c99766.php 第 37 行.
INFO: Run Behavior\ParseTemplateBehavior [ RunTime:0.084817s ]
INFO: [ view_parse ] --END-- [ RunTime:0.084861s ]
INFO: [ view_filter ] --START--
INFO: Run Behavior\WriteHtmlCacheBehavior [ RunTime:0.001302s ]
INFO: [ view_filter ] --END-- [ RunTime:0.001378s ]
INFO: [ app_end ] --START--
INFO: Run Behavior\ShowPageTraceBehavior [ RunTime:0.000701s ]
INFO: [ app_end ] --END-- [ RunTime:0.000737s ]

[ 2015-07-09T09:25:01+08:00 ] ::1 /finder/index.php/info/add/type/categroy/id/11
INFO: [ app_init ] --START--
INFO: Run Behavior\BuildLiteBehavior [ RunTime:0.000019s ]
INFO: [ app_init ] --END-- [ RunTime:0.000711s ]
INFO: [ app_begin ] --START--
INFO: Run Behavior\ReadHtmlCacheBehavior [ RunTime:0.010790s ]
INFO: [ app_begin ] --END-- [ RunTime:0.010873s ]
SQL: SHOW COLUMNS FROM `category` [ RunTime:0.0166s ]
SQL: SHOW COLUMNS FROM `category` [ RunTime:0.0017s ]
SQL: SELECT * FROM `category` WHERE ( c_id ="1" )  [ RunTime:0.0009s ]
SQL: SELECT * FROM `category` WHERE ( c_id ="11" )  [ RunTime:0.0009s ]
SQL: SELECT * FROM `category` WHERE ( c_id ="1" )  [ RunTime:0.0003s ]
INFO: [ view_parse ] --START--
INFO: [ template_filter ] --START--
INFO: Run Behavior\ContentReplaceBehavior [ RunTime:0.000038s ]
INFO: [ template_filter ] --END-- [ RunTime:0.000102s ]
NOTIC: [8] Undefined variable: dashbord /Users/ronin/workspace/php/finder/Application/Runtime/Cache/Admin/d3afdda9e078090e5847666b91c99766.php 第 24 行.
NOTIC: [8] Undefined variable: user /Users/ronin/workspace/php/finder/Application/Runtime/Cache/Admin/d3afdda9e078090e5847666b91c99766.php 第 24 行.
NOTIC: [8] Undefined variable: message /Users/ronin/workspace/php/finder/Application/Runtime/Cache/Admin/d3afdda9e078090e5847666b91c99766.php 第 24 行.
NOTIC: [8] Undefined variable: myself /Users/ronin/workspace/php/finder/Application/Runtime/Cache/Admin/d3afdda9e078090e5847666b91c99766.php 第 24 行.
NOTIC: [8] Undefined variable: isDashbord /Users/ronin/workspace/php/finder/Application/Runtime/Cache/Admin/d3afdda9e078090e5847666b91c99766.php 第 35 行.
NOTIC: [8] Undefined variable: isDashbord /Users/ronin/workspace/php/finder/Application/Runtime/Cache/Admin/d3afdda9e078090e5847666b91c99766.php 第 37 行.
INFO: Run Behavior\ParseTemplateBehavior [ RunTime:0.128916s ]
INFO: [ view_parse ] --END-- [ RunTime:0.128975s ]
INFO: [ view_filter ] --START--
INFO: Run Behavior\WriteHtmlCacheBehavior [ RunTime:0.034605s ]
INFO: [ view_filter ] --END-- [ RunTime:0.034668s ]
INFO: [ app_end ] --START--
INFO: Run Behavior\ShowPageTraceBehavior [ RunTime:0.010995s ]
INFO: [ app_end ] --END-- [ RunTime:0.011056s ]

[ 2015-07-09T09:25:38+08:00 ] ::1 /finder/index.php/info/add/type/categroy/id/11
INFO: [ app_init ] --START--
INFO: Run Behavior\BuildLiteBehavior [ RunTime:0.000017s ]
INFO: [ app_init ] --END-- [ RunTime:0.000440s ]
INFO: [ app_begin ] --START--
INFO: Run Behavior\ReadHtmlCacheBehavior [ RunTime:0.000298s ]
INFO: [ app_begin ] --END-- [ RunTime:0.000333s ]
SQL: SHOW COLUMNS FROM `category` [ RunTime:0.0068s ]
SQL: SHOW COLUMNS FROM `category` [ RunTime:0.0014s ]
SQL: SELECT * FROM `category` WHERE ( c_id ="1" )  [ RunTime:0.0002s ]
SQL: SELECT * FROM `category` WHERE ( c_id ="11" )  [ RunTime:0.0001s ]
SQL: SELECT * FROM `category` WHERE ( c_id ="1" )  [ RunTime:0.0001s ]
INFO: [ view_parse ] --START--
INFO: [ template_filter ] --START--
INFO: Run Behavior\ContentReplaceBehavior [ RunTime:0.000028s ]
INFO: [ template_filter ] --END-- [ RunTime:0.000062s ]
NOTIC: [8] Undefined variable: dashbord /Users/ronin/workspace/php/finder/Application/Runtime/Cache/Admin/d3afdda9e078090e5847666b91c99766.php 第 24 行.
NOTIC: [8] Undefined variable: user /Users/ronin/workspace/php/finder/Application/Runtime/Cache/Admin/d3afdda9e078090e5847666b91c99766.php 第 24 行.
NOTIC: [8] Undefined variable: message /Users/ronin/workspace/php/finder/Application/Runtime/Cache/Admin/d3afdda9e078090e5847666b91c99766.php 第 24 行.
NOTIC: [8] Undefined variable: myself /Users/ronin/workspace/php/finder/Application/Runtime/Cache/Admin/d3afdda9e078090e5847666b91c99766.php 第 24 行.
NOTIC: [8] Undefined variable: isDashbord /Users/ronin/workspace/php/finder/Application/Runtime/Cache/Admin/d3afdda9e078090e5847666b91c99766.php 第 35 行.
NOTIC: [8] Undefined variable: isDashbord /Users/ronin/workspace/php/finder/Application/Runtime/Cache/Admin/d3afdda9e078090e5847666b91c99766.php 第 37 行.
INFO: Run Behavior\ParseTemplateBehavior [ RunTime:0.006529s ]
INFO: [ view_parse ] --END-- [ RunTime:0.006580s ]
INFO: [ view_filter ] --START--
INFO: Run Behavior\WriteHtmlCacheBehavior [ RunTime:0.000173s ]
INFO: [ view_filter ] --END-- [ RunTime:0.000212s ]
INFO: [ app_end ] --START--
INFO: Run Behavior\ShowPageTraceBehavior [ RunTime:0.000332s ]
INFO: [ app_end ] --END-- [ RunTime:0.000363s ]

[ 2015-07-09T09:25:57+08:00 ] ::1 /finder/index.php/info/add/type/categroy/id/11
INFO: [ app_init ] --START--
INFO: Run Behavior\BuildLiteBehavior [ RunTime:0.000010s ]
INFO: [ app_init ] --END-- [ RunTime:0.000224s ]
INFO: [ app_begin ] --START--
INFO: Run Behavior\ReadHtmlCacheBehavior [ RunTime:0.000292s ]
INFO: [ app_begin ] --END-- [ RunTime:0.000328s ]
SQL: SHOW COLUMNS FROM `category` [ RunTime:0.0061s ]
SQL: SHOW COLUMNS FROM `category` [ RunTime:0.0016s ]
SQL: SELECT * FROM `category` WHERE ( c_id ="1" )  [ RunTime:0.0002s ]
SQL: SELECT * FROM `category` WHERE ( c_id ="11" )  [ RunTime:0.0001s ]
SQL: SELECT * FROM `category` WHERE ( c_id ="1" )  [ RunTime:0.0001s ]
INFO: [ view_parse ] --START--
INFO: [ template_filter ] --START--
INFO: Run Behavior\ContentReplaceBehavior [ RunTime:0.000029s ]
INFO: [ template_filter ] --END-- [ RunTime:0.000072s ]
NOTIC: [8] Undefined variable: dashbord /Users/ronin/workspace/php/finder/Application/Runtime/Cache/Admin/d3afdda9e078090e5847666b91c99766.php 第 24 行.
NOTIC: [8] Undefined variable: user /Users/ronin/workspace/php/finder/Application/Runtime/Cache/Admin/d3afdda9e078090e5847666b91c99766.php 第 24 行.
NOTIC: [8] Undefined variable: message /Users/ronin/workspace/php/finder/Application/Runtime/Cache/Admin/d3afdda9e078090e5847666b91c99766.php 第 24 行.
NOTIC: [8] Undefined variable: myself /Users/ronin/workspace/php/finder/Application/Runtime/Cache/Admin/d3afdda9e078090e5847666b91c99766.php 第 24 行.
NOTIC: [8] Undefined variable: isDashbord /Users/ronin/workspace/php/finder/Application/Runtime/Cache/Admin/d3afdda9e078090e5847666b91c99766.php 第 35 行.
NOTIC: [8] Undefined variable: isDashbord /Users/ronin/workspace/php/finder/Application/Runtime/Cache/Admin/d3afdda9e078090e5847666b91c99766.php 第 37 行.
INFO: Run Behavior\ParseTemplateBehavior [ RunTime:0.007380s ]
INFO: [ view_parse ] --END-- [ RunTime:0.007414s ]
INFO: [ view_filter ] --START--
INFO: Run Behavior\WriteHtmlCacheBehavior [ RunTime:0.000112s ]
INFO: [ view_filter ] --END-- [ RunTime:0.000139s ]
INFO: [ app_end ] --START--
INFO: Run Behavior\ShowPageTraceBehavior [ RunTime:0.000301s ]
INFO: [ app_end ] --END-- [ RunTime:0.000329s ]

[ 2015-07-09T09:28:18+08:00 ] ::1 /finder/index.php/info/add/type/categroy/id/11
INFO: [ app_init ] --START--
INFO: Run Behavior\BuildLiteBehavior [ RunTime:0.000025s ]
INFO: [ app_init ] --END-- [ RunTime:0.001004s ]
INFO: [ app_begin ] --START--
INFO: Run Behavior\ReadHtmlCacheBehavior [ RunTime:0.008651s ]
INFO: [ app_begin ] --END-- [ RunTime:0.008725s ]
SQL: SHOW COLUMNS FROM `category` [ RunTime:0.0143s ]
SQL: SHOW COLUMNS FROM `category` [ RunTime:0.0038s ]
SQL: SELECT * FROM `category` WHERE ( c_id ="1" )  [ RunTime:0.0002s ]
SQL: SELECT * FROM `category` WHERE ( c_id ="11" )  [ RunTime:0.0001s ]
SQL: SELECT * FROM `category` WHERE ( c_id ="1" )  [ RunTime:0.0001s ]
INFO: [ view_parse ] --START--
INFO: [ template_filter ] --START--
INFO: Run Behavior\ContentReplaceBehavior [ RunTime:0.000033s ]
INFO: [ template_filter ] --END-- [ RunTime:0.000083s ]
NOTIC: [8] Undefined variable: dashbord /Users/ronin/workspace/php/finder/Application/Runtime/Cache/Admin/d3afdda9e078090e5847666b91c99766.php 第 24 行.
NOTIC: [8] Undefined variable: user /Users/ronin/workspace/php/finder/Application/Runtime/Cache/Admin/d3afdda9e078090e5847666b91c99766.php 第 24 行.
NOTIC: [8] Undefined variable: message /Users/ronin/workspace/php/finder/Application/Runtime/Cache/Admin/d3afdda9e078090e5847666b91c99766.php 第 24 行.
NOTIC: [8] Undefined variable: myself /Users/ronin/workspace/php/finder/Application/Runtime/Cache/Admin/d3afdda9e078090e5847666b91c99766.php 第 24 行.
NOTIC: [8] Undefined variable: isDashbord /Users/ronin/workspace/php/finder/Application/Runtime/Cache/Admin/d3afdda9e078090e5847666b91c99766.php 第 35 行.
NOTIC: [8] Undefined variable: isDashbord /Users/ronin/workspace/php/finder/Application/Runtime/Cache/Admin/d3afdda9e078090e5847666b91c99766.php 第 37 行.
INFO: Run Behavior\ParseTemplateBehavior [ RunTime:0.118865s ]
INFO: [ view_parse ] --END-- [ RunTime:0.118914s ]
INFO: [ view_filter ] --START--
INFO: Run Behavior\WriteHtmlCacheBehavior [ RunTime:0.043712s ]
INFO: [ view_filter ] --END-- [ RunTime:0.043796s ]
INFO: [ app_end ] --START--
INFO: Run Behavior\ShowPageTraceBehavior [ RunTime:0.000914s ]
INFO: [ app_end ] --END-- [ RunTime:0.000983s ]

