[ 2015-07-01T22:00:41+08:00 ] ::1 /finder/
INFO: [ app_init ] --START--
INFO: Run Behavior\BuildLiteBehavior [ RunTime:0.000014s ]
INFO: [ app_init ] --END-- [ RunTime:0.000227s ]
INFO: [ app_begin ] --START--
INFO: Run Behavior\ReadHtmlCacheBehavior [ RunTime:0.000482s ]
INFO: [ app_begin ] --END-- [ RunTime:0.000544s ]
SQL: SHOW COLUMNS FROM `user` [ RunTime:0.0096s ]
NOTIC: [2] Missing argument 1 for Core\Service\UserService::findUser(), called in /Users/ronin/workspace/php/finder/Application/Admin/Controller/LoginController.class.php on line 8 and defined /Users/ronin/workspace/php/finder/Application/Core/Service/UserService.class.php 第 7 行.
SQL: SHOW COLUMNS FROM `user` [ RunTime:0.0053s ]
NOTIC: [8] Undefined variable: user /Users/ronin/workspace/php/finder/Application/Core/Service/UserService.class.php 第 9 行.
SQL: SELECT * FROM `user` WHERE ( account='' )  [ RunTime:0.0002s ]
INFO: [ view_parse ] --START--
INFO: [ template_filter ] --START--
INFO: Run Behavior\ContentReplaceBehavior [ RunTime:0.000034s ]
INFO: [ template_filter ] --END-- [ RunTime:0.000088s ]
NOTIC: [2] file_put_contents(./Application/Runtime/Cache/Admin/49a26e20209869a5aa8a6380b3b18b5a.php): failed to open stream: Permission denied /Users/ronin/workspace/php/finder/ThinkPHP/Library/Think/Storage/Driver/File.class.php 第 47 行.
ERR: _STORAGE_WRITE_ERROR_:./Application/Runtime/Cache/Admin/49a26e20209869a5aa8a6380b3b18b5a.php

[ 2015-07-01T22:00:41+08:00 ] ::1 /finder/
INFO: [ app_init ] --START--
INFO: Run Behavior\BuildLiteBehavior [ RunTime:0.000040s ]
INFO: [ app_init ] --END-- [ RunTime:0.017069s ]
INFO: [ app_begin ] --START--
INFO: Run Behavior\ReadHtmlCacheBehavior [ RunTime:0.000350s ]
INFO: [ app_begin ] --END-- [ RunTime:0.000393s ]
SQL: SHOW COLUMNS FROM `user` [ RunTime:0.0517s ]
NOTIC: [2] Missing argument 1 for Core\Service\UserService::findUser(), called in /Users/ronin/workspace/php/finder/Application/Admin/Controller/LoginController.class.php on line 8 and defined /Users/ronin/workspace/php/finder/Application/Core/Service/UserService.class.php 第 7 行.
SQL: SHOW COLUMNS FROM `user` [ RunTime:0.0050s ]
NOTIC: [8] Undefined variable: user /Users/ronin/workspace/php/finder/Application/Core/Service/UserService.class.php 第 9 行.
SQL: SELECT * FROM `user` WHERE ( account='' )  [ RunTime:0.0003s ]
INFO: [ view_parse ] --START--
INFO: [ template_filter ] --START--
INFO: Run Behavior\ContentReplaceBehavior [ RunTime:0.000052s ]
INFO: [ template_filter ] --END-- [ RunTime:0.000130s ]
NOTIC: [2] file_put_contents(./Application/Runtime/Cache/Admin/49a26e20209869a5aa8a6380b3b18b5a.php): failed to open stream: Permission denied /Users/ronin/workspace/php/finder/ThinkPHP/Library/Think/Storage/Driver/File.class.php 第 47 行.
ERR: _STORAGE_WRITE_ERROR_:./Application/Runtime/Cache/Admin/49a26e20209869a5aa8a6380b3b18b5a.php

[ 2015-07-01T22:01:09+08:00 ] ::1 /finder/
INFO: [ app_init ] --START--
INFO: Run Behavior\BuildLiteBehavior [ RunTime:0.000017s ]
INFO: [ app_init ] --END-- [ RunTime:0.000335s ]
INFO: [ app_begin ] --START--
INFO: Run Behavior\ReadHtmlCacheBehavior [ RunTime:0.000423s ]
INFO: [ app_begin ] --END-- [ RunTime:0.000486s ]
SQL: SHOW COLUMNS FROM `user` [ RunTime:0.0063s ]
NOTIC: [2] Missing argument 1 for Core\Service\UserService::findUser(), called in /Users/ronin/workspace/php/finder/Application/Admin/Controller/LoginController.class.php on line 8 and defined /Users/ronin/workspace/php/finder/Application/Core/Service/UserService.class.php 第 7 行.
SQL: SHOW COLUMNS FROM `user` [ RunTime:0.0020s ]
NOTIC: [8] Undefined variable: user /Users/ronin/workspace/php/finder/Application/Core/Service/UserService.class.php 第 9 行.
SQL: SELECT * FROM `user` WHERE ( account='' )  [ RunTime:0.0003s ]
INFO: [ view_parse ] --START--
INFO: [ template_filter ] --START--
INFO: Run Behavior\ContentReplaceBehavior [ RunTime:0.000044s ]
INFO: [ template_filter ] --END-- [ RunTime:0.000110s ]
INFO: Run Behavior\ParseTemplateBehavior [ RunTime:0.007384s ]
INFO: [ view_parse ] --END-- [ RunTime:0.007454s ]
INFO: [ view_filter ] --START--
INFO: Run Behavior\WriteHtmlCacheBehavior [ RunTime:0.000140s ]
INFO: [ view_filter ] --END-- [ RunTime:0.000174s ]

[ 2015-07-01T22:01:19+08:00 ] ::1 /finder/index.php/
INFO: [ app_init ] --START--
INFO: Run Behavior\BuildLiteBehavior [ RunTime:0.000012s ]
INFO: [ app_init ] --END-- [ RunTime:0.000246s ]
INFO: [ app_begin ] --START--
INFO: Run Behavior\ReadHtmlCacheBehavior [ RunTime:0.000317s ]
INFO: [ app_begin ] --END-- [ RunTime:0.000356s ]
SQL: SHOW COLUMNS FROM `category` [ RunTime:0.0020s ]
SQL: SHOW COLUMNS FROM `category` [ RunTime:0.0012s ]
SQL: SELECT * FROM `category` WHERE ( c_id ="-1" )  [ RunTime:0.0002s ]
INFO: [ view_parse ] --START--
INFO: [ template_filter ] --START--
INFO: Run Behavior\ContentReplaceBehavior [ RunTime:0.000025s ]
INFO: [ template_filter ] --END-- [ RunTime:0.000078s ]
NOTIC: [8] Undefined variable: user /Users/ronin/workspace/php/finder/Application/Runtime/Cache/Admin/e8a885ee4581c99bee7d2fdd29fb7a6a.php 第 23 行.
NOTIC: [8] Undefined variable: message /Users/ronin/workspace/php/finder/Application/Runtime/Cache/Admin/e8a885ee4581c99bee7d2fdd29fb7a6a.php 第 23 行.
NOTIC: [8] Undefined variable: myself /Users/ronin/workspace/php/finder/Application/Runtime/Cache/Admin/e8a885ee4581c99bee7d2fdd29fb7a6a.php 第 23 行.
INFO: Run Behavior\ParseTemplateBehavior [ RunTime:0.006133s ]
INFO: [ view_parse ] --END-- [ RunTime:0.006184s ]
INFO: [ view_filter ] --START--
INFO: Run Behavior\WriteHtmlCacheBehavior [ RunTime:0.000111s ]
INFO: [ view_filter ] --END-- [ RunTime:0.000138s ]
INFO: [ app_end ] --START--
INFO: Run Behavior\ShowPageTraceBehavior [ RunTime:0.000387s ]
INFO: [ app_end ] --END-- [ RunTime:0.000415s ]

[ 2015-07-01T22:03:34+08:00 ] ::1 /finder/index.php/
INFO: [ app_init ] --START--
INFO: Run Behavior\BuildLiteBehavior [ RunTime:0.000015s ]
INFO: [ app_init ] --END-- [ RunTime:0.000252s ]
INFO: [ app_begin ] --START--
INFO: Run Behavior\ReadHtmlCacheBehavior [ RunTime:0.000311s ]
INFO: [ app_begin ] --END-- [ RunTime:0.000346s ]
SQL: SHOW COLUMNS FROM `category` [ RunTime:0.0020s ]
SQL: SHOW COLUMNS FROM `category` [ RunTime:0.0014s ]
SQL: SELECT * FROM `category` WHERE ( c_id ="-1" )  [ RunTime:0.0003s ]
INFO: [ view_parse ] --START--
INFO: [ template_filter ] --START--
INFO: Run Behavior\ContentReplaceBehavior [ RunTime:0.000030s ]
INFO: [ template_filter ] --END-- [ RunTime:0.000095s ]
NOTIC: [8] Undefined variable: user /Users/ronin/workspace/php/finder/Application/Runtime/Cache/Admin/e8a885ee4581c99bee7d2fdd29fb7a6a.php 第 23 行.
NOTIC: [8] Undefined variable: message /Users/ronin/workspace/php/finder/Application/Runtime/Cache/Admin/e8a885ee4581c99bee7d2fdd29fb7a6a.php 第 23 行.
NOTIC: [8] Undefined variable: myself /Users/ronin/workspace/php/finder/Application/Runtime/Cache/Admin/e8a885ee4581c99bee7d2fdd29fb7a6a.php 第 23 行.
INFO: Run Behavior\ParseTemplateBehavior [ RunTime:0.007726s ]
INFO: [ view_parse ] --END-- [ RunTime:0.007808s ]
INFO: [ view_filter ] --START--
INFO: Run Behavior\WriteHtmlCacheBehavior [ RunTime:0.000140s ]
INFO: [ view_filter ] --END-- [ RunTime:0.000169s ]
INFO: [ app_end ] --START--
INFO: Run Behavior\ShowPageTraceBehavior [ RunTime:0.000405s ]
INFO: [ app_end ] --END-- [ RunTime:0.000444s ]

[ 2015-07-01T22:12:39+08:00 ] ::1 /finder/index.php/
INFO: [ app_init ] --START--
INFO: Run Behavior\BuildLiteBehavior [ RunTime:0.000012s ]
INFO: [ app_init ] --END-- [ RunTime:0.000276s ]
INFO: [ app_begin ] --START--
INFO: Run Behavior\ReadHtmlCacheBehavior [ RunTime:0.000335s ]
INFO: [ app_begin ] --END-- [ RunTime:0.000375s ]
SQL: SHOW COLUMNS FROM `category` [ RunTime:0.0021s ]
SQL: SHOW COLUMNS FROM `category` [ RunTime:0.0014s ]
SQL: SELECT * FROM `category` WHERE ( c_id ="-1" )  [ RunTime:0.0002s ]
INFO: [ view_parse ] --START--
INFO: [ template_filter ] --START--
INFO: Run Behavior\ContentReplaceBehavior [ RunTime:0.000027s ]
INFO: [ template_filter ] --END-- [ RunTime:0.000068s ]
NOTIC: [8] Undefined variable: user /Users/ronin/workspace/php/finder/Application/Runtime/Cache/Admin/e8a885ee4581c99bee7d2fdd29fb7a6a.php 第 23 行.
NOTIC: [8] Undefined variable: message /Users/ronin/workspace/php/finder/Application/Runtime/Cache/Admin/e8a885ee4581c99bee7d2fdd29fb7a6a.php 第 23 行.
NOTIC: [8] Undefined variable: myself /Users/ronin/workspace/php/finder/Application/Runtime/Cache/Admin/e8a885ee4581c99bee7d2fdd29fb7a6a.php 第 23 行.
INFO: Run Behavior\ParseTemplateBehavior [ RunTime:0.005912s ]
INFO: [ view_parse ] --END-- [ RunTime:0.005948s ]
INFO: [ view_filter ] --START--
INFO: Run Behavior\WriteHtmlCacheBehavior [ RunTime:0.000106s ]
INFO: [ view_filter ] --END-- [ RunTime:0.000141s ]
INFO: [ app_end ] --START--
INFO: Run Behavior\ShowPageTraceBehavior [ RunTime:0.000291s ]
INFO: [ app_end ] --END-- [ RunTime:0.000317s ]

[ 2015-07-01T22:19:19+08:00 ] ::1 /finder/index.php/
INFO: [ app_init ] --START--
INFO: Run Behavior\BuildLiteBehavior [ RunTime:0.000012s ]
INFO: [ app_init ] --END-- [ RunTime:0.000266s ]
INFO: [ app_begin ] --START--
INFO: Run Behavior\ReadHtmlCacheBehavior [ RunTime:0.000308s ]
INFO: [ app_begin ] --END-- [ RunTime:0.000343s ]
SQL: SHOW COLUMNS FROM `category` [ RunTime:0.0062s ]
SQL: SHOW COLUMNS FROM `category` [ RunTime:0.0022s ]
SQL: SELECT * FROM `category` WHERE ( c_id ="-1" )  [ RunTime:0.0004s ]
INFO: [ view_parse ] --START--
INFO: [ template_filter ] --START--
INFO: Run Behavior\ContentReplaceBehavior [ RunTime:0.000028s ]
INFO: [ template_filter ] --END-- [ RunTime:0.000082s ]
NOTIC: [8] Undefined variable: user /Users/ronin/workspace/php/finder/Application/Runtime/Cache/Admin/e8a885ee4581c99bee7d2fdd29fb7a6a.php 第 23 行.
NOTIC: [8] Undefined variable: message /Users/ronin/workspace/php/finder/Application/Runtime/Cache/Admin/e8a885ee4581c99bee7d2fdd29fb7a6a.php 第 23 行.
NOTIC: [8] Undefined variable: myself /Users/ronin/workspace/php/finder/Application/Runtime/Cache/Admin/e8a885ee4581c99bee7d2fdd29fb7a6a.php 第 23 行.
INFO: Run Behavior\ParseTemplateBehavior [ RunTime:0.006606s ]
INFO: [ view_parse ] --END-- [ RunTime:0.006653s ]
INFO: [ view_filter ] --START--
INFO: Run Behavior\WriteHtmlCacheBehavior [ RunTime:0.000174s ]
INFO: [ view_filter ] --END-- [ RunTime:0.000213s ]
INFO: [ app_end ] --START--
INFO: Run Behavior\ShowPageTraceBehavior [ RunTime:0.000454s ]
INFO: [ app_end ] --END-- [ RunTime:0.000570s ]

[ 2015-07-01T22:22:51+08:00 ] ::1 /finder/index.php/
INFO: [ app_init ] --START--
INFO: Run Behavior\BuildLiteBehavior [ RunTime:0.000031s ]
INFO: [ app_init ] --END-- [ RunTime:0.015024s ]
INFO: [ app_begin ] --START--
INFO: Run Behavior\ReadHtmlCacheBehavior [ RunTime:0.010530s ]
INFO: [ app_begin ] --END-- [ RunTime:0.010607s ]
SQL: SHOW COLUMNS FROM `category` [ RunTime:0.0291s ]
SQL: SHOW COLUMNS FROM `category` [ RunTime:0.0018s ]
SQL: SELECT * FROM `category` WHERE ( c_id ="-1" )  [ RunTime:0.0002s ]
INFO: [ view_parse ] --START--
INFO: [ template_filter ] --START--
INFO: Run Behavior\ContentReplaceBehavior [ RunTime:0.000048s ]
INFO: [ template_filter ] --END-- [ RunTime:0.000100s ]
NOTIC: [8] Undefined variable: user /Users/ronin/workspace/php/finder/Application/Runtime/Cache/Admin/e8a885ee4581c99bee7d2fdd29fb7a6a.php 第 23 行.
NOTIC: [8] Undefined variable: message /Users/ronin/workspace/php/finder/Application/Runtime/Cache/Admin/e8a885ee4581c99bee7d2fdd29fb7a6a.php 第 23 行.
NOTIC: [8] Undefined variable: myself /Users/ronin/workspace/php/finder/Application/Runtime/Cache/Admin/e8a885ee4581c99bee7d2fdd29fb7a6a.php 第 23 行.
INFO: Run Behavior\ParseTemplateBehavior [ RunTime:0.053477s ]
INFO: [ view_parse ] --END-- [ RunTime:0.053520s ]
INFO: [ view_filter ] --START--
INFO: Run Behavior\WriteHtmlCacheBehavior [ RunTime:0.022380s ]
INFO: [ view_filter ] --END-- [ RunTime:0.022444s ]
INFO: [ app_end ] --START--
INFO: Run Behavior\ShowPageTraceBehavior [ RunTime:0.000812s ]
INFO: [ app_end ] --END-- [ RunTime:0.000882s ]

[ 2015-07-01T22:24:18+08:00 ] ::1 /finder/index.php/
INFO: [ app_init ] --START--
INFO: Run Behavior\BuildLiteBehavior [ RunTime:0.000013s ]
INFO: [ app_init ] --END-- [ RunTime:0.000371s ]
INFO: [ app_begin ] --START--
INFO: Run Behavior\ReadHtmlCacheBehavior [ RunTime:0.000471s ]
INFO: [ app_begin ] --END-- [ RunTime:0.000543s ]
SQL: SHOW COLUMNS FROM `category` [ RunTime:0.0061s ]
SQL: SHOW COLUMNS FROM `category` [ RunTime:0.0016s ]
SQL: SELECT * FROM `category` WHERE ( c_id ="-1" )  [ RunTime:0.0002s ]
INFO: [ view_parse ] --START--
INFO: [ template_filter ] --START--
INFO: Run Behavior\ContentReplaceBehavior [ RunTime:0.000029s ]
INFO: [ template_filter ] --END-- [ RunTime:0.000071s ]
NOTIC: [8] Undefined variable: user /Users/ronin/workspace/php/finder/Application/Runtime/Cache/Admin/e8a885ee4581c99bee7d2fdd29fb7a6a.php 第 23 行.
NOTIC: [8] Undefined variable: message /Users/ronin/workspace/php/finder/Application/Runtime/Cache/Admin/e8a885ee4581c99bee7d2fdd29fb7a6a.php 第 23 行.
NOTIC: [8] Undefined variable: myself /Users/ronin/workspace/php/finder/Application/Runtime/Cache/Admin/e8a885ee4581c99bee7d2fdd29fb7a6a.php 第 23 行.
INFO: Run Behavior\ParseTemplateBehavior [ RunTime:0.006456s ]
INFO: [ view_parse ] --END-- [ RunTime:0.006512s ]
INFO: [ view_filter ] --START--
INFO: Run Behavior\WriteHtmlCacheBehavior [ RunTime:0.000147s ]
INFO: [ view_filter ] --END-- [ RunTime:0.000181s ]
INFO: [ app_end ] --START--
INFO: Run Behavior\ShowPageTraceBehavior [ RunTime:0.000333s ]
INFO: [ app_end ] --END-- [ RunTime:0.000371s ]

[ 2015-07-01T22:31:15+08:00 ] ::1 /finder/index.php/
INFO: [ app_init ] --START--
INFO: Run Behavior\BuildLiteBehavior [ RunTime:0.000019s ]
INFO: [ app_init ] --END-- [ RunTime:0.006655s ]
INFO: [ app_begin ] --START--
INFO: Run Behavior\ReadHtmlCacheBehavior [ RunTime:0.010781s ]
INFO: [ app_begin ] --END-- [ RunTime:0.010858s ]
SQL: SHOW COLUMNS FROM `category` [ RunTime:0.0274s ]
SQL: SHOW COLUMNS FROM `category` [ RunTime:0.0016s ]
SQL: SELECT * FROM `category` WHERE ( c_id ="-1" )  [ RunTime:0.0003s ]
INFO: [ view_parse ] --START--
INFO: [ template_filter ] --START--
INFO: Run Behavior\ContentReplaceBehavior [ RunTime:0.000033s ]
INFO: [ template_filter ] --END-- [ RunTime:0.000084s ]
NOTIC: [8] Undefined variable: user /Users/ronin/workspace/php/finder/Application/Runtime/Cache/Admin/e8a885ee4581c99bee7d2fdd29fb7a6a.php 第 23 行.
NOTIC: [8] Undefined variable: message /Users/ronin/workspace/php/finder/Application/Runtime/Cache/Admin/e8a885ee4581c99bee7d2fdd29fb7a6a.php 第 23 行.
NOTIC: [8] Undefined variable: myself /Users/ronin/workspace/php/finder/Application/Runtime/Cache/Admin/e8a885ee4581c99bee7d2fdd29fb7a6a.php 第 23 行.
INFO: Run Behavior\ParseTemplateBehavior [ RunTime:0.121251s ]
INFO: [ view_parse ] --END-- [ RunTime:0.121301s ]
INFO: [ view_filter ] --START--
INFO: Run Behavior\WriteHtmlCacheBehavior [ RunTime:0.001254s ]
INFO: [ view_filter ] --END-- [ RunTime:0.001307s ]
INFO: [ app_end ] --START--
INFO: Run Behavior\ShowPageTraceBehavior [ RunTime:0.000886s ]
INFO: [ app_end ] --END-- [ RunTime:0.000938s ]

[ 2015-07-01T22:31:42+08:00 ] ::1 /finder/index.php/
INFO: [ app_init ] --START--
INFO: Run Behavior\BuildLiteBehavior [ RunTime:0.000019s ]
INFO: [ app_init ] --END-- [ RunTime:0.014932s ]
INFO: [ app_begin ] --START--
INFO: Run Behavior\ReadHtmlCacheBehavior [ RunTime:0.010704s ]
INFO: [ app_begin ] --END-- [ RunTime:0.010787s ]
SQL: SHOW COLUMNS FROM `category` [ RunTime:0.0018s ]
SQL: SHOW COLUMNS FROM `category` [ RunTime:0.0013s ]
SQL: SELECT * FROM `category` WHERE ( c_id ="-1" )  [ RunTime:0.0002s ]
INFO: [ view_parse ] --START--
INFO: [ template_filter ] --START--
INFO: Run Behavior\ContentReplaceBehavior [ RunTime:0.000039s ]
INFO: [ template_filter ] --END-- [ RunTime:0.000108s ]
NOTIC: [8] Undefined variable: user /Users/ronin/workspace/php/finder/Application/Runtime/Cache/Admin/e8a885ee4581c99bee7d2fdd29fb7a6a.php 第 23 行.
NOTIC: [8] Undefined variable: message /Users/ronin/workspace/php/finder/Application/Runtime/Cache/Admin/e8a885ee4581c99bee7d2fdd29fb7a6a.php 第 23 行.
NOTIC: [8] Undefined variable: myself /Users/ronin/workspace/php/finder/Application/Runtime/Cache/Admin/e8a885ee4581c99bee7d2fdd29fb7a6a.php 第 23 行.
INFO: Run Behavior\ParseTemplateBehavior [ RunTime:0.044047s ]
INFO: [ view_parse ] --END-- [ RunTime:0.044092s ]
INFO: [ view_filter ] --START--
INFO: Run Behavior\WriteHtmlCacheBehavior [ RunTime:0.000555s ]
INFO: [ view_filter ] --END-- [ RunTime:0.000607s ]
INFO: [ app_end ] --START--
INFO: Run Behavior\ShowPageTraceBehavior [ RunTime:0.001003s ]
INFO: [ app_end ] --END-- [ RunTime:0.001080s ]

[ 2015-07-01T22:39:03+08:00 ] ::1 /finder/index.php/
INFO: [ app_init ] --START--
INFO: Run Behavior\BuildLiteBehavior [ RunTime:0.000017s ]
INFO: [ app_init ] --END-- [ RunTime:0.005905s ]
INFO: [ app_begin ] --START--
INFO: Run Behavior\ReadHtmlCacheBehavior [ RunTime:0.010256s ]
INFO: [ app_begin ] --END-- [ RunTime:0.010346s ]
SQL: SHOW COLUMNS FROM `category` [ RunTime:0.0181s ]
SQL: SHOW COLUMNS FROM `category` [ RunTime:0.0015s ]
SQL: SELECT * FROM `category` WHERE ( c_id ="-1" )  [ RunTime:0.0002s ]
INFO: [ view_parse ] --START--
INFO: [ template_filter ] --START--
INFO: Run Behavior\ContentReplaceBehavior [ RunTime:0.000036s ]
INFO: [ template_filter ] --END-- [ RunTime:0.000090s ]
NOTIC: [8] Undefined variable: user /Users/ronin/workspace/php/finder/Application/Runtime/Cache/Admin/e8a885ee4581c99bee7d2fdd29fb7a6a.php 第 23 行.
NOTIC: [8] Undefined variable: message /Users/ronin/workspace/php/finder/Application/Runtime/Cache/Admin/e8a885ee4581c99bee7d2fdd29fb7a6a.php 第 23 行.
NOTIC: [8] Undefined variable: myself /Users/ronin/workspace/php/finder/Application/Runtime/Cache/Admin/e8a885ee4581c99bee7d2fdd29fb7a6a.php 第 23 行.
INFO: Run Behavior\ParseTemplateBehavior [ RunTime:0.076733s ]
INFO: [ view_parse ] --END-- [ RunTime:0.076786s ]
INFO: [ view_filter ] --START--
INFO: Run Behavior\WriteHtmlCacheBehavior [ RunTime:0.022343s ]
INFO: [ view_filter ] --END-- [ RunTime:0.022402s ]
INFO: [ app_end ] --START--
INFO: Run Behavior\ShowPageTraceBehavior [ RunTime:0.000779s ]
INFO: [ app_end ] --END-- [ RunTime:0.000826s ]

[ 2015-07-01T22:40:45+08:00 ] ::1 /finder/index.php/
INFO: [ app_init ] --START--
INFO: Run Behavior\BuildLiteBehavior [ RunTime:0.000023s ]
INFO: [ app_init ] --END-- [ RunTime:0.015368s ]
INFO: [ app_begin ] --START--
INFO: Run Behavior\ReadHtmlCacheBehavior [ RunTime:0.010674s ]
INFO: [ app_begin ] --END-- [ RunTime:0.010760s ]
SQL: SHOW COLUMNS FROM `category` [ RunTime:0.0022s ]
SQL: SHOW COLUMNS FROM `category` [ RunTime:0.0013s ]
SQL: SELECT * FROM `category` WHERE ( c_id ="-1" )  [ RunTime:0.0002s ]
INFO: [ view_parse ] --START--
INFO: [ template_filter ] --START--
INFO: Run Behavior\ContentReplaceBehavior [ RunTime:0.000079s ]
INFO: [ template_filter ] --END-- [ RunTime:0.000235s ]
NOTIC: [8] Undefined variable: user /Users/ronin/workspace/php/finder/Application/Runtime/Cache/Admin/e8a885ee4581c99bee7d2fdd29fb7a6a.php 第 23 行.
NOTIC: [8] Undefined variable: message /Users/ronin/workspace/php/finder/Application/Runtime/Cache/Admin/e8a885ee4581c99bee7d2fdd29fb7a6a.php 第 23 行.
NOTIC: [8] Undefined variable: myself /Users/ronin/workspace/php/finder/Application/Runtime/Cache/Admin/e8a885ee4581c99bee7d2fdd29fb7a6a.php 第 23 行.
INFO: Run Behavior\ParseTemplateBehavior [ RunTime:0.043241s ]
INFO: [ view_parse ] --END-- [ RunTime:0.043310s ]
INFO: [ view_filter ] --START--
INFO: Run Behavior\WriteHtmlCacheBehavior [ RunTime:0.000507s ]
INFO: [ view_filter ] --END-- [ RunTime:0.000572s ]
INFO: [ app_end ] --START--
INFO: Run Behavior\ShowPageTraceBehavior [ RunTime:0.001074s ]
INFO: [ app_end ] --END-- [ RunTime:0.001132s ]

[ 2015-07-01T22:41:14+08:00 ] ::1 /finder/index.php/
INFO: [ app_init ] --START--
INFO: Run Behavior\BuildLiteBehavior [ RunTime:0.000011s ]
INFO: [ app_init ] --END-- [ RunTime:0.000228s ]
INFO: [ app_begin ] --START--
INFO: Run Behavior\ReadHtmlCacheBehavior [ RunTime:0.000285s ]
INFO: [ app_begin ] --END-- [ RunTime:0.000319s ]
SQL: SHOW COLUMNS FROM `category` [ RunTime:0.0061s ]
SQL: SHOW COLUMNS FROM `category` [ RunTime:0.0016s ]
SQL: SELECT * FROM `category` WHERE ( c_id ="-1" )  [ RunTime:0.0002s ]
INFO: [ view_parse ] --START--
INFO: [ template_filter ] --START--
INFO: Run Behavior\ContentReplaceBehavior [ RunTime:0.000067s ]
INFO: [ template_filter ] --END-- [ RunTime:0.000139s ]
NOTIC: [8] Undefined variable: user /Users/ronin/workspace/php/finder/Application/Runtime/Cache/Admin/e8a885ee4581c99bee7d2fdd29fb7a6a.php 第 23 行.
NOTIC: [8] Undefined variable: message /Users/ronin/workspace/php/finder/Application/Runtime/Cache/Admin/e8a885ee4581c99bee7d2fdd29fb7a6a.php 第 23 行.
NOTIC: [8] Undefined variable: myself /Users/ronin/workspace/php/finder/Application/Runtime/Cache/Admin/e8a885ee4581c99bee7d2fdd29fb7a6a.php 第 23 行.
INFO: Run Behavior\ParseTemplateBehavior [ RunTime:0.082300s ]
INFO: [ view_parse ] --END-- [ RunTime:0.082350s ]
INFO: [ view_filter ] --START--
INFO: Run Behavior\WriteHtmlCacheBehavior [ RunTime:0.000148s ]
INFO: [ view_filter ] --END-- [ RunTime:0.000182s ]
INFO: [ app_end ] --START--
INFO: Run Behavior\ShowPageTraceBehavior [ RunTime:0.000362s ]
INFO: [ app_end ] --END-- [ RunTime:0.000395s ]

[ 2015-07-01T22:41:53+08:00 ] ::1 /finder/index.php/
INFO: [ app_init ] --START--
INFO: Run Behavior\BuildLiteBehavior [ RunTime:0.000012s ]
INFO: [ app_init ] --END-- [ RunTime:0.000252s ]
INFO: [ app_begin ] --START--
INFO: Run Behavior\ReadHtmlCacheBehavior [ RunTime:0.000647s ]
INFO: [ app_begin ] --END-- [ RunTime:0.000693s ]
SQL: SHOW COLUMNS FROM `category` [ RunTime:0.0059s ]
SQL: SHOW COLUMNS FROM `category` [ RunTime:0.0014s ]
SQL: SELECT * FROM `category` WHERE ( c_id ="-1" )  [ RunTime:0.0002s ]
INFO: [ view_parse ] --START--
INFO: [ template_filter ] --START--
INFO: Run Behavior\ContentReplaceBehavior [ RunTime:0.000028s ]
INFO: [ template_filter ] --END-- [ RunTime:0.000069s ]
NOTIC: [8] Undefined variable: user /Users/ronin/workspace/php/finder/Application/Runtime/Cache/Admin/e8a885ee4581c99bee7d2fdd29fb7a6a.php 第 23 行.
NOTIC: [8] Undefined variable: message /Users/ronin/workspace/php/finder/Application/Runtime/Cache/Admin/e8a885ee4581c99bee7d2fdd29fb7a6a.php 第 23 行.
NOTIC: [8] Undefined variable: myself /Users/ronin/workspace/php/finder/Application/Runtime/Cache/Admin/e8a885ee4581c99bee7d2fdd29fb7a6a.php 第 23 行.
INFO: Run Behavior\ParseTemplateBehavior [ RunTime:0.006756s ]
INFO: [ view_parse ] --END-- [ RunTime:0.006802s ]
INFO: [ view_filter ] --START--
INFO: Run Behavior\WriteHtmlCacheBehavior [ RunTime:0.000104s ]
INFO: [ view_filter ] --END-- [ RunTime:0.000131s ]
INFO: [ app_end ] --START--
INFO: Run Behavior\ShowPageTraceBehavior [ RunTime:0.000283s ]
INFO: [ app_end ] --END-- [ RunTime:0.000311s ]

[ 2015-07-01T22:43:37+08:00 ] ::1 /finder/index.php/
INFO: [ app_init ] --START--
INFO: Run Behavior\BuildLiteBehavior [ RunTime:0.000022s ]
INFO: [ app_init ] --END-- [ RunTime:0.015253s ]
INFO: [ app_begin ] --START--
INFO: Run Behavior\ReadHtmlCacheBehavior [ RunTime:0.010550s ]
INFO: [ app_begin ] --END-- [ RunTime:0.010618s ]
SQL: SHOW COLUMNS FROM `category` [ RunTime:0.0295s ]
SQL: SHOW COLUMNS FROM `category` [ RunTime:0.0015s ]
SQL: SELECT * FROM `category` WHERE ( c_id ="-1" )  [ RunTime:0.0002s ]
INFO: [ view_parse ] --START--
INFO: [ template_filter ] --START--
INFO: Run Behavior\ContentReplaceBehavior [ RunTime:0.000033s ]
INFO: [ template_filter ] --END-- [ RunTime:0.000085s ]
NOTIC: [8] Undefined variable: user /Users/ronin/workspace/php/finder/Application/Runtime/Cache/Admin/e8a885ee4581c99bee7d2fdd29fb7a6a.php 第 23 行.
NOTIC: [8] Undefined variable: message /Users/ronin/workspace/php/finder/Application/Runtime/Cache/Admin/e8a885ee4581c99bee7d2fdd29fb7a6a.php 第 23 行.
NOTIC: [8] Undefined variable: myself /Users/ronin/workspace/php/finder/Application/Runtime/Cache/Admin/e8a885ee4581c99bee7d2fdd29fb7a6a.php 第 23 行.
INFO: Run Behavior\ParseTemplateBehavior [ RunTime:0.086186s ]
INFO: [ view_parse ] --END-- [ RunTime:0.086232s ]
INFO: [ view_filter ] --START--
INFO: Run Behavior\WriteHtmlCacheBehavior [ RunTime:0.022351s ]
INFO: [ view_filter ] --END-- [ RunTime:0.022425s ]
INFO: [ app_end ] --START--
INFO: Run Behavior\ShowPageTraceBehavior [ RunTime:0.007411s ]
INFO: [ app_end ] --END-- [ RunTime:0.007507s ]

[ 2015-07-01T22:44:01+08:00 ] ::1 /finder/index.php/
INFO: [ app_init ] --START--
INFO: Run Behavior\BuildLiteBehavior [ RunTime:0.000019s ]
INFO: [ app_init ] --END-- [ RunTime:0.015352s ]
INFO: [ app_begin ] --START--
INFO: Run Behavior\ReadHtmlCacheBehavior [ RunTime:0.010526s ]
INFO: [ app_begin ] --END-- [ RunTime:0.010605s ]
SQL: SHOW COLUMNS FROM `category` [ RunTime:0.0022s ]
SQL: SHOW COLUMNS FROM `category` [ RunTime:0.0014s ]
SQL: SELECT * FROM `category` WHERE ( c_id ="-1" )  [ RunTime:0.0003s ]
INFO: [ view_parse ] --START--
INFO: [ template_filter ] --START--
INFO: Run Behavior\ContentReplaceBehavior [ RunTime:0.000034s ]
INFO: [ template_filter ] --END-- [ RunTime:0.000086s ]
NOTIC: [8] Undefined variable: user /Users/ronin/workspace/php/finder/Application/Runtime/Cache/Admin/e8a885ee4581c99bee7d2fdd29fb7a6a.php 第 23 行.
NOTIC: [8] Undefined variable: message /Users/ronin/workspace/php/finder/Application/Runtime/Cache/Admin/e8a885ee4581c99bee7d2fdd29fb7a6a.php 第 23 行.
NOTIC: [8] Undefined variable: myself /Users/ronin/workspace/php/finder/Application/Runtime/Cache/Admin/e8a885ee4581c99bee7d2fdd29fb7a6a.php 第 23 行.
INFO: Run Behavior\ParseTemplateBehavior [ RunTime:0.029952s ]
INFO: [ view_parse ] --END-- [ RunTime:0.029996s ]
INFO: [ view_filter ] --START--
INFO: Run Behavior\WriteHtmlCacheBehavior [ RunTime:0.000507s ]
INFO: [ view_filter ] --END-- [ RunTime:0.000557s ]
INFO: [ app_end ] --START--
INFO: Run Behavior\ShowPageTraceBehavior [ RunTime:0.000989s ]
INFO: [ app_end ] --END-- [ RunTime:0.001173s ]

[ 2015-07-01T22:45:32+08:00 ] ::1 /finder/index.php/
INFO: [ app_init ] --START--
INFO: Run Behavior\BuildLiteBehavior [ RunTime:0.000017s ]
INFO: [ app_init ] --END-- [ RunTime:0.006517s ]
INFO: [ app_begin ] --START--
INFO: Run Behavior\ReadHtmlCacheBehavior [ RunTime:0.010468s ]
INFO: [ app_begin ] --END-- [ RunTime:0.010555s ]
SQL: SHOW COLUMNS FROM `category` [ RunTime:0.0272s ]
SQL: SHOW COLUMNS FROM `category` [ RunTime:0.0019s ]
SQL: SELECT * FROM `category` WHERE ( c_id ="-1" )  [ RunTime:0.0003s ]
INFO: [ view_parse ] --START--
INFO: [ template_filter ] --START--
INFO: Run Behavior\ContentReplaceBehavior [ RunTime:0.000034s ]
INFO: [ template_filter ] --END-- [ RunTime:0.000085s ]
NOTIC: [8] Undefined variable: user /Users/ronin/workspace/php/finder/Application/Runtime/Cache/Admin/e8a885ee4581c99bee7d2fdd29fb7a6a.php 第 23 行.
NOTIC: [8] Undefined variable: message /Users/ronin/workspace/php/finder/Application/Runtime/Cache/Admin/e8a885ee4581c99bee7d2fdd29fb7a6a.php 第 23 行.
NOTIC: [8] Undefined variable: myself /Users/ronin/workspace/php/finder/Application/Runtime/Cache/Admin/e8a885ee4581c99bee7d2fdd29fb7a6a.php 第 23 行.
INFO: Run Behavior\ParseTemplateBehavior [ RunTime:0.107396s ]
INFO: [ view_parse ] --END-- [ RunTime:0.107449s ]
INFO: [ view_filter ] --START--
INFO: Run Behavior\WriteHtmlCacheBehavior [ RunTime:0.000963s ]
INFO: [ view_filter ] --END-- [ RunTime:0.001005s ]
INFO: [ app_end ] --START--
INFO: Run Behavior\ShowPageTraceBehavior [ RunTime:0.000762s ]
INFO: [ app_end ] --END-- [ RunTime:0.000805s ]

[ 2015-07-01T22:46:10+08:00 ] ::1 /finder/index.php/
INFO: [ app_init ] --START--
INFO: Run Behavior\BuildLiteBehavior [ RunTime:0.000011s ]
INFO: [ app_init ] --END-- [ RunTime:0.000229s ]
INFO: [ app_begin ] --START--
INFO: Run Behavior\ReadHtmlCacheBehavior [ RunTime:0.000292s ]
INFO: [ app_begin ] --END-- [ RunTime:0.000327s ]
SQL: SHOW COLUMNS FROM `category` [ RunTime:0.0017s ]
SQL: SHOW COLUMNS FROM `category` [ RunTime:0.0014s ]
SQL: SELECT * FROM `category` WHERE ( c_id ="-1" )  [ RunTime:0.0002s ]
INFO: [ view_parse ] --START--
INFO: [ template_filter ] --START--
INFO: Run Behavior\ContentReplaceBehavior [ RunTime:0.000026s ]
INFO: [ template_filter ] --END-- [ RunTime:0.000060s ]
NOTIC: [8] Undefined variable: user /Users/ronin/workspace/php/finder/Application/Runtime/Cache/Admin/e8a885ee4581c99bee7d2fdd29fb7a6a.php 第 23 行.
NOTIC: [8] Undefined variable: message /Users/ronin/workspace/php/finder/Application/Runtime/Cache/Admin/e8a885ee4581c99bee7d2fdd29fb7a6a.php 第 23 行.
NOTIC: [8] Undefined variable: myself /Users/ronin/workspace/php/finder/Application/Runtime/Cache/Admin/e8a885ee4581c99bee7d2fdd29fb7a6a.php 第 23 行.
INFO: Run Behavior\ParseTemplateBehavior [ RunTime:0.005683s ]
INFO: [ view_parse ] --END-- [ RunTime:0.005718s ]
INFO: [ view_filter ] --START--
INFO: Run Behavior\WriteHtmlCacheBehavior [ RunTime:0.000103s ]
INFO: [ view_filter ] --END-- [ RunTime:0.000138s ]
INFO: [ app_end ] --START--
INFO: Run Behavior\ShowPageTraceBehavior [ RunTime:0.000468s ]
INFO: [ app_end ] --END-- [ RunTime:0.000514s ]

[ 2015-07-01T22:46:49+08:00 ] ::1 /finder/index.php/
INFO: [ app_init ] --START--
INFO: Run Behavior\BuildLiteBehavior [ RunTime:0.000010s ]
INFO: [ app_init ] --END-- [ RunTime:0.000208s ]
INFO: [ app_begin ] --START--
INFO: Run Behavior\ReadHtmlCacheBehavior [ RunTime:0.000264s ]
INFO: [ app_begin ] --END-- [ RunTime:0.000296s ]
SQL: SHOW COLUMNS FROM `category` [ RunTime:0.0178s ]
SQL: SHOW COLUMNS FROM `category` [ RunTime:0.0014s ]
SQL: SELECT * FROM `category` WHERE ( c_id ="-1" )  [ RunTime:0.0002s ]
INFO: [ view_parse ] --START--
INFO: [ template_filter ] --START--
INFO: Run Behavior\ContentReplaceBehavior [ RunTime:0.000033s ]
INFO: [ template_filter ] --END-- [ RunTime:0.000083s ]
NOTIC: [8] Undefined variable: user /Users/ronin/workspace/php/finder/Application/Runtime/Cache/Admin/e8a885ee4581c99bee7d2fdd29fb7a6a.php 第 23 行.
NOTIC: [8] Undefined variable: message /Users/ronin/workspace/php/finder/Application/Runtime/Cache/Admin/e8a885ee4581c99bee7d2fdd29fb7a6a.php 第 23 行.
NOTIC: [8] Undefined variable: myself /Users/ronin/workspace/php/finder/Application/Runtime/Cache/Admin/e8a885ee4581c99bee7d2fdd29fb7a6a.php 第 23 行.
INFO: Run Behavior\ParseTemplateBehavior [ RunTime:0.040474s ]
INFO: [ view_parse ] --END-- [ RunTime:0.040517s ]
INFO: [ view_filter ] --START--
INFO: Run Behavior\WriteHtmlCacheBehavior [ RunTime:0.000128s ]
INFO: [ view_filter ] --END-- [ RunTime:0.000173s ]
INFO: [ app_end ] --START--
INFO: Run Behavior\ShowPageTraceBehavior [ RunTime:0.000356s ]
INFO: [ app_end ] --END-- [ RunTime:0.000409s ]

[ 2015-07-01T22:50:20+08:00 ] ::1 /finder/index.php/
INFO: [ app_init ] --START--
INFO: Run Behavior\BuildLiteBehavior [ RunTime:0.000020s ]
INFO: [ app_init ] --END-- [ RunTime:0.014786s ]
INFO: [ app_begin ] --START--
INFO: Run Behavior\ReadHtmlCacheBehavior [ RunTime:0.010948s ]
INFO: [ app_begin ] --END-- [ RunTime:0.011027s ]
SQL: SHOW COLUMNS FROM `category` [ RunTime:0.0172s ]
SQL: SHOW COLUMNS FROM `category` [ RunTime:0.0014s ]
SQL: SELECT * FROM `category` WHERE ( c_id ="-1" )  [ RunTime:0.0003s ]
SQL: SELECT * FROM `category` WHERE ( c_id ="1" )  [ RunTime:0.0002s ]
INFO: [ view_parse ] --START--
INFO: [ template_filter ] --START--
INFO: Run Behavior\ContentReplaceBehavior [ RunTime:0.000036s ]
INFO: [ template_filter ] --END-- [ RunTime:0.000089s ]
NOTIC: [8] Undefined variable: user /Users/ronin/workspace/php/finder/Application/Runtime/Cache/Admin/e8a885ee4581c99bee7d2fdd29fb7a6a.php 第 23 行.
NOTIC: [8] Undefined variable: message /Users/ronin/workspace/php/finder/Application/Runtime/Cache/Admin/e8a885ee4581c99bee7d2fdd29fb7a6a.php 第 23 行.
NOTIC: [8] Undefined variable: myself /Users/ronin/workspace/php/finder/Application/Runtime/Cache/Admin/e8a885ee4581c99bee7d2fdd29fb7a6a.php 第 23 行.
NOTIC: [8] Array to string conversion /Users/ronin/workspace/php/finder/Application/Runtime/Cache/Admin/e8a885ee4581c99bee7d2fdd29fb7a6a.php 第 50 行.
NOTIC: [8] Array to string conversion /Users/ronin/workspace/php/finder/Application/Runtime/Cache/Admin/e8a885ee4581c99bee7d2fdd29fb7a6a.php 第 50 行.
NOTIC: [8] Array to string conversion /Users/ronin/workspace/php/finder/Application/Runtime/Cache/Admin/e8a885ee4581c99bee7d2fdd29fb7a6a.php 第 50 行.
INFO: Run Behavior\ParseTemplateBehavior [ RunTime:0.065462s ]
INFO: [ view_parse ] --END-- [ RunTime:0.065599s ]
INFO: [ view_filter ] --START--
INFO: Run Behavior\WriteHtmlCacheBehavior [ RunTime:0.000613s ]
INFO: [ view_filter ] --END-- [ RunTime:0.000654s ]
INFO: [ app_end ] --START--
INFO: Run Behavior\ShowPageTraceBehavior [ RunTime:0.000984s ]
INFO: [ app_end ] --END-- [ RunTime:0.001053s ]

[ 2015-07-01T22:50:55+08:00 ] ::1 /finder/index.php/
INFO: [ app_init ] --START--
INFO: Run Behavior\BuildLiteBehavior [ RunTime:0.000012s ]
INFO: [ app_init ] --END-- [ RunTime:0.000248s ]
INFO: [ app_begin ] --START--
INFO: Run Behavior\ReadHtmlCacheBehavior [ RunTime:0.000475s ]
INFO: [ app_begin ] --END-- [ RunTime:0.000522s ]
SQL: SHOW COLUMNS FROM `category` [ RunTime:0.0022s ]
SQL: SHOW COLUMNS FROM `category` [ RunTime:0.0021s ]
SQL: SELECT * FROM `category` WHERE ( c_id ="-1" )  [ RunTime:0.0003s ]
SQL: SELECT * FROM `category` WHERE ( c_id ="1" )  [ RunTime:0.0002s ]
INFO: [ view_parse ] --START--
INFO: [ template_filter ] --START--
INFO: Run Behavior\ContentReplaceBehavior [ RunTime:0.000053s ]
INFO: [ template_filter ] --END-- [ RunTime:0.000133s ]
NOTIC: [8] Undefined variable: user /Users/ronin/workspace/php/finder/Application/Runtime/Cache/Admin/e8a885ee4581c99bee7d2fdd29fb7a6a.php 第 23 行.
NOTIC: [8] Undefined variable: message /Users/ronin/workspace/php/finder/Application/Runtime/Cache/Admin/e8a885ee4581c99bee7d2fdd29fb7a6a.php 第 23 行.
NOTIC: [8] Undefined variable: myself /Users/ronin/workspace/php/finder/Application/Runtime/Cache/Admin/e8a885ee4581c99bee7d2fdd29fb7a6a.php 第 23 行.
NOTIC: [8] Array to string conversion /Users/ronin/workspace/php/finder/Application/Runtime/Cache/Admin/e8a885ee4581c99bee7d2fdd29fb7a6a.php 第 50 行.
NOTIC: [8] Array to string conversion /Users/ronin/workspace/php/finder/Application/Runtime/Cache/Admin/e8a885ee4581c99bee7d2fdd29fb7a6a.php 第 50 行.
NOTIC: [8] Array to string conversion /Users/ronin/workspace/php/finder/Application/Runtime/Cache/Admin/e8a885ee4581c99bee7d2fdd29fb7a6a.php 第 50 行.
INFO: Run Behavior\ParseTemplateBehavior [ RunTime:0.007564s ]
INFO: [ view_parse ] --END-- [ RunTime:0.007636s ]
INFO: [ view_filter ] --START--
INFO: Run Behavior\WriteHtmlCacheBehavior [ RunTime:0.000174s ]
INFO: [ view_filter ] --END-- [ RunTime:0.000209s ]
INFO: [ app_end ] --START--
INFO: Run Behavior\ShowPageTraceBehavior [ RunTime:0.000449s ]
INFO: [ app_end ] --END-- [ RunTime:0.000510s ]

[ 2015-07-01T22:53:03+08:00 ] ::1 /finder/index.php/
INFO: [ app_init ] --START--
INFO: Run Behavior\BuildLiteBehavior [ RunTime:0.000020s ]
INFO: [ app_init ] --END-- [ RunTime:0.014706s ]
INFO: [ app_begin ] --START--
INFO: Run Behavior\ReadHtmlCacheBehavior [ RunTime:0.010789s ]
INFO: [ app_begin ] --END-- [ RunTime:0.010869s ]
SQL: SHOW COLUMNS FROM `category` [ RunTime:0.0162s ]
SQL: SHOW COLUMNS FROM `category` [ RunTime:0.0030s ]
SQL: SELECT * FROM `category` WHERE ( c_id ="-1" )  [ RunTime:0.0003s ]
SQL: SELECT * FROM `category` WHERE ( c_id ="1" )  [ RunTime:0.0002s ]
INFO: [ view_parse ] --START--
INFO: [ template_filter ] --START--
INFO: Run Behavior\ContentReplaceBehavior [ RunTime:0.000032s ]
INFO: [ template_filter ] --END-- [ RunTime:0.000079s ]
NOTIC: [8] Undefined variable: user /Users/ronin/workspace/php/finder/Application/Runtime/Cache/Admin/e8a885ee4581c99bee7d2fdd29fb7a6a.php 第 23 行.
NOTIC: [8] Undefined variable: message /Users/ronin/workspace/php/finder/Application/Runtime/Cache/Admin/e8a885ee4581c99bee7d2fdd29fb7a6a.php 第 23 行.
NOTIC: [8] Undefined variable: myself /Users/ronin/workspace/php/finder/Application/Runtime/Cache/Admin/e8a885ee4581c99bee7d2fdd29fb7a6a.php 第 23 行.
INFO: Run Behavior\ParseTemplateBehavior [ RunTime:0.052802s ]
INFO: [ view_parse ] --END-- [ RunTime:0.052870s ]
INFO: [ view_filter ] --START--
INFO: Run Behavior\WriteHtmlCacheBehavior [ RunTime:0.033312s ]
INFO: [ view_filter ] --END-- [ RunTime:0.033387s ]
INFO: [ app_end ] --START--
INFO: Run Behavior\ShowPageTraceBehavior [ RunTime:0.000956s ]
INFO: [ app_end ] --END-- [ RunTime:0.001030s ]

[ 2015-07-01T22:54:14+08:00 ] ::1 /finder/index.php/
INFO: [ app_init ] --START--
INFO: Run Behavior\BuildLiteBehavior [ RunTime:0.000025s ]
INFO: [ app_init ] --END-- [ RunTime:0.005979s ]
INFO: [ app_begin ] --START--
INFO: Run Behavior\ReadHtmlCacheBehavior [ RunTime:0.010658s ]
INFO: [ app_begin ] --END-- [ RunTime:0.010739s ]
SQL: SHOW COLUMNS FROM `category` [ RunTime:0.0018s ]
SQL: SHOW COLUMNS FROM `category` [ RunTime:0.0012s ]
SQL: SELECT * FROM `category` WHERE ( c_id ="-1" )  [ RunTime:0.0002s ]
SQL: SELECT * FROM `category` WHERE ( c_id ="1" )  [ RunTime:0.0002s ]
INFO: [ view_parse ] --START--
INFO: [ template_filter ] --START--
INFO: Run Behavior\ContentReplaceBehavior [ RunTime:0.000036s ]
INFO: [ template_filter ] --END-- [ RunTime:0.000087s ]
NOTIC: [8] Undefined variable: user /Users/ronin/workspace/php/finder/Application/Runtime/Cache/Admin/e8a885ee4581c99bee7d2fdd29fb7a6a.php 第 23 行.
NOTIC: [8] Undefined variable: message /Users/ronin/workspace/php/finder/Application/Runtime/Cache/Admin/e8a885ee4581c99bee7d2fdd29fb7a6a.php 第 23 行.
NOTIC: [8] Undefined variable: myself /Users/ronin/workspace/php/finder/Application/Runtime/Cache/Admin/e8a885ee4581c99bee7d2fdd29fb7a6a.php 第 23 行.
INFO: Run Behavior\ParseTemplateBehavior [ RunTime:0.098276s ]
INFO: [ view_parse ] --END-- [ RunTime:0.098317s ]
INFO: [ view_filter ] --START--
INFO: Run Behavior\WriteHtmlCacheBehavior [ RunTime:0.000604s ]
INFO: [ view_filter ] --END-- [ RunTime:0.000671s ]
INFO: [ app_end ] --START--
INFO: Run Behavior\ShowPageTraceBehavior [ RunTime:0.000812s ]
INFO: [ app_end ] --END-- [ RunTime:0.000864s ]

[ 2015-07-01T22:55:06+08:00 ] ::1 /finder/index.php/
INFO: [ app_init ] --START--
INFO: Run Behavior\BuildLiteBehavior [ RunTime:0.000017s ]
INFO: [ app_init ] --END-- [ RunTime:0.006138s ]
INFO: [ app_begin ] --START--
INFO: Run Behavior\ReadHtmlCacheBehavior [ RunTime:0.010279s ]
INFO: [ app_begin ] --END-- [ RunTime:0.010357s ]
SQL: SHOW COLUMNS FROM `category` [ RunTime:0.0284s ]
SQL: SHOW COLUMNS FROM `category` [ RunTime:0.0016s ]
SQL: SELECT * FROM `category` WHERE ( c_id ="-1" )  [ RunTime:0.0002s ]
SQL: SELECT * FROM `category` WHERE ( c_id ="1" )  [ RunTime:0.0002s ]
INFO: [ view_parse ] --START--
INFO: [ template_filter ] --START--
INFO: Run Behavior\ContentReplaceBehavior [ RunTime:0.000046s ]
INFO: [ template_filter ] --END-- [ RunTime:0.000125s ]
NOTIC: [8] Undefined variable: user /Users/ronin/workspace/php/finder/Application/Runtime/Cache/Admin/e8a885ee4581c99bee7d2fdd29fb7a6a.php 第 23 行.
NOTIC: [8] Undefined variable: message /Users/ronin/workspace/php/finder/Application/Runtime/Cache/Admin/e8a885ee4581c99bee7d2fdd29fb7a6a.php 第 23 行.
NOTIC: [8] Undefined variable: myself /Users/ronin/workspace/php/finder/Application/Runtime/Cache/Admin/e8a885ee4581c99bee7d2fdd29fb7a6a.php 第 23 行.
INFO: Run Behavior\ParseTemplateBehavior [ RunTime:0.120081s ]
INFO: [ view_parse ] --END-- [ RunTime:0.120147s ]
INFO: [ view_filter ] --START--
INFO: Run Behavior\WriteHtmlCacheBehavior [ RunTime:0.000628s ]
INFO: [ view_filter ] --END-- [ RunTime:0.000688s ]
INFO: [ app_end ] --START--
INFO: Run Behavior\ShowPageTraceBehavior [ RunTime:0.000840s ]
INFO: [ app_end ] --END-- [ RunTime:0.000923s ]

