[ 2015-07-04T13:43:44+08:00 ] ::1 /finder/index.php/
INFO: [ app_init ] --START--
INFO: Run Behavior\BuildLiteBehavior [ RunTime:0.000057s ]
INFO: [ app_init ] --END-- [ RunTime:0.037527s ]
INFO: [ app_begin ] --START--
INFO: Run Behavior\ReadHtmlCacheBehavior [ RunTime:0.009694s ]
INFO: [ app_begin ] --END-- [ RunTime:0.009823s ]
SQL: SHOW COLUMNS FROM `category` [ RunTime:0.1500s ]
SQL: SHOW COLUMNS FROM `category` [ RunTime:0.0019s ]
SQL: SELECT * FROM `category` WHERE ( c_id ="-1" )  [ RunTime:0.2228s ]
SQL: SELECT * FROM `category` WHERE ( c_id ="1" )  [ RunTime:0.0003s ]
INFO: [ view_parse ] --START--
INFO: [ template_filter ] --START--
INFO: Run Behavior\ContentReplaceBehavior [ RunTime:0.000052s ]
INFO: [ template_filter ] --END-- [ RunTime:0.000117s ]
NOTIC: [8] Undefined variable: user /Users/ronin/workspace/php/finder/Application/Runtime/Cache/Admin/e8a885ee4581c99bee7d2fdd29fb7a6a.php 第 23 行.
NOTIC: [8] Undefined variable: message /Users/ronin/workspace/php/finder/Application/Runtime/Cache/Admin/e8a885ee4581c99bee7d2fdd29fb7a6a.php 第 23 行.
NOTIC: [8] Undefined variable: myself /Users/ronin/workspace/php/finder/Application/Runtime/Cache/Admin/e8a885ee4581c99bee7d2fdd29fb7a6a.php 第 23 行.
INFO: Run Behavior\ParseTemplateBehavior [ RunTime:0.194391s ]
INFO: [ view_parse ] --END-- [ RunTime:0.194492s ]
INFO: [ view_filter ] --START--
INFO: Run Behavior\WriteHtmlCacheBehavior [ RunTime:0.021942s ]
INFO: [ view_filter ] --END-- [ RunTime:0.022004s ]
INFO: [ app_end ] --START--
INFO: Run Behavior\ShowPageTraceBehavior [ RunTime:0.047042s ]
INFO: [ app_end ] --END-- [ RunTime:0.047132s ]

[ 2015-07-04T13:45:07+08:00 ] ::1 /finder/index.php/
INFO: [ app_init ] --START--
INFO: Run Behavior\BuildLiteBehavior [ RunTime:0.000034s ]
INFO: [ app_init ] --END-- [ RunTime:0.080620s ]
INFO: [ app_begin ] --START--
INFO: Run Behavior\ReadHtmlCacheBehavior [ RunTime:0.019730s ]
INFO: [ app_begin ] --END-- [ RunTime:0.019856s ]
SQL: SHOW COLUMNS FROM `category` [ RunTime:0.0407s ]
SQL: SHOW COLUMNS FROM `category` [ RunTime:0.0633s ]
SQL: SELECT * FROM `category` WHERE ( c_id ="-1" )  [ RunTime:0.0004s ]
SQL: SELECT * FROM `category` WHERE ( c_id ="1" )  [ RunTime:0.0002s ]
INFO: [ view_parse ] --START--
INFO: [ template_filter ] --START--
INFO: Run Behavior\ContentReplaceBehavior [ RunTime:0.000044s ]
INFO: [ template_filter ] --END-- [ RunTime:0.000109s ]
NOTIC: [8] Undefined variable: user /Users/ronin/workspace/php/finder/Application/Runtime/Cache/Admin/e8a885ee4581c99bee7d2fdd29fb7a6a.php 第 23 行.
NOTIC: [8] Undefined variable: message /Users/ronin/workspace/php/finder/Application/Runtime/Cache/Admin/e8a885ee4581c99bee7d2fdd29fb7a6a.php 第 23 行.
NOTIC: [8] Undefined variable: myself /Users/ronin/workspace/php/finder/Application/Runtime/Cache/Admin/e8a885ee4581c99bee7d2fdd29fb7a6a.php 第 23 行.
INFO: Run Behavior\ParseTemplateBehavior [ RunTime:0.247789s ]
INFO: [ view_parse ] --END-- [ RunTime:0.247985s ]
INFO: [ view_filter ] --START--
INFO: Run Behavior\WriteHtmlCacheBehavior [ RunTime:0.048622s ]
INFO: [ view_filter ] --END-- [ RunTime:0.048689s ]
INFO: [ app_end ] --START--
INFO: Run Behavior\ShowPageTraceBehavior [ RunTime:0.024702s ]
INFO: [ app_end ] --END-- [ RunTime:0.024799s ]

[ 2015-07-04T13:45:42+08:00 ] ::1 /finder/index.php/
INFO: [ app_init ] --START--
INFO: Run Behavior\BuildLiteBehavior [ RunTime:0.000010s ]
INFO: [ app_init ] --END-- [ RunTime:0.000207s ]
INFO: [ app_begin ] --START--
INFO: Run Behavior\ReadHtmlCacheBehavior [ RunTime:0.000343s ]
INFO: [ app_begin ] --END-- [ RunTime:0.000392s ]
SQL: SHOW COLUMNS FROM `category` [ RunTime:0.0033s ]
SQL: SHOW COLUMNS FROM `category` [ RunTime:0.0029s ]
SQL: SELECT * FROM `category` WHERE ( c_id ="-1" )  [ RunTime:0.0004s ]
SQL: SELECT * FROM `category` WHERE ( c_id ="1" )  [ RunTime:0.0003s ]
INFO: [ view_parse ] --START--
INFO: [ template_filter ] --START--
INFO: Run Behavior\ContentReplaceBehavior [ RunTime:0.000034s ]
INFO: [ template_filter ] --END-- [ RunTime:0.000083s ]
NOTIC: [8] Undefined variable: user /Users/ronin/workspace/php/finder/Application/Runtime/Cache/Admin/e8a885ee4581c99bee7d2fdd29fb7a6a.php 第 23 行.
NOTIC: [8] Undefined variable: message /Users/ronin/workspace/php/finder/Application/Runtime/Cache/Admin/e8a885ee4581c99bee7d2fdd29fb7a6a.php 第 23 行.
NOTIC: [8] Undefined variable: myself /Users/ronin/workspace/php/finder/Application/Runtime/Cache/Admin/e8a885ee4581c99bee7d2fdd29fb7a6a.php 第 23 行.
INFO: Run Behavior\ParseTemplateBehavior [ RunTime:0.019379s ]
INFO: [ view_parse ] --END-- [ RunTime:0.019438s ]
INFO: [ view_filter ] --START--
INFO: Run Behavior\WriteHtmlCacheBehavior [ RunTime:0.000264s ]
INFO: [ view_filter ] --END-- [ RunTime:0.000322s ]
INFO: [ app_end ] --START--
INFO: Run Behavior\ShowPageTraceBehavior [ RunTime:0.000384s ]
INFO: [ app_end ] --END-- [ RunTime:0.000423s ]

[ 2015-07-04T13:45:46+08:00 ] ::1 /finder/index.php/lines
INFO: [ app_init ] --START--
INFO: Run Behavior\BuildLiteBehavior [ RunTime:0.000019s ]
INFO: [ app_init ] --END-- [ RunTime:0.000254s ]
INFO: [ app_begin ] --START--
INFO: Run Behavior\ReadHtmlCacheBehavior [ RunTime:0.000456s ]
INFO: [ app_begin ] --END-- [ RunTime:0.000516s ]
INFO: [ view_parse ] --START--
INFO: [ template_filter ] --START--
INFO: Run Behavior\ContentReplaceBehavior [ RunTime:0.000048s ]
INFO: [ template_filter ] --END-- [ RunTime:0.000100s ]
NOTIC: [8] Undefined variable: info /Users/ronin/workspace/php/finder/Application/Runtime/Cache/Admin/8e178cadaedd5c559770d85a6effd365.php 第 23 行.
NOTIC: [8] Undefined variable: user /Users/ronin/workspace/php/finder/Application/Runtime/Cache/Admin/8e178cadaedd5c559770d85a6effd365.php 第 23 行.
NOTIC: [8] Undefined variable: message /Users/ronin/workspace/php/finder/Application/Runtime/Cache/Admin/8e178cadaedd5c559770d85a6effd365.php 第 23 行.
NOTIC: [8] Undefined variable: myself /Users/ronin/workspace/php/finder/Application/Runtime/Cache/Admin/8e178cadaedd5c559770d85a6effd365.php 第 23 行.
NOTIC: [8] Undefined variable: nav /Users/ronin/workspace/php/finder/Application/Runtime/Cache/Admin/8e178cadaedd5c559770d85a6effd365.php 第 31 行.
INFO: Run Behavior\ParseTemplateBehavior [ RunTime:0.051991s ]
INFO: [ view_parse ] --END-- [ RunTime:0.052130s ]
INFO: [ view_filter ] --START--
INFO: Run Behavior\WriteHtmlCacheBehavior [ RunTime:0.000140s ]
INFO: [ view_filter ] --END-- [ RunTime:0.000174s ]
INFO: [ app_end ] --START--
INFO: Run Behavior\ShowPageTraceBehavior [ RunTime:0.000652s ]
INFO: [ app_end ] --END-- [ RunTime:0.000712s ]

[ 2015-07-04T13:45:49+08:00 ] ::1 /finder/index.php
INFO: [ app_init ] --START--
INFO: Run Behavior\BuildLiteBehavior [ RunTime:0.000015s ]
INFO: [ app_init ] --END-- [ RunTime:0.000302s ]
INFO: [ app_begin ] --START--
INFO: Run Behavior\ReadHtmlCacheBehavior [ RunTime:0.000487s ]
INFO: [ app_begin ] --END-- [ RunTime:0.000554s ]
SQL: SHOW COLUMNS FROM `category` [ RunTime:0.1116s ]
SQL: SHOW COLUMNS FROM `category` [ RunTime:0.0057s ]
SQL: SELECT * FROM `category` WHERE ( c_id ="-1" )  [ RunTime:0.0003s ]
SQL: SELECT * FROM `category` WHERE ( c_id ="1" )  [ RunTime:0.0003s ]
INFO: [ view_parse ] --START--
INFO: [ template_filter ] --START--
INFO: Run Behavior\ContentReplaceBehavior [ RunTime:0.000032s ]
INFO: [ template_filter ] --END-- [ RunTime:0.000087s ]
NOTIC: [8] Undefined variable: user /Users/ronin/workspace/php/finder/Application/Runtime/Cache/Admin/e8a885ee4581c99bee7d2fdd29fb7a6a.php 第 23 行.
NOTIC: [8] Undefined variable: message /Users/ronin/workspace/php/finder/Application/Runtime/Cache/Admin/e8a885ee4581c99bee7d2fdd29fb7a6a.php 第 23 行.
NOTIC: [8] Undefined variable: myself /Users/ronin/workspace/php/finder/Application/Runtime/Cache/Admin/e8a885ee4581c99bee7d2fdd29fb7a6a.php 第 23 行.
INFO: Run Behavior\ParseTemplateBehavior [ RunTime:0.009847s ]
INFO: [ view_parse ] --END-- [ RunTime:0.009917s ]
INFO: [ view_filter ] --START--
INFO: Run Behavior\WriteHtmlCacheBehavior [ RunTime:0.000123s ]
INFO: [ view_filter ] --END-- [ RunTime:0.000154s ]
INFO: [ app_end ] --START--
INFO: Run Behavior\ShowPageTraceBehavior [ RunTime:0.000467s ]
INFO: [ app_end ] --END-- [ RunTime:0.142707s ]

[ 2015-07-04T13:48:57+08:00 ] ::1 /finder/index.php
INFO: [ app_init ] --START--
INFO: Run Behavior\BuildLiteBehavior [ RunTime:0.000031s ]
INFO: [ app_init ] --END-- [ RunTime:0.014490s ]
INFO: [ app_begin ] --START--
INFO: Run Behavior\ReadHtmlCacheBehavior [ RunTime:0.011045s ]
INFO: [ app_begin ] --END-- [ RunTime:0.011151s ]
SQL: SHOW COLUMNS FROM `category` [ RunTime:0.0638s ]
SQL: SHOW COLUMNS FROM `category` [ RunTime:0.0635s ]
SQL: SELECT * FROM `category` WHERE ( c_id ="-1" )  [ RunTime:0.0003s ]
SQL: SELECT * FROM `category` WHERE ( c_id ="1" )  [ RunTime:0.0002s ]
INFO: [ view_parse ] --START--
INFO: [ template_filter ] --START--
INFO: Run Behavior\ContentReplaceBehavior [ RunTime:0.000039s ]
INFO: [ template_filter ] --END-- [ RunTime:0.000094s ]
NOTIC: [8] Undefined variable: user /Users/ronin/workspace/php/finder/Application/Runtime/Cache/Admin/e8a885ee4581c99bee7d2fdd29fb7a6a.php 第 23 行.
NOTIC: [8] Undefined variable: message /Users/ronin/workspace/php/finder/Application/Runtime/Cache/Admin/e8a885ee4581c99bee7d2fdd29fb7a6a.php 第 23 行.
NOTIC: [8] Undefined variable: myself /Users/ronin/workspace/php/finder/Application/Runtime/Cache/Admin/e8a885ee4581c99bee7d2fdd29fb7a6a.php 第 23 行.
INFO: Run Behavior\ParseTemplateBehavior [ RunTime:0.275025s ]
INFO: [ view_parse ] --END-- [ RunTime:0.275094s ]
INFO: [ view_filter ] --START--
INFO: Run Behavior\WriteHtmlCacheBehavior [ RunTime:0.012448s ]
INFO: [ view_filter ] --END-- [ RunTime:0.012510s ]
INFO: [ app_end ] --START--
INFO: Run Behavior\ShowPageTraceBehavior [ RunTime:0.001222s ]
INFO: [ app_end ] --END-- [ RunTime:0.001295s ]

[ 2015-07-04T13:49:47+08:00 ] ::1 /finder/index.php
INFO: [ app_init ] --START--
INFO: Run Behavior\BuildLiteBehavior [ RunTime:0.000037s ]
INFO: [ app_init ] --END-- [ RunTime:0.000482s ]
INFO: [ app_begin ] --START--
INFO: Run Behavior\ReadHtmlCacheBehavior [ RunTime:0.000553s ]
INFO: [ app_begin ] --END-- [ RunTime:0.000632s ]
SQL: SHOW COLUMNS FROM `category` [ RunTime:0.0209s ]
SQL: SHOW COLUMNS FROM `category` [ RunTime:0.0026s ]
SQL: SELECT * FROM `category` WHERE ( c_id ="-1" )  [ RunTime:0.0003s ]
SQL: SELECT * FROM `category` WHERE ( c_id ="1" )  [ RunTime:0.0002s ]
INFO: [ view_parse ] --START--
INFO: [ template_filter ] --START--
INFO: Run Behavior\ContentReplaceBehavior [ RunTime:0.000043s ]
INFO: [ template_filter ] --END-- [ RunTime:0.000108s ]
NOTIC: [8] Undefined variable: user /Users/ronin/workspace/php/finder/Application/Runtime/Cache/Admin/e8a885ee4581c99bee7d2fdd29fb7a6a.php 第 23 行.
NOTIC: [8] Undefined variable: message /Users/ronin/workspace/php/finder/Application/Runtime/Cache/Admin/e8a885ee4581c99bee7d2fdd29fb7a6a.php 第 23 行.
NOTIC: [8] Undefined variable: myself /Users/ronin/workspace/php/finder/Application/Runtime/Cache/Admin/e8a885ee4581c99bee7d2fdd29fb7a6a.php 第 23 行.
INFO: Run Behavior\ParseTemplateBehavior [ RunTime:0.118229s ]
INFO: [ view_parse ] --END-- [ RunTime:0.118306s ]
INFO: [ view_filter ] --START--
INFO: Run Behavior\WriteHtmlCacheBehavior [ RunTime:0.000155s ]
INFO: [ view_filter ] --END-- [ RunTime:0.000211s ]
INFO: [ app_end ] --START--
INFO: Run Behavior\ShowPageTraceBehavior [ RunTime:0.000588s ]
INFO: [ app_end ] --END-- [ RunTime:0.001005s ]

[ 2015-07-04T13:53:49+08:00 ] ::1 /finder/index.php
INFO: [ app_init ] --START--
INFO: Run Behavior\BuildLiteBehavior [ RunTime:0.000017s ]
INFO: [ app_init ] --END-- [ RunTime:0.000381s ]
INFO: [ app_begin ] --START--
INFO: Run Behavior\ReadHtmlCacheBehavior [ RunTime:0.000518s ]
INFO: [ app_begin ] --END-- [ RunTime:0.000590s ]
SQL: SHOW COLUMNS FROM `category` [ RunTime:0.0197s ]
SQL: SHOW COLUMNS FROM `category` [ RunTime:0.0116s ]
SQL: SELECT * FROM `category` WHERE ( c_id ="-1" )  [ RunTime:0.0003s ]
SQL: SELECT * FROM `category` WHERE ( c_id ="1" )  [ RunTime:0.0002s ]
INFO: [ view_parse ] --START--
INFO: [ template_filter ] --START--
INFO: Run Behavior\ContentReplaceBehavior [ RunTime:0.000046s ]
INFO: [ template_filter ] --END-- [ RunTime:0.000112s ]
NOTIC: [8] Undefined variable: user /Users/ronin/workspace/php/finder/Application/Runtime/Cache/Admin/e8a885ee4581c99bee7d2fdd29fb7a6a.php 第 23 行.
NOTIC: [8] Undefined variable: message /Users/ronin/workspace/php/finder/Application/Runtime/Cache/Admin/e8a885ee4581c99bee7d2fdd29fb7a6a.php 第 23 行.
NOTIC: [8] Undefined variable: myself /Users/ronin/workspace/php/finder/Application/Runtime/Cache/Admin/e8a885ee4581c99bee7d2fdd29fb7a6a.php 第 23 行.
INFO: Run Behavior\ParseTemplateBehavior [ RunTime:0.043619s ]
INFO: [ view_parse ] --END-- [ RunTime:0.043667s ]
INFO: [ view_filter ] --START--
INFO: Run Behavior\WriteHtmlCacheBehavior [ RunTime:0.000129s ]
INFO: [ view_filter ] --END-- [ RunTime:0.000159s ]
INFO: [ app_end ] --START--
INFO: Run Behavior\ShowPageTraceBehavior [ RunTime:0.000542s ]
INFO: [ app_end ] --END-- [ RunTime:0.000593s ]

[ 2015-07-04T13:54:23+08:00 ] ::1 /finder/index.php/myself
INFO: [ app_init ] --START--
INFO: Run Behavior\BuildLiteBehavior [ RunTime:0.000011s ]
INFO: [ app_init ] --END-- [ RunTime:0.000235s ]
INFO: [ app_begin ] --START--
INFO: Run Behavior\ReadHtmlCacheBehavior [ RunTime:0.000323s ]
INFO: [ app_begin ] --END-- [ RunTime:0.000361s ]
INFO: [ view_parse ] --START--
INFO: [ template_filter ] --START--
INFO: Run Behavior\ContentReplaceBehavior [ RunTime:0.000031s ]
INFO: [ template_filter ] --END-- [ RunTime:0.000086s ]
NOTIC: [8] Undefined variable: page /Users/ronin/workspace/php/finder/Application/Runtime/Cache/Admin/8650e97b794f28cc24809bdca53888e4.php 第 21 行.
NOTIC: [8] Undefined variable: info /Users/ronin/workspace/php/finder/Application/Runtime/Cache/Admin/8650e97b794f28cc24809bdca53888e4.php 第 23 行.
NOTIC: [8] Undefined variable: user /Users/ronin/workspace/php/finder/Application/Runtime/Cache/Admin/8650e97b794f28cc24809bdca53888e4.php 第 23 行.
NOTIC: [8] Undefined variable: message /Users/ronin/workspace/php/finder/Application/Runtime/Cache/Admin/8650e97b794f28cc24809bdca53888e4.php 第 23 行.
NOTIC: [8] Undefined variable: nav /Users/ronin/workspace/php/finder/Application/Runtime/Cache/Admin/8650e97b794f28cc24809bdca53888e4.php 第 31 行.
INFO: Run Behavior\ParseTemplateBehavior [ RunTime:0.019042s ]
INFO: [ view_parse ] --END-- [ RunTime:0.019100s ]
INFO: [ view_filter ] --START--
INFO: Run Behavior\WriteHtmlCacheBehavior [ RunTime:0.000193s ]
INFO: [ view_filter ] --END-- [ RunTime:0.000246s ]
INFO: [ app_end ] --START--
INFO: Run Behavior\ShowPageTraceBehavior [ RunTime:0.000608s ]
INFO: [ app_end ] --END-- [ RunTime:0.000664s ]

[ 2015-07-04T13:54:24+08:00 ] ::1 /finder/index.php
INFO: [ app_init ] --START--
INFO: Run Behavior\BuildLiteBehavior [ RunTime:0.000012s ]
INFO: [ app_init ] --END-- [ RunTime:0.000256s ]
INFO: [ app_begin ] --START--
INFO: Run Behavior\ReadHtmlCacheBehavior [ RunTime:0.000362s ]
INFO: [ app_begin ] --END-- [ RunTime:0.000409s ]
SQL: SHOW COLUMNS FROM `category` [ RunTime:0.0024s ]
SQL: SHOW COLUMNS FROM `category` [ RunTime:0.0296s ]
SQL: SELECT * FROM `category` WHERE ( c_id ="-1" )  [ RunTime:0.0003s ]
SQL: SELECT * FROM `category` WHERE ( c_id ="1" )  [ RunTime:0.0002s ]
INFO: [ view_parse ] --START--
INFO: [ template_filter ] --START--
INFO: Run Behavior\ContentReplaceBehavior [ RunTime:0.000045s ]
INFO: [ template_filter ] --END-- [ RunTime:0.000147s ]
NOTIC: [8] Undefined variable: user /Users/ronin/workspace/php/finder/Application/Runtime/Cache/Admin/e8a885ee4581c99bee7d2fdd29fb7a6a.php 第 23 行.
NOTIC: [8] Undefined variable: message /Users/ronin/workspace/php/finder/Application/Runtime/Cache/Admin/e8a885ee4581c99bee7d2fdd29fb7a6a.php 第 23 行.
NOTIC: [8] Undefined variable: myself /Users/ronin/workspace/php/finder/Application/Runtime/Cache/Admin/e8a885ee4581c99bee7d2fdd29fb7a6a.php 第 23 行.
INFO: Run Behavior\ParseTemplateBehavior [ RunTime:0.009934s ]
INFO: [ view_parse ] --END-- [ RunTime:0.009984s ]
INFO: [ view_filter ] --START--
INFO: Run Behavior\WriteHtmlCacheBehavior [ RunTime:0.000175s ]
INFO: [ view_filter ] --END-- [ RunTime:0.000209s ]
INFO: [ app_end ] --START--
INFO: Run Behavior\ShowPageTraceBehavior [ RunTime:0.000389s ]
INFO: [ app_end ] --END-- [ RunTime:0.000437s ]

[ 2015-07-04T13:54:28+08:00 ] ::1 /finder/
INFO: [ app_init ] --START--
INFO: Run Behavior\BuildLiteBehavior [ RunTime:0.000011s ]
INFO: [ app_init ] --END-- [ RunTime:0.000233s ]
INFO: [ app_begin ] --START--
INFO: Run Behavior\ReadHtmlCacheBehavior [ RunTime:0.000288s ]
INFO: [ app_begin ] --END-- [ RunTime:0.000329s ]
SQL: SHOW COLUMNS FROM `category` [ RunTime:0.0378s ]
SQL: SHOW COLUMNS FROM `category` [ RunTime:0.0072s ]
SQL: SELECT * FROM `category` WHERE ( c_id ="-1" )  [ RunTime:0.0002s ]
SQL: SELECT * FROM `category` WHERE ( c_id ="1" )  [ RunTime:0.0002s ]
INFO: [ view_parse ] --START--
INFO: [ template_filter ] --START--
INFO: Run Behavior\ContentReplaceBehavior [ RunTime:0.000030s ]
INFO: [ template_filter ] --END-- [ RunTime:0.000083s ]
NOTIC: [8] Undefined variable: user /Users/ronin/workspace/php/finder/Application/Runtime/Cache/Admin/e8a885ee4581c99bee7d2fdd29fb7a6a.php 第 23 行.
NOTIC: [8] Undefined variable: message /Users/ronin/workspace/php/finder/Application/Runtime/Cache/Admin/e8a885ee4581c99bee7d2fdd29fb7a6a.php 第 23 行.
NOTIC: [8] Undefined variable: myself /Users/ronin/workspace/php/finder/Application/Runtime/Cache/Admin/e8a885ee4581c99bee7d2fdd29fb7a6a.php 第 23 行.
INFO: Run Behavior\ParseTemplateBehavior [ RunTime:0.008016s ]
INFO: [ view_parse ] --END-- [ RunTime:0.008074s ]
INFO: [ view_filter ] --START--
INFO: Run Behavior\WriteHtmlCacheBehavior [ RunTime:0.000181s ]
INFO: [ view_filter ] --END-- [ RunTime:0.000226s ]
INFO: [ app_end ] --START--
INFO: Run Behavior\ShowPageTraceBehavior [ RunTime:0.000447s ]
INFO: [ app_end ] --END-- [ RunTime:0.000482s ]

[ 2015-07-04T13:55:04+08:00 ] ::1 /finder/index.php
INFO: [ app_init ] --START--
INFO: Run Behavior\BuildLiteBehavior [ RunTime:0.000010s ]
INFO: [ app_init ] --END-- [ RunTime:0.000227s ]
INFO: [ app_begin ] --START--
INFO: Run Behavior\ReadHtmlCacheBehavior [ RunTime:0.000317s ]
INFO: [ app_begin ] --END-- [ RunTime:0.000354s ]
SQL: SHOW COLUMNS FROM `category` [ RunTime:0.0070s ]
SQL: SHOW COLUMNS FROM `category` [ RunTime:0.0282s ]
SQL: SELECT * FROM `category` WHERE ( c_id ="-1" )  [ RunTime:0.0002s ]
SQL: SELECT * FROM `category` WHERE ( c_id ="1" )  [ RunTime:0.0001s ]
INFO: [ view_parse ] --START--
INFO: [ template_filter ] --START--
INFO: Run Behavior\ContentReplaceBehavior [ RunTime:0.000038s ]
INFO: [ template_filter ] --END-- [ RunTime:0.000089s ]
NOTIC: [8] Undefined variable: user /Users/ronin/workspace/php/finder/Application/Runtime/Cache/Admin/e8a885ee4581c99bee7d2fdd29fb7a6a.php 第 23 行.
NOTIC: [8] Undefined variable: message /Users/ronin/workspace/php/finder/Application/Runtime/Cache/Admin/e8a885ee4581c99bee7d2fdd29fb7a6a.php 第 23 行.
NOTIC: [8] Undefined variable: myself /Users/ronin/workspace/php/finder/Application/Runtime/Cache/Admin/e8a885ee4581c99bee7d2fdd29fb7a6a.php 第 23 行.
INFO: Run Behavior\ParseTemplateBehavior [ RunTime:0.013775s ]
INFO: [ view_parse ] --END-- [ RunTime:0.013818s ]
INFO: [ view_filter ] --START--
INFO: Run Behavior\WriteHtmlCacheBehavior [ RunTime:0.000147s ]
INFO: [ view_filter ] --END-- [ RunTime:0.000180s ]
INFO: [ app_end ] --START--
INFO: Run Behavior\ShowPageTraceBehavior [ RunTime:0.000343s ]
INFO: [ app_end ] --END-- [ RunTime:0.011496s ]

[ 2015-07-04T13:55:08+08:00 ] ::1 /finder/index.php
INFO: [ app_init ] --START--
INFO: Run Behavior\BuildLiteBehavior [ RunTime:0.000038s ]
INFO: [ app_init ] --END-- [ RunTime:0.000424s ]
INFO: [ app_begin ] --START--
INFO: Run Behavior\ReadHtmlCacheBehavior [ RunTime:0.000385s ]
INFO: [ app_begin ] --END-- [ RunTime:0.000446s ]
SQL: SHOW COLUMNS FROM `user` [ RunTime:0.0023s ]
NOTIC: [2] Missing argument 1 for Core\Service\UserService::findUser(), called in /Users/ronin/workspace/php/finder/Application/Admin/Controller/LoginController.class.php on line 8 and defined /Users/ronin/workspace/php/finder/Application/Core/Service/UserService.class.php 第 7 行.
SQL: SHOW COLUMNS FROM `user` [ RunTime:0.0254s ]
NOTIC: [8] Undefined variable: user /Users/ronin/workspace/php/finder/Application/Core/Service/UserService.class.php 第 9 行.
SQL: SELECT * FROM `user` WHERE ( account='' )  [ RunTime:0.0004s ]
INFO: [ view_parse ] --START--
INFO: [ template_filter ] --START--
INFO: Run Behavior\ContentReplaceBehavior [ RunTime:0.000041s ]
INFO: [ template_filter ] --END-- [ RunTime:0.000099s ]
INFO: Run Behavior\ParseTemplateBehavior [ RunTime:0.067216s ]
INFO: [ view_parse ] --END-- [ RunTime:0.067306s ]
INFO: [ view_filter ] --START--
INFO: Run Behavior\WriteHtmlCacheBehavior [ RunTime:0.000166s ]
INFO: [ view_filter ] --END-- [ RunTime:0.000208s ]

[ 2015-07-04T13:55:13+08:00 ] ::1 /finder/index.php/
INFO: [ app_init ] --START--
INFO: Run Behavior\BuildLiteBehavior [ RunTime:0.000012s ]
INFO: [ app_init ] --END-- [ RunTime:0.000251s ]
INFO: [ app_begin ] --START--
INFO: Run Behavior\ReadHtmlCacheBehavior [ RunTime:0.000331s ]
INFO: [ app_begin ] --END-- [ RunTime:0.000371s ]
SQL: SHOW COLUMNS FROM `category` [ RunTime:0.0162s ]
SQL: SHOW COLUMNS FROM `category` [ RunTime:0.0016s ]
SQL: SELECT * FROM `category` WHERE ( c_id ="-1" )  [ RunTime:0.0003s ]
SQL: SELECT * FROM `category` WHERE ( c_id ="1" )  [ RunTime:0.0002s ]
INFO: [ view_parse ] --START--
INFO: [ template_filter ] --START--
INFO: Run Behavior\ContentReplaceBehavior [ RunTime:0.000056s ]
INFO: [ template_filter ] --END-- [ RunTime:0.000142s ]
NOTIC: [8] Undefined variable: user /Users/ronin/workspace/php/finder/Application/Runtime/Cache/Admin/e8a885ee4581c99bee7d2fdd29fb7a6a.php 第 23 行.
NOTIC: [8] Undefined variable: message /Users/ronin/workspace/php/finder/Application/Runtime/Cache/Admin/e8a885ee4581c99bee7d2fdd29fb7a6a.php 第 23 行.
NOTIC: [8] Undefined variable: myself /Users/ronin/workspace/php/finder/Application/Runtime/Cache/Admin/e8a885ee4581c99bee7d2fdd29fb7a6a.php 第 23 行.
INFO: Run Behavior\ParseTemplateBehavior [ RunTime:0.082381s ]
INFO: [ view_parse ] --END-- [ RunTime:0.082454s ]
INFO: [ view_filter ] --START--
INFO: Run Behavior\WriteHtmlCacheBehavior [ RunTime:0.000192s ]
INFO: [ view_filter ] --END-- [ RunTime:0.000240s ]
INFO: [ app_end ] --START--
INFO: Run Behavior\ShowPageTraceBehavior [ RunTime:0.000428s ]
INFO: [ app_end ] --END-- [ RunTime:0.000468s ]

[ 2015-07-04T13:57:19+08:00 ] ::1 /finder/index.php/
INFO: [ app_init ] --START--
INFO: Run Behavior\BuildLiteBehavior [ RunTime:0.000011s ]
INFO: [ app_init ] --END-- [ RunTime:0.000297s ]
INFO: [ app_begin ] --START--
INFO: Run Behavior\ReadHtmlCacheBehavior [ RunTime:0.000379s ]
INFO: [ app_begin ] --END-- [ RunTime:0.000461s ]
SQL: SHOW COLUMNS FROM `category` [ RunTime:0.0218s ]
SQL: SHOW COLUMNS FROM `category` [ RunTime:0.0257s ]
SQL: SELECT * FROM `category` WHERE ( c_id ="-1" )  [ RunTime:0.0002s ]
SQL: SELECT * FROM `category` WHERE ( c_id ="1" )  [ RunTime:0.0001s ]
INFO: [ view_parse ] --START--
INFO: [ template_filter ] --START--
INFO: Run Behavior\ContentReplaceBehavior [ RunTime:0.000029s ]
INFO: [ template_filter ] --END-- [ RunTime:0.000071s ]
NOTIC: [8] Undefined variable: session /Users/ronin/workspace/php/finder/Application/Runtime/Cache/Admin/e8a885ee4581c99bee7d2fdd29fb7a6a.php 第 21 行.

[ 2015-07-04T13:59:26+08:00 ] ::1 /finder/index.php/
INFO: [ app_init ] --START--
INFO: Run Behavior\BuildLiteBehavior [ RunTime:0.000015s ]
INFO: [ app_init ] --END-- [ RunTime:0.000254s ]
INFO: [ app_begin ] --START--
INFO: Run Behavior\ReadHtmlCacheBehavior [ RunTime:0.000392s ]
INFO: [ app_begin ] --END-- [ RunTime:0.000439s ]
SQL: SHOW COLUMNS FROM `category` [ RunTime:0.0337s ]
SQL: SHOW COLUMNS FROM `category` [ RunTime:0.0269s ]
SQL: SELECT * FROM `category` WHERE ( c_id ="-1" )  [ RunTime:0.0003s ]
SQL: SELECT * FROM `category` WHERE ( c_id ="1" )  [ RunTime:0.0002s ]
INFO: [ view_parse ] --START--
INFO: [ template_filter ] --START--
INFO: Run Behavior\ContentReplaceBehavior [ RunTime:0.000048s ]
INFO: [ template_filter ] --END-- [ RunTime:0.000111s ]
NOTIC: [8] Undefined variable: user /Users/ronin/workspace/php/finder/Application/Runtime/Cache/Admin/e8a885ee4581c99bee7d2fdd29fb7a6a.php 第 23 行.
NOTIC: [8] Undefined variable: message /Users/ronin/workspace/php/finder/Application/Runtime/Cache/Admin/e8a885ee4581c99bee7d2fdd29fb7a6a.php 第 23 行.
NOTIC: [8] Undefined variable: myself /Users/ronin/workspace/php/finder/Application/Runtime/Cache/Admin/e8a885ee4581c99bee7d2fdd29fb7a6a.php 第 23 行.
INFO: Run Behavior\ParseTemplateBehavior [ RunTime:0.036940s ]
INFO: [ view_parse ] --END-- [ RunTime:0.036985s ]
INFO: [ view_filter ] --START--
INFO: Run Behavior\WriteHtmlCacheBehavior [ RunTime:0.000158s ]
INFO: [ view_filter ] --END-- [ RunTime:0.000191s ]
INFO: [ app_end ] --START--
INFO: Run Behavior\ShowPageTraceBehavior [ RunTime:0.000509s ]
INFO: [ app_end ] --END-- [ RunTime:0.000556s ]

[ 2015-07-04T13:59:54+08:00 ] ::1 /finder/index.php/
INFO: [ app_init ] --START--
INFO: Run Behavior\BuildLiteBehavior [ RunTime:0.000099s ]
INFO: [ app_init ] --END-- [ RunTime:0.000683s ]
INFO: [ app_begin ] --START--
INFO: Run Behavior\ReadHtmlCacheBehavior [ RunTime:0.000863s ]
INFO: [ app_begin ] --END-- [ RunTime:0.000961s ]
SQL: SHOW COLUMNS FROM `category` [ RunTime:0.0024s ]
SQL: SHOW COLUMNS FROM `category` [ RunTime:0.0022s ]
SQL: SELECT * FROM `category` WHERE ( c_id ="-1" )  [ RunTime:0.0002s ]
SQL: SELECT * FROM `category` WHERE ( c_id ="1" )  [ RunTime:0.0002s ]
INFO: [ view_parse ] --START--
INFO: [ template_filter ] --START--
INFO: Run Behavior\ContentReplaceBehavior [ RunTime:0.000044s ]
INFO: [ template_filter ] --END-- [ RunTime:0.000109s ]
NOTIC: [8] Undefined variable: user /Users/ronin/workspace/php/finder/Application/Runtime/Cache/Admin/e8a885ee4581c99bee7d2fdd29fb7a6a.php 第 23 行.
NOTIC: [8] Undefined variable: message /Users/ronin/workspace/php/finder/Application/Runtime/Cache/Admin/e8a885ee4581c99bee7d2fdd29fb7a6a.php 第 23 行.
NOTIC: [8] Undefined variable: myself /Users/ronin/workspace/php/finder/Application/Runtime/Cache/Admin/e8a885ee4581c99bee7d2fdd29fb7a6a.php 第 23 行.
INFO: Run Behavior\ParseTemplateBehavior [ RunTime:0.009971s ]
INFO: [ view_parse ] --END-- [ RunTime:0.010037s ]
INFO: [ view_filter ] --START--
INFO: Run Behavior\WriteHtmlCacheBehavior [ RunTime:0.000148s ]
INFO: [ view_filter ] --END-- [ RunTime:0.000179s ]
INFO: [ app_end ] --START--
INFO: Run Behavior\ShowPageTraceBehavior [ RunTime:0.000496s ]
INFO: [ app_end ] --END-- [ RunTime:0.000561s ]

[ 2015-07-04T14:01:48+08:00 ] ::1 /finder/index.php/
INFO: [ app_init ] --START--
INFO: Run Behavior\BuildLiteBehavior [ RunTime:0.000012s ]
INFO: [ app_init ] --END-- [ RunTime:0.000296s ]
INFO: [ app_begin ] --START--
INFO: Run Behavior\ReadHtmlCacheBehavior [ RunTime:0.000386s ]
INFO: [ app_begin ] --END-- [ RunTime:0.000461s ]
SQL: SHOW COLUMNS FROM `category` [ RunTime:0.0142s ]
SQL: SHOW COLUMNS FROM `category` [ RunTime:0.0015s ]
SQL: SELECT * FROM `category` WHERE ( c_id ="-1" )  [ RunTime:0.0003s ]
SQL: SELECT * FROM `category` WHERE ( c_id ="1" )  [ RunTime:0.0002s ]
INFO: [ view_parse ] --START--
INFO: [ template_filter ] --START--
INFO: Run Behavior\ContentReplaceBehavior [ RunTime:0.000032s ]
INFO: [ template_filter ] --END-- [ RunTime:0.000078s ]

[ 2015-07-04T14:04:05+08:00 ] ::1 /finder/index.php/
INFO: [ app_init ] --START--
INFO: Run Behavior\BuildLiteBehavior [ RunTime:0.000048s ]
INFO: [ app_init ] --END-- [ RunTime:0.025636s ]
INFO: [ app_begin ] --START--
INFO: Run Behavior\ReadHtmlCacheBehavior [ RunTime:0.033030s ]
INFO: [ app_begin ] --END-- [ RunTime:0.033148s ]
SQL: SHOW COLUMNS FROM `category` [ RunTime:0.0366s ]
SQL: SHOW COLUMNS FROM `category` [ RunTime:0.0322s ]
SQL: SELECT * FROM `category` WHERE ( c_id ="-1" )  [ RunTime:0.0006s ]
SQL: SELECT * FROM `category` WHERE ( c_id ="1" )  [ RunTime:0.0003s ]
INFO: [ view_parse ] --START--
INFO: [ template_filter ] --START--
INFO: Run Behavior\ContentReplaceBehavior [ RunTime:0.000078s ]
INFO: [ template_filter ] --END-- [ RunTime:0.000169s ]

[ 2015-07-04T14:04:14+08:00 ] ::1 /finder/index.php/
INFO: [ app_init ] --START--
INFO: Run Behavior\BuildLiteBehavior [ RunTime:0.000048s ]
INFO: [ app_init ] --END-- [ RunTime:0.013893s ]
INFO: [ app_begin ] --START--
INFO: Run Behavior\ReadHtmlCacheBehavior [ RunTime:0.000703s ]
INFO: [ app_begin ] --END-- [ RunTime:0.000807s ]
SQL: SHOW COLUMNS FROM `category` [ RunTime:0.0032s ]
SQL: SHOW COLUMNS FROM `category` [ RunTime:0.0018s ]
SQL: SELECT * FROM `category` WHERE ( c_id ="-1" )  [ RunTime:0.0004s ]
SQL: SELECT * FROM `category` WHERE ( c_id ="1" )  [ RunTime:0.0003s ]
INFO: [ view_parse ] --START--
INFO: [ template_filter ] --START--
INFO: Run Behavior\ContentReplaceBehavior [ RunTime:0.000066s ]
INFO: [ template_filter ] --END-- [ RunTime:0.000144s ]
NOTIC: [8] Undefined variable: user /Users/ronin/workspace/php/finder/Application/Runtime/Cache/Admin/e8a885ee4581c99bee7d2fdd29fb7a6a.php 第 23 行.
NOTIC: [8] Undefined variable: message /Users/ronin/workspace/php/finder/Application/Runtime/Cache/Admin/e8a885ee4581c99bee7d2fdd29fb7a6a.php 第 23 行.
NOTIC: [8] Undefined variable: myself /Users/ronin/workspace/php/finder/Application/Runtime/Cache/Admin/e8a885ee4581c99bee7d2fdd29fb7a6a.php 第 23 行.
INFO: Run Behavior\ParseTemplateBehavior [ RunTime:0.085233s ]
INFO: [ view_parse ] --END-- [ RunTime:0.085306s ]
INFO: [ view_filter ] --START--
INFO: Run Behavior\WriteHtmlCacheBehavior [ RunTime:0.001227s ]
INFO: [ view_filter ] --END-- [ RunTime:0.001282s ]
INFO: [ app_end ] --START--
INFO: Run Behavior\ShowPageTraceBehavior [ RunTime:0.002017s ]
INFO: [ app_end ] --END-- [ RunTime:0.002097s ]

[ 2015-07-04T14:05:12+08:00 ] ::1 /finder/index.php/
INFO: [ app_init ] --START--
INFO: Run Behavior\BuildLiteBehavior [ RunTime:0.000022s ]
INFO: [ app_init ] --END-- [ RunTime:0.015208s ]
INFO: [ app_begin ] --START--
INFO: Run Behavior\ReadHtmlCacheBehavior [ RunTime:0.009565s ]
INFO: [ app_begin ] --END-- [ RunTime:0.009780s ]
SQL: SHOW COLUMNS FROM `category` [ RunTime:0.0114s ]
SQL: SHOW COLUMNS FROM `category` [ RunTime:0.0325s ]
SQL: SELECT * FROM `category` WHERE ( c_id ="-1" )  [ RunTime:0.0004s ]
SQL: SELECT * FROM `category` WHERE ( c_id ="1" )  [ RunTime:0.0003s ]
INFO: [ view_parse ] --START--
INFO: [ template_filter ] --START--
INFO: Run Behavior\ContentReplaceBehavior [ RunTime:0.000058s ]
INFO: [ template_filter ] --END-- [ RunTime:0.000151s ]
NOTIC: [8] Undefined variable: user /Users/ronin/workspace/php/finder/Application/Runtime/Cache/Admin/e8a885ee4581c99bee7d2fdd29fb7a6a.php 第 23 行.
NOTIC: [8] Undefined variable: message /Users/ronin/workspace/php/finder/Application/Runtime/Cache/Admin/e8a885ee4581c99bee7d2fdd29fb7a6a.php 第 23 行.
NOTIC: [8] Undefined variable: myself /Users/ronin/workspace/php/finder/Application/Runtime/Cache/Admin/e8a885ee4581c99bee7d2fdd29fb7a6a.php 第 23 行.
INFO: Run Behavior\ParseTemplateBehavior [ RunTime:0.186533s ]
INFO: [ view_parse ] --END-- [ RunTime:0.186638s ]
INFO: [ view_filter ] --START--
INFO: Run Behavior\WriteHtmlCacheBehavior [ RunTime:0.262658s ]
INFO: [ view_filter ] --END-- [ RunTime:0.262731s ]
INFO: [ app_end ] --START--
INFO: Run Behavior\ShowPageTraceBehavior [ RunTime:0.026715s ]
INFO: [ app_end ] --END-- [ RunTime:0.026825s ]

[ 2015-07-04T14:06:54+08:00 ] ::1 /finder/index.php/
INFO: [ app_init ] --START--
INFO: Run Behavior\BuildLiteBehavior [ RunTime:0.000040s ]
INFO: [ app_init ] --END-- [ RunTime:0.032211s ]
INFO: [ app_begin ] --START--
INFO: Run Behavior\ReadHtmlCacheBehavior [ RunTime:0.009276s ]
INFO: [ app_begin ] --END-- [ RunTime:0.009422s ]
SQL: SHOW COLUMNS FROM `category` [ RunTime:0.0027s ]
SQL: SHOW COLUMNS FROM `category` [ RunTime:0.0238s ]
SQL: SELECT * FROM `category` WHERE ( c_id ="-1" )  [ RunTime:0.0004s ]
SQL: SELECT * FROM `category` WHERE ( c_id ="1" )  [ RunTime:0.0003s ]
INFO: [ view_parse ] --START--
INFO: [ template_filter ] --START--
INFO: Run Behavior\ContentReplaceBehavior [ RunTime:0.000038s ]
INFO: [ template_filter ] --END-- [ RunTime:0.000099s ]
NOTIC: [8] Undefined variable: user /Users/ronin/workspace/php/finder/Application/Runtime/Cache/Admin/e8a885ee4581c99bee7d2fdd29fb7a6a.php 第 23 行.
NOTIC: [8] Undefined variable: message /Users/ronin/workspace/php/finder/Application/Runtime/Cache/Admin/e8a885ee4581c99bee7d2fdd29fb7a6a.php 第 23 行.
NOTIC: [8] Undefined variable: myself /Users/ronin/workspace/php/finder/Application/Runtime/Cache/Admin/e8a885ee4581c99bee7d2fdd29fb7a6a.php 第 23 行.
INFO: Run Behavior\ParseTemplateBehavior [ RunTime:0.200229s ]
INFO: [ view_parse ] --END-- [ RunTime:0.200303s ]
INFO: [ view_filter ] --START--
INFO: Run Behavior\WriteHtmlCacheBehavior [ RunTime:0.021408s ]
INFO: [ view_filter ] --END-- [ RunTime:0.021484s ]
INFO: [ app_end ] --START--
INFO: Run Behavior\ShowPageTraceBehavior [ RunTime:0.001068s ]
INFO: [ app_end ] --END-- [ RunTime:0.001162s ]

[ 2015-07-04T14:08:07+08:00 ] ::1 /finder/index.php/
INFO: [ app_init ] --START--
INFO: Run Behavior\BuildLiteBehavior [ RunTime:0.000035s ]
INFO: [ app_init ] --END-- [ RunTime:0.045900s ]
INFO: [ app_begin ] --START--
INFO: Run Behavior\ReadHtmlCacheBehavior [ RunTime:0.032405s ]
INFO: [ app_begin ] --END-- [ RunTime:0.032533s ]
SQL: SHOW COLUMNS FROM `category` [ RunTime:0.0408s ]
SQL: SHOW COLUMNS FROM `category` [ RunTime:0.0374s ]
SQL: SELECT * FROM `category` WHERE ( c_id ="-1" )  [ RunTime:0.0004s ]
SQL: SELECT * FROM `category` WHERE ( c_id ="1" )  [ RunTime:0.0002s ]
INFO: [ view_parse ] --START--
INFO: [ template_filter ] --START--
INFO: Run Behavior\ContentReplaceBehavior [ RunTime:0.000042s ]
INFO: [ template_filter ] --END-- [ RunTime:0.000114s ]
NOTIC: [8] Undefined variable: user /Users/ronin/workspace/php/finder/Application/Runtime/Cache/Admin/e8a885ee4581c99bee7d2fdd29fb7a6a.php 第 23 行.
NOTIC: [8] Undefined variable: message /Users/ronin/workspace/php/finder/Application/Runtime/Cache/Admin/e8a885ee4581c99bee7d2fdd29fb7a6a.php 第 23 行.
NOTIC: [8] Undefined variable: myself /Users/ronin/workspace/php/finder/Application/Runtime/Cache/Admin/e8a885ee4581c99bee7d2fdd29fb7a6a.php 第 23 行.
INFO: Run Behavior\ParseTemplateBehavior [ RunTime:0.217591s ]
INFO: [ view_parse ] --END-- [ RunTime:0.217656s ]
INFO: [ view_filter ] --START--
INFO: Run Behavior\WriteHtmlCacheBehavior [ RunTime:0.009092s ]
INFO: [ view_filter ] --END-- [ RunTime:0.009164s ]
INFO: [ app_end ] --START--
INFO: Run Behavior\ShowPageTraceBehavior [ RunTime:0.000986s ]
INFO: [ app_end ] --END-- [ RunTime:0.001060s ]

[ 2015-07-04T14:08:25+08:00 ] ::1 /finder/index.php/
INFO: [ app_init ] --START--
INFO: Run Behavior\BuildLiteBehavior [ RunTime:0.000027s ]
INFO: [ app_init ] --END-- [ RunTime:0.000472s ]
INFO: [ app_begin ] --START--
INFO: Run Behavior\ReadHtmlCacheBehavior [ RunTime:0.000644s ]
INFO: [ app_begin ] --END-- [ RunTime:0.000724s ]
SQL: SHOW COLUMNS FROM `category` [ RunTime:0.0022s ]
SQL: SHOW COLUMNS FROM `category` [ RunTime:0.0071s ]
SQL: SELECT * FROM `category` WHERE ( c_id ="-1" )  [ RunTime:0.0003s ]
SQL: SELECT * FROM `category` WHERE ( c_id ="1" )  [ RunTime:0.0002s ]
INFO: [ view_parse ] --START--
INFO: [ template_filter ] --START--
INFO: Run Behavior\ContentReplaceBehavior [ RunTime:0.000058s ]
INFO: [ template_filter ] --END-- [ RunTime:0.000157s ]
NOTIC: [8] Undefined variable: user /Users/ronin/workspace/php/finder/Application/Runtime/Cache/Admin/e8a885ee4581c99bee7d2fdd29fb7a6a.php 第 23 行.
NOTIC: [8] Undefined variable: message /Users/ronin/workspace/php/finder/Application/Runtime/Cache/Admin/e8a885ee4581c99bee7d2fdd29fb7a6a.php 第 23 行.
NOTIC: [8] Undefined variable: myself /Users/ronin/workspace/php/finder/Application/Runtime/Cache/Admin/e8a885ee4581c99bee7d2fdd29fb7a6a.php 第 23 行.
INFO: Run Behavior\ParseTemplateBehavior [ RunTime:0.082371s ]
INFO: [ view_parse ] --END-- [ RunTime:0.082454s ]
INFO: [ view_filter ] --START--
INFO: Run Behavior\WriteHtmlCacheBehavior [ RunTime:0.000181s ]
INFO: [ view_filter ] --END-- [ RunTime:0.000227s ]
INFO: [ app_end ] --START--
INFO: Run Behavior\ShowPageTraceBehavior [ RunTime:0.000994s ]
INFO: [ app_end ] --END-- [ RunTime:0.001086s ]

[ 2015-07-04T14:08:27+08:00 ] ::1 /finder/index.php/
INFO: [ app_init ] --START--
INFO: Run Behavior\BuildLiteBehavior [ RunTime:0.000018s ]
INFO: [ app_init ] --END-- [ RunTime:0.000378s ]
INFO: [ app_begin ] --START--
INFO: Run Behavior\ReadHtmlCacheBehavior [ RunTime:0.000413s ]
INFO: [ app_begin ] --END-- [ RunTime:0.000472s ]
SQL: SHOW COLUMNS FROM `category` [ RunTime:0.0021s ]
SQL: SHOW COLUMNS FROM `category` [ RunTime:0.0068s ]
SQL: SELECT * FROM `category` WHERE ( c_id ="-1" )  [ RunTime:0.0003s ]
SQL: SELECT * FROM `category` WHERE ( c_id ="1" )  [ RunTime:0.0003s ]
INFO: [ view_parse ] --START--
INFO: [ template_filter ] --START--
INFO: Run Behavior\ContentReplaceBehavior [ RunTime:0.000048s ]
INFO: [ template_filter ] --END-- [ RunTime:0.000121s ]
NOTIC: [8] Undefined variable: user /Users/ronin/workspace/php/finder/Application/Runtime/Cache/Admin/e8a885ee4581c99bee7d2fdd29fb7a6a.php 第 23 行.
NOTIC: [8] Undefined variable: message /Users/ronin/workspace/php/finder/Application/Runtime/Cache/Admin/e8a885ee4581c99bee7d2fdd29fb7a6a.php 第 23 行.
NOTIC: [8] Undefined variable: myself /Users/ronin/workspace/php/finder/Application/Runtime/Cache/Admin/e8a885ee4581c99bee7d2fdd29fb7a6a.php 第 23 行.
INFO: Run Behavior\ParseTemplateBehavior [ RunTime:0.010826s ]
INFO: [ view_parse ] --END-- [ RunTime:0.010928s ]
INFO: [ view_filter ] --START--
INFO: Run Behavior\WriteHtmlCacheBehavior [ RunTime:0.000332s ]
INFO: [ view_filter ] --END-- [ RunTime:0.000400s ]
INFO: [ app_end ] --START--
INFO: Run Behavior\ShowPageTraceBehavior [ RunTime:0.000599s ]
INFO: [ app_end ] --END-- [ RunTime:0.000721s ]

[ 2015-07-04T14:08:29+08:00 ] ::1 /finder/index.php/
INFO: [ app_init ] --START--
INFO: Run Behavior\BuildLiteBehavior [ RunTime:0.000015s ]
INFO: [ app_init ] --END-- [ RunTime:0.000331s ]
INFO: [ app_begin ] --START--
INFO: Run Behavior\ReadHtmlCacheBehavior [ RunTime:0.000447s ]
INFO: [ app_begin ] --END-- [ RunTime:0.000504s ]
SQL: SHOW COLUMNS FROM `category` [ RunTime:0.0019s ]
SQL: SHOW COLUMNS FROM `category` [ RunTime:0.0040s ]
SQL: SELECT * FROM `category` WHERE ( c_id ="-1" )  [ RunTime:0.0003s ]
SQL: SELECT * FROM `category` WHERE ( c_id ="1" )  [ RunTime:0.0003s ]
INFO: [ view_parse ] --START--
INFO: [ template_filter ] --START--
INFO: Run Behavior\ContentReplaceBehavior [ RunTime:0.000045s ]
INFO: [ template_filter ] --END-- [ RunTime:0.000113s ]
NOTIC: [8] Undefined variable: user /Users/ronin/workspace/php/finder/Application/Runtime/Cache/Admin/e8a885ee4581c99bee7d2fdd29fb7a6a.php 第 23 行.
NOTIC: [8] Undefined variable: message /Users/ronin/workspace/php/finder/Application/Runtime/Cache/Admin/e8a885ee4581c99bee7d2fdd29fb7a6a.php 第 23 行.
NOTIC: [8] Undefined variable: myself /Users/ronin/workspace/php/finder/Application/Runtime/Cache/Admin/e8a885ee4581c99bee7d2fdd29fb7a6a.php 第 23 行.
INFO: Run Behavior\ParseTemplateBehavior [ RunTime:0.011632s ]
INFO: [ view_parse ] --END-- [ RunTime:0.011685s ]
INFO: [ view_filter ] --START--
INFO: Run Behavior\WriteHtmlCacheBehavior [ RunTime:0.000153s ]
INFO: [ view_filter ] --END-- [ RunTime:0.000192s ]
INFO: [ app_end ] --START--
INFO: Run Behavior\ShowPageTraceBehavior [ RunTime:0.000451s ]
INFO: [ app_end ] --END-- [ RunTime:0.000493s ]

[ 2015-07-04T14:09:09+08:00 ] ::1 /finder/index.php/
INFO: [ app_init ] --START--
INFO: Run Behavior\BuildLiteBehavior [ RunTime:0.000012s ]
INFO: [ app_init ] --END-- [ RunTime:0.000262s ]
INFO: [ app_begin ] --START--
INFO: Run Behavior\ReadHtmlCacheBehavior [ RunTime:0.000346s ]
INFO: [ app_begin ] --END-- [ RunTime:0.000390s ]
SQL: SHOW COLUMNS FROM `category` [ RunTime:0.0688s ]
SQL: SHOW COLUMNS FROM `category` [ RunTime:0.0027s ]
SQL: SELECT * FROM `category` WHERE ( c_id ="-1" )  [ RunTime:0.0003s ]
SQL: SELECT * FROM `category` WHERE ( c_id ="1" )  [ RunTime:0.0003s ]
INFO: [ view_parse ] --START--
INFO: [ template_filter ] --START--
INFO: Run Behavior\ContentReplaceBehavior [ RunTime:0.000050s ]
INFO: [ template_filter ] --END-- [ RunTime:0.000128s ]
NOTIC: [8] Undefined variable: user /Users/ronin/workspace/php/finder/Application/Runtime/Cache/Admin/e8a885ee4581c99bee7d2fdd29fb7a6a.php 第 23 行.
NOTIC: [8] Undefined variable: message /Users/ronin/workspace/php/finder/Application/Runtime/Cache/Admin/e8a885ee4581c99bee7d2fdd29fb7a6a.php 第 23 行.
NOTIC: [8] Undefined variable: myself /Users/ronin/workspace/php/finder/Application/Runtime/Cache/Admin/e8a885ee4581c99bee7d2fdd29fb7a6a.php 第 23 行.
INFO: Run Behavior\ParseTemplateBehavior [ RunTime:0.011013s ]
INFO: [ view_parse ] --END-- [ RunTime:0.011078s ]
INFO: [ view_filter ] --START--
INFO: Run Behavior\WriteHtmlCacheBehavior [ RunTime:0.000193s ]
INFO: [ view_filter ] --END-- [ RunTime:0.000241s ]
INFO: [ app_end ] --START--
INFO: Run Behavior\ShowPageTraceBehavior [ RunTime:0.082419s ]
INFO: [ app_end ] --END-- [ RunTime:0.126143s ]

[ 2015-07-04T14:09:13+08:00 ] ::1 /finder/index.php/
INFO: [ app_init ] --START--
INFO: Run Behavior\BuildLiteBehavior [ RunTime:0.000013s ]
INFO: [ app_init ] --END-- [ RunTime:0.000300s ]
INFO: [ app_begin ] --START--
INFO: Run Behavior\ReadHtmlCacheBehavior [ RunTime:0.000367s ]
INFO: [ app_begin ] --END-- [ RunTime:0.000402s ]
SQL: SHOW COLUMNS FROM `category` [ RunTime:1.6113s ]
SQL: SHOW COLUMNS FROM `category` [ RunTime:0.3114s ]
SQL: SELECT * FROM `category` WHERE ( c_id ="-1" )  [ RunTime:0.0003s ]
SQL: SELECT * FROM `category` WHERE ( c_id ="1" )  [ RunTime:0.0003s ]
INFO: [ view_parse ] --START--
INFO: [ template_filter ] --START--
INFO: Run Behavior\ContentReplaceBehavior [ RunTime:0.000039s ]
INFO: [ template_filter ] --END-- [ RunTime:0.000095s ]
NOTIC: [8] Undefined variable: user /Users/ronin/workspace/php/finder/Application/Runtime/Cache/Admin/e8a885ee4581c99bee7d2fdd29fb7a6a.php 第 23 行.
NOTIC: [8] Undefined variable: message /Users/ronin/workspace/php/finder/Application/Runtime/Cache/Admin/e8a885ee4581c99bee7d2fdd29fb7a6a.php 第 23 行.
NOTIC: [8] Undefined variable: myself /Users/ronin/workspace/php/finder/Application/Runtime/Cache/Admin/e8a885ee4581c99bee7d2fdd29fb7a6a.php 第 23 行.
INFO: Run Behavior\ParseTemplateBehavior [ RunTime:0.023985s ]
INFO: [ view_parse ] --END-- [ RunTime:0.024056s ]
INFO: [ view_filter ] --START--
INFO: Run Behavior\WriteHtmlCacheBehavior [ RunTime:0.000156s ]
INFO: [ view_filter ] --END-- [ RunTime:0.000193s ]
INFO: [ app_end ] --START--
INFO: Run Behavior\ShowPageTraceBehavior [ RunTime:0.000396s ]
INFO: [ app_end ] --END-- [ RunTime:0.000435s ]

[ 2015-07-04T14:12:39+08:00 ] ::1 /finder/index.php/
INFO: [ app_init ] --START--
INFO: Run Behavior\BuildLiteBehavior [ RunTime:0.000017s ]
INFO: [ app_init ] --END-- [ RunTime:0.031512s ]
INFO: [ app_begin ] --START--
INFO: Run Behavior\ReadHtmlCacheBehavior [ RunTime:0.947507s ]
INFO: [ app_begin ] --END-- [ RunTime:0.947706s ]
SQL: SHOW COLUMNS FROM `category` [ RunTime:0.5753s ]
SQL: SHOW COLUMNS FROM `category` [ RunTime:0.5262s ]
SQL: SELECT * FROM `category` WHERE ( c_id ="-1" )  [ RunTime:0.0003s ]
SQL: SELECT * FROM `category` WHERE ( c_id ="1" )  [ RunTime:0.0002s ]
INFO: [ view_parse ] --START--
INFO: [ template_filter ] --START--
INFO: Run Behavior\ContentReplaceBehavior [ RunTime:0.000059s ]
INFO: [ template_filter ] --END-- [ RunTime:0.000147s ]
NOTIC: [8] Undefined variable: user /Users/ronin/workspace/php/finder/Application/Runtime/Cache/Admin/e8a885ee4581c99bee7d2fdd29fb7a6a.php 第 23 行.
NOTIC: [8] Undefined variable: message /Users/ronin/workspace/php/finder/Application/Runtime/Cache/Admin/e8a885ee4581c99bee7d2fdd29fb7a6a.php 第 23 行.
NOTIC: [8] Undefined variable: myself /Users/ronin/workspace/php/finder/Application/Runtime/Cache/Admin/e8a885ee4581c99bee7d2fdd29fb7a6a.php 第 23 行.
INFO: Run Behavior\ParseTemplateBehavior [ RunTime:0.249193s ]
INFO: [ view_parse ] --END-- [ RunTime:0.249260s ]
INFO: [ view_filter ] --START--
INFO: Run Behavior\WriteHtmlCacheBehavior [ RunTime:0.033292s ]
INFO: [ view_filter ] --END-- [ RunTime:0.033411s ]
INFO: [ app_end ] --START--
INFO: Run Behavior\ShowPageTraceBehavior [ RunTime:0.001178s ]
INFO: [ app_end ] --END-- [ RunTime:0.001232s ]

[ 2015-07-04T14:13:51+08:00 ] ::1 /finder/index.php/
INFO: [ app_init ] --START--
INFO: Run Behavior\BuildLiteBehavior [ RunTime:0.000019s ]
INFO: [ app_init ] --END-- [ RunTime:0.037013s ]
INFO: [ app_begin ] --START--
INFO: Run Behavior\ReadHtmlCacheBehavior [ RunTime:0.021805s ]
INFO: [ app_begin ] --END-- [ RunTime:0.021896s ]
SQL: SHOW COLUMNS FROM `category` [ RunTime:0.0019s ]
SQL: SHOW COLUMNS FROM `category` [ RunTime:0.0269s ]
SQL: SELECT * FROM `category` WHERE ( c_id ="-1" )  [ RunTime:0.0004s ]
SQL: SELECT * FROM `category` WHERE ( c_id ="1" )  [ RunTime:0.0003s ]
INFO: [ view_parse ] --START--
INFO: [ template_filter ] --START--
INFO: Run Behavior\ContentReplaceBehavior [ RunTime:0.000060s ]
INFO: [ template_filter ] --END-- [ RunTime:0.000146s ]
NOTIC: [8] Undefined variable: user /Users/ronin/workspace/php/finder/Application/Runtime/Cache/Admin/e8a885ee4581c99bee7d2fdd29fb7a6a.php 第 23 行.
NOTIC: [8] Undefined variable: message /Users/ronin/workspace/php/finder/Application/Runtime/Cache/Admin/e8a885ee4581c99bee7d2fdd29fb7a6a.php 第 23 行.
NOTIC: [8] Undefined variable: myself /Users/ronin/workspace/php/finder/Application/Runtime/Cache/Admin/e8a885ee4581c99bee7d2fdd29fb7a6a.php 第 23 行.
INFO: Run Behavior\ParseTemplateBehavior [ RunTime:0.159974s ]
INFO: [ view_parse ] --END-- [ RunTime:0.160045s ]
INFO: [ view_filter ] --START--
INFO: Run Behavior\WriteHtmlCacheBehavior [ RunTime:0.000497s ]
INFO: [ view_filter ] --END-- [ RunTime:0.000558s ]
INFO: [ app_end ] --START--
INFO: Run Behavior\ShowPageTraceBehavior [ RunTime:0.000968s ]
INFO: [ app_end ] --END-- [ RunTime:0.001024s ]

[ 2015-07-04T14:15:20+08:00 ] ::1 /finder/index.php/
INFO: [ app_init ] --START--
INFO: Run Behavior\BuildLiteBehavior [ RunTime:0.000019s ]
INFO: [ app_init ] --END-- [ RunTime:0.028391s ]
INFO: [ app_begin ] --START--
INFO: Run Behavior\ReadHtmlCacheBehavior [ RunTime:0.016803s ]
INFO: [ app_begin ] --END-- [ RunTime:0.016902s ]
SQL: SHOW COLUMNS FROM `category` [ RunTime:0.0762s ]
SQL: SHOW COLUMNS FROM `category` [ RunTime:0.1745s ]
SQL: SELECT * FROM `category` WHERE ( c_id ="-1" )  [ RunTime:0.0003s ]
SQL: SELECT * FROM `category` WHERE ( c_id ="1" )  [ RunTime:0.0002s ]
INFO: [ view_parse ] --START--
INFO: [ template_filter ] --START--
INFO: Run Behavior\ContentReplaceBehavior [ RunTime:0.000035s ]
INFO: [ template_filter ] --END-- [ RunTime:0.000087s ]
NOTIC: [8] Undefined variable: user /Users/ronin/workspace/php/finder/Application/Runtime/Cache/Admin/e8a885ee4581c99bee7d2fdd29fb7a6a.php 第 23 行.
NOTIC: [8] Undefined variable: message /Users/ronin/workspace/php/finder/Application/Runtime/Cache/Admin/e8a885ee4581c99bee7d2fdd29fb7a6a.php 第 23 行.
NOTIC: [8] Undefined variable: myself /Users/ronin/workspace/php/finder/Application/Runtime/Cache/Admin/e8a885ee4581c99bee7d2fdd29fb7a6a.php 第 23 行.
INFO: Run Behavior\ParseTemplateBehavior [ RunTime:0.341053s ]
INFO: [ view_parse ] --END-- [ RunTime:0.341118s ]
INFO: [ view_filter ] --START--
INFO: Run Behavior\WriteHtmlCacheBehavior [ RunTime:0.032704s ]
INFO: [ view_filter ] --END-- [ RunTime:0.032766s ]
INFO: [ app_end ] --START--
INFO: Run Behavior\ShowPageTraceBehavior [ RunTime:0.031943s ]
INFO: [ app_end ] --END-- [ RunTime:0.032024s ]

[ 2015-07-04T14:16:10+08:00 ] ::1 /finder/index.php/
INFO: [ app_init ] --START--
INFO: Run Behavior\BuildLiteBehavior [ RunTime:0.000040s ]
INFO: [ app_init ] --END-- [ RunTime:0.008936s ]
INFO: [ app_begin ] --START--
INFO: Run Behavior\ReadHtmlCacheBehavior [ RunTime:0.010884s ]
INFO: [ app_begin ] --END-- [ RunTime:0.011012s ]
SQL: SHOW COLUMNS FROM `category` [ RunTime:0.0412s ]
SQL: SHOW COLUMNS FROM `category` [ RunTime:0.0231s ]
SQL: SELECT * FROM `category` WHERE ( c_id ="-1" )  [ RunTime:0.0005s ]
SQL: SELECT * FROM `category` WHERE ( c_id ="1" )  [ RunTime:0.0003s ]
INFO: [ view_parse ] --START--
INFO: [ template_filter ] --START--
INFO: Run Behavior\ContentReplaceBehavior [ RunTime:0.000093s ]
INFO: [ template_filter ] --END-- [ RunTime:0.000205s ]
NOTIC: [8] Undefined variable: user /Users/ronin/workspace/php/finder/Application/Runtime/Cache/Admin/e8a885ee4581c99bee7d2fdd29fb7a6a.php 第 23 行.
NOTIC: [8] Undefined variable: message /Users/ronin/workspace/php/finder/Application/Runtime/Cache/Admin/e8a885ee4581c99bee7d2fdd29fb7a6a.php 第 23 行.
NOTIC: [8] Undefined variable: myself /Users/ronin/workspace/php/finder/Application/Runtime/Cache/Admin/e8a885ee4581c99bee7d2fdd29fb7a6a.php 第 23 行.
INFO: Run Behavior\ParseTemplateBehavior [ RunTime:0.228227s ]
INFO: [ view_parse ] --END-- [ RunTime:0.228333s ]
INFO: [ view_filter ] --START--
INFO: Run Behavior\WriteHtmlCacheBehavior [ RunTime:0.001139s ]
INFO: [ view_filter ] --END-- [ RunTime:0.001214s ]
INFO: [ app_end ] --START--
INFO: Run Behavior\ShowPageTraceBehavior [ RunTime:0.001367s ]
INFO: [ app_end ] --END-- [ RunTime:0.001461s ]

[ 2015-07-04T14:16:57+08:00 ] ::1 /finder/index.php/
INFO: [ app_init ] --START--
INFO: Run Behavior\BuildLiteBehavior [ RunTime:0.000061s ]
INFO: [ app_init ] --END-- [ RunTime:0.016838s ]
INFO: [ app_begin ] --START--
INFO: Run Behavior\ReadHtmlCacheBehavior [ RunTime:0.112027s ]
INFO: [ app_begin ] --END-- [ RunTime:0.112177s ]
SQL: SHOW COLUMNS FROM `category` [ RunTime:0.3033s ]
SQL: SHOW COLUMNS FROM `category` [ RunTime:0.1876s ]
SQL: SELECT * FROM `category` WHERE ( c_id ="-1" )  [ RunTime:0.0003s ]
SQL: SELECT * FROM `category` WHERE ( c_id ="1" )  [ RunTime:0.0002s ]
INFO: [ view_parse ] --START--
INFO: [ template_filter ] --START--
INFO: Run Behavior\ContentReplaceBehavior [ RunTime:0.000041s ]
INFO: [ template_filter ] --END-- [ RunTime:0.000108s ]
NOTIC: [8] Undefined variable: user /Users/ronin/workspace/php/finder/Application/Runtime/Cache/Admin/e8a885ee4581c99bee7d2fdd29fb7a6a.php 第 23 行.
NOTIC: [8] Undefined variable: message /Users/ronin/workspace/php/finder/Application/Runtime/Cache/Admin/e8a885ee4581c99bee7d2fdd29fb7a6a.php 第 23 行.
NOTIC: [8] Undefined variable: myself /Users/ronin/workspace/php/finder/Application/Runtime/Cache/Admin/e8a885ee4581c99bee7d2fdd29fb7a6a.php 第 23 行.
INFO: Run Behavior\ParseTemplateBehavior [ RunTime:0.647872s ]
INFO: [ view_parse ] --END-- [ RunTime:0.648003s ]
INFO: [ view_filter ] --START--
INFO: Run Behavior\WriteHtmlCacheBehavior [ RunTime:0.019240s ]
INFO: [ view_filter ] --END-- [ RunTime:0.019308s ]
INFO: [ app_end ] --START--
INFO: Run Behavior\ShowPageTraceBehavior [ RunTime:0.155290s ]
INFO: [ app_end ] --END-- [ RunTime:0.155389s ]

[ 2015-07-04T14:17:42+08:00 ] ::1 /finder/index.php/
INFO: [ app_init ] --START--
INFO: Run Behavior\BuildLiteBehavior [ RunTime:0.000106s ]
INFO: [ app_init ] --END-- [ RunTime:0.012272s ]
INFO: [ app_begin ] --START--
INFO: Run Behavior\ReadHtmlCacheBehavior [ RunTime:0.020144s ]
INFO: [ app_begin ] --END-- [ RunTime:0.020297s ]
SQL: SHOW COLUMNS FROM `category` [ RunTime:0.0026s ]
SQL: SHOW COLUMNS FROM `category` [ RunTime:0.0149s ]
SQL: SELECT * FROM `category` WHERE ( c_id ="-1" )  [ RunTime:0.0004s ]
SQL: SELECT * FROM `category` WHERE ( c_id ="1" )  [ RunTime:0.0003s ]
INFO: [ view_parse ] --START--
INFO: [ template_filter ] --START--
INFO: Run Behavior\ContentReplaceBehavior [ RunTime:0.000068s ]
INFO: [ template_filter ] --END-- [ RunTime:0.000210s ]
NOTIC: [8] Undefined variable: user /Users/ronin/workspace/php/finder/Application/Runtime/Cache/Admin/e8a885ee4581c99bee7d2fdd29fb7a6a.php 第 23 行.
NOTIC: [8] Undefined variable: message /Users/ronin/workspace/php/finder/Application/Runtime/Cache/Admin/e8a885ee4581c99bee7d2fdd29fb7a6a.php 第 23 行.
NOTIC: [8] Undefined variable: myself /Users/ronin/workspace/php/finder/Application/Runtime/Cache/Admin/e8a885ee4581c99bee7d2fdd29fb7a6a.php 第 23 行.
INFO: Run Behavior\ParseTemplateBehavior [ RunTime:0.057604s ]
INFO: [ view_parse ] --END-- [ RunTime:0.057687s ]
INFO: [ view_filter ] --START--
INFO: Run Behavior\WriteHtmlCacheBehavior [ RunTime:0.000196s ]
INFO: [ view_filter ] --END-- [ RunTime:0.000240s ]
INFO: [ app_end ] --START--
INFO: Run Behavior\ShowPageTraceBehavior [ RunTime:0.000582s ]
INFO: [ app_end ] --END-- [ RunTime:0.000649s ]

[ 2015-07-04T14:22:49+08:00 ] ::1 /finder/index.php/
INFO: [ app_init ] --START--
INFO: Run Behavior\BuildLiteBehavior [ RunTime:0.000049s ]
INFO: [ app_init ] --END-- [ RunTime:0.256104s ]
INFO: [ app_begin ] --START--
INFO: Run Behavior\ReadHtmlCacheBehavior [ RunTime:0.009817s ]
INFO: [ app_begin ] --END-- [ RunTime:0.009936s ]
SQL: SHOW COLUMNS FROM `category` [ RunTime:0.1656s ]
SQL: SHOW COLUMNS FROM `category` [ RunTime:0.1942s ]
SQL: SELECT * FROM `category` WHERE ( c_id ="-1" )  [ RunTime:0.0005s ]
SQL: SELECT * FROM `category` WHERE ( c_id ="1" )  [ RunTime:0.0002s ]
INFO: [ view_parse ] --START--
INFO: [ template_filter ] --START--
INFO: Run Behavior\ContentReplaceBehavior [ RunTime:0.000080s ]
INFO: [ template_filter ] --END-- [ RunTime:0.000220s ]
NOTIC: [8] Undefined variable: user /Users/ronin/workspace/php/finder/Application/Runtime/Cache/Admin/e8a885ee4581c99bee7d2fdd29fb7a6a.php 第 23 行.
NOTIC: [8] Undefined variable: message /Users/ronin/workspace/php/finder/Application/Runtime/Cache/Admin/e8a885ee4581c99bee7d2fdd29fb7a6a.php 第 23 行.
NOTIC: [8] Undefined variable: myself /Users/ronin/workspace/php/finder/Application/Runtime/Cache/Admin/e8a885ee4581c99bee7d2fdd29fb7a6a.php 第 23 行.
INFO: Run Behavior\ParseTemplateBehavior [ RunTime:0.483068s ]
INFO: [ view_parse ] --END-- [ RunTime:0.483146s ]
INFO: [ view_filter ] --START--
INFO: Run Behavior\WriteHtmlCacheBehavior [ RunTime:0.111805s ]
INFO: [ view_filter ] --END-- [ RunTime:0.111978s ]
INFO: [ app_end ] --START--
INFO: Run Behavior\ShowPageTraceBehavior [ RunTime:0.059982s ]
INFO: [ app_end ] --END-- [ RunTime:0.060232s ]

[ 2015-07-04T14:22:54+08:00 ] ::1 /finder/index.php/lines
INFO: [ app_init ] --START--
INFO: Run Behavior\BuildLiteBehavior [ RunTime:0.000013s ]
INFO: [ app_init ] --END-- [ RunTime:0.000390s ]
INFO: [ app_begin ] --START--
INFO: Run Behavior\ReadHtmlCacheBehavior [ RunTime:0.000331s ]
INFO: [ app_begin ] --END-- [ RunTime:0.000371s ]
ERR: 非法操作:lines

[ 2015-07-04T14:25:04+08:00 ] ::1 /finder/index.php/lines
INFO: [ app_init ] --START--
INFO: Run Behavior\BuildLiteBehavior [ RunTime:0.000032s ]
INFO: [ app_init ] --END-- [ RunTime:0.021218s ]
INFO: [ app_begin ] --START--
INFO: Run Behavior\ReadHtmlCacheBehavior [ RunTime:0.029098s ]
INFO: [ app_begin ] --END-- [ RunTime:0.029218s ]
INFO: [ view_parse ] --START--
INFO: [ template_filter ] --START--
INFO: Run Behavior\ContentReplaceBehavior [ RunTime:0.000038s ]
INFO: [ template_filter ] --END-- [ RunTime:0.000110s ]
NOTIC: [8] Undefined variable: info /Users/ronin/workspace/php/finder/Application/Runtime/Cache/Admin/8e178cadaedd5c559770d85a6effd365.php 第 23 行.
NOTIC: [8] Undefined variable: user /Users/ronin/workspace/php/finder/Application/Runtime/Cache/Admin/8e178cadaedd5c559770d85a6effd365.php 第 23 行.
NOTIC: [8] Undefined variable: message /Users/ronin/workspace/php/finder/Application/Runtime/Cache/Admin/8e178cadaedd5c559770d85a6effd365.php 第 23 行.
NOTIC: [8] Undefined variable: myself /Users/ronin/workspace/php/finder/Application/Runtime/Cache/Admin/8e178cadaedd5c559770d85a6effd365.php 第 23 行.
NOTIC: [8] Undefined variable: nav /Users/ronin/workspace/php/finder/Application/Runtime/Cache/Admin/8e178cadaedd5c559770d85a6effd365.php 第 34 行.
INFO: Run Behavior\ParseTemplateBehavior [ RunTime:0.178025s ]
INFO: [ view_parse ] --END-- [ RunTime:0.178103s ]
INFO: [ view_filter ] --START--
INFO: Run Behavior\WriteHtmlCacheBehavior [ RunTime:0.000798s ]
INFO: [ view_filter ] --END-- [ RunTime:0.000854s ]
INFO: [ app_end ] --START--
INFO: Run Behavior\ShowPageTraceBehavior [ RunTime:0.000883s ]
INFO: [ app_end ] --END-- [ RunTime:0.000941s ]

[ 2015-07-04T14:25:09+08:00 ] ::1 /finder/index.php
INFO: [ app_init ] --START--
INFO: Run Behavior\BuildLiteBehavior [ RunTime:0.000010s ]
INFO: [ app_init ] --END-- [ RunTime:0.000217s ]
INFO: [ app_begin ] --START--
INFO: Run Behavior\ReadHtmlCacheBehavior [ RunTime:0.000288s ]
INFO: [ app_begin ] --END-- [ RunTime:0.000359s ]
SQL: SHOW COLUMNS FROM `category` [ RunTime:0.0192s ]
SQL: SHOW COLUMNS FROM `category` [ RunTime:0.0684s ]
SQL: SELECT * FROM `category` WHERE ( c_id ="-1" )  [ RunTime:0.0003s ]
SQL: SELECT * FROM `category` WHERE ( c_id ="1" )  [ RunTime:0.0004s ]
INFO: [ view_parse ] --START--
INFO: [ template_filter ] --START--
INFO: Run Behavior\ContentReplaceBehavior [ RunTime:0.000035s ]
INFO: [ template_filter ] --END-- [ RunTime:0.000105s ]
NOTIC: [8] Undefined variable: user /Users/ronin/workspace/php/finder/Application/Runtime/Cache/Admin/e8a885ee4581c99bee7d2fdd29fb7a6a.php 第 23 行.
NOTIC: [8] Undefined variable: message /Users/ronin/workspace/php/finder/Application/Runtime/Cache/Admin/e8a885ee4581c99bee7d2fdd29fb7a6a.php 第 23 行.
NOTIC: [8] Undefined variable: myself /Users/ronin/workspace/php/finder/Application/Runtime/Cache/Admin/e8a885ee4581c99bee7d2fdd29fb7a6a.php 第 23 行.
INFO: Run Behavior\ParseTemplateBehavior [ RunTime:0.114399s ]
INFO: [ view_parse ] --END-- [ RunTime:0.114456s ]
INFO: [ view_filter ] --START--
INFO: Run Behavior\WriteHtmlCacheBehavior [ RunTime:0.000150s ]
INFO: [ view_filter ] --END-- [ RunTime:0.000179s ]
INFO: [ app_end ] --START--
INFO: Run Behavior\ShowPageTraceBehavior [ RunTime:0.019288s ]
INFO: [ app_end ] --END-- [ RunTime:0.019355s ]

[ 2015-07-04T14:25:13+08:00 ] ::1 /finder/index.php/addlines
INFO: [ app_init ] --START--
INFO: Run Behavior\BuildLiteBehavior [ RunTime:0.000010s ]
INFO: [ app_init ] --END-- [ RunTime:0.000218s ]
INFO: [ app_begin ] --START--
INFO: Run Behavior\ReadHtmlCacheBehavior [ RunTime:0.000376s ]
INFO: [ app_begin ] --END-- [ RunTime:0.000413s ]
INFO: [ app_end ] --START--
INFO: Run Behavior\ShowPageTraceBehavior [ RunTime:0.000365s ]
INFO: [ app_end ] --END-- [ RunTime:0.000415s ]

[ 2015-07-04T14:31:09+08:00 ] ::1 /finder/index.php
INFO: [ app_init ] --START--
INFO: Run Behavior\BuildLiteBehavior [ RunTime:0.000042s ]
INFO: [ app_init ] --END-- [ RunTime:0.025417s ]
INFO: [ app_begin ] --START--
INFO: Run Behavior\ReadHtmlCacheBehavior [ RunTime:0.009596s ]
INFO: [ app_begin ] --END-- [ RunTime:0.009734s ]
SQL: SHOW COLUMNS FROM `category` [ RunTime:0.0027s ]
SQL: SHOW COLUMNS FROM `category` [ RunTime:0.0019s ]
SQL: SELECT * FROM `category` WHERE ( c_id ="-1" )  [ RunTime:0.0003s ]
SQL: SELECT * FROM `category` WHERE ( c_id ="1" )  [ RunTime:0.0002s ]
INFO: [ view_parse ] --START--
INFO: [ template_filter ] --START--
INFO: Run Behavior\ContentReplaceBehavior [ RunTime:0.000061s ]
INFO: [ template_filter ] --END-- [ RunTime:0.000145s ]
NOTIC: [8] Undefined variable: user /Users/ronin/workspace/php/finder/Application/Runtime/Cache/Admin/e8a885ee4581c99bee7d2fdd29fb7a6a.php 第 23 行.
NOTIC: [8] Undefined variable: message /Users/ronin/workspace/php/finder/Application/Runtime/Cache/Admin/e8a885ee4581c99bee7d2fdd29fb7a6a.php 第 23 行.
NOTIC: [8] Undefined variable: myself /Users/ronin/workspace/php/finder/Application/Runtime/Cache/Admin/e8a885ee4581c99bee7d2fdd29fb7a6a.php 第 23 行.
INFO: Run Behavior\ParseTemplateBehavior [ RunTime:0.137677s ]
INFO: [ view_parse ] --END-- [ RunTime:0.137743s ]
INFO: [ view_filter ] --START--
INFO: Run Behavior\WriteHtmlCacheBehavior [ RunTime:0.039633s ]
INFO: [ view_filter ] --END-- [ RunTime:0.039698s ]
INFO: [ app_end ] --START--
INFO: Run Behavior\ShowPageTraceBehavior [ RunTime:0.016568s ]
INFO: [ app_end ] --END-- [ RunTime:0.016647s ]

[ 2015-07-04T14:31:21+08:00 ] ::1 /finder/index.php/addlines
INFO: [ app_init ] --START--
INFO: Run Behavior\BuildLiteBehavior [ RunTime:0.000011s ]
INFO: [ app_init ] --END-- [ RunTime:0.000294s ]
INFO: [ app_begin ] --START--
INFO: Run Behavior\ReadHtmlCacheBehavior [ RunTime:0.000512s ]
INFO: [ app_begin ] --END-- [ RunTime:0.000617s ]
SQL: SHOW COLUMNS FROM `category` [ RunTime:0.0019s ]
SQL: SHOW COLUMNS FROM `category` [ RunTime:0.0012s ]
SQL: SELECT * FROM `category` WHERE ( c_id ="-1" )  [ RunTime:0.0002s ]
NOTIC: [8] Undefined variable: theme /Users/ronin/workspace/php/finder/Application/Admin/Controller/LinesController.class.php 第 12 行.
INFO: [ view_parse ] --START--
INFO: [ template_filter ] --START--
INFO: Run Behavior\ContentReplaceBehavior [ RunTime:0.000038s ]
INFO: [ template_filter ] --END-- [ RunTime:0.000105s ]
NOTIC: [8] Undefined variable: user /Users/ronin/workspace/php/finder/Application/Runtime/Cache/Admin/686012a65acd9826327a6e96e8f34e5f.php 第 23 行.
NOTIC: [8] Undefined variable: message /Users/ronin/workspace/php/finder/Application/Runtime/Cache/Admin/686012a65acd9826327a6e96e8f34e5f.php 第 23 行.
NOTIC: [8] Undefined variable: myself /Users/ronin/workspace/php/finder/Application/Runtime/Cache/Admin/686012a65acd9826327a6e96e8f34e5f.php 第 23 行.
INFO: Run Behavior\ParseTemplateBehavior [ RunTime:0.009640s ]
INFO: [ view_parse ] --END-- [ RunTime:0.009690s ]
INFO: [ view_filter ] --START--
INFO: Run Behavior\WriteHtmlCacheBehavior [ RunTime:0.000237s ]
INFO: [ view_filter ] --END-- [ RunTime:0.000271s ]
INFO: [ app_end ] --START--
INFO: Run Behavior\ShowPageTraceBehavior [ RunTime:0.022804s ]
INFO: [ app_end ] --END-- [ RunTime:0.022940s ]

[ 2015-07-04T14:32:20+08:00 ] ::1 /finder/index.php/addlines
INFO: [ app_init ] --START--
INFO: Run Behavior\BuildLiteBehavior [ RunTime:0.000017s ]
INFO: [ app_init ] --END-- [ RunTime:0.000310s ]
INFO: [ app_begin ] --START--
INFO: Run Behavior\ReadHtmlCacheBehavior [ RunTime:0.000388s ]
INFO: [ app_begin ] --END-- [ RunTime:0.000441s ]
SQL: SHOW COLUMNS FROM `category` [ RunTime:0.0023s ]
SQL: SHOW COLUMNS FROM `category` [ RunTime:0.0016s ]
SQL: SELECT * FROM `category` WHERE ( c_id ="-1" )  [ RunTime:0.0002s ]
NOTIC: [8] Undefined variable: theme /Users/ronin/workspace/php/finder/Application/Admin/Controller/LinesController.class.php 第 12 行.
INFO: [ view_parse ] --START--
INFO: [ template_filter ] --START--
INFO: Run Behavior\ContentReplaceBehavior [ RunTime:0.000040s ]
INFO: [ template_filter ] --END-- [ RunTime:0.000104s ]
NOTIC: [8] Undefined variable: user /Users/ronin/workspace/php/finder/Application/Runtime/Cache/Admin/686012a65acd9826327a6e96e8f34e5f.php 第 23 行.
NOTIC: [8] Undefined variable: message /Users/ronin/workspace/php/finder/Application/Runtime/Cache/Admin/686012a65acd9826327a6e96e8f34e5f.php 第 23 行.
NOTIC: [8] Undefined variable: myself /Users/ronin/workspace/php/finder/Application/Runtime/Cache/Admin/686012a65acd9826327a6e96e8f34e5f.php 第 23 行.
INFO: Run Behavior\ParseTemplateBehavior [ RunTime:0.050587s ]
INFO: [ view_parse ] --END-- [ RunTime:0.050652s ]
INFO: [ view_filter ] --START--
INFO: Run Behavior\WriteHtmlCacheBehavior [ RunTime:0.000187s ]
INFO: [ view_filter ] --END-- [ RunTime:0.000223s ]
INFO: [ app_end ] --START--
INFO: Run Behavior\ShowPageTraceBehavior [ RunTime:0.000499s ]
INFO: [ app_end ] --END-- [ RunTime:0.000548s ]

[ 2015-07-04T14:33:04+08:00 ] ::1 /finder/index.php/addlines
INFO: [ app_init ] --START--
INFO: Run Behavior\BuildLiteBehavior [ RunTime:0.000021s ]
INFO: [ app_init ] --END-- [ RunTime:0.000357s ]
INFO: [ app_begin ] --START--
INFO: Run Behavior\ReadHtmlCacheBehavior [ RunTime:0.000608s ]
INFO: [ app_begin ] --END-- [ RunTime:0.000673s ]
SQL: SHOW COLUMNS FROM `category` [ RunTime:0.0301s ]
SQL: SHOW COLUMNS FROM `category` [ RunTime:0.0019s ]
SQL: SELECT * FROM `category` WHERE ( c_id ="-1" )  [ RunTime:0.0003s ]
SQL: SELECT * FROM `category` WHERE ( c_id ="1" )  [ RunTime:0.0002s ]
INFO: [ view_parse ] --START--
INFO: [ template_filter ] --START--
INFO: Run Behavior\ContentReplaceBehavior [ RunTime:0.000042s ]
INFO: [ template_filter ] --END-- [ RunTime:0.000110s ]
NOTIC: [8] Undefined variable: user /Users/ronin/workspace/php/finder/Application/Runtime/Cache/Admin/686012a65acd9826327a6e96e8f34e5f.php 第 23 行.
NOTIC: [8] Undefined variable: message /Users/ronin/workspace/php/finder/Application/Runtime/Cache/Admin/686012a65acd9826327a6e96e8f34e5f.php 第 23 行.
NOTIC: [8] Undefined variable: myself /Users/ronin/workspace/php/finder/Application/Runtime/Cache/Admin/686012a65acd9826327a6e96e8f34e5f.php 第 23 行.
INFO: Run Behavior\ParseTemplateBehavior [ RunTime:0.010257s ]
INFO: [ view_parse ] --END-- [ RunTime:0.010329s ]
INFO: [ view_filter ] --START--
INFO: Run Behavior\WriteHtmlCacheBehavior [ RunTime:0.000162s ]
INFO: [ view_filter ] --END-- [ RunTime:0.000196s ]
INFO: [ app_end ] --START--
INFO: Run Behavior\ShowPageTraceBehavior [ RunTime:0.020909s ]
INFO: [ app_end ] --END-- [ RunTime:0.021006s ]

[ 2015-07-04T14:35:49+08:00 ] ::1 /finder/index.php/addlines
INFO: [ app_init ] --START--
INFO: Run Behavior\BuildLiteBehavior [ RunTime:0.000010s ]
INFO: [ app_init ] --END-- [ RunTime:0.000222s ]
INFO: [ app_begin ] --START--
INFO: Run Behavior\ReadHtmlCacheBehavior [ RunTime:0.000282s ]
INFO: [ app_begin ] --END-- [ RunTime:0.000317s ]
SQL: SHOW COLUMNS FROM `category` [ RunTime:0.0467s ]
SQL: SHOW COLUMNS FROM `category` [ RunTime:0.0028s ]
SQL: SELECT * FROM `category` WHERE ( c_id ="-1" )  [ RunTime:0.0003s ]
SQL: SELECT * FROM `category` WHERE ( c_id ="1" )  [ RunTime:0.0002s ]
INFO: [ view_parse ] --START--
INFO: [ template_filter ] --START--
INFO: Run Behavior\ContentReplaceBehavior [ RunTime:0.000035s ]
INFO: [ template_filter ] --END-- [ RunTime:0.000086s ]
NOTIC: [8] Undefined variable: user /Users/ronin/workspace/php/finder/Application/Runtime/Cache/Admin/686012a65acd9826327a6e96e8f34e5f.php 第 23 行.
NOTIC: [8] Undefined variable: message /Users/ronin/workspace/php/finder/Application/Runtime/Cache/Admin/686012a65acd9826327a6e96e8f34e5f.php 第 23 行.
NOTIC: [8] Undefined variable: myself /Users/ronin/workspace/php/finder/Application/Runtime/Cache/Admin/686012a65acd9826327a6e96e8f34e5f.php 第 23 行.
INFO: Run Behavior\ParseTemplateBehavior [ RunTime:0.007805s ]
INFO: [ view_parse ] --END-- [ RunTime:0.007846s ]
INFO: [ view_filter ] --START--
INFO: Run Behavior\WriteHtmlCacheBehavior [ RunTime:0.000132s ]
INFO: [ view_filter ] --END-- [ RunTime:0.000164s ]
INFO: [ app_end ] --START--
INFO: Run Behavior\ShowPageTraceBehavior [ RunTime:0.000353s ]
INFO: [ app_end ] --END-- [ RunTime:0.000386s ]

[ 2015-07-04T14:36:50+08:00 ] ::1 /finder/index.php/addlines
INFO: [ app_init ] --START--
INFO: Run Behavior\BuildLiteBehavior [ RunTime:0.000011s ]
INFO: [ app_init ] --END-- [ RunTime:0.000230s ]
INFO: [ app_begin ] --START--
INFO: Run Behavior\ReadHtmlCacheBehavior [ RunTime:0.000293s ]
INFO: [ app_begin ] --END-- [ RunTime:0.000328s ]
SQL: SHOW COLUMNS FROM `category` [ RunTime:0.0151s ]
SQL: SHOW COLUMNS FROM `category` [ RunTime:0.0013s ]
SQL: SELECT * FROM `category` WHERE ( c_id ="-1" )  [ RunTime:0.0002s ]
SQL: SELECT * FROM `category` WHERE ( c_id ="1" )  [ RunTime:0.0002s ]
INFO: [ view_parse ] --START--
INFO: [ template_filter ] --START--
INFO: Run Behavior\ContentReplaceBehavior [ RunTime:0.000028s ]
INFO: [ template_filter ] --END-- [ RunTime:0.000070s ]
NOTIC: [8] Undefined variable: user /Users/ronin/workspace/php/finder/Application/Runtime/Cache/Admin/686012a65acd9826327a6e96e8f34e5f.php 第 23 行.
NOTIC: [8] Undefined variable: message /Users/ronin/workspace/php/finder/Application/Runtime/Cache/Admin/686012a65acd9826327a6e96e8f34e5f.php 第 23 行.
NOTIC: [8] Undefined variable: myself /Users/ronin/workspace/php/finder/Application/Runtime/Cache/Admin/686012a65acd9826327a6e96e8f34e5f.php 第 23 行.
INFO: Run Behavior\ParseTemplateBehavior [ RunTime:0.006749s ]
INFO: [ view_parse ] --END-- [ RunTime:0.006792s ]
INFO: [ view_filter ] --START--
INFO: Run Behavior\WriteHtmlCacheBehavior [ RunTime:0.000108s ]
INFO: [ view_filter ] --END-- [ RunTime:0.000134s ]
INFO: [ app_end ] --START--
INFO: Run Behavior\ShowPageTraceBehavior [ RunTime:0.000300s ]
INFO: [ app_end ] --END-- [ RunTime:0.000336s ]

[ 2015-07-04T14:56:35+08:00 ] ::1 /finder/index.php/addlines
INFO: [ app_init ] --START--
INFO: Run Behavior\BuildLiteBehavior [ RunTime:0.000012s ]
INFO: [ app_init ] --END-- [ RunTime:0.000243s ]
INFO: [ app_begin ] --START--
INFO: Run Behavior\ReadHtmlCacheBehavior [ RunTime:0.000332s ]
INFO: [ app_begin ] --END-- [ RunTime:0.000371s ]
SQL: SHOW COLUMNS FROM `category` [ RunTime:0.0021s ]
SQL: SHOW COLUMNS FROM `category` [ RunTime:0.0014s ]
SQL: SELECT * FROM `category` WHERE ( c_id ="-1" )  [ RunTime:0.0002s ]
SQL: SELECT * FROM `category` WHERE ( c_id ="1" )  [ RunTime:0.0001s ]
INFO: [ view_parse ] --START--
INFO: [ template_filter ] --START--
INFO: Run Behavior\ContentReplaceBehavior [ RunTime:0.000040s ]
INFO: [ template_filter ] --END-- [ RunTime:0.000096s ]
NOTIC: [8] Undefined variable: user /Users/ronin/workspace/php/finder/Application/Runtime/Cache/Admin/686012a65acd9826327a6e96e8f34e5f.php 第 23 行.
NOTIC: [8] Undefined variable: message /Users/ronin/workspace/php/finder/Application/Runtime/Cache/Admin/686012a65acd9826327a6e96e8f34e5f.php 第 23 行.
NOTIC: [8] Undefined variable: myself /Users/ronin/workspace/php/finder/Application/Runtime/Cache/Admin/686012a65acd9826327a6e96e8f34e5f.php 第 23 行.
INFO: Run Behavior\ParseTemplateBehavior [ RunTime:0.038994s ]
INFO: [ view_parse ] --END-- [ RunTime:0.039032s ]
INFO: [ view_filter ] --START--
INFO: Run Behavior\WriteHtmlCacheBehavior [ RunTime:0.015953s ]
INFO: [ view_filter ] --END-- [ RunTime:0.016026s ]
INFO: [ app_end ] --START--
INFO: Run Behavior\ShowPageTraceBehavior [ RunTime:0.001128s ]
INFO: [ app_end ] --END-- [ RunTime:0.001210s ]

[ 2015-07-04T14:56:41+08:00 ] ::1 /finder/index.php/addlines
INFO: [ app_init ] --START--
INFO: Run Behavior\BuildLiteBehavior [ RunTime:0.000011s ]
INFO: [ app_init ] --END-- [ RunTime:0.000232s ]
INFO: [ app_begin ] --START--
INFO: Run Behavior\ReadHtmlCacheBehavior [ RunTime:0.000336s ]
INFO: [ app_begin ] --END-- [ RunTime:0.000385s ]
SQL: SHOW COLUMNS FROM `category` [ RunTime:0.0060s ]
SQL: SHOW COLUMNS FROM `category` [ RunTime:0.0018s ]
SQL: SELECT * FROM `category` WHERE ( c_id ="-1" )  [ RunTime:0.0002s ]
SQL: SELECT * FROM `category` WHERE ( c_id ="1" )  [ RunTime:0.0002s ]
INFO: [ view_parse ] --START--
INFO: [ template_filter ] --START--
INFO: Run Behavior\ContentReplaceBehavior [ RunTime:0.000029s ]
INFO: [ template_filter ] --END-- [ RunTime:0.000071s ]
NOTIC: [8] Undefined variable: user /Users/ronin/workspace/php/finder/Application/Runtime/Cache/Admin/686012a65acd9826327a6e96e8f34e5f.php 第 23 行.
NOTIC: [8] Undefined variable: message /Users/ronin/workspace/php/finder/Application/Runtime/Cache/Admin/686012a65acd9826327a6e96e8f34e5f.php 第 23 行.
NOTIC: [8] Undefined variable: myself /Users/ronin/workspace/php/finder/Application/Runtime/Cache/Admin/686012a65acd9826327a6e96e8f34e5f.php 第 23 行.
INFO: Run Behavior\ParseTemplateBehavior [ RunTime:0.006791s ]
INFO: [ view_parse ] --END-- [ RunTime:0.006825s ]
INFO: [ view_filter ] --START--
INFO: Run Behavior\WriteHtmlCacheBehavior [ RunTime:0.000118s ]
INFO: [ view_filter ] --END-- [ RunTime:0.000145s ]
INFO: [ app_end ] --START--
INFO: Run Behavior\ShowPageTraceBehavior [ RunTime:0.000323s ]
INFO: [ app_end ] --END-- [ RunTime:0.000359s ]

[ 2015-07-04T14:56:42+08:00 ] ::1 /finder/index.php/addlines
INFO: [ app_init ] --START--
INFO: Run Behavior\BuildLiteBehavior [ RunTime:0.000011s ]
INFO: [ app_init ] --END-- [ RunTime:0.000226s ]
INFO: [ app_begin ] --START--
INFO: Run Behavior\ReadHtmlCacheBehavior [ RunTime:0.000289s ]
INFO: [ app_begin ] --END-- [ RunTime:0.000325s ]
SQL: SHOW COLUMNS FROM `category` [ RunTime:0.0074s ]
SQL: SHOW COLUMNS FROM `category` [ RunTime:0.0022s ]
SQL: SELECT * FROM `category` WHERE ( c_id ="-1" )  [ RunTime:0.0002s ]
SQL: SELECT * FROM `category` WHERE ( c_id ="1" )  [ RunTime:0.0002s ]
INFO: [ view_parse ] --START--
INFO: [ template_filter ] --START--
INFO: Run Behavior\ContentReplaceBehavior [ RunTime:0.000030s ]
INFO: [ template_filter ] --END-- [ RunTime:0.000075s ]
NOTIC: [8] Undefined variable: user /Users/ronin/workspace/php/finder/Application/Runtime/Cache/Admin/686012a65acd9826327a6e96e8f34e5f.php 第 23 行.
NOTIC: [8] Undefined variable: message /Users/ronin/workspace/php/finder/Application/Runtime/Cache/Admin/686012a65acd9826327a6e96e8f34e5f.php 第 23 行.
NOTIC: [8] Undefined variable: myself /Users/ronin/workspace/php/finder/Application/Runtime/Cache/Admin/686012a65acd9826327a6e96e8f34e5f.php 第 23 行.
INFO: Run Behavior\ParseTemplateBehavior [ RunTime:0.006887s ]
INFO: [ view_parse ] --END-- [ RunTime:0.006919s ]
INFO: [ view_filter ] --START--
INFO: Run Behavior\WriteHtmlCacheBehavior [ RunTime:0.000109s ]
INFO: [ view_filter ] --END-- [ RunTime:0.000135s ]
INFO: [ app_end ] --START--
INFO: Run Behavior\ShowPageTraceBehavior [ RunTime:0.000291s ]
INFO: [ app_end ] --END-- [ RunTime:0.000318s ]

[ 2015-07-04T14:58:10+08:00 ] ::1 /finder/index.php
INFO: [ app_init ] --START--
INFO: Run Behavior\BuildLiteBehavior [ RunTime:0.000023s ]
INFO: [ app_init ] --END-- [ RunTime:0.000323s ]
INFO: [ app_begin ] --START--
INFO: Run Behavior\ReadHtmlCacheBehavior [ RunTime:0.000393s ]
INFO: [ app_begin ] --END-- [ RunTime:0.000445s ]
SQL: SHOW COLUMNS FROM `category` [ RunTime:0.0062s ]
SQL: SHOW COLUMNS FROM `category` [ RunTime:0.0017s ]
SQL: SELECT * FROM `category` WHERE ( c_id ="-1" )  [ RunTime:0.0002s ]
SQL: SELECT * FROM `category` WHERE ( c_id ="1" )  [ RunTime:0.0001s ]
INFO: [ view_parse ] --START--
INFO: [ template_filter ] --START--
INFO: Run Behavior\ContentReplaceBehavior [ RunTime:0.000052s ]
INFO: [ template_filter ] --END-- [ RunTime:0.000118s ]
NOTIC: [8] Undefined variable: user /Users/ronin/workspace/php/finder/Application/Runtime/Cache/Admin/e8a885ee4581c99bee7d2fdd29fb7a6a.php 第 23 行.
NOTIC: [8] Undefined variable: message /Users/ronin/workspace/php/finder/Application/Runtime/Cache/Admin/e8a885ee4581c99bee7d2fdd29fb7a6a.php 第 23 行.
NOTIC: [8] Undefined variable: myself /Users/ronin/workspace/php/finder/Application/Runtime/Cache/Admin/e8a885ee4581c99bee7d2fdd29fb7a6a.php 第 23 行.
INFO: Run Behavior\ParseTemplateBehavior [ RunTime:0.055912s ]
INFO: [ view_parse ] --END-- [ RunTime:0.055963s ]
INFO: [ view_filter ] --START--
INFO: Run Behavior\WriteHtmlCacheBehavior [ RunTime:0.000146s ]
INFO: [ view_filter ] --END-- [ RunTime:0.000179s ]
INFO: [ app_end ] --START--
INFO: Run Behavior\ShowPageTraceBehavior [ RunTime:0.000455s ]
INFO: [ app_end ] --END-- [ RunTime:0.000502s ]

[ 2015-07-04T14:58:23+08:00 ] ::1 /finder/index.php
INFO: [ app_init ] --START--
INFO: Run Behavior\BuildLiteBehavior [ RunTime:0.000013s ]
INFO: [ app_init ] --END-- [ RunTime:0.000270s ]
INFO: [ app_begin ] --START--
INFO: Run Behavior\ReadHtmlCacheBehavior [ RunTime:0.000309s ]
INFO: [ app_begin ] --END-- [ RunTime:0.000345s ]
SQL: SHOW COLUMNS FROM `category` [ RunTime:0.0062s ]
SQL: SHOW COLUMNS FROM `category` [ RunTime:0.0013s ]
SQL: SELECT * FROM `category` WHERE ( c_id ="-1" )  [ RunTime:0.0002s ]
SQL: SELECT * FROM `category` WHERE ( c_id ="1" )  [ RunTime:0.0001s ]
INFO: [ view_parse ] --START--
INFO: [ template_filter ] --START--
INFO: Run Behavior\ContentReplaceBehavior [ RunTime:0.000034s ]
INFO: [ template_filter ] --END-- [ RunTime:0.000082s ]
NOTIC: [8] Undefined variable: user /Users/ronin/workspace/php/finder/Application/Runtime/Cache/Admin/e8a885ee4581c99bee7d2fdd29fb7a6a.php 第 23 行.
NOTIC: [8] Undefined variable: message /Users/ronin/workspace/php/finder/Application/Runtime/Cache/Admin/e8a885ee4581c99bee7d2fdd29fb7a6a.php 第 23 行.
NOTIC: [8] Undefined variable: myself /Users/ronin/workspace/php/finder/Application/Runtime/Cache/Admin/e8a885ee4581c99bee7d2fdd29fb7a6a.php 第 23 行.
INFO: Run Behavior\ParseTemplateBehavior [ RunTime:0.008105s ]
INFO: [ view_parse ] --END-- [ RunTime:0.008145s ]
INFO: [ view_filter ] --START--
INFO: Run Behavior\WriteHtmlCacheBehavior [ RunTime:0.000150s ]
INFO: [ view_filter ] --END-- [ RunTime:0.000187s ]
INFO: [ app_end ] --START--
INFO: Run Behavior\ShowPageTraceBehavior [ RunTime:0.000411s ]
INFO: [ app_end ] --END-- [ RunTime:0.000464s ]

[ 2015-07-04T14:58:46+08:00 ] ::1 /finder/index.php
INFO: [ app_init ] --START--
INFO: Run Behavior\BuildLiteBehavior [ RunTime:0.000015s ]
INFO: [ app_init ] --END-- [ RunTime:0.000271s ]
INFO: [ app_begin ] --START--
INFO: Run Behavior\ReadHtmlCacheBehavior [ RunTime:0.000356s ]
INFO: [ app_begin ] --END-- [ RunTime:0.000408s ]
SQL: SHOW COLUMNS FROM `category` [ RunTime:0.0058s ]
SQL: SHOW COLUMNS FROM `category` [ RunTime:0.0016s ]
SQL: SELECT * FROM `category` WHERE ( c_id ="-1" )  [ RunTime:0.0002s ]
SQL: SELECT * FROM `category` WHERE ( c_id ="1" )  [ RunTime:0.0001s ]
INFO: [ view_parse ] --START--
INFO: [ template_filter ] --START--
INFO: Run Behavior\ContentReplaceBehavior [ RunTime:0.000033s ]
INFO: [ template_filter ] --END-- [ RunTime:0.000090s ]
NOTIC: [8] Undefined variable: user /Users/ronin/workspace/php/finder/Application/Runtime/Cache/Admin/e8a885ee4581c99bee7d2fdd29fb7a6a.php 第 23 行.
NOTIC: [8] Undefined variable: message /Users/ronin/workspace/php/finder/Application/Runtime/Cache/Admin/e8a885ee4581c99bee7d2fdd29fb7a6a.php 第 23 行.
NOTIC: [8] Undefined variable: myself /Users/ronin/workspace/php/finder/Application/Runtime/Cache/Admin/e8a885ee4581c99bee7d2fdd29fb7a6a.php 第 23 行.
INFO: Run Behavior\ParseTemplateBehavior [ RunTime:0.008069s ]
INFO: [ view_parse ] --END-- [ RunTime:0.008135s ]
INFO: [ view_filter ] --START--
INFO: Run Behavior\WriteHtmlCacheBehavior [ RunTime:0.000151s ]
INFO: [ view_filter ] --END-- [ RunTime:0.000186s ]
INFO: [ app_end ] --START--
INFO: Run Behavior\ShowPageTraceBehavior [ RunTime:0.000386s ]
INFO: [ app_end ] --END-- [ RunTime:0.000423s ]

[ 2015-07-04T15:00:10+08:00 ] ::1 /finder/index.php
INFO: [ app_init ] --START--
INFO: Run Behavior\BuildLiteBehavior [ RunTime:0.000014s ]
INFO: [ app_init ] --END-- [ RunTime:0.000326s ]
INFO: [ app_begin ] --START--
INFO: Run Behavior\ReadHtmlCacheBehavior [ RunTime:0.000419s ]
INFO: [ app_begin ] --END-- [ RunTime:0.000467s ]
SQL: SHOW COLUMNS FROM `category` [ RunTime:0.0058s ]
SQL: SHOW COLUMNS FROM `category` [ RunTime:0.0016s ]
SQL: SELECT * FROM `category` WHERE ( c_id ="-1" )  [ RunTime:0.0003s ]
SQL: SELECT * FROM `category` WHERE ( c_id ="1" )  [ RunTime:0.0001s ]
INFO: [ view_parse ] --START--
INFO: [ template_filter ] --START--
INFO: Run Behavior\ContentReplaceBehavior [ RunTime:0.000028s ]
INFO: [ template_filter ] --END-- [ RunTime:0.000069s ]
NOTIC: [8] Undefined variable: user /Users/ronin/workspace/php/finder/Application/Runtime/Cache/Admin/e8a885ee4581c99bee7d2fdd29fb7a6a.php 第 23 行.
NOTIC: [8] Undefined variable: message /Users/ronin/workspace/php/finder/Application/Runtime/Cache/Admin/e8a885ee4581c99bee7d2fdd29fb7a6a.php 第 23 行.
NOTIC: [8] Undefined variable: myself /Users/ronin/workspace/php/finder/Application/Runtime/Cache/Admin/e8a885ee4581c99bee7d2fdd29fb7a6a.php 第 23 行.
INFO: Run Behavior\ParseTemplateBehavior [ RunTime:0.007156s ]
INFO: [ view_parse ] --END-- [ RunTime:0.007212s ]
INFO: [ view_filter ] --START--
INFO: Run Behavior\WriteHtmlCacheBehavior [ RunTime:0.000213s ]
INFO: [ view_filter ] --END-- [ RunTime:0.000265s ]
INFO: [ app_end ] --START--
INFO: Run Behavior\ShowPageTraceBehavior [ RunTime:0.039700s ]
INFO: [ app_end ] --END-- [ RunTime:0.039764s ]

[ 2015-07-04T15:00:14+08:00 ] ::1 /finder/index.php/id/1
INFO: [ app_init ] --START--
INFO: Run Behavior\BuildLiteBehavior [ RunTime:0.000011s ]
INFO: [ app_init ] --END-- [ RunTime:0.000208s ]
INFO: [ app_begin ] --START--
INFO: Run Behavior\ReadHtmlCacheBehavior [ RunTime:0.000342s ]
INFO: [ app_begin ] --END-- [ RunTime:0.000378s ]
ERR: 非法操作:id

[ 2015-07-04T15:00:18+08:00 ] ::1 /finder/index.php/id/2
INFO: [ app_init ] --START--
INFO: Run Behavior\BuildLiteBehavior [ RunTime:0.000011s ]
INFO: [ app_init ] --END-- [ RunTime:0.000224s ]
INFO: [ app_begin ] --START--
INFO: Run Behavior\ReadHtmlCacheBehavior [ RunTime:0.000284s ]
INFO: [ app_begin ] --END-- [ RunTime:0.000325s ]
ERR: 非法操作:id

[ 2015-07-04T15:01:30+08:00 ] ::1 /finder/index.php
INFO: [ app_init ] --START--
INFO: Run Behavior\BuildLiteBehavior [ RunTime:0.000015s ]
INFO: [ app_init ] --END-- [ RunTime:0.000373s ]
INFO: [ app_begin ] --START--
INFO: Run Behavior\ReadHtmlCacheBehavior [ RunTime:0.000397s ]
INFO: [ app_begin ] --END-- [ RunTime:0.000444s ]
SQL: SHOW COLUMNS FROM `category` [ RunTime:0.0059s ]
SQL: SHOW COLUMNS FROM `category` [ RunTime:0.0017s ]
SQL: SELECT * FROM `category` WHERE ( c_id ="-1" )  [ RunTime:0.0002s ]
SQL: SELECT * FROM `category` WHERE ( c_id ="1" )  [ RunTime:0.0001s ]
INFO: [ view_parse ] --START--
INFO: [ template_filter ] --START--
INFO: Run Behavior\ContentReplaceBehavior [ RunTime:0.000029s ]
INFO: [ template_filter ] --END-- [ RunTime:0.000070s ]
NOTIC: [8] Undefined variable: user /Users/ronin/workspace/php/finder/Application/Runtime/Cache/Admin/e8a885ee4581c99bee7d2fdd29fb7a6a.php 第 23 行.
NOTIC: [8] Undefined variable: message /Users/ronin/workspace/php/finder/Application/Runtime/Cache/Admin/e8a885ee4581c99bee7d2fdd29fb7a6a.php 第 23 行.
NOTIC: [8] Undefined variable: myself /Users/ronin/workspace/php/finder/Application/Runtime/Cache/Admin/e8a885ee4581c99bee7d2fdd29fb7a6a.php 第 23 行.
INFO: Run Behavior\ParseTemplateBehavior [ RunTime:0.006948s ]
INFO: [ view_parse ] --END-- [ RunTime:0.006990s ]
INFO: [ view_filter ] --START--
INFO: Run Behavior\WriteHtmlCacheBehavior [ RunTime:0.000117s ]
INFO: [ view_filter ] --END-- [ RunTime:0.000144s ]
INFO: [ app_end ] --START--
INFO: Run Behavior\ShowPageTraceBehavior [ RunTime:0.000309s ]
INFO: [ app_end ] --END-- [ RunTime:0.000338s ]

[ 2015-07-04T15:01:32+08:00 ] ::1 /finder/index.php/nav/id/1
INFO: [ app_init ] --START--
INFO: Run Behavior\BuildLiteBehavior [ RunTime:0.000012s ]
INFO: [ app_init ] --END-- [ RunTime:0.000252s ]
INFO: [ app_begin ] --START--
INFO: Run Behavior\ReadHtmlCacheBehavior [ RunTime:0.000317s ]
INFO: [ app_begin ] --END-- [ RunTime:0.000349s ]
INFO: [ app_end ] --START--
INFO: Run Behavior\ShowPageTraceBehavior [ RunTime:0.000321s ]
INFO: [ app_end ] --END-- [ RunTime:0.000358s ]

[ 2015-07-04T15:01:35+08:00 ] ::1 /finder/index.php/nav/id/2
INFO: [ app_init ] --START--
INFO: Run Behavior\BuildLiteBehavior [ RunTime:0.000011s ]
INFO: [ app_init ] --END-- [ RunTime:0.000223s ]
INFO: [ app_begin ] --START--
INFO: Run Behavior\ReadHtmlCacheBehavior [ RunTime:0.000284s ]
INFO: [ app_begin ] --END-- [ RunTime:0.000318s ]
INFO: [ app_end ] --START--
INFO: Run Behavior\ShowPageTraceBehavior [ RunTime:0.000286s ]
INFO: [ app_end ] --END-- [ RunTime:0.000319s ]

[ 2015-07-04T15:01:38+08:00 ] ::1 /finder/index.php/nav/id/3
INFO: [ app_init ] --START--
INFO: Run Behavior\BuildLiteBehavior [ RunTime:0.000012s ]
INFO: [ app_init ] --END-- [ RunTime:0.000256s ]
INFO: [ app_begin ] --START--
INFO: Run Behavior\ReadHtmlCacheBehavior [ RunTime:0.000320s ]
INFO: [ app_begin ] --END-- [ RunTime:0.000357s ]
INFO: [ app_end ] --START--
INFO: Run Behavior\ShowPageTraceBehavior [ RunTime:0.000295s ]
INFO: [ app_end ] --END-- [ RunTime:0.000330s ]

[ 2015-07-04T20:38:36+08:00 ] ::1 /finder/index.php/nav/id/1
INFO: [ app_init ] --START--
INFO: Run Behavior\BuildLiteBehavior [ RunTime:0.000069s ]
INFO: [ app_init ] --END-- [ RunTime:0.027745s ]
INFO: [ app_begin ] --START--
INFO: Run Behavior\ReadHtmlCacheBehavior [ RunTime:0.010057s ]
INFO: [ app_begin ] --END-- [ RunTime:0.010172s ]
INFO: [ app_end ] --START--
INFO: Run Behavior\ShowPageTraceBehavior [ RunTime:0.010244s ]
INFO: [ app_end ] --END-- [ RunTime:0.010330s ]

[ 2015-07-04T20:38:43+08:00 ] ::1 /finder/index.php/addlines
INFO: [ app_init ] --START--
INFO: Run Behavior\BuildLiteBehavior [ RunTime:0.000011s ]
INFO: [ app_init ] --END-- [ RunTime:0.000225s ]
INFO: [ app_begin ] --START--
INFO: Run Behavior\ReadHtmlCacheBehavior [ RunTime:0.000287s ]
INFO: [ app_begin ] --END-- [ RunTime:0.000322s ]
SQL: SHOW COLUMNS FROM `category` [ RunTime:0.1221s ]
SQL: SHOW COLUMNS FROM `category` [ RunTime:0.0075s ]
SQL: SELECT * FROM `category` WHERE ( c_id ="-1" )  [ RunTime:0.0004s ]
SQL: SELECT * FROM `category` WHERE ( c_id ="1" )  [ RunTime:0.0002s ]
INFO: [ view_parse ] --START--
INFO: [ template_filter ] --START--
INFO: Run Behavior\ContentReplaceBehavior [ RunTime:0.000050s ]
INFO: [ template_filter ] --END-- [ RunTime:0.000116s ]
NOTIC: [8] Undefined variable: user /Users/ronin/workspace/php/finder/Application/Runtime/Cache/Admin/686012a65acd9826327a6e96e8f34e5f.php 第 23 行.
NOTIC: [8] Undefined variable: message /Users/ronin/workspace/php/finder/Application/Runtime/Cache/Admin/686012a65acd9826327a6e96e8f34e5f.php 第 23 行.
NOTIC: [8] Undefined variable: myself /Users/ronin/workspace/php/finder/Application/Runtime/Cache/Admin/686012a65acd9826327a6e96e8f34e5f.php 第 23 行.
INFO: Run Behavior\ParseTemplateBehavior [ RunTime:0.194470s ]
INFO: [ view_parse ] --END-- [ RunTime:0.194588s ]
INFO: [ view_filter ] --START--
INFO: Run Behavior\WriteHtmlCacheBehavior [ RunTime:0.010697s ]
INFO: [ view_filter ] --END-- [ RunTime:0.010759s ]
INFO: [ app_end ] --START--
INFO: Run Behavior\ShowPageTraceBehavior [ RunTime:0.088284s ]
INFO: [ app_end ] --END-- [ RunTime:0.088389s ]

[ 2015-07-04T20:39:17+08:00 ] ::1 /finder/index.php/addlines
INFO: [ app_init ] --START--
INFO: Run Behavior\BuildLiteBehavior [ RunTime:0.000027s ]
INFO: [ app_init ] --END-- [ RunTime:0.000364s ]
INFO: [ app_begin ] --START--
INFO: Run Behavior\ReadHtmlCacheBehavior [ RunTime:0.000399s ]
INFO: [ app_begin ] --END-- [ RunTime:0.000452s ]
SQL: SHOW COLUMNS FROM `user` [ RunTime:0.0173s ]
NOTIC: [2] Missing argument 1 for Core\Service\UserService::findUser(), called in /Users/ronin/workspace/php/finder/Application/Admin/Controller/LoginController.class.php on line 8 and defined /Users/ronin/workspace/php/finder/Application/Core/Service/UserService.class.php 第 7 行.
SQL: SHOW COLUMNS FROM `user` [ RunTime:0.0025s ]
NOTIC: [8] Undefined variable: user /Users/ronin/workspace/php/finder/Application/Core/Service/UserService.class.php 第 9 行.
SQL: SELECT * FROM `user` WHERE ( account='' )  [ RunTime:0.0004s ]
INFO: [ view_parse ] --START--
INFO: [ template_filter ] --START--
INFO: Run Behavior\ContentReplaceBehavior [ RunTime:0.000037s ]
INFO: [ template_filter ] --END-- [ RunTime:0.000103s ]
INFO: Run Behavior\ParseTemplateBehavior [ RunTime:0.040238s ]
INFO: [ view_parse ] --END-- [ RunTime:0.040334s ]
INFO: [ view_filter ] --START--
INFO: Run Behavior\WriteHtmlCacheBehavior [ RunTime:0.000217s ]
INFO: [ view_filter ] --END-- [ RunTime:0.000257s ]
SQL: SHOW COLUMNS FROM `category` [ RunTime:0.0023s ]
SQL: SHOW COLUMNS FROM `category` [ RunTime:0.0016s ]
SQL: SELECT * FROM `category` WHERE ( c_id ="-1" )  [ RunTime:0.0002s ]
SQL: SELECT * FROM `category` WHERE ( c_id ="1" )  [ RunTime:0.0001s ]
INFO: [ view_parse ] --START--
INFO: [ template_filter ] --START--
INFO: Run Behavior\ContentReplaceBehavior [ RunTime:0.000029s ]
INFO: [ template_filter ] --END-- [ RunTime:-0.023664s ]
NOTIC: [8] Undefined variable: user /Users/ronin/workspace/php/finder/Application/Runtime/Cache/Admin/686012a65acd9826327a6e96e8f34e5f.php 第 23 行.
NOTIC: [8] Undefined variable: message /Users/ronin/workspace/php/finder/Application/Runtime/Cache/Admin/686012a65acd9826327a6e96e8f34e5f.php 第 23 行.
NOTIC: [8] Undefined variable: myself /Users/ronin/workspace/php/finder/Application/Runtime/Cache/Admin/686012a65acd9826327a6e96e8f34e5f.php 第 23 行.
INFO: Run Behavior\ParseTemplateBehavior [ RunTime:0.021172s ]
INFO: [ view_parse ] --END-- [ RunTime:-0.005603s ]
INFO: [ view_filter ] --START--
INFO: Run Behavior\WriteHtmlCacheBehavior [ RunTime:0.000012s ]
INFO: [ view_filter ] --END-- [ RunTime:-0.026573s ]
INFO: [ app_end ] --START--
INFO: Run Behavior\ShowPageTraceBehavior [ RunTime:0.029781s ]
INFO: [ app_end ] --END-- [ RunTime:0.029856s ]

